08:13:12.925,,,Windows Event Logs,Windows Event Log Creation,,,,SentinelOne,Thib-DC01,server,security,24.1.1.160,38cdf634e5004afca86e3aeb6fb6b8d5,01J82QQQXDKCBHACBJWARNWV56_163,preprocess-lib-1.0,EVENTLOG,11633,Windows Server 2022 Datacenter,usea1-purple.sentinelone.net,20348,F4EC44C9B2FF4D34A00150D43FAC2799,SDL,,default,,01J82QQQXDKCBHACBJWARNWV56,Security,,,,,52,,,,,,,,,,,,<Event xmlns='http://schemas.microsoft.com/win/2004/08/events/event'><System><Provider Name='Microsoft-Windows-Security-Auditing' Guid='{54849625-5478-4994-a5ba-3e3b0328c30d}'/><EventID>4985</EventID><Version>0</Version><Level>0</Level><Task>12800</Task><Opcode>0</Opcode><Keywords>0x8020000000000000</Keywords><TimeCreated SystemTime='2024-09-18T14:13:12.9250105Z'/><EventRecordID>70297042</EventRecordID><Correlation/><Execution ProcessID='4' ThreadID='8832'/><Channel>Security</Channel><Computer>Thib-DC01.letibe.lab</Computer><Security/></System><EventData><Data Name='SubjectUserSid'>S-1-5-18</Data><Data Name='SubjectUserName'>THIB-DC01$</Data><Data Name='SubjectDomainName'>LETIBE</Data><Data Name='SubjectLogonId'>0x3e7</Data><Data Name='TransactionId'>{de8e9a0d-75c0-11ef-b490-aa9311e05a15}</Data><Data Name='NewState'>52</Data><Data Name='ResourceManager'>{f0c6fc36-b954-11ed-bb1f-8bf44bac8386}</Data><Data Name='ProcessId'>0xb74</Data><Data Name='ProcessName'>C:\Program Files\SentinelOne\Sentinel Agent 24.1.1.160\SentinelAgent.exe</Data></EventData></Event>,Microsoft-Windows-Security-Auditing,Information,4985,THIB-DC01$,S-1-5-18,LETIBE,"'The state of a transaction has changed.

Subject:
	Security ID:		S-1-5-18
	Account Name:		THIB-DC01$
	Account Domain:		LETIBE
	Logon ID:		0x3E7

Transaction Information:
	RM Transaction ID:	{de8e9a0d-75c0-11ef-b490-aa9311e05a15}
	New State:		52
	Resource Manager:	{f0c6fc36-b954-11ed-bb1f-8bf44bac8386}

Process Information:
	Process ID:		0xb74
	Process Name:		C:\Program Files\SentinelOne\Sentinel Agent 24.1.1.160\SentinelAgent.exe",http://schemas.microsoft.com/win/2004/08/events/event,0,2024-09-18T14:13:12.9250105Z,12800,,,Microsoft-Windows-Security-Auditing,{54849625-5478-4994-a5ba-3e3b0328c30d},0,0,0x8020000000000000,8832,4,70297042,4985,,,Thib-DC01.letibe.lab,Security,,,,{de8e9a0d-75c0-11ef-b490-aa9311e05a15},,,,,,,S-1-5-18,THIB-DC01$,0x3E7,LETIBE,,,{f0c6fc36-b954-11ed-bb1f-8bf44bac8386},,,,C:\Program Files\SentinelOne\Sentinel Agent 24.1.1.160\SentinelAgent.exe,0xB74,,,,,,
08:13:12.935,,,Windows Event Logs,Windows Event Log Creation,,,,SentinelOne,Thib-DC01,server,security,24.1.1.160,38cdf634e5004afca86e3aeb6fb6b8d5,01J82QQQXDKCBHACBJWARNWV56_164,preprocess-lib-1.0,EVENTLOG,11633,Windows Server 2022 Datacenter,usea1-purple.sentinelone.net,20348,F4EC44C9B2FF4D34A00150D43FAC2799,SDL,,default,,01J82QQQXDKCBHACBJWARNWV56,Security,,,,,48,,,,,,,,,,,,<Event xmlns='http://schemas.microsoft.com/win/2004/08/events/event'><System><Provider Name='Microsoft-Windows-Security-Auditing' Guid='{54849625-5478-4994-a5ba-3e3b0328c30d}'/><EventID>4985</EventID><Version>0</Version><Level>0</Level><Task>12800</Task><Opcode>0</Opcode><Keywords>0x8020000000000000</Keywords><TimeCreated SystemTime='2024-09-18T14:13:12.9356315Z'/><EventRecordID>70297043</EventRecordID><Correlation/><Execution ProcessID='4' ThreadID='8832'/><Channel>Security</Channel><Computer>Thib-DC01.letibe.lab</Computer><Security/></System><EventData><Data Name='SubjectUserSid'>S-1-5-18</Data><Data Name='SubjectUserName'>THIB-DC01$</Data><Data Name='SubjectDomainName'>LETIBE</Data><Data Name='SubjectLogonId'>0x3e7</Data><Data Name='TransactionId'>{de8e9a12-75c0-11ef-b490-aa9311e05a15}</Data><Data Name='NewState'>48</Data><Data Name='ResourceManager'>{f0c6fc36-b954-11ed-bb1f-8bf44bac8386}</Data><Data Name='ProcessId'>0xb74</Data><Data Name='ProcessName'>C:\Program Files\SentinelOne\Sentinel Agent 24.1.1.160\SentinelAgent.exe</Data></EventData></Event>,Microsoft-Windows-Security-Auditing,Information,4985,THIB-DC01$,S-1-5-18,LETIBE,"'The state of a transaction has changed.

Subject:
	Security ID:		S-1-5-18
	Account Name:		THIB-DC01$
	Account Domain:		LETIBE
	Logon ID:		0x3E7

Transaction Information:
	RM Transaction ID:	{de8e9a12-75c0-11ef-b490-aa9311e05a15}
	New State:		48
	Resource Manager:	{f0c6fc36-b954-11ed-bb1f-8bf44bac8386}

Process Information:
	Process ID:		0xb74
	Process Name:		C:\Program Files\SentinelOne\Sentinel Agent 24.1.1.160\SentinelAgent.exe",http://schemas.microsoft.com/win/2004/08/events/event,0,2024-09-18T14:13:12.9356315Z,12800,,,Microsoft-Windows-Security-Auditing,{54849625-5478-4994-a5ba-3e3b0328c30d},0,0,0x8020000000000000,8832,4,70297043,4985,,,Thib-DC01.letibe.lab,Security,,,,{de8e9a12-75c0-11ef-b490-aa9311e05a15},,,,,,,S-1-5-18,THIB-DC01$,0x3E7,LETIBE,,,{f0c6fc36-b954-11ed-bb1f-8bf44bac8386},,,,C:\Program Files\SentinelOne\Sentinel Agent 24.1.1.160\SentinelAgent.exe,0xB74,,,,,,
08:13:12.935,,,Windows Event Logs,Windows Event Log Creation,,,,SentinelOne,Thib-DC01,server,security,24.1.1.160,38cdf634e5004afca86e3aeb6fb6b8d5,01J82QQQXDKCBHACBJWARNWV56_165,preprocess-lib-1.0,EVENTLOG,11633,Windows Server 2022 Datacenter,usea1-purple.sentinelone.net,20348,F4EC44C9B2FF4D34A00150D43FAC2799,SDL,,default,,01J82QQQXDKCBHACBJWARNWV56,Security,,,,,52,,,,,,,,,,,,<Event xmlns='http://schemas.microsoft.com/win/2004/08/events/event'><System><Provider Name='Microsoft-Windows-Security-Auditing' Guid='{54849625-5478-4994-a5ba-3e3b0328c30d}'/><EventID>4985</EventID><Version>0</Version><Level>0</Level><Task>12800</Task><Opcode>0</Opcode><Keywords>0x8020000000000000</Keywords><TimeCreated SystemTime='2024-09-18T14:13:12.9358855Z'/><EventRecordID>70297044</EventRecordID><Correlation/><Execution ProcessID='4' ThreadID='8832'/><Channel>Security</Channel><Computer>Thib-DC01.letibe.lab</Computer><Security/></System><EventData><Data Name='SubjectUserSid'>S-1-5-18</Data><Data Name='SubjectUserName'>THIB-DC01$</Data><Data Name='SubjectDomainName'>LETIBE</Data><Data Name='SubjectLogonId'>0x3e7</Data><Data Name='TransactionId'>{de8e9a12-75c0-11ef-b490-aa9311e05a15}</Data><Data Name='NewState'>52</Data><Data Name='ResourceManager'>{f0c6fc36-b954-11ed-bb1f-8bf44bac8386}</Data><Data Name='ProcessId'>0xb74</Data><Data Name='ProcessName'>C:\Program Files\SentinelOne\Sentinel Agent 24.1.1.160\SentinelAgent.exe</Data></EventData></Event>,Microsoft-Windows-Security-Auditing,Information,4985,THIB-DC01$,S-1-5-18,LETIBE,"'The state of a transaction has changed.

Subject:
	Security ID:		S-1-5-18
	Account Name:		THIB-DC01$
	Account Domain:		LETIBE
	Logon ID:		0x3E7

Transaction Information:
	RM Transaction ID:	{de8e9a12-75c0-11ef-b490-aa9311e05a15}
	New State:		52
	Resource Manager:	{f0c6fc36-b954-11ed-bb1f-8bf44bac8386}

Process Information:
	Process ID:		0xb74
	Process Name:		C:\Program Files\SentinelOne\Sentinel Agent 24.1.1.160\SentinelAgent.exe",http://schemas.microsoft.com/win/2004/08/events/event,0,2024-09-18T14:13:12.9358855Z,12800,,,Microsoft-Windows-Security-Auditing,{54849625-5478-4994-a5ba-3e3b0328c30d},0,0,0x8020000000000000,8832,4,70297044,4985,,,Thib-DC01.letibe.lab,Security,,,,{de8e9a12-75c0-11ef-b490-aa9311e05a15},,,,,,,S-1-5-18,THIB-DC01$,0x3E7,LETIBE,,,{f0c6fc36-b954-11ed-bb1f-8bf44bac8386},,,,C:\Program Files\SentinelOne\Sentinel Agent 24.1.1.160\SentinelAgent.exe,0xB74,,,,,,
08:13:13.177,,,Windows Event Logs,Windows Event Log Creation,,,,SentinelOne,Thib-DC01,server,security,24.1.1.160,38cdf634e5004afca86e3aeb6fb6b8d5,01J82QQQXDKCBHACBJWARNWV56_166,preprocess-lib-1.0,EVENTLOG,11633,Windows Server 2022 Datacenter,usea1-purple.sentinelone.net,20348,F4EC44C9B2FF4D34A00150D43FAC2799,SDL,,default,,01J82QQQXDKCBHACBJWARNWV56,Security,,,,,48,,,,,,,,,,,,<Event xmlns='http://schemas.microsoft.com/win/2004/08/events/event'><System><Provider Name='Microsoft-Windows-Security-Auditing' Guid='{54849625-5478-4994-a5ba-3e3b0328c30d}'/><EventID>4985</EventID><Version>0</Version><Level>0</Level><Task>12800</Task><Opcode>0</Opcode><Keywords>0x8020000000000000</Keywords><TimeCreated SystemTime='2024-09-18T14:13:13.1776430Z'/><EventRecordID>70297045</EventRecordID><Correlation/><Execution ProcessID='4' ThreadID='8832'/><Channel>Security</Channel><Computer>Thib-DC01.letibe.lab</Computer><Security/></System><EventData><Data Name='SubjectUserSid'>S-1-5-18</Data><Data Name='SubjectUserName'>THIB-DC01$</Data><Data Name='SubjectDomainName'>LETIBE</Data><Data Name='SubjectLogonId'>0x3e7</Data><Data Name='TransactionId'>{de8e9a1a-75c0-11ef-b490-aa9311e05a15}</Data><Data Name='NewState'>48</Data><Data Name='ResourceManager'>{f0c6fc36-b954-11ed-bb1f-8bf44bac8386}</Data><Data Name='ProcessId'>0xb74</Data><Data Name='ProcessName'>C:\Program Files\SentinelOne\Sentinel Agent 24.1.1.160\SentinelAgent.exe</Data></EventData></Event>,Microsoft-Windows-Security-Auditing,Information,4985,THIB-DC01$,S-1-5-18,LETIBE,"'The state of a transaction has changed.

Subject:
	Security ID:		S-1-5-18
	Account Name:		THIB-DC01$
	Account Domain:		LETIBE
	Logon ID:		0x3E7

Transaction Information:
	RM Transaction ID:	{de8e9a1a-75c0-11ef-b490-aa9311e05a15}
	New State:		48
	Resource Manager:	{f0c6fc36-b954-11ed-bb1f-8bf44bac8386}

Process Information:
	Process ID:		0xb74
	Process Name:		C:\Program Files\SentinelOne\Sentinel Agent 24.1.1.160\SentinelAgent.exe",http://schemas.microsoft.com/win/2004/08/events/event,0,2024-09-18T14:13:13.1776430Z,12800,,,Microsoft-Windows-Security-Auditing,{54849625-5478-4994-a5ba-3e3b0328c30d},0,0,0x8020000000000000,8832,4,70297045,4985,,,Thib-DC01.letibe.lab,Security,,,,{de8e9a1a-75c0-11ef-b490-aa9311e05a15},,,,,,,S-1-5-18,THIB-DC01$,0x3E7,LETIBE,,,{f0c6fc36-b954-11ed-bb1f-8bf44bac8386},,,,C:\Program Files\SentinelOne\Sentinel Agent 24.1.1.160\SentinelAgent.exe,0xB74,,,,,,
08:13:13.178,,,Windows Event Logs,Windows Event Log Creation,,,,SentinelOne,Thib-DC01,server,security,24.1.1.160,38cdf634e5004afca86e3aeb6fb6b8d5,01J82QQQXDKCBHACBJWARNWV56_167,preprocess-lib-1.0,EVENTLOG,11633,Windows Server 2022 Datacenter,usea1-purple.sentinelone.net,20348,F4EC44C9B2FF4D34A00150D43FAC2799,SDL,,default,,01J82QQQXDKCBHACBJWARNWV56,Security,,,,,52,,,,,,,,,,,,<Event xmlns='http://schemas.microsoft.com/win/2004/08/events/event'><System><Provider Name='Microsoft-Windows-Security-Auditing' Guid='{54849625-5478-4994-a5ba-3e3b0328c30d}'/><EventID>4985</EventID><Version>0</Version><Level>0</Level><Task>12800</Task><Opcode>0</Opcode><Keywords>0x8020000000000000</Keywords><TimeCreated SystemTime='2024-09-18T14:13:13.1780309Z'/><EventRecordID>70297046</EventRecordID><Correlation/><Execution ProcessID='4' ThreadID='8832'/><Channel>Security</Channel><Computer>Thib-DC01.letibe.lab</Computer><Security/></System><EventData><Data Name='SubjectUserSid'>S-1-5-18</Data><Data Name='SubjectUserName'>THIB-DC01$</Data><Data Name='SubjectDomainName'>LETIBE</Data><Data Name='SubjectLogonId'>0x3e7</Data><Data Name='TransactionId'>{de8e9a1a-75c0-11ef-b490-aa9311e05a15}</Data><Data Name='NewState'>52</Data><Data Name='ResourceManager'>{f0c6fc36-b954-11ed-bb1f-8bf44bac8386}</Data><Data Name='ProcessId'>0xb74</Data><Data Name='ProcessName'>C:\Program Files\SentinelOne\Sentinel Agent 24.1.1.160\SentinelAgent.exe</Data></EventData></Event>,Microsoft-Windows-Security-Auditing,Information,4985,THIB-DC01$,S-1-5-18,LETIBE,"'The state of a transaction has changed.

Subject:
	Security ID:		S-1-5-18
	Account Name:		THIB-DC01$
	Account Domain:		LETIBE
	Logon ID:		0x3E7

Transaction Information:
	RM Transaction ID:	{de8e9a1a-75c0-11ef-b490-aa9311e05a15}
	New State:		52
	Resource Manager:	{f0c6fc36-b954-11ed-bb1f-8bf44bac8386}

Process Information:
	Process ID:		0xb74
	Process Name:		C:\Program Files\SentinelOne\Sentinel Agent 24.1.1.160\SentinelAgent.exe",http://schemas.microsoft.com/win/2004/08/events/event,0,2024-09-18T14:13:13.1780309Z,12800,,,Microsoft-Windows-Security-Auditing,{54849625-5478-4994-a5ba-3e3b0328c30d},0,0,0x8020000000000000,8832,4,70297046,4985,,,Thib-DC01.letibe.lab,Security,,,,{de8e9a1a-75c0-11ef-b490-aa9311e05a15},,,,,,,S-1-5-18,THIB-DC01$,0x3E7,LETIBE,,,{f0c6fc36-b954-11ed-bb1f-8bf44bac8386},,,,C:\Program Files\SentinelOne\Sentinel Agent 24.1.1.160\SentinelAgent.exe,0xB74,,,,,,
08:13:13.178,,,Windows Event Logs,Windows Event Log Creation,,,,SentinelOne,Thib-DC01,server,security,24.1.1.160,38cdf634e5004afca86e3aeb6fb6b8d5,01J82QQQXDKCBHACBJWARNWV56_168,preprocess-lib-1.0,EVENTLOG,11633,Windows Server 2022 Datacenter,usea1-purple.sentinelone.net,20348,F4EC44C9B2FF4D34A00150D43FAC2799,SDL,,default,,01J82QQQXDKCBHACBJWARNWV56,Security,,,,,48,,,,,,,,,,,,<Event xmlns='http://schemas.microsoft.com/win/2004/08/events/event'><System><Provider Name='Microsoft-Windows-Security-Auditing' Guid='{54849625-5478-4994-a5ba-3e3b0328c30d}'/><EventID>4985</EventID><Version>0</Version><Level>0</Level><Task>12800</Task><Opcode>0</Opcode><Keywords>0x8020000000000000</Keywords><TimeCreated SystemTime='2024-09-18T14:13:13.1784580Z'/><EventRecordID>70297047</EventRecordID><Correlation/><Execution ProcessID='4' ThreadID='8832'/><Channel>Security</Channel><Computer>Thib-DC01.letibe.lab</Computer><Security/></System><EventData><Data Name='SubjectUserSid'>S-1-5-18</Data><Data Name='SubjectUserName'>THIB-DC01$</Data><Data Name='SubjectDomainName'>LETIBE</Data><Data Name='SubjectLogonId'>0x3e7</Data><Data Name='TransactionId'>{de8e9a1c-75c0-11ef-b490-aa9311e05a15}</Data><Data Name='NewState'>48</Data><Data Name='ResourceManager'>{f0c6fc36-b954-11ed-bb1f-8bf44bac8386}</Data><Data Name='ProcessId'>0xb74</Data><Data Name='ProcessName'>C:\Program Files\SentinelOne\Sentinel Agent 24.1.1.160\SentinelAgent.exe</Data></EventData></Event>,Microsoft-Windows-Security-Auditing,Information,4985,THIB-DC01$,S-1-5-18,LETIBE,"'The state of a transaction has changed.

Subject:
	Security ID:		S-1-5-18
	Account Name:		THIB-DC01$
	Account Domain:		LETIBE
	Logon ID:		0x3E7

Transaction Information:
	RM Transaction ID:	{de8e9a1c-75c0-11ef-b490-aa9311e05a15}
	New State:		48
	Resource Manager:	{f0c6fc36-b954-11ed-bb1f-8bf44bac8386}

Process Information:
	Process ID:		0xb74
	Process Name:		C:\Program Files\SentinelOne\Sentinel Agent 24.1.1.160\SentinelAgent.exe",http://schemas.microsoft.com/win/2004/08/events/event,0,2024-09-18T14:13:13.1784580Z,12800,,,Microsoft-Windows-Security-Auditing,{54849625-5478-4994-a5ba-3e3b0328c30d},0,0,0x8020000000000000,8832,4,70297047,4985,,,Thib-DC01.letibe.lab,Security,,,,{de8e9a1c-75c0-11ef-b490-aa9311e05a15},,,,,,,S-1-5-18,THIB-DC01$,0x3E7,LETIBE,,,{f0c6fc36-b954-11ed-bb1f-8bf44bac8386},,,,C:\Program Files\SentinelOne\Sentinel Agent 24.1.1.160\SentinelAgent.exe,0xB74,,,,,,
08:13:13.178,,,Windows Event Logs,Windows Event Log Creation,,,,SentinelOne,Thib-DC01,server,security,24.1.1.160,38cdf634e5004afca86e3aeb6fb6b8d5,01J82QQQXDKCBHACBJWARNWV56_169,preprocess-lib-1.0,EVENTLOG,11633,Windows Server 2022 Datacenter,usea1-purple.sentinelone.net,20348,F4EC44C9B2FF4D34A00150D43FAC2799,SDL,,default,,01J82QQQXDKCBHACBJWARNWV56,Security,,,,,52,,,,,,,,,,,,<Event xmlns='http://schemas.microsoft.com/win/2004/08/events/event'><System><Provider Name='Microsoft-Windows-Security-Auditing' Guid='{54849625-5478-4994-a5ba-3e3b0328c30d}'/><EventID>4985</EventID><Version>0</Version><Level>0</Level><Task>12800</Task><Opcode>0</Opcode><Keywords>0x8020000000000000</Keywords><TimeCreated SystemTime='2024-09-18T14:13:13.1788137Z'/><EventRecordID>70297048</EventRecordID><Correlation/><Execution ProcessID='4' ThreadID='8832'/><Channel>Security</Channel><Computer>Thib-DC01.letibe.lab</Computer><Security/></System><EventData><Data Name='SubjectUserSid'>S-1-5-18</Data><Data Name='SubjectUserName'>THIB-DC01$</Data><Data Name='SubjectDomainName'>LETIBE</Data><Data Name='SubjectLogonId'>0x3e7</Data><Data Name='TransactionId'>{de8e9a1c-75c0-11ef-b490-aa9311e05a15}</Data><Data Name='NewState'>52</Data><Data Name='ResourceManager'>{f0c6fc36-b954-11ed-bb1f-8bf44bac8386}</Data><Data Name='ProcessId'>0xb74</Data><Data Name='ProcessName'>C:\Program Files\SentinelOne\Sentinel Agent 24.1.1.160\SentinelAgent.exe</Data></EventData></Event>,Microsoft-Windows-Security-Auditing,Information,4985,THIB-DC01$,S-1-5-18,LETIBE,"'The state of a transaction has changed.

Subject:
	Security ID:		S-1-5-18
	Account Name:		THIB-DC01$
	Account Domain:		LETIBE
	Logon ID:		0x3E7

Transaction Information:
	RM Transaction ID:	{de8e9a1c-75c0-11ef-b490-aa9311e05a15}
	New State:		52
	Resource Manager:	{f0c6fc36-b954-11ed-bb1f-8bf44bac8386}

Process Information:
	Process ID:		0xb74
	Process Name:		C:\Program Files\SentinelOne\Sentinel Agent 24.1.1.160\SentinelAgent.exe",http://schemas.microsoft.com/win/2004/08/events/event,0,2024-09-18T14:13:13.1788137Z,12800,,,Microsoft-Windows-Security-Auditing,{54849625-5478-4994-a5ba-3e3b0328c30d},0,0,0x8020000000000000,8832,4,70297048,4985,,,Thib-DC01.letibe.lab,Security,,,,{de8e9a1c-75c0-11ef-b490-aa9311e05a15},,,,,,,S-1-5-18,THIB-DC01$,0x3E7,LETIBE,,,{f0c6fc36-b954-11ed-bb1f-8bf44bac8386},,,,C:\Program Files\SentinelOne\Sentinel Agent 24.1.1.160\SentinelAgent.exe,0xB74,,,,,,
08:13:13.692,,,Windows Event Logs,Windows Event Log Creation,,,,SentinelOne,THEBORG,server,security,24.1.1.160,f28c7062e9cc46e1a9b4049a8c6257f7,01J82QT9P5H9DWY80KBY8MGPRD_78,preprocess-lib-1.0,EVENTLOG,11633,Windows Server 2019 Standard Evaluation,usea1-purple.sentinelone.net,17763,0FFF6BCA42764650B3B667C5B388F393,SDL,,default,,01J82QT9P5H9DWY80KBY8MGPRD,Security,,,,,48,,,,,,,,,,,,<Event xmlns='http://schemas.microsoft.com/win/2004/08/events/event'><System><Provider Name='Microsoft-Windows-Security-Auditing' Guid='{54849625-5478-4994-a5ba-3e3b0328c30d}'/><EventID>4985</EventID><Version>0</Version><Level>0</Level><Task>12800</Task><Opcode>0</Opcode><Keywords>0x8020000000000000</Keywords><TimeCreated SystemTime='2024-09-18T14:13:13.692154900Z'/><EventRecordID>2985028</EventRecordID><Correlation/><Execution ProcessID='4' ThreadID='2088'/><Channel>Security</Channel><Computer>THEBORG.starfleet.corp</Computer><Security/></System><EventData><Data Name='SubjectUserSid'>S-1-5-18</Data><Data Name='SubjectUserName'>THEBORG$</Data><Data Name='SubjectDomainName'>STARFLEET</Data><Data Name='SubjectLogonId'>0x3e7</Data><Data Name='TransactionId'>{8e7dcaf1-75c0-11ef-9074-000c2908b6e6}</Data><Data Name='NewState'>48</Data><Data Name='ResourceManager'>{5ce0c1fa-c346-11ec-87a7-e99c1313a051}</Data><Data Name='ProcessId'>0xee4</Data><Data Name='ProcessName'>C:\Program Files\SentinelOne\Sentinel Agent 24.1.1.160\SentinelAgent.exe</Data></EventData></Event>,Microsoft-Windows-Security-Auditing,Information,4985,THEBORG$,S-1-5-18,STARFLEET,"'The state of a transaction has changed.

Subject:
	Security ID:		S-1-5-18
	Account Name:		THEBORG$
	Account Domain:		STARFLEET
	Logon ID:		0x3E7

Transaction Information:
	RM Transaction ID:	{8e7dcaf1-75c0-11ef-9074-000c2908b6e6}
	New State:		48
	Resource Manager:	{5ce0c1fa-c346-11ec-87a7-e99c1313a051}

Process Information:
	Process ID:		0xee4
	Process Name:		C:\Program Files\SentinelOne\Sentinel Agent 24.1.1.160\SentinelAgent.exe",http://schemas.microsoft.com/win/2004/08/events/event,0,2024-09-18T14:13:13.692154900Z,12800,,,Microsoft-Windows-Security-Auditing,{54849625-5478-4994-a5ba-3e3b0328c30d},0,0,0x8020000000000000,2088,4,2985028,4985,,,THEBORG.starfleet.corp,Security,,,,{8e7dcaf1-75c0-11ef-9074-000c2908b6e6},,,,,,,S-1-5-18,THEBORG$,0x3E7,STARFLEET,,,{5ce0c1fa-c346-11ec-87a7-e99c1313a051},,,,C:\Program Files\SentinelOne\Sentinel Agent 24.1.1.160\SentinelAgent.exe,0xEE4,,,,,,
08:13:13.692,,,Windows Event Logs,Windows Event Log Creation,,,,SentinelOne,THEBORG,server,security,24.1.1.160,f28c7062e9cc46e1a9b4049a8c6257f7,01J82QT9P5H9DWY80KBY8MGPRD_79,preprocess-lib-1.0,EVENTLOG,11633,Windows Server 2019 Standard Evaluation,usea1-purple.sentinelone.net,17763,0FFF6BCA42764650B3B667C5B388F393,SDL,,default,,01J82QT9P5H9DWY80KBY8MGPRD,Security,,,,,52,,,,,,,,,,,,<Event xmlns='http://schemas.microsoft.com/win/2004/08/events/event'><System><Provider Name='Microsoft-Windows-Security-Auditing' Guid='{54849625-5478-4994-a5ba-3e3b0328c30d}'/><EventID>4985</EventID><Version>0</Version><Level>0</Level><Task>12800</Task><Opcode>0</Opcode><Keywords>0x8020000000000000</Keywords><TimeCreated SystemTime='2024-09-18T14:13:13.692325200Z'/><EventRecordID>2985029</EventRecordID><Correlation/><Execution ProcessID='4' ThreadID='2088'/><Channel>Security</Channel><Computer>THEBORG.starfleet.corp</Computer><Security/></System><EventData><Data Name='SubjectUserSid'>S-1-5-18</Data><Data Name='SubjectUserName'>THEBORG$</Data><Data Name='SubjectDomainName'>STARFLEET</Data><Data Name='SubjectLogonId'>0x3e7</Data><Data Name='TransactionId'>{8e7dcaf1-75c0-11ef-9074-000c2908b6e6}</Data><Data Name='NewState'>52</Data><Data Name='ResourceManager'>{5ce0c1fa-c346-11ec-87a7-e99c1313a051}</Data><Data Name='ProcessId'>0xee4</Data><Data Name='ProcessName'>C:\Program Files\SentinelOne\Sentinel Agent 24.1.1.160\SentinelAgent.exe</Data></EventData></Event>,Microsoft-Windows-Security-Auditing,Information,4985,THEBORG$,S-1-5-18,STARFLEET,"'The state of a transaction has changed.

Subject:
	Security ID:		S-1-5-18
	Account Name:		THEBORG$
	Account Domain:		STARFLEET
	Logon ID:		0x3E7

Transaction Information:
	RM Transaction ID:	{8e7dcaf1-75c0-11ef-9074-000c2908b6e6}
	New State:		52
	Resource Manager:	{5ce0c1fa-c346-11ec-87a7-e99c1313a051}

Process Information:
	Process ID:		0xee4
	Process Name:		C:\Program Files\SentinelOne\Sentinel Agent 24.1.1.160\SentinelAgent.exe",http://schemas.microsoft.com/win/2004/08/events/event,0,2024-09-18T14:13:13.692325200Z,12800,,,Microsoft-Windows-Security-Auditing,{54849625-5478-4994-a5ba-3e3b0328c30d},0,0,0x8020000000000000,2088,4,2985029,4985,,,THEBORG.starfleet.corp,Security,,,,{8e7dcaf1-75c0-11ef-9074-000c2908b6e6},,,,,,,S-1-5-18,THEBORG$,0x3E7,STARFLEET,,,{5ce0c1fa-c346-11ec-87a7-e99c1313a051},,,,C:\Program Files\SentinelOne\Sentinel Agent 24.1.1.160\SentinelAgent.exe,0xEE4,,,,,,
08:13:14.080,,,Windows Event Logs,Windows Event Log Creation,,,,SentinelOne,Kmans-NUC,desktop,security,23.4.4.223,33966dad606b44b09a69b6daedef27c0,01J82QRRWNQZMPVH8JY0VSSTQC_71,preprocess-lib-1.0,EVENTLOG,11633,Windows 11 Pro,usea1-purple.sentinelone.net,22631,2F153FB23AF54967B8547024D31E7E5D,SDL,,default,,01J82QRRWNQZMPVH8JY0VSSTQC,System,,,,,,,,,,,,,,,,,,Microsoft-Windows-HttpService,Information,114,,S-1-5-18,,"Removed URL (http://192.168.1.76:80:192.168.1.76/dial_1957/) from URL group (0xF900000420000004). Process Id 0x1168 Executable path \Device\HarddiskVolume3\Program Files\SentinelOne\Sentinel Agent 23.4.4.223\Ranger\SentinelRanger.exe, User S-1-5-18",,,,,,,,,,,,,,,,,,,,,,,,,,,,,,,,,,,,,,,,,,,,,,,
08:13:15.052,,,Windows Event Logs,Windows Event Log Creation,,,,SentinelOne,Saratoga-119Y,desktop,security,22.3.4.612,916b12df643e4920b4cb9e56c6e4c4d0,01J82QNXDS4K70YXA0121E2ND6_69,preprocess-lib-1.0,EVENTLOG,11633,Windows 10 Enterprise Evaluation,usea1-purple.sentinelone.net,19045,E61EFEE3E5F24FEBB3DF543E63798230,SDL,,default,,01J82QNXDS4K70YXA0121E2ND6,Security,%%1552,0x1,WMI,ROOT\CIMV2\Security\MicrosoftVolumeEncryption,,,0x0,,,,,,,,ROOT\CIMV2\Security\MicrosoftVolumeEncryption,Local Read (ConnectServer),"'<Event xmlns='http://schemas.microsoft.com/win/2004/08/events/event'><System><Provider Name='Microsoft-Windows-Security-Auditing' Guid='{54849625-5478-4994-a5ba-3e3b0328c30d}'/><EventID>4662</EventID><Version>0</Version><Level>0</Level><Task>12804</Task><Opcode>0</Opcode><Keywords>0x8020000000000000</Keywords><TimeCreated SystemTime='2024-09-18T14:13:15.0522388Z'/><EventRecordID>653832</EventRecordID><Correlation ActivityID='{289b9417-b6cd-4915-8141-9307259194c0}'/><Execution ProcessID='676' ThreadID='756'/><Channel>Security</Channel><Computer>Saratoga-119Y.starfleet.corp</Computer><Security/></System><EventData><Data Name='SubjectUserSid'>S-1-5-18</Data><Data Name='SubjectUserName'>SARATOGA-119Y$</Data><Data Name='SubjectDomainName'>STARFLEET</Data><Data Name='SubjectLogonId'>0x3e7</Data><Data Name='ObjectServer'>WMI</Data><Data Name='ObjectType'>WMI Namespace</Data><Data Name='ObjectName'>ROOT\CIMV2\Security\MicrosoftVolumeEncryption</Data><Data Name='OperationType'>Object Access</Data><Data Name='HandleId'>0x0</Data><Data Name='AccessList'>%%1552
				</Data><Data Name='AccessMask'>0x1</Data><Data Name='Properties'>-</Data><Data Name='AdditionalInfo'>Local Read (ConnectServer)</Data><Data Name='AdditionalInfo2'>ROOT\CIMV2\Security\MicrosoftVolumeEncryption</Data></EventData></Event>",Microsoft-Windows-Security-Auditing,Information,4662,,,,"'An operation was performed on an object.

Subject :
	Security ID:		S-1-5-18
	Account Name:		SARATOGA-119Y$
	Account Domain:		STARFLEET
	Logon ID:		0x3E7

Object:
	Object Server:		WMI
	Object Type:		WMI Namespace
	Object Name:		ROOT\CIMV2\Security\MicrosoftVolumeEncryption
	Handle ID:		0x0

Operation:
	Operation Type:		Object Access
	Accesses:		Unknown specific access (bit 0)
				
	Access Mask:		0x1
	Properties:		-

Additional Information:
	Parameter 1:		Local Read (ConnectServer)
	Parameter 2:		ROOT\CIMV2\Security\MicrosoftVolumeEncryption",http://schemas.microsoft.com/win/2004/08/events/event,0,2024-09-18T14:13:15.0522388Z,12804,,,Microsoft-Windows-Security-Auditing,{54849625-5478-4994-a5ba-3e3b0328c30d},0,0,0x8020000000000000,756,676,653832,4662,{289b9417-b6cd-4915-8141-9307259194c0},,Saratoga-119Y.starfleet.corp,Security,,,,,,,,,,,S-1-5-18,SARATOGA-119Y$,0x3E7,STARFLEET,,,,,-,,,,,,,Object Access,WMI Namespace,
08:13:15.052,,,Windows Event Logs,Windows Event Log Creation,,,,SentinelOne,Saratoga-119Y,desktop,security,22.3.4.612,916b12df643e4920b4cb9e56c6e4c4d0,01J82QNXDS4K70YXA0121E2ND6_70,preprocess-lib-1.0,EVENTLOG,11633,Windows 10 Enterprise Evaluation,usea1-purple.sentinelone.net,19045,E61EFEE3E5F24FEBB3DF543E63798230,SDL,,default,,01J82QNXDS4K70YXA0121E2ND6,Security,%%1552,0x1,WMI,ROOT\CIMV2\Security\MicrosoftVolumeEncryption,,,0x0,,,,,,,,ROOT\CIMV2\Security\MicrosoftVolumeEncryption:SELECT * FROM Win32_EncryptableVolume,Local Read (ExecQuery),"'<Event xmlns='http://schemas.microsoft.com/win/2004/08/events/event'><System><Provider Name='Microsoft-Windows-Security-Auditing' Guid='{54849625-5478-4994-a5ba-3e3b0328c30d}'/><EventID>4662</EventID><Version>0</Version><Level>0</Level><Task>12804</Task><Opcode>0</Opcode><Keywords>0x8020000000000000</Keywords><TimeCreated SystemTime='2024-09-18T14:13:15.0526888Z'/><EventRecordID>653833</EventRecordID><Correlation ActivityID='{0f1fbd1d-3c43-4d87-88bb-8a407439e194}'/><Execution ProcessID='676' ThreadID='756'/><Channel>Security</Channel><Computer>Saratoga-119Y.starfleet.corp</Computer><Security/></System><EventData><Data Name='SubjectUserSid'>S-1-5-18</Data><Data Name='SubjectUserName'>SARATOGA-119Y$</Data><Data Name='SubjectDomainName'>STARFLEET</Data><Data Name='SubjectLogonId'>0x3e7</Data><Data Name='ObjectServer'>WMI</Data><Data Name='ObjectType'>WMI Namespace</Data><Data Name='ObjectName'>ROOT\CIMV2\Security\MicrosoftVolumeEncryption</Data><Data Name='OperationType'>Object Access</Data><Data Name='HandleId'>0x0</Data><Data Name='AccessList'>%%1552
				</Data><Data Name='AccessMask'>0x1</Data><Data Name='Properties'>-</Data><Data Name='AdditionalInfo'>Local Read (ExecQuery)</Data><Data Name='AdditionalInfo2'>ROOT\CIMV2\Security\MicrosoftVolumeEncryption:SELECT * FROM Win32_EncryptableVolume</Data></EventData></Event>",Microsoft-Windows-Security-Auditing,Information,4662,,,,"'An operation was performed on an object.

Subject :
	Security ID:		S-1-5-18
	Account Name:		SARATOGA-119Y$
	Account Domain:		STARFLEET
	Logon ID:		0x3E7

Object:
	Object Server:		WMI
	Object Type:		WMI Namespace
	Object Name:		ROOT\CIMV2\Security\MicrosoftVolumeEncryption
	Handle ID:		0x0

Operation:
	Operation Type:		Object Access
	Accesses:		Unknown specific access (bit 0)
				
	Access Mask:		0x1
	Properties:		-

Additional Information:
	Parameter 1:		Local Read (ExecQuery)
	Parameter 2:		ROOT\CIMV2\Security\MicrosoftVolumeEncryption:SELECT * FROM Win32_EncryptableVolume",http://schemas.microsoft.com/win/2004/08/events/event,0,2024-09-18T14:13:15.0526888Z,12804,,,Microsoft-Windows-Security-Auditing,{54849625-5478-4994-a5ba-3e3b0328c30d},0,0,0x8020000000000000,756,676,653833,4662,{0f1fbd1d-3c43-4d87-88bb-8a407439e194},,Saratoga-119Y.starfleet.corp,Security,,,,,,,,,,,S-1-5-18,SARATOGA-119Y$,0x3E7,STARFLEET,,,,,-,,,,,,,Object Access,WMI Namespace,
08:13:15.070,,,Windows Event Logs,Windows Event Log Creation,,,,SentinelOne,Saratoga-119Y,desktop,security,22.3.4.612,916b12df643e4920b4cb9e56c6e4c4d0,01J82QNXDS4K70YXA0121E2ND6_71,preprocess-lib-1.0,EVENTLOG,11633,Windows 10 Enterprise Evaluation,usea1-purple.sentinelone.net,19045,E61EFEE3E5F24FEBB3DF543E63798230,SDL,,default,,01J82QNXDS4K70YXA0121E2ND6,Security,%%1552,0x1,WMI,ROOT\CIMV2\Security\MicrosoftVolumeEncryption,,,0x0,,,,,,,,ROOT\CIMV2\Security\MicrosoftVolumeEncryption,Local Read (ConnectServer),"'<Event xmlns='http://schemas.microsoft.com/win/2004/08/events/event'><System><Provider Name='Microsoft-Windows-Security-Auditing' Guid='{54849625-5478-4994-a5ba-3e3b0328c30d}'/><EventID>4662</EventID><Version>0</Version><Level>0</Level><Task>12804</Task><Opcode>0</Opcode><Keywords>0x8020000000000000</Keywords><TimeCreated SystemTime='2024-09-18T14:13:15.0705572Z'/><EventRecordID>653834</EventRecordID><Correlation ActivityID='{bc1abe95-53a3-4b51-8a23-66317eadab42}'/><Execution ProcessID='676' ThreadID='756'/><Channel>Security</Channel><Computer>Saratoga-119Y.starfleet.corp</Computer><Security/></System><EventData><Data Name='SubjectUserSid'>S-1-5-18</Data><Data Name='SubjectUserName'>SARATOGA-119Y$</Data><Data Name='SubjectDomainName'>STARFLEET</Data><Data Name='SubjectLogonId'>0x3e7</Data><Data Name='ObjectServer'>WMI</Data><Data Name='ObjectType'>WMI Namespace</Data><Data Name='ObjectName'>ROOT\CIMV2\Security\MicrosoftVolumeEncryption</Data><Data Name='OperationType'>Object Access</Data><Data Name='HandleId'>0x0</Data><Data Name='AccessList'>%%1552
				</Data><Data Name='AccessMask'>0x1</Data><Data Name='Properties'>-</Data><Data Name='AdditionalInfo'>Local Read (ConnectServer)</Data><Data Name='AdditionalInfo2'>ROOT\CIMV2\Security\MicrosoftVolumeEncryption</Data></EventData></Event>",Microsoft-Windows-Security-Auditing,Information,4662,,,,"'An operation was performed on an object.

Subject :
	Security ID:		S-1-5-18
	Account Name:		SARATOGA-119Y$
	Account Domain:		STARFLEET
	Logon ID:		0x3E7

Object:
	Object Server:		WMI
	Object Type:		WMI Namespace
	Object Name:		ROOT\CIMV2\Security\MicrosoftVolumeEncryption
	Handle ID:		0x0

Operation:
	Operation Type:		Object Access
	Accesses:		Unknown specific access (bit 0)
				
	Access Mask:		0x1
	Properties:		-

Additional Information:
	Parameter 1:		Local Read (ConnectServer)
	Parameter 2:		ROOT\CIMV2\Security\MicrosoftVolumeEncryption",http://schemas.microsoft.com/win/2004/08/events/event,0,2024-09-18T14:13:15.0705572Z,12804,,,Microsoft-Windows-Security-Auditing,{54849625-5478-4994-a5ba-3e3b0328c30d},0,0,0x8020000000000000,756,676,653834,4662,{bc1abe95-53a3-4b51-8a23-66317eadab42},,Saratoga-119Y.starfleet.corp,Security,,,,,,,,,,,S-1-5-18,SARATOGA-119Y$,0x3E7,STARFLEET,,,,,-,,,,,,,Object Access,WMI Namespace,
08:13:15.072,,,Windows Event Logs,Windows Event Log Creation,,,,SentinelOne,Saratoga-119Y,desktop,security,22.3.4.612,916b12df643e4920b4cb9e56c6e4c4d0,01J82QNXDS4K70YXA0121E2ND6_72,preprocess-lib-1.0,EVENTLOG,11633,Windows 10 Enterprise Evaluation,usea1-purple.sentinelone.net,19045,E61EFEE3E5F24FEBB3DF543E63798230,SDL,,default,,01J82QNXDS4K70YXA0121E2ND6,Security,%%1552,0x1,WMI,ROOT\CIMV2\Security\MicrosoftVolumeEncryption,,,0x0,,,,,,,,ROOT\CIMV2\Security\MicrosoftVolumeEncryption:SELECT * FROM Win32_EncryptableVolume WHERE DeviceID='\\\\?\\Volume{3d27d8ee-0000-0000-0000-300300000000}\\',Local Read (ExecQuery),"'<Event xmlns='http://schemas.microsoft.com/win/2004/08/events/event'><System><Provider Name='Microsoft-Windows-Security-Auditing' Guid='{54849625-5478-4994-a5ba-3e3b0328c30d}'/><EventID>4662</EventID><Version>0</Version><Level>0</Level><Task>12804</Task><Opcode>0</Opcode><Keywords>0x8020000000000000</Keywords><TimeCreated SystemTime='2024-09-18T14:13:15.0721925Z'/><EventRecordID>653835</EventRecordID><Correlation ActivityID='{bf72c950-1aef-46e5-83e9-07ae61ed68ae}'/><Execution ProcessID='676' ThreadID='756'/><Channel>Security</Channel><Computer>Saratoga-119Y.starfleet.corp</Computer><Security/></System><EventData><Data Name='SubjectUserSid'>S-1-5-18</Data><Data Name='SubjectUserName'>SARATOGA-119Y$</Data><Data Name='SubjectDomainName'>STARFLEET</Data><Data Name='SubjectLogonId'>0x3e7</Data><Data Name='ObjectServer'>WMI</Data><Data Name='ObjectType'>WMI Namespace</Data><Data Name='ObjectName'>ROOT\CIMV2\Security\MicrosoftVolumeEncryption</Data><Data Name='OperationType'>Object Access</Data><Data Name='HandleId'>0x0</Data><Data Name='AccessList'>%%1552
				</Data><Data Name='AccessMask'>0x1</Data><Data Name='Properties'>-</Data><Data Name='AdditionalInfo'>Local Read (ExecQuery)</Data><Data Name='AdditionalInfo2'>ROOT\CIMV2\Security\MicrosoftVolumeEncryption:SELECT * FROM Win32_EncryptableVolume WHERE DeviceID='\\\\?\\Volume{3d27d8ee-0000-0000-0000-300300000000}\\'</Data></EventData></Event>",Microsoft-Windows-Security-Auditing,Information,4662,,,,"'An operation was performed on an object.

Subject :
	Security ID:		S-1-5-18
	Account Name:		SARATOGA-119Y$
	Account Domain:		STARFLEET
	Logon ID:		0x3E7

Object:
	Object Server:		WMI
	Object Type:		WMI Namespace
	Object Name:		ROOT\CIMV2\Security\MicrosoftVolumeEncryption
	Handle ID:		0x0

Operation:
	Operation Type:		Object Access
	Accesses:		Unknown specific access (bit 0)
				
	Access Mask:		0x1
	Properties:		-

Additional Information:
	Parameter 1:		Local Read (ExecQuery)
	Parameter 2:		ROOT\CIMV2\Security\MicrosoftVolumeEncryption:SELECT * FROM Win32_EncryptableVolume WHERE DeviceID='\\\\?\\Volume{3d27d8ee-0000-0000-0000-300300000000}\\'",http://schemas.microsoft.com/win/2004/08/events/event,0,2024-09-18T14:13:15.0721925Z,12804,,,Microsoft-Windows-Security-Auditing,{54849625-5478-4994-a5ba-3e3b0328c30d},0,0,0x8020000000000000,756,676,653835,4662,{bf72c950-1aef-46e5-83e9-07ae61ed68ae},,Saratoga-119Y.starfleet.corp,Security,,,,,,,,,,,S-1-5-18,SARATOGA-119Y$,0x3E7,STARFLEET,,,,,-,,,,,,,Object Access,WMI Namespace,
08:13:15.078,,,Windows Event Logs,Windows Event Log Creation,,,,SentinelOne,Saratoga-119Y,desktop,security,22.3.4.612,916b12df643e4920b4cb9e56c6e4c4d0,01J82QNXDS4K70YXA0121E2ND6_73,preprocess-lib-1.0,EVENTLOG,11633,Windows 10 Enterprise Evaluation,usea1-purple.sentinelone.net,19045,E61EFEE3E5F24FEBB3DF543E63798230,SDL,,default,,01J82QNXDS4K70YXA0121E2ND6,Security,%%1552,0x1,WMI,ROOT\CIMV2\Security\MicrosoftVolumeEncryption,,,0x0,,,,,,,,ROOT\CIMV2\Security\MicrosoftVolumeEncryption:Win32_EncryptableVolume,Local Read (GetObject),"'<Event xmlns='http://schemas.microsoft.com/win/2004/08/events/event'><System><Provider Name='Microsoft-Windows-Security-Auditing' Guid='{54849625-5478-4994-a5ba-3e3b0328c30d}'/><EventID>4662</EventID><Version>0</Version><Level>0</Level><Task>12804</Task><Opcode>0</Opcode><Keywords>0x8020000000000000</Keywords><TimeCreated SystemTime='2024-09-18T14:13:15.0784523Z'/><EventRecordID>653836</EventRecordID><Correlation ActivityID='{8c88f605-c34d-4b2b-994d-ef4e1cebf474}'/><Execution ProcessID='676' ThreadID='756'/><Channel>Security</Channel><Computer>Saratoga-119Y.starfleet.corp</Computer><Security/></System><EventData><Data Name='SubjectUserSid'>S-1-5-18</Data><Data Name='SubjectUserName'>SARATOGA-119Y$</Data><Data Name='SubjectDomainName'>STARFLEET</Data><Data Name='SubjectLogonId'>0x3e7</Data><Data Name='ObjectServer'>WMI</Data><Data Name='ObjectType'>WMI Namespace</Data><Data Name='ObjectName'>ROOT\CIMV2\Security\MicrosoftVolumeEncryption</Data><Data Name='OperationType'>Object Access</Data><Data Name='HandleId'>0x0</Data><Data Name='AccessList'>%%1552
				</Data><Data Name='AccessMask'>0x1</Data><Data Name='Properties'>-</Data><Data Name='AdditionalInfo'>Local Read (GetObject)</Data><Data Name='AdditionalInfo2'>ROOT\CIMV2\Security\MicrosoftVolumeEncryption:Win32_EncryptableVolume</Data></EventData></Event>",Microsoft-Windows-Security-Auditing,Information,4662,,,,"'An operation was performed on an object.

Subject :
	Security ID:		S-1-5-18
	Account Name:		SARATOGA-119Y$
	Account Domain:		STARFLEET
	Logon ID:		0x3E7

Object:
	Object Server:		WMI
	Object Type:		WMI Namespace
	Object Name:		ROOT\CIMV2\Security\MicrosoftVolumeEncryption
	Handle ID:		0x0

Operation:
	Operation Type:		Object Access
	Accesses:		Unknown specific access (bit 0)
				
	Access Mask:		0x1
	Properties:		-

Additional Information:
	Parameter 1:		Local Read (GetObject)
	Parameter 2:		ROOT\CIMV2\Security\MicrosoftVolumeEncryption:Win32_EncryptableVolume",http://schemas.microsoft.com/win/2004/08/events/event,0,2024-09-18T14:13:15.0784523Z,12804,,,Microsoft-Windows-Security-Auditing,{54849625-5478-4994-a5ba-3e3b0328c30d},0,0,0x8020000000000000,756,676,653836,4662,{8c88f605-c34d-4b2b-994d-ef4e1cebf474},,Saratoga-119Y.starfleet.corp,Security,,,,,,,,,,,S-1-5-18,SARATOGA-119Y$,0x3E7,STARFLEET,,,,,-,,,,,,,Object Access,WMI Namespace,
08:13:15.081,,,Windows Event Logs,Windows Event Log Creation,,,,SentinelOne,Saratoga-119Y,desktop,security,22.3.4.612,916b12df643e4920b4cb9e56c6e4c4d0,01J82QNXDS4K70YXA0121E2ND6_74,preprocess-lib-1.0,EVENTLOG,11633,Windows 10 Enterprise Evaluation,usea1-purple.sentinelone.net,19045,E61EFEE3E5F24FEBB3DF543E63798230,SDL,,default,,01J82QNXDS4K70YXA0121E2ND6,Security,"'%%1552
				%%1553",0x3,WMI,ROOT\CIMV2\Security\MicrosoftVolumeEncryption,,,0x0,,,,,,,,"ROOT\CIMV2\Security\MicrosoftVolumeEncryption:\\SARATOGA-119Y\ROOT\CIMV2\Security\MicrosoftVolumeEncryption:Win32_EncryptableVolume.DeviceID=""\\\\?\\Volume{3d27d8ee-0000-0000-0000-300300000000}\\""::GetProtectionStatus",Local Execute (ExecMethod),"'<Event xmlns='http://schemas.microsoft.com/win/2004/08/events/event'><System><Provider Name='Microsoft-Windows-Security-Auditing' Guid='{54849625-5478-4994-a5ba-3e3b0328c30d}'/><EventID>4662</EventID><Version>0</Version><Level>0</Level><Task>12804</Task><Opcode>0</Opcode><Keywords>0x8020000000000000</Keywords><TimeCreated SystemTime='2024-09-18T14:13:15.0812578Z'/><EventRecordID>653837</EventRecordID><Correlation ActivityID='{9ac14328-68f6-4dba-8525-edc50f1d0f3a}'/><Execution ProcessID='676' ThreadID='756'/><Channel>Security</Channel><Computer>Saratoga-119Y.starfleet.corp</Computer><Security/></System><EventData><Data Name='SubjectUserSid'>S-1-5-18</Data><Data Name='SubjectUserName'>SARATOGA-119Y$</Data><Data Name='SubjectDomainName'>STARFLEET</Data><Data Name='SubjectLogonId'>0x3e7</Data><Data Name='ObjectServer'>WMI</Data><Data Name='ObjectType'>WMI Namespace</Data><Data Name='ObjectName'>ROOT\CIMV2\Security\MicrosoftVolumeEncryption</Data><Data Name='OperationType'>Object Access</Data><Data Name='HandleId'>0x0</Data><Data Name='AccessList'>%%1552
				%%1553
				</Data><Data Name='AccessMask'>0x3</Data><Data Name='Properties'>-</Data><Data Name='AdditionalInfo'>Local Execute (ExecMethod)</Data><Data Name='AdditionalInfo2'>ROOT\CIMV2\Security\MicrosoftVolumeEncryption:\\SARATOGA-119Y\ROOT\CIMV2\Security\MicrosoftVolumeEncryption:Win32_EncryptableVolume.DeviceID=""\\\\?\\Volume{3d27d8ee-0000-0000-0000-300300000000}\\""::GetProtectionStatus</Data></EventData></Event>",Microsoft-Windows-Security-Auditing,Information,4662,,,,"'An operation was performed on an object.

Subject :
	Security ID:		S-1-5-18
	Account Name:		SARATOGA-119Y$
	Account Domain:		STARFLEET
	Logon ID:		0x3E7

Object:
	Object Server:		WMI
	Object Type:		WMI Namespace
	Object Name:		ROOT\CIMV2\Security\MicrosoftVolumeEncryption
	Handle ID:		0x0

Operation:
	Operation Type:		Object Access
	Accesses:		Unknown specific access (bit 0)
				Unknown specific access (bit 1)
				
	Access Mask:		0x3
	Properties:		-

Additional Information:
	Parameter 1:		Local Execute (ExecMethod)
	Parameter 2:		ROOT\CIMV2\Security\MicrosoftVolumeEncryption:\\SARATOGA-119Y\ROOT\CIMV2\Security\MicrosoftVolumeEncryption:Win32_EncryptableVolume.DeviceID=""\\\\?\\Volume{3d27d8ee-0000-0000-0000-300300000000}\\""::GetProtectionStatus",http://schemas.microsoft.com/win/2004/08/events/event,0,2024-09-18T14:13:15.0812578Z,12804,,,Microsoft-Windows-Security-Auditing,{54849625-5478-4994-a5ba-3e3b0328c30d},0,0,0x8020000000000000,756,676,653837,4662,{9ac14328-68f6-4dba-8525-edc50f1d0f3a},,Saratoga-119Y.starfleet.corp,Security,,,,,,,,,,,S-1-5-18,SARATOGA-119Y$,0x3E7,STARFLEET,,,,,-,,,,,,,Object Access,WMI Namespace,
08:13:16.028,,,Windows Event Logs,Windows Event Log Creation,,,,SentinelOne,THEBORG,server,security,24.1.1.160,f28c7062e9cc46e1a9b4049a8c6257f7,01J82QT9P5H9DWY80KBY8MGPRD_81,preprocess-lib-1.0,EVENTLOG,11633,Windows Server 2019 Standard Evaluation,usea1-purple.sentinelone.net,17763,0FFF6BCA42764650B3B667C5B388F393,SDL,,default,,01J82QT9P5H9DWY80KBY8MGPRD,Security,,,,,,3,,,,,,,,,,,<Event xmlns='http://schemas.microsoft.com/win/2004/08/events/event'><System><Provider Name='Microsoft-Windows-Security-Auditing' Guid='{54849625-5478-4994-a5ba-3e3b0328c30d}'/><EventID>4634</EventID><Version>0</Version><Level>0</Level><Task>12545</Task><Opcode>0</Opcode><Keywords>0x8020000000000000</Keywords><TimeCreated SystemTime='2024-09-18T14:13:16.028785500Z'/><EventRecordID>2985030</EventRecordID><Correlation/><Execution ProcessID='716' ThreadID='4320'/><Channel>Security</Channel><Computer>THEBORG.starfleet.corp</Computer><Security/></System><EventData><Data Name='TargetUserSid'>S-1-5-18</Data><Data Name='TargetUserName'>THEBORG$</Data><Data Name='TargetDomainName'>STARFLEET</Data><Data Name='TargetLogonId'>0x7b712e5</Data><Data Name='LogonType'>3</Data></EventData></Event>,Microsoft-Windows-Security-Auditing,Information,4634,,,,"'An account was logged off.

Subject:
	Security ID:		S-1-5-18
	Account Name:		THEBORG$
	Account Domain:		STARFLEET
	Logon ID:		0x7B712E5

Logon Type:			3

This event is generated when a logon session is destroyed. It may be positively correlated with a logon event using the Logon ID value. Logon IDs are only unique between reboots on the same computer.",http://schemas.microsoft.com/win/2004/08/events/event,0,2024-09-18T14:13:16.028785500Z,12545,,,Microsoft-Windows-Security-Auditing,{54849625-5478-4994-a5ba-3e3b0328c30d},0,0,0x8020000000000000,4320,716,2985030,4634,,,THEBORG.starfleet.corp,Security,,,,,S-1-5-18,THEBORG$,,,STARFLEET,0x7B712E5,,,,,,,,,,,,,,,,,,
