08:12:48.412,,,Windows Event Logs,Windows Event Log Creation,,,,SentinelOne,SKYNET,desktop,security,23.1.2.400,faafacda006f44dd86f62f749777539a,01J82TDN5PAXRM5B0MKJZ0D7SR_802,preprocess-lib-1.0,EVENTLOG,11633,Windows 10 Enterprise Evaluation,usea1-purple.sentinelone.net,17763,48ADA42E794648DC92BBCBD1C4BB706A,SDL,,default,,01J82TDN5PAXRM5B0MKJZ0D7SR,Security,,,,,,,,,,,,C:\Program Files\SentinelOne\Sentinel Agent 23.1.2.400\SentinelAgent.exe,0xC1C,,,,<Event xmlns='http://schemas.microsoft.com/win/2004/08/events/event'><System><Provider Name='Microsoft-Windows-Security-Auditing' Guid='{54849625-5478-4994-a5ba-3e3b0328c30d}'/><EventID>4799</EventID><Version>0</Version><Level>0</Level><Task>13826</Task><Opcode>0</Opcode><Keywords>0x8020000000000000</Keywords><TimeCreated SystemTime='2024-09-18T14:59:01.724345700Z'/><EventRecordID>4083969</EventRecordID><Correlation ActivityID='{ebafc0bd-3981-430c-85c8-10cbc02523f4}'/><Execution ProcessID='648' ThreadID='5488'/><Channel>Security</Channel><Computer>SKYNET.starfleet.corp</Computer><Security/></System><EventData><Data Name='TargetUserName'>Administrators</Data><Data Name='TargetDomainName'>Builtin</Data><Data Name='TargetSid'>S-1-5-32-544</Data><Data Name='SubjectUserSid'>S-1-5-18</Data><Data Name='SubjectUserName'>SKYNET$</Data><Data Name='SubjectDomainName'>STARFLEET</Data><Data Name='SubjectLogonId'>0x3e7</Data><Data Name='CallerProcessId'>0xc1c</Data><Data Name='CallerProcessName'>C:\Program Files\SentinelOne\Sentinel Agent 23.1.2.400\SentinelAgent.exe</Data></EventData></Event>,Microsoft-Windows-Security-Auditing,Information,4799,,,,"'A security-enabled local group membership was enumerated.

Subject:
	Security ID:		S-1-5-18
	Account Name:		SKYNET$
	Account Domain:		STARFLEET
	Logon ID:		0x3E7

Group:
	Security ID:		S-1-5-32-544
	Group Name:		Administrators
	Group Domain:		Builtin

Process Information:
	Process ID:		0xc1c
	Process Name:		C:\Program Files\SentinelOne\Sentinel Agent 23.1.2.400\SentinelAgent.exe",http://schemas.microsoft.com/win/2004/08/events/event,0,2024-09-18T14:59:01.724345700Z,13826,,,Microsoft-Windows-Security-Auditing,{54849625-5478-4994-a5ba-3e3b0328c30d},0,0,0x8020000000000000,5488,648,4083969,4799,{ebafc0bd-3981-430c-85c8-10cbc02523f4},,SKYNET.starfleet.corp,Security,,,,,,Administrators,S-1-5-32-544,,Builtin,,S-1-5-18,SKYNET$,0x3E7,STARFLEET,,,,,,,,,,,,,,
08:12:48.412,,,Windows Event Logs,Windows Event Log Creation,,,,SentinelOne,SKYNET,desktop,security,23.1.2.400,faafacda006f44dd86f62f749777539a,01J82TDN5PAXRM5B0MKJZ0D7SR_826,preprocess-lib-1.0,EVENTLOG,11633,Windows 10 Enterprise Evaluation,usea1-purple.sentinelone.net,17763,48ADA42E794648DC92BBCBD1C4BB706A,SDL,,default,,01J82TDN5PAXRM5B0MKJZ0D7SR,Security,,,,,,,,,,,,C:\Program Files\SentinelOne\Sentinel Agent 23.1.2.400\SentinelAgent.exe,0xC1C,,,,<Event xmlns='http://schemas.microsoft.com/win/2004/08/events/event'><System><Provider Name='Microsoft-Windows-Security-Auditing' Guid='{54849625-5478-4994-a5ba-3e3b0328c30d}'/><EventID>4799</EventID><Version>0</Version><Level>0</Level><Task>13826</Task><Opcode>0</Opcode><Keywords>0x8020000000000000</Keywords><TimeCreated SystemTime='2024-09-18T14:59:01.726608700Z'/><EventRecordID>4083970</EventRecordID><Correlation ActivityID='{923b0e40-8ccc-4b22-92b0-7b2a70ed88da}'/><Execution ProcessID='648' ThreadID='5488'/><Channel>Security</Channel><Computer>SKYNET.starfleet.corp</Computer><Security/></System><EventData><Data Name='TargetUserName'>Backup Operators</Data><Data Name='TargetDomainName'>Builtin</Data><Data Name='TargetSid'>S-1-5-32-551</Data><Data Name='SubjectUserSid'>S-1-5-18</Data><Data Name='SubjectUserName'>SKYNET$</Data><Data Name='SubjectDomainName'>STARFLEET</Data><Data Name='SubjectLogonId'>0x3e7</Data><Data Name='CallerProcessId'>0xc1c</Data><Data Name='CallerProcessName'>C:\Program Files\SentinelOne\Sentinel Agent 23.1.2.400\SentinelAgent.exe</Data></EventData></Event>,Microsoft-Windows-Security-Auditing,Information,4799,,,,"'A security-enabled local group membership was enumerated.

Subject:
	Security ID:		S-1-5-18
	Account Name:		SKYNET$
	Account Domain:		STARFLEET
	Logon ID:		0x3E7

Group:
	Security ID:		S-1-5-32-551
	Group Name:		Backup Operators
	Group Domain:		Builtin

Process Information:
	Process ID:		0xc1c
	Process Name:		C:\Program Files\SentinelOne\Sentinel Agent 23.1.2.400\SentinelAgent.exe",http://schemas.microsoft.com/win/2004/08/events/event,0,2024-09-18T14:59:01.726608700Z,13826,,,Microsoft-Windows-Security-Auditing,{54849625-5478-4994-a5ba-3e3b0328c30d},0,0,0x8020000000000000,5488,648,4083970,4799,{923b0e40-8ccc-4b22-92b0-7b2a70ed88da},,SKYNET.starfleet.corp,Security,,,,,,Backup Operators,S-1-5-32-551,,Builtin,,S-1-5-18,SKYNET$,0x3E7,STARFLEET,,,,,,,,,,,,,,
08:12:48.412,,,Windows Event Logs,Windows Event Log Creation,,,,SentinelOne,SKYNET,desktop,security,23.1.2.400,faafacda006f44dd86f62f749777539a,01J82TDN5PAXRM5B0MKJZ0D7SR_827,preprocess-lib-1.0,EVENTLOG,11633,Windows 10 Enterprise Evaluation,usea1-purple.sentinelone.net,17763,48ADA42E794648DC92BBCBD1C4BB706A,SDL,,default,,01J82TDN5PAXRM5B0MKJZ0D7SR,Security,%%1552,0x1,WMI,ROOT\CIMV2\Security\MicrosoftVolumeEncryption,,,0x0,,,,,,,,ROOT\CIMV2\Security\MicrosoftVolumeEncryption,Local Read (ConnectServer),"'<Event xmlns='http://schemas.microsoft.com/win/2004/08/events/event'><System><Provider Name='Microsoft-Windows-Security-Auditing' Guid='{54849625-5478-4994-a5ba-3e3b0328c30d}'/><EventID>4662</EventID><Version>0</Version><Level>0</Level><Task>12804</Task><Opcode>0</Opcode><Keywords>0x8020000000000000</Keywords><TimeCreated SystemTime='2024-09-18T14:59:05.371333300Z'/><EventRecordID>4083971</EventRecordID><Correlation ActivityID='{60f61f51-01cc-4787-bcb6-0cd75e6e4ac2}'/><Execution ProcessID='648' ThreadID='5488'/><Channel>Security</Channel><Computer>SKYNET.starfleet.corp</Computer><Security/></System><EventData><Data Name='SubjectUserSid'>S-1-5-18</Data><Data Name='SubjectUserName'>SKYNET$</Data><Data Name='SubjectDomainName'>STARFLEET</Data><Data Name='SubjectLogonId'>0x3e7</Data><Data Name='ObjectServer'>WMI</Data><Data Name='ObjectType'>WMI Namespace</Data><Data Name='ObjectName'>ROOT\CIMV2\Security\MicrosoftVolumeEncryption</Data><Data Name='OperationType'>Object Access</Data><Data Name='HandleId'>0x0</Data><Data Name='AccessList'>%%1552
				</Data><Data Name='AccessMask'>0x1</Data><Data Name='Properties'>-</Data><Data Name='AdditionalInfo'>Local Read (ConnectServer)</Data><Data Name='AdditionalInfo2'>ROOT\CIMV2\Security\MicrosoftVolumeEncryption</Data></EventData></Event>",Microsoft-Windows-Security-Auditing,Information,4662,,,,"'An operation was performed on an object.

Subject :
	Security ID:		S-1-5-18
	Account Name:		SKYNET$
	Account Domain:		STARFLEET
	Logon ID:		0x3E7

Object:
	Object Server:		WMI
	Object Type:		WMI Namespace
	Object Name:		ROOT\CIMV2\Security\MicrosoftVolumeEncryption
	Handle ID:		0x0

Operation:
	Operation Type:		Object Access
	Accesses:		Unknown specific access (bit 0)
				
	Access Mask:		0x1
	Properties:		-

Additional Information:
	Parameter 1:		Local Read (ConnectServer)
	Parameter 2:		ROOT\CIMV2\Security\MicrosoftVolumeEncryption",http://schemas.microsoft.com/win/2004/08/events/event,0,2024-09-18T14:59:05.371333300Z,12804,,,Microsoft-Windows-Security-Auditing,{54849625-5478-4994-a5ba-3e3b0328c30d},0,0,0x8020000000000000,5488,648,4083971,4662,{60f61f51-01cc-4787-bcb6-0cd75e6e4ac2},,SKYNET.starfleet.corp,Security,,,,,,,,,,,S-1-5-18,SKYNET$,0x3E7,STARFLEET,,,,,-,,,,,,,Object Access,WMI Namespace,
08:12:48.412,,,Windows Event Logs,Windows Event Log Creation,,,,SentinelOne,SKYNET,desktop,security,23.1.2.400,faafacda006f44dd86f62f749777539a,01J82TDN5PAXRM5B0MKJZ0D7SR_828,preprocess-lib-1.0,EVENTLOG,11633,Windows 10 Enterprise Evaluation,usea1-purple.sentinelone.net,17763,48ADA42E794648DC92BBCBD1C4BB706A,SDL,,default,,01J82TDN5PAXRM5B0MKJZ0D7SR,Security,%%1552,0x1,WMI,ROOT\CIMV2\Security\MicrosoftVolumeEncryption,,,0x0,,,,,,,,ROOT\CIMV2\Security\MicrosoftVolumeEncryption:SELECT * FROM Win32_EncryptableVolume,Local Read (ExecQuery),"'<Event xmlns='http://schemas.microsoft.com/win/2004/08/events/event'><System><Provider Name='Microsoft-Windows-Security-Auditing' Guid='{54849625-5478-4994-a5ba-3e3b0328c30d}'/><EventID>4662</EventID><Version>0</Version><Level>0</Level><Task>12804</Task><Opcode>0</Opcode><Keywords>0x8020000000000000</Keywords><TimeCreated SystemTime='2024-09-18T14:59:05.371707100Z'/><EventRecordID>4083972</EventRecordID><Correlation ActivityID='{312dff98-ab67-4425-b537-c7ee2dbfad60}'/><Execution ProcessID='648' ThreadID='5488'/><Channel>Security</Channel><Computer>SKYNET.starfleet.corp</Computer><Security/></System><EventData><Data Name='SubjectUserSid'>S-1-5-18</Data><Data Name='SubjectUserName'>SKYNET$</Data><Data Name='SubjectDomainName'>STARFLEET</Data><Data Name='SubjectLogonId'>0x3e7</Data><Data Name='ObjectServer'>WMI</Data><Data Name='ObjectType'>WMI Namespace</Data><Data Name='ObjectName'>ROOT\CIMV2\Security\MicrosoftVolumeEncryption</Data><Data Name='OperationType'>Object Access</Data><Data Name='HandleId'>0x0</Data><Data Name='AccessList'>%%1552
				</Data><Data Name='AccessMask'>0x1</Data><Data Name='Properties'>-</Data><Data Name='AdditionalInfo'>Local Read (ExecQuery)</Data><Data Name='AdditionalInfo2'>ROOT\CIMV2\Security\MicrosoftVolumeEncryption:SELECT * FROM Win32_EncryptableVolume</Data></EventData></Event>",Microsoft-Windows-Security-Auditing,Information,4662,,,,"'An operation was performed on an object.

Subject :
	Security ID:		S-1-5-18
	Account Name:		SKYNET$
	Account Domain:		STARFLEET
	Logon ID:		0x3E7

Object:
	Object Server:		WMI
	Object Type:		WMI Namespace
	Object Name:		ROOT\CIMV2\Security\MicrosoftVolumeEncryption
	Handle ID:		0x0

Operation:
	Operation Type:		Object Access
	Accesses:		Unknown specific access (bit 0)
				
	Access Mask:		0x1
	Properties:		-

Additional Information:
	Parameter 1:		Local Read (ExecQuery)
	Parameter 2:		ROOT\CIMV2\Security\MicrosoftVolumeEncryption:SELECT * FROM Win32_EncryptableVolume",http://schemas.microsoft.com/win/2004/08/events/event,0,2024-09-18T14:59:05.371707100Z,12804,,,Microsoft-Windows-Security-Auditing,{54849625-5478-4994-a5ba-3e3b0328c30d},0,0,0x8020000000000000,5488,648,4083972,4662,{312dff98-ab67-4425-b537-c7ee2dbfad60},,SKYNET.starfleet.corp,Security,,,,,,,,,,,S-1-5-18,SKYNET$,0x3E7,STARFLEET,,,,,-,,,,,,,Object Access,WMI Namespace,
08:12:48.412,,,Windows Event Logs,Windows Event Log Creation,,,,SentinelOne,SKYNET,desktop,security,23.1.2.400,faafacda006f44dd86f62f749777539a,01J82TDN5PAXRM5B0MKJZ0D7SR_829,preprocess-lib-1.0,EVENTLOG,11633,Windows 10 Enterprise Evaluation,usea1-purple.sentinelone.net,17763,48ADA42E794648DC92BBCBD1C4BB706A,SDL,,default,,01J82TDN5PAXRM5B0MKJZ0D7SR,Security,,,,,48,,,,,,,,,,,,<Event xmlns='http://schemas.microsoft.com/win/2004/08/events/event'><System><Provider Name='Microsoft-Windows-Security-Auditing' Guid='{54849625-5478-4994-a5ba-3e3b0328c30d}'/><EventID>4985</EventID><Version>0</Version><Level>0</Level><Task>12800</Task><Opcode>0</Opcode><Keywords>0x8020000000000000</Keywords><TimeCreated SystemTime='2024-09-18T14:59:05.400451700Z'/><EventRecordID>4083973</EventRecordID><Correlation/><Execution ProcessID='4' ThreadID='5624'/><Channel>Security</Channel><Computer>SKYNET.starfleet.corp</Computer><Security/></System><EventData><Data Name='SubjectUserSid'>S-1-5-18</Data><Data Name='SubjectUserName'>SKYNET$</Data><Data Name='SubjectDomainName'>STARFLEET</Data><Data Name='SubjectLogonId'>0x3e7</Data><Data Name='TransactionId'>{ceb7604e-75cb-11ef-a7c0-000c2968cd17}</Data><Data Name='NewState'>48</Data><Data Name='ResourceManager'>{310a9088-4a91-11e9-9501-b252ac81e352}</Data><Data Name='ProcessId'>0xc1c</Data><Data Name='ProcessName'>C:\Program Files\SentinelOne\Sentinel Agent 23.1.2.400\SentinelAgent.exe</Data></EventData></Event>,Microsoft-Windows-Security-Auditing,Information,4985,,,,"'The state of a transaction has changed.

Subject:
	Security ID:		S-1-5-18
	Account Name:		SKYNET$
	Account Domain:		STARFLEET
	Logon ID:		0x3E7

Transaction Information:
	RM Transaction ID:	{ceb7604e-75cb-11ef-a7c0-000c2968cd17}
	New State:		48
	Resource Manager:	{310a9088-4a91-11e9-9501-b252ac81e352}

Process Information:
	Process ID:		0xc1c
	Process Name:		C:\Program Files\SentinelOne\Sentinel Agent 23.1.2.400\SentinelAgent.exe",http://schemas.microsoft.com/win/2004/08/events/event,0,2024-09-18T14:59:05.400451700Z,12800,,,Microsoft-Windows-Security-Auditing,{54849625-5478-4994-a5ba-3e3b0328c30d},0,0,0x8020000000000000,5624,4,4083973,4985,,,SKYNET.starfleet.corp,Security,,,,{ceb7604e-75cb-11ef-a7c0-000c2968cd17},,,,,,,S-1-5-18,SKYNET$,0x3E7,STARFLEET,,,{310a9088-4a91-11e9-9501-b252ac81e352},,,,C:\Program Files\SentinelOne\Sentinel Agent 23.1.2.400\SentinelAgent.exe,0xC1C,,,,,,
08:12:48.412,,,Windows Event Logs,Windows Event Log Creation,,,,SentinelOne,SKYNET,desktop,security,23.1.2.400,faafacda006f44dd86f62f749777539a,01J82TDN5PAXRM5B0MKJZ0D7SR_830,preprocess-lib-1.0,EVENTLOG,11633,Windows 10 Enterprise Evaluation,usea1-purple.sentinelone.net,17763,48ADA42E794648DC92BBCBD1C4BB706A,SDL,,default,,01J82TDN5PAXRM5B0MKJZ0D7SR,Security,,,,,52,,,,,,,,,,,,<Event xmlns='http://schemas.microsoft.com/win/2004/08/events/event'><System><Provider Name='Microsoft-Windows-Security-Auditing' Guid='{54849625-5478-4994-a5ba-3e3b0328c30d}'/><EventID>4985</EventID><Version>0</Version><Level>0</Level><Task>12800</Task><Opcode>0</Opcode><Keywords>0x8020000000000000</Keywords><TimeCreated SystemTime='2024-09-18T14:59:05.400657900Z'/><EventRecordID>4083974</EventRecordID><Correlation/><Execution ProcessID='4' ThreadID='5624'/><Channel>Security</Channel><Computer>SKYNET.starfleet.corp</Computer><Security/></System><EventData><Data Name='SubjectUserSid'>S-1-5-18</Data><Data Name='SubjectUserName'>SKYNET$</Data><Data Name='SubjectDomainName'>STARFLEET</Data><Data Name='SubjectLogonId'>0x3e7</Data><Data Name='TransactionId'>{ceb7604e-75cb-11ef-a7c0-000c2968cd17}</Data><Data Name='NewState'>52</Data><Data Name='ResourceManager'>{310a9088-4a91-11e9-9501-b252ac81e352}</Data><Data Name='ProcessId'>0xc1c</Data><Data Name='ProcessName'>C:\Program Files\SentinelOne\Sentinel Agent 23.1.2.400\SentinelAgent.exe</Data></EventData></Event>,Microsoft-Windows-Security-Auditing,Information,4985,,,,"'The state of a transaction has changed.

Subject:
	Security ID:		S-1-5-18
	Account Name:		SKYNET$
	Account Domain:		STARFLEET
	Logon ID:		0x3E7

Transaction Information:
	RM Transaction ID:	{ceb7604e-75cb-11ef-a7c0-000c2968cd17}
	New State:		52
	Resource Manager:	{310a9088-4a91-11e9-9501-b252ac81e352}

Process Information:
	Process ID:		0xc1c
	Process Name:		C:\Program Files\SentinelOne\Sentinel Agent 23.1.2.400\SentinelAgent.exe",http://schemas.microsoft.com/win/2004/08/events/event,0,2024-09-18T14:59:05.400657900Z,12800,,,Microsoft-Windows-Security-Auditing,{54849625-5478-4994-a5ba-3e3b0328c30d},0,0,0x8020000000000000,5624,4,4083974,4985,,,SKYNET.starfleet.corp,Security,,,,{ceb7604e-75cb-11ef-a7c0-000c2968cd17},,,,,,,S-1-5-18,SKYNET$,0x3E7,STARFLEET,,,{310a9088-4a91-11e9-9501-b252ac81e352},,,,C:\Program Files\SentinelOne\Sentinel Agent 23.1.2.400\SentinelAgent.exe,0xC1C,,,,,,
08:12:48.412,,,Windows Event Logs,Windows Event Log Creation,,,,SentinelOne,SKYNET,desktop,security,23.1.2.400,faafacda006f44dd86f62f749777539a,01J82TDN5PAXRM5B0MKJZ0D7SR_831,preprocess-lib-1.0,EVENTLOG,11633,Windows 10 Enterprise Evaluation,usea1-purple.sentinelone.net,17763,48ADA42E794648DC92BBCBD1C4BB706A,SDL,,default,,01J82TDN5PAXRM5B0MKJZ0D7SR,Security,,,,,48,,,,,,,,,,,,<Event xmlns='http://schemas.microsoft.com/win/2004/08/events/event'><System><Provider Name='Microsoft-Windows-Security-Auditing' Guid='{54849625-5478-4994-a5ba-3e3b0328c30d}'/><EventID>4985</EventID><Version>0</Version><Level>0</Level><Task>12800</Task><Opcode>0</Opcode><Keywords>0x8020000000000000</Keywords><TimeCreated SystemTime='2024-09-18T14:59:07.887609400Z'/><EventRecordID>4083975</EventRecordID><Correlation/><Execution ProcessID='4' ThreadID='6768'/><Channel>Security</Channel><Computer>SKYNET.starfleet.corp</Computer><Security/></System><EventData><Data Name='SubjectUserSid'>S-1-5-18</Data><Data Name='SubjectUserName'>SKYNET$</Data><Data Name='SubjectDomainName'>STARFLEET</Data><Data Name='SubjectLogonId'>0x3e7</Data><Data Name='TransactionId'>{ceb76056-75cb-11ef-a7c0-000c2968cd17}</Data><Data Name='NewState'>48</Data><Data Name='ResourceManager'>{310a9088-4a91-11e9-9501-b252ac81e352}</Data><Data Name='ProcessId'>0xc1c</Data><Data Name='ProcessName'>C:\Program Files\SentinelOne\Sentinel Agent 23.1.2.400\SentinelAgent.exe</Data></EventData></Event>,Microsoft-Windows-Security-Auditing,Information,4985,,,,"'The state of a transaction has changed.

Subject:
	Security ID:		S-1-5-18
	Account Name:		SKYNET$
	Account Domain:		STARFLEET
	Logon ID:		0x3E7

Transaction Information:
	RM Transaction ID:	{ceb76056-75cb-11ef-a7c0-000c2968cd17}
	New State:		48
	Resource Manager:	{310a9088-4a91-11e9-9501-b252ac81e352}

Process Information:
	Process ID:		0xc1c
	Process Name:		C:\Program Files\SentinelOne\Sentinel Agent 23.1.2.400\SentinelAgent.exe",http://schemas.microsoft.com/win/2004/08/events/event,0,2024-09-18T14:59:07.887609400Z,12800,,,Microsoft-Windows-Security-Auditing,{54849625-5478-4994-a5ba-3e3b0328c30d},0,0,0x8020000000000000,6768,4,4083975,4985,,,SKYNET.starfleet.corp,Security,,,,{ceb76056-75cb-11ef-a7c0-000c2968cd17},,,,,,,S-1-5-18,SKYNET$,0x3E7,STARFLEET,,,{310a9088-4a91-11e9-9501-b252ac81e352},,,,C:\Program Files\SentinelOne\Sentinel Agent 23.1.2.400\SentinelAgent.exe,0xC1C,,,,,,
08:12:48.412,,,Windows Event Logs,Windows Event Log Creation,,,,SentinelOne,SKYNET,desktop,security,23.1.2.400,faafacda006f44dd86f62f749777539a,01J82TDN5PAXRM5B0MKJZ0D7SR_832,preprocess-lib-1.0,EVENTLOG,11633,Windows 10 Enterprise Evaluation,usea1-purple.sentinelone.net,17763,48ADA42E794648DC92BBCBD1C4BB706A,SDL,,default,,01J82TDN5PAXRM5B0MKJZ0D7SR,Security,,,,,52,,,,,,,,,,,,<Event xmlns='http://schemas.microsoft.com/win/2004/08/events/event'><System><Provider Name='Microsoft-Windows-Security-Auditing' Guid='{54849625-5478-4994-a5ba-3e3b0328c30d}'/><EventID>4985</EventID><Version>0</Version><Level>0</Level><Task>12800</Task><Opcode>0</Opcode><Keywords>0x8020000000000000</Keywords><TimeCreated SystemTime='2024-09-18T14:59:07.887776300Z'/><EventRecordID>4083976</EventRecordID><Correlation/><Execution ProcessID='4' ThreadID='6768'/><Channel>Security</Channel><Computer>SKYNET.starfleet.corp</Computer><Security/></System><EventData><Data Name='SubjectUserSid'>S-1-5-18</Data><Data Name='SubjectUserName'>SKYNET$</Data><Data Name='SubjectDomainName'>STARFLEET</Data><Data Name='SubjectLogonId'>0x3e7</Data><Data Name='TransactionId'>{ceb76056-75cb-11ef-a7c0-000c2968cd17}</Data><Data Name='NewState'>52</Data><Data Name='ResourceManager'>{310a9088-4a91-11e9-9501-b252ac81e352}</Data><Data Name='ProcessId'>0xc1c</Data><Data Name='ProcessName'>C:\Program Files\SentinelOne\Sentinel Agent 23.1.2.400\SentinelAgent.exe</Data></EventData></Event>,Microsoft-Windows-Security-Auditing,Information,4985,,,,"'The state of a transaction has changed.

Subject:
	Security ID:		S-1-5-18
	Account Name:		SKYNET$
	Account Domain:		STARFLEET
	Logon ID:		0x3E7

Transaction Information:
	RM Transaction ID:	{ceb76056-75cb-11ef-a7c0-000c2968cd17}
	New State:		52
	Resource Manager:	{310a9088-4a91-11e9-9501-b252ac81e352}

Process Information:
	Process ID:		0xc1c
	Process Name:		C:\Program Files\SentinelOne\Sentinel Agent 23.1.2.400\SentinelAgent.exe",http://schemas.microsoft.com/win/2004/08/events/event,0,2024-09-18T14:59:07.887776300Z,12800,,,Microsoft-Windows-Security-Auditing,{54849625-5478-4994-a5ba-3e3b0328c30d},0,0,0x8020000000000000,6768,4,4083976,4985,,,SKYNET.starfleet.corp,Security,,,,{ceb76056-75cb-11ef-a7c0-000c2968cd17},,,,,,,S-1-5-18,SKYNET$,0x3E7,STARFLEET,,,{310a9088-4a91-11e9-9501-b252ac81e352},,,,C:\Program Files\SentinelOne\Sentinel Agent 23.1.2.400\SentinelAgent.exe,0xC1C,,,,,,
08:12:48.412,,,Windows Event Logs,Windows Event Log Creation,,,,SentinelOne,SKYNET,desktop,security,23.1.2.400,faafacda006f44dd86f62f749777539a,01J82TDN5PAXRM5B0MKJZ0D7SR_833,preprocess-lib-1.0,EVENTLOG,11633,Windows 10 Enterprise Evaluation,usea1-purple.sentinelone.net,17763,48ADA42E794648DC92BBCBD1C4BB706A,SDL,,default,,01J82TDN5PAXRM5B0MKJZ0D7SR,Security,,,,,48,,,,,,,,,,,,<Event xmlns='http://schemas.microsoft.com/win/2004/08/events/event'><System><Provider Name='Microsoft-Windows-Security-Auditing' Guid='{54849625-5478-4994-a5ba-3e3b0328c30d}'/><EventID>4985</EventID><Version>0</Version><Level>0</Level><Task>12800</Task><Opcode>0</Opcode><Keywords>0x8020000000000000</Keywords><TimeCreated SystemTime='2024-09-18T14:59:07.888484800Z'/><EventRecordID>4083977</EventRecordID><Correlation/><Execution ProcessID='4' ThreadID='6768'/><Channel>Security</Channel><Computer>SKYNET.starfleet.corp</Computer><Security/></System><EventData><Data Name='SubjectUserSid'>S-1-5-18</Data><Data Name='SubjectUserName'>SKYNET$</Data><Data Name='SubjectDomainName'>STARFLEET</Data><Data Name='SubjectLogonId'>0x3e7</Data><Data Name='TransactionId'>{ceb76058-75cb-11ef-a7c0-000c2968cd17}</Data><Data Name='NewState'>48</Data><Data Name='ResourceManager'>{310a9088-4a91-11e9-9501-b252ac81e352}</Data><Data Name='ProcessId'>0xc1c</Data><Data Name='ProcessName'>C:\Program Files\SentinelOne\Sentinel Agent 23.1.2.400\SentinelAgent.exe</Data></EventData></Event>,Microsoft-Windows-Security-Auditing,Information,4985,,,,"'The state of a transaction has changed.

Subject:
	Security ID:		S-1-5-18
	Account Name:		SKYNET$
	Account Domain:		STARFLEET
	Logon ID:		0x3E7

Transaction Information:
	RM Transaction ID:	{ceb76058-75cb-11ef-a7c0-000c2968cd17}
	New State:		48
	Resource Manager:	{310a9088-4a91-11e9-9501-b252ac81e352}

Process Information:
	Process ID:		0xc1c
	Process Name:		C:\Program Files\SentinelOne\Sentinel Agent 23.1.2.400\SentinelAgent.exe",http://schemas.microsoft.com/win/2004/08/events/event,0,2024-09-18T14:59:07.888484800Z,12800,,,Microsoft-Windows-Security-Auditing,{54849625-5478-4994-a5ba-3e3b0328c30d},0,0,0x8020000000000000,6768,4,4083977,4985,,,SKYNET.starfleet.corp,Security,,,,{ceb76058-75cb-11ef-a7c0-000c2968cd17},,,,,,,S-1-5-18,SKYNET$,0x3E7,STARFLEET,,,{310a9088-4a91-11e9-9501-b252ac81e352},,,,C:\Program Files\SentinelOne\Sentinel Agent 23.1.2.400\SentinelAgent.exe,0xC1C,,,,,,
08:12:48.412,,,Windows Event Logs,Windows Event Log Creation,,,,SentinelOne,SKYNET,desktop,security,23.1.2.400,faafacda006f44dd86f62f749777539a,01J82TDN5PAXRM5B0MKJZ0D7SR_834,preprocess-lib-1.0,EVENTLOG,11633,Windows 10 Enterprise Evaluation,usea1-purple.sentinelone.net,17763,48ADA42E794648DC92BBCBD1C4BB706A,SDL,,default,,01J82TDN5PAXRM5B0MKJZ0D7SR,Security,,,,,52,,,,,,,,,,,,<Event xmlns='http://schemas.microsoft.com/win/2004/08/events/event'><System><Provider Name='Microsoft-Windows-Security-Auditing' Guid='{54849625-5478-4994-a5ba-3e3b0328c30d}'/><EventID>4985</EventID><Version>0</Version><Level>0</Level><Task>12800</Task><Opcode>0</Opcode><Keywords>0x8020000000000000</Keywords><TimeCreated SystemTime='2024-09-18T14:59:07.888545400Z'/><EventRecordID>4083978</EventRecordID><Correlation/><Execution ProcessID='4' ThreadID='6768'/><Channel>Security</Channel><Computer>SKYNET.starfleet.corp</Computer><Security/></System><EventData><Data Name='SubjectUserSid'>S-1-5-18</Data><Data Name='SubjectUserName'>SKYNET$</Data><Data Name='SubjectDomainName'>STARFLEET</Data><Data Name='SubjectLogonId'>0x3e7</Data><Data Name='TransactionId'>{ceb76058-75cb-11ef-a7c0-000c2968cd17}</Data><Data Name='NewState'>52</Data><Data Name='ResourceManager'>{310a9088-4a91-11e9-9501-b252ac81e352}</Data><Data Name='ProcessId'>0xc1c</Data><Data Name='ProcessName'>C:\Program Files\SentinelOne\Sentinel Agent 23.1.2.400\SentinelAgent.exe</Data></EventData></Event>,Microsoft-Windows-Security-Auditing,Information,4985,,,,"'The state of a transaction has changed.

Subject:
	Security ID:		S-1-5-18
	Account Name:		SKYNET$
	Account Domain:		STARFLEET
	Logon ID:		0x3E7

Transaction Information:
	RM Transaction ID:	{ceb76058-75cb-11ef-a7c0-000c2968cd17}
	New State:		52
	Resource Manager:	{310a9088-4a91-11e9-9501-b252ac81e352}

Process Information:
	Process ID:		0xc1c
	Process Name:		C:\Program Files\SentinelOne\Sentinel Agent 23.1.2.400\SentinelAgent.exe",http://schemas.microsoft.com/win/2004/08/events/event,0,2024-09-18T14:59:07.888545400Z,12800,,,Microsoft-Windows-Security-Auditing,{54849625-5478-4994-a5ba-3e3b0328c30d},0,0,0x8020000000000000,6768,4,4083978,4985,,,SKYNET.starfleet.corp,Security,,,,{ceb76058-75cb-11ef-a7c0-000c2968cd17},,,,,,,S-1-5-18,SKYNET$,0x3E7,STARFLEET,,,{310a9088-4a91-11e9-9501-b252ac81e352},,,,C:\Program Files\SentinelOne\Sentinel Agent 23.1.2.400\SentinelAgent.exe,0xC1C,,,,,,
08:12:48.412,,,Windows Event Logs,Windows Event Log Creation,,,,SentinelOne,SKYNET,desktop,security,23.1.2.400,faafacda006f44dd86f62f749777539a,01J82TDN5PAXRM5B0MKJZ0D7SR_835,preprocess-lib-1.0,EVENTLOG,11633,Windows 10 Enterprise Evaluation,usea1-purple.sentinelone.net,17763,48ADA42E794648DC92BBCBD1C4BB706A,SDL,,default,,01J82TDN5PAXRM5B0MKJZ0D7SR,Security,,,,,48,,,,,,,,,,,,<Event xmlns='http://schemas.microsoft.com/win/2004/08/events/event'><System><Provider Name='Microsoft-Windows-Security-Auditing' Guid='{54849625-5478-4994-a5ba-3e3b0328c30d}'/><EventID>4985</EventID><Version>0</Version><Level>0</Level><Task>12800</Task><Opcode>0</Opcode><Keywords>0x8020000000000000</Keywords><TimeCreated SystemTime='2024-09-18T14:59:07.903784700Z'/><EventRecordID>4083979</EventRecordID><Correlation/><Execution ProcessID='4' ThreadID='6768'/><Channel>Security</Channel><Computer>SKYNET.starfleet.corp</Computer><Security/></System><EventData><Data Name='SubjectUserSid'>S-1-5-18</Data><Data Name='SubjectUserName'>SKYNET$</Data><Data Name='SubjectDomainName'>STARFLEET</Data><Data Name='SubjectLogonId'>0x3e7</Data><Data Name='TransactionId'>{ceb7605d-75cb-11ef-a7c0-000c2968cd17}</Data><Data Name='NewState'>48</Data><Data Name='ResourceManager'>{310a9088-4a91-11e9-9501-b252ac81e352}</Data><Data Name='ProcessId'>0xc1c</Data><Data Name='ProcessName'>C:\Program Files\SentinelOne\Sentinel Agent 23.1.2.400\SentinelAgent.exe</Data></EventData></Event>,Microsoft-Windows-Security-Auditing,Information,4985,,,,"'The state of a transaction has changed.

Subject:
	Security ID:		S-1-5-18
	Account Name:		SKYNET$
	Account Domain:		STARFLEET
	Logon ID:		0x3E7

Transaction Information:
	RM Transaction ID:	{ceb7605d-75cb-11ef-a7c0-000c2968cd17}
	New State:		48
	Resource Manager:	{310a9088-4a91-11e9-9501-b252ac81e352}

Process Information:
	Process ID:		0xc1c
	Process Name:		C:\Program Files\SentinelOne\Sentinel Agent 23.1.2.400\SentinelAgent.exe",http://schemas.microsoft.com/win/2004/08/events/event,0,2024-09-18T14:59:07.903784700Z,12800,,,Microsoft-Windows-Security-Auditing,{54849625-5478-4994-a5ba-3e3b0328c30d},0,0,0x8020000000000000,6768,4,4083979,4985,,,SKYNET.starfleet.corp,Security,,,,{ceb7605d-75cb-11ef-a7c0-000c2968cd17},,,,,,,S-1-5-18,SKYNET$,0x3E7,STARFLEET,,,{310a9088-4a91-11e9-9501-b252ac81e352},,,,C:\Program Files\SentinelOne\Sentinel Agent 23.1.2.400\SentinelAgent.exe,0xC1C,,,,,,
08:12:48.412,,,Windows Event Logs,Windows Event Log Creation,,,,SentinelOne,SKYNET,desktop,security,23.1.2.400,faafacda006f44dd86f62f749777539a,01J82TDN5PAXRM5B0MKJZ0D7SR_836,preprocess-lib-1.0,EVENTLOG,11633,Windows 10 Enterprise Evaluation,usea1-purple.sentinelone.net,17763,48ADA42E794648DC92BBCBD1C4BB706A,SDL,,default,,01J82TDN5PAXRM5B0MKJZ0D7SR,Security,,,,,52,,,,,,,,,,,,<Event xmlns='http://schemas.microsoft.com/win/2004/08/events/event'><System><Provider Name='Microsoft-Windows-Security-Auditing' Guid='{54849625-5478-4994-a5ba-3e3b0328c30d}'/><EventID>4985</EventID><Version>0</Version><Level>0</Level><Task>12800</Task><Opcode>0</Opcode><Keywords>0x8020000000000000</Keywords><TimeCreated SystemTime='2024-09-18T14:59:07.903945000Z'/><EventRecordID>4083980</EventRecordID><Correlation/><Execution ProcessID='4' ThreadID='6768'/><Channel>Security</Channel><Computer>SKYNET.starfleet.corp</Computer><Security/></System><EventData><Data Name='SubjectUserSid'>S-1-5-18</Data><Data Name='SubjectUserName'>SKYNET$</Data><Data Name='SubjectDomainName'>STARFLEET</Data><Data Name='SubjectLogonId'>0x3e7</Data><Data Name='TransactionId'>{ceb7605d-75cb-11ef-a7c0-000c2968cd17}</Data><Data Name='NewState'>52</Data><Data Name='ResourceManager'>{310a9088-4a91-11e9-9501-b252ac81e352}</Data><Data Name='ProcessId'>0xc1c</Data><Data Name='ProcessName'>C:\Program Files\SentinelOne\Sentinel Agent 23.1.2.400\SentinelAgent.exe</Data></EventData></Event>,Microsoft-Windows-Security-Auditing,Information,4985,,,,"'The state of a transaction has changed.

Subject:
	Security ID:		S-1-5-18
	Account Name:		SKYNET$
	Account Domain:		STARFLEET
	Logon ID:		0x3E7

Transaction Information:
	RM Transaction ID:	{ceb7605d-75cb-11ef-a7c0-000c2968cd17}
	New State:		52
	Resource Manager:	{310a9088-4a91-11e9-9501-b252ac81e352}

Process Information:
	Process ID:		0xc1c
	Process Name:		C:\Program Files\SentinelOne\Sentinel Agent 23.1.2.400\SentinelAgent.exe",http://schemas.microsoft.com/win/2004/08/events/event,0,2024-09-18T14:59:07.903945000Z,12800,,,Microsoft-Windows-Security-Auditing,{54849625-5478-4994-a5ba-3e3b0328c30d},0,0,0x8020000000000000,6768,4,4083980,4985,,,SKYNET.starfleet.corp,Security,,,,{ceb7605d-75cb-11ef-a7c0-000c2968cd17},,,,,,,S-1-5-18,SKYNET$,0x3E7,STARFLEET,,,{310a9088-4a91-11e9-9501-b252ac81e352},,,,C:\Program Files\SentinelOne\Sentinel Agent 23.1.2.400\SentinelAgent.exe,0xC1C,,,,,,
08:12:48.412,,,Windows Event Logs,Windows Event Log Creation,,,,SentinelOne,SKYNET,desktop,security,23.1.2.400,faafacda006f44dd86f62f749777539a,01J82TDN5PAXRM5B0MKJZ0D7SR_837,preprocess-lib-1.0,EVENTLOG,11633,Windows 10 Enterprise Evaluation,usea1-purple.sentinelone.net,17763,48ADA42E794648DC92BBCBD1C4BB706A,SDL,,default,,01J82TDN5PAXRM5B0MKJZ0D7SR,Security,%%1552,0x1,WMI,ROOT\CIMV2\Security\MicrosoftVolumeEncryption,,,0x0,,,,,,,,ROOT\CIMV2\Security\MicrosoftVolumeEncryption,Local Read (ConnectServer),"'<Event xmlns='http://schemas.microsoft.com/win/2004/08/events/event'><System><Provider Name='Microsoft-Windows-Security-Auditing' Guid='{54849625-5478-4994-a5ba-3e3b0328c30d}'/><EventID>4662</EventID><Version>0</Version><Level>0</Level><Task>12804</Task><Opcode>0</Opcode><Keywords>0x8020000000000000</Keywords><TimeCreated SystemTime='2024-09-18T14:59:09.899361200Z'/><EventRecordID>4083981</EventRecordID><Correlation ActivityID='{38f1a8f2-e572-45fe-a461-a5bbe593ffdc}'/><Execution ProcessID='648' ThreadID='5488'/><Channel>Security</Channel><Computer>SKYNET.starfleet.corp</Computer><Security/></System><EventData><Data Name='SubjectUserSid'>S-1-5-18</Data><Data Name='SubjectUserName'>SKYNET$</Data><Data Name='SubjectDomainName'>STARFLEET</Data><Data Name='SubjectLogonId'>0x3e7</Data><Data Name='ObjectServer'>WMI</Data><Data Name='ObjectType'>WMI Namespace</Data><Data Name='ObjectName'>ROOT\CIMV2\Security\MicrosoftVolumeEncryption</Data><Data Name='OperationType'>Object Access</Data><Data Name='HandleId'>0x0</Data><Data Name='AccessList'>%%1552
				</Data><Data Name='AccessMask'>0x1</Data><Data Name='Properties'>-</Data><Data Name='AdditionalInfo'>Local Read (ConnectServer)</Data><Data Name='AdditionalInfo2'>ROOT\CIMV2\Security\MicrosoftVolumeEncryption</Data></EventData></Event>",Microsoft-Windows-Security-Auditing,Information,4662,,,,"'An operation was performed on an object.

Subject :
	Security ID:		S-1-5-18
	Account Name:		SKYNET$
	Account Domain:		STARFLEET
	Logon ID:		0x3E7

Object:
	Object Server:		WMI
	Object Type:		WMI Namespace
	Object Name:		ROOT\CIMV2\Security\MicrosoftVolumeEncryption
	Handle ID:		0x0

Operation:
	Operation Type:		Object Access
	Accesses:		Unknown specific access (bit 0)
				
	Access Mask:		0x1
	Properties:		-

Additional Information:
	Parameter 1:		Local Read (ConnectServer)
	Parameter 2:		ROOT\CIMV2\Security\MicrosoftVolumeEncryption",http://schemas.microsoft.com/win/2004/08/events/event,0,2024-09-18T14:59:09.899361200Z,12804,,,Microsoft-Windows-Security-Auditing,{54849625-5478-4994-a5ba-3e3b0328c30d},0,0,0x8020000000000000,5488,648,4083981,4662,{38f1a8f2-e572-45fe-a461-a5bbe593ffdc},,SKYNET.starfleet.corp,Security,,,,,,,,,,,S-1-5-18,SKYNET$,0x3E7,STARFLEET,,,,,-,,,,,,,Object Access,WMI Namespace,
08:12:48.412,,,Windows Event Logs,Windows Event Log Creation,,,,SentinelOne,SKYNET,desktop,security,23.1.2.400,faafacda006f44dd86f62f749777539a,01J82TDN5PAXRM5B0MKJZ0D7SR_838,preprocess-lib-1.0,EVENTLOG,11633,Windows 10 Enterprise Evaluation,usea1-purple.sentinelone.net,17763,48ADA42E794648DC92BBCBD1C4BB706A,SDL,,default,,01J82TDN5PAXRM5B0MKJZ0D7SR,Security,%%1552,0x1,WMI,ROOT\CIMV2\Security\MicrosoftVolumeEncryption,,,0x0,,,,,,,,ROOT\CIMV2\Security\MicrosoftVolumeEncryption:SELECT * FROM Win32_EncryptableVolume,Local Read (ExecQuery),"'<Event xmlns='http://schemas.microsoft.com/win/2004/08/events/event'><System><Provider Name='Microsoft-Windows-Security-Auditing' Guid='{54849625-5478-4994-a5ba-3e3b0328c30d}'/><EventID>4662</EventID><Version>0</Version><Level>0</Level><Task>12804</Task><Opcode>0</Opcode><Keywords>0x8020000000000000</Keywords><TimeCreated SystemTime='2024-09-18T14:59:09.899677900Z'/><EventRecordID>4083982</EventRecordID><Correlation ActivityID='{8f453ddb-7229-4561-8951-4e4e00130814}'/><Execution ProcessID='648' ThreadID='5488'/><Channel>Security</Channel><Computer>SKYNET.starfleet.corp</Computer><Security/></System><EventData><Data Name='SubjectUserSid'>S-1-5-18</Data><Data Name='SubjectUserName'>SKYNET$</Data><Data Name='SubjectDomainName'>STARFLEET</Data><Data Name='SubjectLogonId'>0x3e7</Data><Data Name='ObjectServer'>WMI</Data><Data Name='ObjectType'>WMI Namespace</Data><Data Name='ObjectName'>ROOT\CIMV2\Security\MicrosoftVolumeEncryption</Data><Data Name='OperationType'>Object Access</Data><Data Name='HandleId'>0x0</Data><Data Name='AccessList'>%%1552
				</Data><Data Name='AccessMask'>0x1</Data><Data Name='Properties'>-</Data><Data Name='AdditionalInfo'>Local Read (ExecQuery)</Data><Data Name='AdditionalInfo2'>ROOT\CIMV2\Security\MicrosoftVolumeEncryption:SELECT * FROM Win32_EncryptableVolume</Data></EventData></Event>",Microsoft-Windows-Security-Auditing,Information,4662,,,,"'An operation was performed on an object.

Subject :
	Security ID:		S-1-5-18
	Account Name:		SKYNET$
	Account Domain:		STARFLEET
	Logon ID:		0x3E7

Object:
	Object Server:		WMI
	Object Type:		WMI Namespace
	Object Name:		ROOT\CIMV2\Security\MicrosoftVolumeEncryption
	Handle ID:		0x0

Operation:
	Operation Type:		Object Access
	Accesses:		Unknown specific access (bit 0)
				
	Access Mask:		0x1
	Properties:		-

Additional Information:
	Parameter 1:		Local Read (ExecQuery)
	Parameter 2:		ROOT\CIMV2\Security\MicrosoftVolumeEncryption:SELECT * FROM Win32_EncryptableVolume",http://schemas.microsoft.com/win/2004/08/events/event,0,2024-09-18T14:59:09.899677900Z,12804,,,Microsoft-Windows-Security-Auditing,{54849625-5478-4994-a5ba-3e3b0328c30d},0,0,0x8020000000000000,5488,648,4083982,4662,{8f453ddb-7229-4561-8951-4e4e00130814},,SKYNET.starfleet.corp,Security,,,,,,,,,,,S-1-5-18,SKYNET$,0x3E7,STARFLEET,,,,,-,,,,,,,Object Access,WMI Namespace,
08:12:48.412,,,Windows Event Logs,Windows Event Log Creation,,,,SentinelOne,SKYNET,desktop,security,23.1.2.400,faafacda006f44dd86f62f749777539a,01J82TDN5PAXRM5B0MKJZ0D7SR_839,preprocess-lib-1.0,EVENTLOG,11633,Windows 10 Enterprise Evaluation,usea1-purple.sentinelone.net,17763,48ADA42E794648DC92BBCBD1C4BB706A,SDL,,default,,01J82TDN5PAXRM5B0MKJZ0D7SR,Security,,,,,48,,,,,,,,,,,,<Event xmlns='http://schemas.microsoft.com/win/2004/08/events/event'><System><Provider Name='Microsoft-Windows-Security-Auditing' Guid='{54849625-5478-4994-a5ba-3e3b0328c30d}'/><EventID>4985</EventID><Version>0</Version><Level>0</Level><Task>12800</Task><Opcode>0</Opcode><Keywords>0x8020000000000000</Keywords><TimeCreated SystemTime='2024-09-18T14:59:09.926244000Z'/><EventRecordID>4083983</EventRecordID><Correlation/><Execution ProcessID='4' ThreadID='3784'/><Channel>Security</Channel><Computer>SKYNET.starfleet.corp</Computer><Security/></System><EventData><Data Name='SubjectUserSid'>S-1-5-18</Data><Data Name='SubjectUserName'>SKYNET$</Data><Data Name='SubjectDomainName'>STARFLEET</Data><Data Name='SubjectLogonId'>0x3e7</Data><Data Name='TransactionId'>{ceb76066-75cb-11ef-a7c0-000c2968cd17}</Data><Data Name='NewState'>48</Data><Data Name='ResourceManager'>{310a9088-4a91-11e9-9501-b252ac81e352}</Data><Data Name='ProcessId'>0xc1c</Data><Data Name='ProcessName'>C:\Program Files\SentinelOne\Sentinel Agent 23.1.2.400\SentinelAgent.exe</Data></EventData></Event>,Microsoft-Windows-Security-Auditing,Information,4985,,,,"'The state of a transaction has changed.

Subject:
	Security ID:		S-1-5-18
	Account Name:		SKYNET$
	Account Domain:		STARFLEET
	Logon ID:		0x3E7

Transaction Information:
	RM Transaction ID:	{ceb76066-75cb-11ef-a7c0-000c2968cd17}
	New State:		48
	Resource Manager:	{310a9088-4a91-11e9-9501-b252ac81e352}

Process Information:
	Process ID:		0xc1c
	Process Name:		C:\Program Files\SentinelOne\Sentinel Agent 23.1.2.400\SentinelAgent.exe",http://schemas.microsoft.com/win/2004/08/events/event,0,2024-09-18T14:59:09.926244000Z,12800,,,Microsoft-Windows-Security-Auditing,{54849625-5478-4994-a5ba-3e3b0328c30d},0,0,0x8020000000000000,3784,4,4083983,4985,,,SKYNET.starfleet.corp,Security,,,,{ceb76066-75cb-11ef-a7c0-000c2968cd17},,,,,,,S-1-5-18,SKYNET$,0x3E7,STARFLEET,,,{310a9088-4a91-11e9-9501-b252ac81e352},,,,C:\Program Files\SentinelOne\Sentinel Agent 23.1.2.400\SentinelAgent.exe,0xC1C,,,,,,
08:12:48.412,,,Windows Event Logs,Windows Event Log Creation,,,,SentinelOne,SKYNET,desktop,security,23.1.2.400,faafacda006f44dd86f62f749777539a,01J82TDN5PAXRM5B0MKJZ0D7SR_840,preprocess-lib-1.0,EVENTLOG,11633,Windows 10 Enterprise Evaluation,usea1-purple.sentinelone.net,17763,48ADA42E794648DC92BBCBD1C4BB706A,SDL,,default,,01J82TDN5PAXRM5B0MKJZ0D7SR,Security,,,,,52,,,,,,,,,,,,<Event xmlns='http://schemas.microsoft.com/win/2004/08/events/event'><System><Provider Name='Microsoft-Windows-Security-Auditing' Guid='{54849625-5478-4994-a5ba-3e3b0328c30d}'/><EventID>4985</EventID><Version>0</Version><Level>0</Level><Task>12800</Task><Opcode>0</Opcode><Keywords>0x8020000000000000</Keywords><TimeCreated SystemTime='2024-09-18T14:59:09.926466800Z'/><EventRecordID>4083984</EventRecordID><Correlation/><Execution ProcessID='4' ThreadID='3784'/><Channel>Security</Channel><Computer>SKYNET.starfleet.corp</Computer><Security/></System><EventData><Data Name='SubjectUserSid'>S-1-5-18</Data><Data Name='SubjectUserName'>SKYNET$</Data><Data Name='SubjectDomainName'>STARFLEET</Data><Data Name='SubjectLogonId'>0x3e7</Data><Data Name='TransactionId'>{ceb76066-75cb-11ef-a7c0-000c2968cd17}</Data><Data Name='NewState'>52</Data><Data Name='ResourceManager'>{310a9088-4a91-11e9-9501-b252ac81e352}</Data><Data Name='ProcessId'>0xc1c</Data><Data Name='ProcessName'>C:\Program Files\SentinelOne\Sentinel Agent 23.1.2.400\SentinelAgent.exe</Data></EventData></Event>,Microsoft-Windows-Security-Auditing,Information,4985,,,,"'The state of a transaction has changed.

Subject:
	Security ID:		S-1-5-18
	Account Name:		SKYNET$
	Account Domain:		STARFLEET
	Logon ID:		0x3E7

Transaction Information:
	RM Transaction ID:	{ceb76066-75cb-11ef-a7c0-000c2968cd17}
	New State:		52
	Resource Manager:	{310a9088-4a91-11e9-9501-b252ac81e352}

Process Information:
	Process ID:		0xc1c
	Process Name:		C:\Program Files\SentinelOne\Sentinel Agent 23.1.2.400\SentinelAgent.exe",http://schemas.microsoft.com/win/2004/08/events/event,0,2024-09-18T14:59:09.926466800Z,12800,,,Microsoft-Windows-Security-Auditing,{54849625-5478-4994-a5ba-3e3b0328c30d},0,0,0x8020000000000000,3784,4,4083984,4985,,,SKYNET.starfleet.corp,Security,,,,{ceb76066-75cb-11ef-a7c0-000c2968cd17},,,,,,,S-1-5-18,SKYNET$,0x3E7,STARFLEET,,,{310a9088-4a91-11e9-9501-b252ac81e352},,,,C:\Program Files\SentinelOne\Sentinel Agent 23.1.2.400\SentinelAgent.exe,0xC1C,,,,,,
08:12:48.412,,,Windows Event Logs,Windows Event Log Creation,,,,SentinelOne,SKYNET,desktop,security,23.1.2.400,faafacda006f44dd86f62f749777539a,01J82TDN5PAXRM5B0MKJZ0D7SR_841,preprocess-lib-1.0,EVENTLOG,11633,Windows 10 Enterprise Evaluation,usea1-purple.sentinelone.net,17763,48ADA42E794648DC92BBCBD1C4BB706A,SDL,,default,,01J82TDN5PAXRM5B0MKJZ0D7SR,Security,%%1552,0x1,WMI,ROOT\CIMV2\Security\MicrosoftVolumeEncryption,,,0x0,,,,,,,,ROOT\CIMV2\Security\MicrosoftVolumeEncryption,Local Read (ConnectServer),"'<Event xmlns='http://schemas.microsoft.com/win/2004/08/events/event'><System><Provider Name='Microsoft-Windows-Security-Auditing' Guid='{54849625-5478-4994-a5ba-3e3b0328c30d}'/><EventID>4662</EventID><Version>0</Version><Level>0</Level><Task>12804</Task><Opcode>0</Opcode><Keywords>0x8020000000000000</Keywords><TimeCreated SystemTime='2024-09-18T14:59:14.440801800Z'/><EventRecordID>4083985</EventRecordID><Correlation ActivityID='{671809bd-d50e-49bf-aa92-1b37370333ac}'/><Execution ProcessID='648' ThreadID='5488'/><Channel>Security</Channel><Computer>SKYNET.starfleet.corp</Computer><Security/></System><EventData><Data Name='SubjectUserSid'>S-1-5-18</Data><Data Name='SubjectUserName'>SKYNET$</Data><Data Name='SubjectDomainName'>STARFLEET</Data><Data Name='SubjectLogonId'>0x3e7</Data><Data Name='ObjectServer'>WMI</Data><Data Name='ObjectType'>WMI Namespace</Data><Data Name='ObjectName'>ROOT\CIMV2\Security\MicrosoftVolumeEncryption</Data><Data Name='OperationType'>Object Access</Data><Data Name='HandleId'>0x0</Data><Data Name='AccessList'>%%1552
				</Data><Data Name='AccessMask'>0x1</Data><Data Name='Properties'>-</Data><Data Name='AdditionalInfo'>Local Read (ConnectServer)</Data><Data Name='AdditionalInfo2'>ROOT\CIMV2\Security\MicrosoftVolumeEncryption</Data></EventData></Event>",Microsoft-Windows-Security-Auditing,Information,4662,,,,"'An operation was performed on an object.

Subject :
	Security ID:		S-1-5-18
	Account Name:		SKYNET$
	Account Domain:		STARFLEET
	Logon ID:		0x3E7

Object:
	Object Server:		WMI
	Object Type:		WMI Namespace
	Object Name:		ROOT\CIMV2\Security\MicrosoftVolumeEncryption
	Handle ID:		0x0

Operation:
	Operation Type:		Object Access
	Accesses:		Unknown specific access (bit 0)
				
	Access Mask:		0x1
	Properties:		-

Additional Information:
	Parameter 1:		Local Read (ConnectServer)
	Parameter 2:		ROOT\CIMV2\Security\MicrosoftVolumeEncryption",http://schemas.microsoft.com/win/2004/08/events/event,0,2024-09-18T14:59:14.440801800Z,12804,,,Microsoft-Windows-Security-Auditing,{54849625-5478-4994-a5ba-3e3b0328c30d},0,0,0x8020000000000000,5488,648,4083985,4662,{671809bd-d50e-49bf-aa92-1b37370333ac},,SKYNET.starfleet.corp,Security,,,,,,,,,,,S-1-5-18,SKYNET$,0x3E7,STARFLEET,,,,,-,,,,,,,Object Access,WMI Namespace,
08:12:48.412,,,Windows Event Logs,Windows Event Log Creation,,,,SentinelOne,SKYNET,desktop,security,23.1.2.400,faafacda006f44dd86f62f749777539a,01J82TDN5PAXRM5B0MKJZ0D7SR_842,preprocess-lib-1.0,EVENTLOG,11633,Windows 10 Enterprise Evaluation,usea1-purple.sentinelone.net,17763,48ADA42E794648DC92BBCBD1C4BB706A,SDL,,default,,01J82TDN5PAXRM5B0MKJZ0D7SR,Security,%%1552,0x1,WMI,ROOT\CIMV2\Security\MicrosoftVolumeEncryption,,,0x0,,,,,,,,ROOT\CIMV2\Security\MicrosoftVolumeEncryption:SELECT * FROM Win32_EncryptableVolume,Local Read (ExecQuery),"'<Event xmlns='http://schemas.microsoft.com/win/2004/08/events/event'><System><Provider Name='Microsoft-Windows-Security-Auditing' Guid='{54849625-5478-4994-a5ba-3e3b0328c30d}'/><EventID>4662</EventID><Version>0</Version><Level>0</Level><Task>12804</Task><Opcode>0</Opcode><Keywords>0x8020000000000000</Keywords><TimeCreated SystemTime='2024-09-18T14:59:14.441210100Z'/><EventRecordID>4083986</EventRecordID><Correlation ActivityID='{02cec799-ef01-4328-9375-e53564ba0776}'/><Execution ProcessID='648' ThreadID='5488'/><Channel>Security</Channel><Computer>SKYNET.starfleet.corp</Computer><Security/></System><EventData><Data Name='SubjectUserSid'>S-1-5-18</Data><Data Name='SubjectUserName'>SKYNET$</Data><Data Name='SubjectDomainName'>STARFLEET</Data><Data Name='SubjectLogonId'>0x3e7</Data><Data Name='ObjectServer'>WMI</Data><Data Name='ObjectType'>WMI Namespace</Data><Data Name='ObjectName'>ROOT\CIMV2\Security\MicrosoftVolumeEncryption</Data><Data Name='OperationType'>Object Access</Data><Data Name='HandleId'>0x0</Data><Data Name='AccessList'>%%1552
				</Data><Data Name='AccessMask'>0x1</Data><Data Name='Properties'>-</Data><Data Name='AdditionalInfo'>Local Read (ExecQuery)</Data><Data Name='AdditionalInfo2'>ROOT\CIMV2\Security\MicrosoftVolumeEncryption:SELECT * FROM Win32_EncryptableVolume</Data></EventData></Event>",Microsoft-Windows-Security-Auditing,Information,4662,,,,"'An operation was performed on an object.

Subject :
	Security ID:		S-1-5-18
	Account Name:		SKYNET$
	Account Domain:		STARFLEET
	Logon ID:		0x3E7

Object:
	Object Server:		WMI
	Object Type:		WMI Namespace
	Object Name:		ROOT\CIMV2\Security\MicrosoftVolumeEncryption
	Handle ID:		0x0

Operation:
	Operation Type:		Object Access
	Accesses:		Unknown specific access (bit 0)
				
	Access Mask:		0x1
	Properties:		-

Additional Information:
	Parameter 1:		Local Read (ExecQuery)
	Parameter 2:		ROOT\CIMV2\Security\MicrosoftVolumeEncryption:SELECT * FROM Win32_EncryptableVolume",http://schemas.microsoft.com/win/2004/08/events/event,0,2024-09-18T14:59:14.441210100Z,12804,,,Microsoft-Windows-Security-Auditing,{54849625-5478-4994-a5ba-3e3b0328c30d},0,0,0x8020000000000000,5488,648,4083986,4662,{02cec799-ef01-4328-9375-e53564ba0776},,SKYNET.starfleet.corp,Security,,,,,,,,,,,S-1-5-18,SKYNET$,0x3E7,STARFLEET,,,,,-,,,,,,,Object Access,WMI Namespace,
08:12:48.412,,,Windows Event Logs,Windows Event Log Creation,,,,SentinelOne,SKYNET,desktop,security,23.1.2.400,faafacda006f44dd86f62f749777539a,01J82TDN5PAXRM5B0MKJZ0D7SR_843,preprocess-lib-1.0,EVENTLOG,11633,Windows 10 Enterprise Evaluation,usea1-purple.sentinelone.net,17763,48ADA42E794648DC92BBCBD1C4BB706A,SDL,,default,,01J82TDN5PAXRM5B0MKJZ0D7SR,Security,,,,,48,,,,,,,,,,,,<Event xmlns='http://schemas.microsoft.com/win/2004/08/events/event'><System><Provider Name='Microsoft-Windows-Security-Auditing' Guid='{54849625-5478-4994-a5ba-3e3b0328c30d}'/><EventID>4985</EventID><Version>0</Version><Level>0</Level><Task>12800</Task><Opcode>0</Opcode><Keywords>0x8020000000000000</Keywords><TimeCreated SystemTime='2024-09-18T14:59:14.465092000Z'/><EventRecordID>4083987</EventRecordID><Correlation/><Execution ProcessID='4' ThreadID='6768'/><Channel>Security</Channel><Computer>SKYNET.starfleet.corp</Computer><Security/></System><EventData><Data Name='SubjectUserSid'>S-1-5-18</Data><Data Name='SubjectUserName'>SKYNET$</Data><Data Name='SubjectDomainName'>STARFLEET</Data><Data Name='SubjectLogonId'>0x3e7</Data><Data Name='TransactionId'>{ceb7606b-75cb-11ef-a7c0-000c2968cd17}</Data><Data Name='NewState'>48</Data><Data Name='ResourceManager'>{310a9088-4a91-11e9-9501-b252ac81e352}</Data><Data Name='ProcessId'>0xc1c</Data><Data Name='ProcessName'>C:\Program Files\SentinelOne\Sentinel Agent 23.1.2.400\SentinelAgent.exe</Data></EventData></Event>,Microsoft-Windows-Security-Auditing,Information,4985,,,,"'The state of a transaction has changed.

Subject:
	Security ID:		S-1-5-18
	Account Name:		SKYNET$
	Account Domain:		STARFLEET
	Logon ID:		0x3E7

Transaction Information:
	RM Transaction ID:	{ceb7606b-75cb-11ef-a7c0-000c2968cd17}
	New State:		48
	Resource Manager:	{310a9088-4a91-11e9-9501-b252ac81e352}

Process Information:
	Process ID:		0xc1c
	Process Name:		C:\Program Files\SentinelOne\Sentinel Agent 23.1.2.400\SentinelAgent.exe",http://schemas.microsoft.com/win/2004/08/events/event,0,2024-09-18T14:59:14.465092000Z,12800,,,Microsoft-Windows-Security-Auditing,{54849625-5478-4994-a5ba-3e3b0328c30d},0,0,0x8020000000000000,6768,4,4083987,4985,,,SKYNET.starfleet.corp,Security,,,,{ceb7606b-75cb-11ef-a7c0-000c2968cd17},,,,,,,S-1-5-18,SKYNET$,0x3E7,STARFLEET,,,{310a9088-4a91-11e9-9501-b252ac81e352},,,,C:\Program Files\SentinelOne\Sentinel Agent 23.1.2.400\SentinelAgent.exe,0xC1C,,,,,,
