08:12:48.412,,,Windows Event Logs,Windows Event Log Creation,,,,SentinelOne,SKYNET,desktop,security,23.1.2.400,faafacda006f44dd86f62f749777539a,01J82TDN5PAXRM5B0MKJZ0D7SR_965,preprocess-lib-1.0,EVENTLOG,11633,Windows 10 Enterprise Evaluation,usea1-purple.sentinelone.net,17763,48ADA42E794648DC92BBCBD1C4BB706A,SDL,,default,,01J82TDN5PAXRM5B0MKJZ0D7SR,Security,,,,,52,,,,,,,,,,,,<Event xmlns='http://schemas.microsoft.com/win/2004/08/events/event'><System><Provider Name='Microsoft-Windows-Security-Auditing' Guid='{54849625-5478-4994-a5ba-3e3b0328c30d}'/><EventID>4985</EventID><Version>0</Version><Level>0</Level><Task>12800</Task><Opcode>0</Opcode><Keywords>0x8020000000000000</Keywords><TimeCreated SystemTime='2024-09-18T15:01:08.667970300Z'/><EventRecordID>4084100</EventRecordID><Correlation/><Execution ProcessID='4' ThreadID='3784'/><Channel>Security</Channel><Computer>SKYNET.starfleet.corp</Computer><Security/></System><EventData><Data Name='SubjectUserSid'>S-1-5-18</Data><Data Name='SubjectUserName'>SKYNET$</Data><Data Name='SubjectDomainName'>STARFLEET</Data><Data Name='SubjectLogonId'>0x3e7</Data><Data Name='TransactionId'>{ceb76131-75cb-11ef-a7c0-000c2968cd17}</Data><Data Name='NewState'>52</Data><Data Name='ResourceManager'>{310a9088-4a91-11e9-9501-b252ac81e352}</Data><Data Name='ProcessId'>0xc1c</Data><Data Name='ProcessName'>C:\Program Files\SentinelOne\Sentinel Agent 23.1.2.400\SentinelAgent.exe</Data></EventData></Event>,Microsoft-Windows-Security-Auditing,Information,4985,,,,"'The state of a transaction has changed.

Subject:
	Security ID:		S-1-5-18
	Account Name:		SKYNET$
	Account Domain:		STARFLEET
	Logon ID:		0x3E7

Transaction Information:
	RM Transaction ID:	{ceb76131-75cb-11ef-a7c0-000c2968cd17}
	New State:		52
	Resource Manager:	{310a9088-4a91-11e9-9501-b252ac81e352}

Process Information:
	Process ID:		0xc1c
	Process Name:		C:\Program Files\SentinelOne\Sentinel Agent 23.1.2.400\SentinelAgent.exe",http://schemas.microsoft.com/win/2004/08/events/event,0,2024-09-18T15:01:08.667970300Z,12800,,,Microsoft-Windows-Security-Auditing,{54849625-5478-4994-a5ba-3e3b0328c30d},0,0,0x8020000000000000,3784,4,4084100,4985,,,SKYNET.starfleet.corp,Security,,,,{ceb76131-75cb-11ef-a7c0-000c2968cd17},,,,,,,S-1-5-18,SKYNET$,0x3E7,STARFLEET,,,{310a9088-4a91-11e9-9501-b252ac81e352},,,,C:\Program Files\SentinelOne\Sentinel Agent 23.1.2.400\SentinelAgent.exe,0xC1C,,,,,,
08:12:48.417,,,Windows Event Logs,Windows Event Log Creation,,,,SentinelOne,zone5,desktop,security,22.3.4.612,64bf7c61297b48a3bdf16469ca05b22d,01J82QR1JEJST1TNPES923AHXS_22,preprocess-lib-1.0,EVENTLOG,11633,Windows 11 Pro,usea1-purple.sentinelone.net,22621,70A944FE875E4ACD9EBFA4D35AA957E5,SDL,,default,,01J82QR1JEJST1TNPES923AHXS,Security,%%1552,0x1,WMI,ROOT\CIMV2\Security\MicrosoftVolumeEncryption,,,0x0,,,,,,,,ROOT\CIMV2\Security\MicrosoftVolumeEncryption,Local Read (ConnectServer),"'<Event xmlns='http://schemas.microsoft.com/win/2004/08/events/event'><System><Provider Name='Microsoft-Windows-Security-Auditing' Guid='{54849625-5478-4994-a5ba-3e3b0328c30d}'/><EventID>4662</EventID><Version>0</Version><Level>0</Level><Task>12804</Task><Opcode>0</Opcode><Keywords>0x8020000000000000</Keywords><TimeCreated SystemTime='2024-09-18T14:12:48.4176619Z'/><EventRecordID>5287092</EventRecordID><Correlation ActivityID='{a65ea5a3-dfb8-4f91-b58c-db94451762f0}'/><Execution ProcessID='1068' ThreadID='7236'/><Channel>Security</Channel><Computer>zone5</Computer><Security/></System><EventData><Data Name='SubjectUserSid'>S-1-5-18</Data><Data Name='SubjectUserName'>ZONE5$</Data><Data Name='SubjectDomainName'>WORKGROUP</Data><Data Name='SubjectLogonId'>0x3e7</Data><Data Name='ObjectServer'>WMI</Data><Data Name='ObjectType'>WMI Namespace</Data><Data Name='ObjectName'>ROOT\CIMV2\Security\MicrosoftVolumeEncryption</Data><Data Name='OperationType'>Object Access</Data><Data Name='HandleId'>0x0</Data><Data Name='AccessList'>%%1552
				</Data><Data Name='AccessMask'>0x1</Data><Data Name='Properties'>-</Data><Data Name='AdditionalInfo'>Local Read (ConnectServer)</Data><Data Name='AdditionalInfo2'>ROOT\CIMV2\Security\MicrosoftVolumeEncryption</Data></EventData></Event>",Microsoft-Windows-Security-Auditing,Information,4662,,,,"'An operation was performed on an object.

Subject :
	Security ID:		S-1-5-18
	Account Name:		ZONE5$
	Account Domain:		WORKGROUP
	Logon ID:		0x3E7

Object:
	Object Server:		WMI
	Object Type:		WMI Namespace
	Object Name:		ROOT\CIMV2\Security\MicrosoftVolumeEncryption
	Handle ID:		0x0

Operation:
	Operation Type:		Object Access
	Accesses:		Unknown specific access (bit 0)
				
	Access Mask:		0x1
	Properties:		-

Additional Information:
	Parameter 1:		Local Read (ConnectServer)
	Parameter 2:		ROOT\CIMV2\Security\MicrosoftVolumeEncryption",http://schemas.microsoft.com/win/2004/08/events/event,0,2024-09-18T14:12:48.4176619Z,12804,,,Microsoft-Windows-Security-Auditing,{54849625-5478-4994-a5ba-3e3b0328c30d},0,0,0x8020000000000000,7236,1068,5287092,4662,{a65ea5a3-dfb8-4f91-b58c-db94451762f0},,zone5,Security,,,,,,,,,,,S-1-5-18,ZONE5$,0x3E7,WORKGROUP,,,,,-,,,,,,,Object Access,WMI Namespace,
08:12:48.418,,,Windows Event Logs,Windows Event Log Creation,,,,SentinelOne,zone5,desktop,security,22.3.4.612,64bf7c61297b48a3bdf16469ca05b22d,01J82QR1JEJST1TNPES923AHXS_23,preprocess-lib-1.0,EVENTLOG,11633,Windows 11 Pro,usea1-purple.sentinelone.net,22621,70A944FE875E4ACD9EBFA4D35AA957E5,SDL,,default,,01J82QR1JEJST1TNPES923AHXS,Security,%%1552,0x1,WMI,ROOT\CIMV2\Security\MicrosoftVolumeEncryption,,,0x0,,,,,,,,ROOT\CIMV2\Security\MicrosoftVolumeEncryption:SELECT * FROM Win32_EncryptableVolume WHERE DeviceID='\\\\?\\Volume{2aab5f53-4875-40a5-94b9-e838e3f44c0f}\\',Local Read (ExecQuery),"'<Event xmlns='http://schemas.microsoft.com/win/2004/08/events/event'><System><Provider Name='Microsoft-Windows-Security-Auditing' Guid='{54849625-5478-4994-a5ba-3e3b0328c30d}'/><EventID>4662</EventID><Version>0</Version><Level>0</Level><Task>12804</Task><Opcode>0</Opcode><Keywords>0x8020000000000000</Keywords><TimeCreated SystemTime='2024-09-18T14:12:48.4183321Z'/><EventRecordID>5287093</EventRecordID><Correlation ActivityID='{80ed1de8-4f66-4477-8180-894e3ae9acf4}'/><Execution ProcessID='1068' ThreadID='7236'/><Channel>Security</Channel><Computer>zone5</Computer><Security/></System><EventData><Data Name='SubjectUserSid'>S-1-5-18</Data><Data Name='SubjectUserName'>ZONE5$</Data><Data Name='SubjectDomainName'>WORKGROUP</Data><Data Name='SubjectLogonId'>0x3e7</Data><Data Name='ObjectServer'>WMI</Data><Data Name='ObjectType'>WMI Namespace</Data><Data Name='ObjectName'>ROOT\CIMV2\Security\MicrosoftVolumeEncryption</Data><Data Name='OperationType'>Object Access</Data><Data Name='HandleId'>0x0</Data><Data Name='AccessList'>%%1552
				</Data><Data Name='AccessMask'>0x1</Data><Data Name='Properties'>-</Data><Data Name='AdditionalInfo'>Local Read (ExecQuery)</Data><Data Name='AdditionalInfo2'>ROOT\CIMV2\Security\MicrosoftVolumeEncryption:SELECT * FROM Win32_EncryptableVolume WHERE DeviceID='\\\\?\\Volume{2aab5f53-4875-40a5-94b9-e838e3f44c0f}\\'</Data></EventData></Event>",Microsoft-Windows-Security-Auditing,Information,4662,,,,"'An operation was performed on an object.

Subject :
	Security ID:		S-1-5-18
	Account Name:		ZONE5$
	Account Domain:		WORKGROUP
	Logon ID:		0x3E7

Object:
	Object Server:		WMI
	Object Type:		WMI Namespace
	Object Name:		ROOT\CIMV2\Security\MicrosoftVolumeEncryption
	Handle ID:		0x0

Operation:
	Operation Type:		Object Access
	Accesses:		Unknown specific access (bit 0)
				
	Access Mask:		0x1
	Properties:		-

Additional Information:
	Parameter 1:		Local Read (ExecQuery)
	Parameter 2:		ROOT\CIMV2\Security\MicrosoftVolumeEncryption:SELECT * FROM Win32_EncryptableVolume WHERE DeviceID='\\\\?\\Volume{2aab5f53-4875-40a5-94b9-e838e3f44c0f}\\'",http://schemas.microsoft.com/win/2004/08/events/event,0,2024-09-18T14:12:48.4183321Z,12804,,,Microsoft-Windows-Security-Auditing,{54849625-5478-4994-a5ba-3e3b0328c30d},0,0,0x8020000000000000,7236,1068,5287093,4662,{80ed1de8-4f66-4477-8180-894e3ae9acf4},,zone5,Security,,,,,,,,,,,S-1-5-18,ZONE5$,0x3E7,WORKGROUP,,,,,-,,,,,,,Object Access,WMI Namespace,
08:12:48.426,,,Windows Event Logs,Windows Event Log Creation,,,,SentinelOne,zone5,desktop,security,22.3.4.612,64bf7c61297b48a3bdf16469ca05b22d,01J82QR1JEJST1TNPES923AHXS_24,preprocess-lib-1.0,EVENTLOG,11633,Windows 11 Pro,usea1-purple.sentinelone.net,22621,70A944FE875E4ACD9EBFA4D35AA957E5,SDL,,default,,01J82QR1JEJST1TNPES923AHXS,Security,%%1552,0x1,WMI,ROOT\CIMV2\Security\MicrosoftVolumeEncryption,,,0x0,,,,,,,,ROOT\CIMV2\Security\MicrosoftVolumeEncryption:Win32_EncryptableVolume,Local Read (GetObject),"'<Event xmlns='http://schemas.microsoft.com/win/2004/08/events/event'><System><Provider Name='Microsoft-Windows-Security-Auditing' Guid='{54849625-5478-4994-a5ba-3e3b0328c30d}'/><EventID>4662</EventID><Version>0</Version><Level>0</Level><Task>12804</Task><Opcode>0</Opcode><Keywords>0x8020000000000000</Keywords><TimeCreated SystemTime='2024-09-18T14:12:48.4264993Z'/><EventRecordID>5287094</EventRecordID><Correlation ActivityID='{70c6591d-e950-4cae-90a2-3ebce3980123}'/><Execution ProcessID='1068' ThreadID='7236'/><Channel>Security</Channel><Computer>zone5</Computer><Security/></System><EventData><Data Name='SubjectUserSid'>S-1-5-18</Data><Data Name='SubjectUserName'>ZONE5$</Data><Data Name='SubjectDomainName'>WORKGROUP</Data><Data Name='SubjectLogonId'>0x3e7</Data><Data Name='ObjectServer'>WMI</Data><Data Name='ObjectType'>WMI Namespace</Data><Data Name='ObjectName'>ROOT\CIMV2\Security\MicrosoftVolumeEncryption</Data><Data Name='OperationType'>Object Access</Data><Data Name='HandleId'>0x0</Data><Data Name='AccessList'>%%1552
				</Data><Data Name='AccessMask'>0x1</Data><Data Name='Properties'>-</Data><Data Name='AdditionalInfo'>Local Read (GetObject)</Data><Data Name='AdditionalInfo2'>ROOT\CIMV2\Security\MicrosoftVolumeEncryption:Win32_EncryptableVolume</Data></EventData></Event>",Microsoft-Windows-Security-Auditing,Information,4662,,,,"'An operation was performed on an object.

Subject :
	Security ID:		S-1-5-18
	Account Name:		ZONE5$
	Account Domain:		WORKGROUP
	Logon ID:		0x3E7

Object:
	Object Server:		WMI
	Object Type:		WMI Namespace
	Object Name:		ROOT\CIMV2\Security\MicrosoftVolumeEncryption
	Handle ID:		0x0

Operation:
	Operation Type:		Object Access
	Accesses:		Unknown specific access (bit 0)
				
	Access Mask:		0x1
	Properties:		-

Additional Information:
	Parameter 1:		Local Read (GetObject)
	Parameter 2:		ROOT\CIMV2\Security\MicrosoftVolumeEncryption:Win32_EncryptableVolume",http://schemas.microsoft.com/win/2004/08/events/event,0,2024-09-18T14:12:48.4264993Z,12804,,,Microsoft-Windows-Security-Auditing,{54849625-5478-4994-a5ba-3e3b0328c30d},0,0,0x8020000000000000,7236,1068,5287094,4662,{70c6591d-e950-4cae-90a2-3ebce3980123},,zone5,Security,,,,,,,,,,,S-1-5-18,ZONE5$,0x3E7,WORKGROUP,,,,,-,,,,,,,Object Access,WMI Namespace,
08:12:48.430,,,Windows Event Logs,Windows Event Log Creation,,,,SentinelOne,zone5,desktop,security,22.3.4.612,64bf7c61297b48a3bdf16469ca05b22d,01J82QR1JEJST1TNPES923AHXS_25,preprocess-lib-1.0,EVENTLOG,11633,Windows 11 Pro,usea1-purple.sentinelone.net,22621,70A944FE875E4ACD9EBFA4D35AA957E5,SDL,,default,,01J82QR1JEJST1TNPES923AHXS,Security,"'%%1552
				%%1553",0x3,WMI,ROOT\CIMV2\Security\MicrosoftVolumeEncryption,,,0x0,,,,,,,,"ROOT\CIMV2\Security\MicrosoftVolumeEncryption:\\ZONE5\ROOT\CIMV2\Security\MicrosoftVolumeEncryption:Win32_EncryptableVolume.DeviceID=""\\\\?\\Volume{2aab5f53-4875-40a5-94b9-e838e3f44c0f}\\""::GetProtectionStatus",Local Execute (ExecMethod),"'<Event xmlns='http://schemas.microsoft.com/win/2004/08/events/event'><System><Provider Name='Microsoft-Windows-Security-Auditing' Guid='{54849625-5478-4994-a5ba-3e3b0328c30d}'/><EventID>4662</EventID><Version>0</Version><Level>0</Level><Task>12804</Task><Opcode>0</Opcode><Keywords>0x8020000000000000</Keywords><TimeCreated SystemTime='2024-09-18T14:12:48.4306259Z'/><EventRecordID>5287095</EventRecordID><Correlation ActivityID='{1b989244-e1a0-4806-b2e3-2af565029b26}'/><Execution ProcessID='1068' ThreadID='7236'/><Channel>Security</Channel><Computer>zone5</Computer><Security/></System><EventData><Data Name='SubjectUserSid'>S-1-5-18</Data><Data Name='SubjectUserName'>ZONE5$</Data><Data Name='SubjectDomainName'>WORKGROUP</Data><Data Name='SubjectLogonId'>0x3e7</Data><Data Name='ObjectServer'>WMI</Data><Data Name='ObjectType'>WMI Namespace</Data><Data Name='ObjectName'>ROOT\CIMV2\Security\MicrosoftVolumeEncryption</Data><Data Name='OperationType'>Object Access</Data><Data Name='HandleId'>0x0</Data><Data Name='AccessList'>%%1552
				%%1553
				</Data><Data Name='AccessMask'>0x3</Data><Data Name='Properties'>-</Data><Data Name='AdditionalInfo'>Local Execute (ExecMethod)</Data><Data Name='AdditionalInfo2'>ROOT\CIMV2\Security\MicrosoftVolumeEncryption:\\ZONE5\ROOT\CIMV2\Security\MicrosoftVolumeEncryption:Win32_EncryptableVolume.DeviceID=""\\\\?\\Volume{2aab5f53-4875-40a5-94b9-e838e3f44c0f}\\""::GetProtectionStatus</Data></EventData></Event>",Microsoft-Windows-Security-Auditing,Information,4662,,,,"'An operation was performed on an object.

Subject :
	Security ID:		S-1-5-18
	Account Name:		ZONE5$
	Account Domain:		WORKGROUP
	Logon ID:		0x3E7

Object:
	Object Server:		WMI
	Object Type:		WMI Namespace
	Object Name:		ROOT\CIMV2\Security\MicrosoftVolumeEncryption
	Handle ID:		0x0

Operation:
	Operation Type:		Object Access
	Accesses:		Unknown specific access (bit 0)
				Unknown specific access (bit 1)
				
	Access Mask:		0x3
	Properties:		-

Additional Information:
	Parameter 1:		Local Execute (ExecMethod)
	Parameter 2:		ROOT\CIMV2\Security\MicrosoftVolumeEncryption:\\ZONE5\ROOT\CIMV2\Security\MicrosoftVolumeEncryption:Win32_EncryptableVolume.DeviceID=""\\\\?\\Volume{2aab5f53-4875-40a5-94b9-e838e3f44c0f}\\""::GetProtectionStatus",http://schemas.microsoft.com/win/2004/08/events/event,0,2024-09-18T14:12:48.4306259Z,12804,,,Microsoft-Windows-Security-Auditing,{54849625-5478-4994-a5ba-3e3b0328c30d},0,0,0x8020000000000000,7236,1068,5287095,4662,{1b989244-e1a0-4806-b2e3-2af565029b26},,zone5,Security,,,,,,,,,,,S-1-5-18,ZONE5$,0x3E7,WORKGROUP,,,,,-,,,,,,,Object Access,WMI Namespace,
08:12:49.192,,,Windows Event Logs,Windows Event Log Creation,,,,SentinelOne,Kmans-NUC,desktop,security,23.4.4.223,33966dad606b44b09a69b6daedef27c0,01J82QRRWNQZMPVH8JY0VSSTQC_56,preprocess-lib-1.0,EVENTLOG,11633,Windows 11 Pro,usea1-purple.sentinelone.net,22631,2F153FB23AF54967B8547024D31E7E5D,SDL,,default,,01J82QRRWNQZMPVH8JY0VSSTQC,System,,,,,,,,,,,,,,,,,,Microsoft-Windows-HttpService,Information,114,,S-1-5-18,,"Removed URL (http://192.168.1.76:80:192.168.1.76/dial_1955/) from URL group (0xF900000420000004). Process Id 0x1168 Executable path \Device\HarddiskVolume3\Program Files\SentinelOne\Sentinel Agent 23.4.4.223\Ranger\SentinelRanger.exe, User S-1-5-18",,,,,,,,,,,,,,,,,,,,,,,,,,,,,,,,,,,,,,,,,,,,,,,
08:12:52.547,,,Windows Event Logs,Windows Event Log Creation,,,,SentinelOne,THEBORG,server,security,24.1.1.160,f28c7062e9cc46e1a9b4049a8c6257f7,01J82QT9P5H9DWY80KBY8MGPRD_13,preprocess-lib-1.0,EVENTLOG,11633,Windows Server 2019 Standard Evaluation,usea1-purple.sentinelone.net,17763,0FFF6BCA42764650B3B667C5B388F393,SDL,,default,,01J82QT9P5H9DWY80KBY8MGPRD,Security,,,,,,,,,,,,,,,,,"'<Event xmlns='http://schemas.microsoft.com/win/2004/08/events/event'><System><Provider Name='Microsoft-Windows-Security-Auditing' Guid='{54849625-5478-4994-a5ba-3e3b0328c30d}'/><EventID>4672</EventID><Version>0</Version><Level>0</Level><Task>12548</Task><Opcode>0</Opcode><Keywords>0x8020000000000000</Keywords><TimeCreated SystemTime='2024-09-18T14:12:52.547814900Z'/><EventRecordID>2984988</EventRecordID><Correlation/><Execution ProcessID='716' ThreadID='4932'/><Channel>Security</Channel><Computer>THEBORG.starfleet.corp</Computer><Security/></System><EventData><Data Name='SubjectUserSid'>S-1-5-18</Data><Data Name='SubjectUserName'>THEBORG$</Data><Data Name='SubjectDomainName'>STARFLEET</Data><Data Name='SubjectLogonId'>0x7b6fb27</Data><Data Name='PrivilegeList'>SeSecurityPrivilege
			SeBackupPrivilege
			SeRestorePrivilege
			SeTakeOwnershipPrivilege
			SeDebugPrivilege
			SeSystemEnvironmentPrivilege
			SeLoadDriverPrivilege
			SeImpersonatePrivilege
			SeDelegateSessionUserImpersonatePrivilege
			SeEnableDelegationPrivilege</Data></EventData></Event>",Microsoft-Windows-Security-Auditing,Information,4672,THEBORG$,S-1-5-18,STARFLEET,"'Special privileges assigned to new logon.

Subject:
	Security ID:		S-1-5-18
	Account Name:		THEBORG$
	Account Domain:		STARFLEET
	Logon ID:		0x7B6FB27

Privileges:		SeSecurityPrivilege
			SeBackupPrivilege
			SeRestorePrivilege
			SeTakeOwnershipPrivilege
			SeDebugPrivilege
			SeSystemEnvironmentPrivilege
			SeLoadDriverPrivilege
			SeImpersonatePrivilege
			SeDelegateSessionUserImpersonatePrivilege
			SeEnableDelegationPrivilege",http://schemas.microsoft.com/win/2004/08/events/event,0,2024-09-18T14:12:52.547814900Z,12548,,,Microsoft-Windows-Security-Auditing,{54849625-5478-4994-a5ba-3e3b0328c30d},0,0,0x8020000000000000,4932,716,2984988,4672,,,THEBORG.starfleet.corp,Security,,,,,,,,,,,S-1-5-18,THEBORG$,0x7B6FB27,STARFLEET,,,,,,,,,,,"'SeSecurityPrivilege
			SeBackupPrivilege
			SeRestorePrivilege
			SeTakeOwnershipPrivilege
			SeDebugPrivilege
			SeSystemEnvironmentPrivilege
			SeLoadDriverPrivilege
			SeImpersonatePrivilege
			SeDelegateSessionUserImpersonatePrivilege
			SeEnableDelegationPrivilege",,,
08:12:52.549,,,Windows Event Logs,Windows Event Log Creation,,,,SentinelOne,THEBORG,server,security,24.1.1.160,f28c7062e9cc46e1a9b4049a8c6257f7,01J82QT9P5H9DWY80KBY8MGPRD_15,preprocess-lib-1.0,EVENTLOG,11633,Windows Server 2019 Standard Evaluation,usea1-purple.sentinelone.net,17763,0FFF6BCA42764650B3B667C5B388F393,SDL,,default,,01J82QT9P5H9DWY80KBY8MGPRD,Security,,,,,,3,,,,,,,,,,,<Event xmlns='http://schemas.microsoft.com/win/2004/08/events/event'><System><Provider Name='Microsoft-Windows-Security-Auditing' Guid='{54849625-5478-4994-a5ba-3e3b0328c30d}'/><EventID>4634</EventID><Version>0</Version><Level>0</Level><Task>12545</Task><Opcode>0</Opcode><Keywords>0x8020000000000000</Keywords><TimeCreated SystemTime='2024-09-18T14:12:52.549326000Z'/><EventRecordID>2984990</EventRecordID><Correlation/><Execution ProcessID='716' ThreadID='4320'/><Channel>Security</Channel><Computer>THEBORG.starfleet.corp</Computer><Security/></System><EventData><Data Name='TargetUserSid'>S-1-5-18</Data><Data Name='TargetUserName'>THEBORG$</Data><Data Name='TargetDomainName'>STARFLEET</Data><Data Name='TargetLogonId'>0x7b6fb27</Data><Data Name='LogonType'>3</Data></EventData></Event>,Microsoft-Windows-Security-Auditing,Information,4634,,,,"'An account was logged off.

Subject:
	Security ID:		S-1-5-18
	Account Name:		THEBORG$
	Account Domain:		STARFLEET
	Logon ID:		0x7B6FB27

Logon Type:			3

This event is generated when a logon session is destroyed. It may be positively correlated with a logon event using the Logon ID value. Logon IDs are only unique between reboots on the same computer.",http://schemas.microsoft.com/win/2004/08/events/event,0,2024-09-18T14:12:52.549326000Z,12545,,,Microsoft-Windows-Security-Auditing,{54849625-5478-4994-a5ba-3e3b0328c30d},0,0,0x8020000000000000,4320,716,2984990,4634,,,THEBORG.starfleet.corp,Security,,,,,S-1-5-18,THEBORG$,,,STARFLEET,0x7B6FB27,,,,,,,,,,,,,,,,,,
08:12:53.054,,,Windows Event Logs,Windows Event Log Creation,,,,SentinelOne,Thib-DC01,server,security,24.1.1.160,38cdf634e5004afca86e3aeb6fb6b8d5,01J82QQQXDKCBHACBJWARNWV56_139,preprocess-lib-1.0,EVENTLOG,11633,Windows Server 2022 Datacenter,usea1-purple.sentinelone.net,20348,F4EC44C9B2FF4D34A00150D43FAC2799,SDL,,default,,01J82QQQXDKCBHACBJWARNWV56,Security,,,,,48,,,,,,,,,,,,<Event xmlns='http://schemas.microsoft.com/win/2004/08/events/event'><System><Provider Name='Microsoft-Windows-Security-Auditing' Guid='{54849625-5478-4994-a5ba-3e3b0328c30d}'/><EventID>4985</EventID><Version>0</Version><Level>0</Level><Task>12800</Task><Opcode>0</Opcode><Keywords>0x8020000000000000</Keywords><TimeCreated SystemTime='2024-09-18T14:12:53.0545352Z'/><EventRecordID>70297020</EventRecordID><Correlation/><Execution ProcessID='4' ThreadID='8832'/><Channel>Security</Channel><Computer>Thib-DC01.letibe.lab</Computer><Security/></System><EventData><Data Name='SubjectUserSid'>S-1-5-18</Data><Data Name='SubjectUserName'>THIB-DC01$</Data><Data Name='SubjectDomainName'>LETIBE</Data><Data Name='SubjectLogonId'>0x3e7</Data><Data Name='TransactionId'>{de8e99ef-75c0-11ef-b490-aa9311e05a15}</Data><Data Name='NewState'>48</Data><Data Name='ResourceManager'>{f0c6fc36-b954-11ed-bb1f-8bf44bac8386}</Data><Data Name='ProcessId'>0xb74</Data><Data Name='ProcessName'>C:\Program Files\SentinelOne\Sentinel Agent 24.1.1.160\SentinelAgent.exe</Data></EventData></Event>,Microsoft-Windows-Security-Auditing,Information,4985,THIB-DC01$,S-1-5-18,LETIBE,"'The state of a transaction has changed.

Subject:
	Security ID:		S-1-5-18
	Account Name:		THIB-DC01$
	Account Domain:		LETIBE
	Logon ID:		0x3E7

Transaction Information:
	RM Transaction ID:	{de8e99ef-75c0-11ef-b490-aa9311e05a15}
	New State:		48
	Resource Manager:	{f0c6fc36-b954-11ed-bb1f-8bf44bac8386}

Process Information:
	Process ID:		0xb74
	Process Name:		C:\Program Files\SentinelOne\Sentinel Agent 24.1.1.160\SentinelAgent.exe",http://schemas.microsoft.com/win/2004/08/events/event,0,2024-09-18T14:12:53.0545352Z,12800,,,Microsoft-Windows-Security-Auditing,{54849625-5478-4994-a5ba-3e3b0328c30d},0,0,0x8020000000000000,8832,4,70297020,4985,,,Thib-DC01.letibe.lab,Security,,,,{de8e99ef-75c0-11ef-b490-aa9311e05a15},,,,,,,S-1-5-18,THIB-DC01$,0x3E7,LETIBE,,,{f0c6fc36-b954-11ed-bb1f-8bf44bac8386},,,,C:\Program Files\SentinelOne\Sentinel Agent 24.1.1.160\SentinelAgent.exe,0xB74,,,,,,
08:12:53.054,,,Windows Event Logs,Windows Event Log Creation,,,,SentinelOne,Thib-DC01,server,security,24.1.1.160,38cdf634e5004afca86e3aeb6fb6b8d5,01J82QQQXDKCBHACBJWARNWV56_140,preprocess-lib-1.0,EVENTLOG,11633,Windows Server 2022 Datacenter,usea1-purple.sentinelone.net,20348,F4EC44C9B2FF4D34A00150D43FAC2799,SDL,,default,,01J82QQQXDKCBHACBJWARNWV56,Security,,,,,52,,,,,,,,,,,,<Event xmlns='http://schemas.microsoft.com/win/2004/08/events/event'><System><Provider Name='Microsoft-Windows-Security-Auditing' Guid='{54849625-5478-4994-a5ba-3e3b0328c30d}'/><EventID>4985</EventID><Version>0</Version><Level>0</Level><Task>12800</Task><Opcode>0</Opcode><Keywords>0x8020000000000000</Keywords><TimeCreated SystemTime='2024-09-18T14:12:53.0548602Z'/><EventRecordID>70297021</EventRecordID><Correlation/><Execution ProcessID='4' ThreadID='8832'/><Channel>Security</Channel><Computer>Thib-DC01.letibe.lab</Computer><Security/></System><EventData><Data Name='SubjectUserSid'>S-1-5-18</Data><Data Name='SubjectUserName'>THIB-DC01$</Data><Data Name='SubjectDomainName'>LETIBE</Data><Data Name='SubjectLogonId'>0x3e7</Data><Data Name='TransactionId'>{de8e99ef-75c0-11ef-b490-aa9311e05a15}</Data><Data Name='NewState'>52</Data><Data Name='ResourceManager'>{f0c6fc36-b954-11ed-bb1f-8bf44bac8386}</Data><Data Name='ProcessId'>0xb74</Data><Data Name='ProcessName'>C:\Program Files\SentinelOne\Sentinel Agent 24.1.1.160\SentinelAgent.exe</Data></EventData></Event>,Microsoft-Windows-Security-Auditing,Information,4985,THIB-DC01$,S-1-5-18,LETIBE,"'The state of a transaction has changed.

Subject:
	Security ID:		S-1-5-18
	Account Name:		THIB-DC01$
	Account Domain:		LETIBE
	Logon ID:		0x3E7

Transaction Information:
	RM Transaction ID:	{de8e99ef-75c0-11ef-b490-aa9311e05a15}
	New State:		52
	Resource Manager:	{f0c6fc36-b954-11ed-bb1f-8bf44bac8386}

Process Information:
	Process ID:		0xb74
	Process Name:		C:\Program Files\SentinelOne\Sentinel Agent 24.1.1.160\SentinelAgent.exe",http://schemas.microsoft.com/win/2004/08/events/event,0,2024-09-18T14:12:53.0548602Z,12800,,,Microsoft-Windows-Security-Auditing,{54849625-5478-4994-a5ba-3e3b0328c30d},0,0,0x8020000000000000,8832,4,70297021,4985,,,Thib-DC01.letibe.lab,Security,,,,{de8e99ef-75c0-11ef-b490-aa9311e05a15},,,,,,,S-1-5-18,THIB-DC01$,0x3E7,LETIBE,,,{f0c6fc36-b954-11ed-bb1f-8bf44bac8386},,,,C:\Program Files\SentinelOne\Sentinel Agent 24.1.1.160\SentinelAgent.exe,0xB74,,,,,,
08:12:53.055,,,Windows Event Logs,Windows Event Log Creation,,,,SentinelOne,Thib-DC01,server,security,24.1.1.160,38cdf634e5004afca86e3aeb6fb6b8d5,01J82QQQXDKCBHACBJWARNWV56_141,preprocess-lib-1.0,EVENTLOG,11633,Windows Server 2022 Datacenter,usea1-purple.sentinelone.net,20348,F4EC44C9B2FF4D34A00150D43FAC2799,SDL,,default,,01J82QQQXDKCBHACBJWARNWV56,Security,,,,,48,,,,,,,,,,,,<Event xmlns='http://schemas.microsoft.com/win/2004/08/events/event'><System><Provider Name='Microsoft-Windows-Security-Auditing' Guid='{54849625-5478-4994-a5ba-3e3b0328c30d}'/><EventID>4985</EventID><Version>0</Version><Level>0</Level><Task>12800</Task><Opcode>0</Opcode><Keywords>0x8020000000000000</Keywords><TimeCreated SystemTime='2024-09-18T14:12:53.0551032Z'/><EventRecordID>70297022</EventRecordID><Correlation/><Execution ProcessID='4' ThreadID='8832'/><Channel>Security</Channel><Computer>Thib-DC01.letibe.lab</Computer><Security/></System><EventData><Data Name='SubjectUserSid'>S-1-5-18</Data><Data Name='SubjectUserName'>THIB-DC01$</Data><Data Name='SubjectDomainName'>LETIBE</Data><Data Name='SubjectLogonId'>0x3e7</Data><Data Name='TransactionId'>{de8e99f1-75c0-11ef-b490-aa9311e05a15}</Data><Data Name='NewState'>48</Data><Data Name='ResourceManager'>{f0c6fc36-b954-11ed-bb1f-8bf44bac8386}</Data><Data Name='ProcessId'>0xb74</Data><Data Name='ProcessName'>C:\Program Files\SentinelOne\Sentinel Agent 24.1.1.160\SentinelAgent.exe</Data></EventData></Event>,Microsoft-Windows-Security-Auditing,Information,4985,THIB-DC01$,S-1-5-18,LETIBE,"'The state of a transaction has changed.

Subject:
	Security ID:		S-1-5-18
	Account Name:		THIB-DC01$
	Account Domain:		LETIBE
	Logon ID:		0x3E7

Transaction Information:
	RM Transaction ID:	{de8e99f1-75c0-11ef-b490-aa9311e05a15}
	New State:		48
	Resource Manager:	{f0c6fc36-b954-11ed-bb1f-8bf44bac8386}

Process Information:
	Process ID:		0xb74
	Process Name:		C:\Program Files\SentinelOne\Sentinel Agent 24.1.1.160\SentinelAgent.exe",http://schemas.microsoft.com/win/2004/08/events/event,0,2024-09-18T14:12:53.0551032Z,12800,,,Microsoft-Windows-Security-Auditing,{54849625-5478-4994-a5ba-3e3b0328c30d},0,0,0x8020000000000000,8832,4,70297022,4985,,,Thib-DC01.letibe.lab,Security,,,,{de8e99f1-75c0-11ef-b490-aa9311e05a15},,,,,,,S-1-5-18,THIB-DC01$,0x3E7,LETIBE,,,{f0c6fc36-b954-11ed-bb1f-8bf44bac8386},,,,C:\Program Files\SentinelOne\Sentinel Agent 24.1.1.160\SentinelAgent.exe,0xB74,,,,,,
08:12:53.055,,,Windows Event Logs,Windows Event Log Creation,,,,SentinelOne,Thib-DC01,server,security,24.1.1.160,38cdf634e5004afca86e3aeb6fb6b8d5,01J82QQQXDKCBHACBJWARNWV56_142,preprocess-lib-1.0,EVENTLOG,11633,Windows Server 2022 Datacenter,usea1-purple.sentinelone.net,20348,F4EC44C9B2FF4D34A00150D43FAC2799,SDL,,default,,01J82QQQXDKCBHACBJWARNWV56,Security,,,,,52,,,,,,,,,,,,<Event xmlns='http://schemas.microsoft.com/win/2004/08/events/event'><System><Provider Name='Microsoft-Windows-Security-Auditing' Guid='{54849625-5478-4994-a5ba-3e3b0328c30d}'/><EventID>4985</EventID><Version>0</Version><Level>0</Level><Task>12800</Task><Opcode>0</Opcode><Keywords>0x8020000000000000</Keywords><TimeCreated SystemTime='2024-09-18T14:12:53.0554240Z'/><EventRecordID>70297023</EventRecordID><Correlation/><Execution ProcessID='4' ThreadID='8832'/><Channel>Security</Channel><Computer>Thib-DC01.letibe.lab</Computer><Security/></System><EventData><Data Name='SubjectUserSid'>S-1-5-18</Data><Data Name='SubjectUserName'>THIB-DC01$</Data><Data Name='SubjectDomainName'>LETIBE</Data><Data Name='SubjectLogonId'>0x3e7</Data><Data Name='TransactionId'>{de8e99f1-75c0-11ef-b490-aa9311e05a15}</Data><Data Name='NewState'>52</Data><Data Name='ResourceManager'>{f0c6fc36-b954-11ed-bb1f-8bf44bac8386}</Data><Data Name='ProcessId'>0xb74</Data><Data Name='ProcessName'>C:\Program Files\SentinelOne\Sentinel Agent 24.1.1.160\SentinelAgent.exe</Data></EventData></Event>,Microsoft-Windows-Security-Auditing,Information,4985,THIB-DC01$,S-1-5-18,LETIBE,"'The state of a transaction has changed.

Subject:
	Security ID:		S-1-5-18
	Account Name:		THIB-DC01$
	Account Domain:		LETIBE
	Logon ID:		0x3E7

Transaction Information:
	RM Transaction ID:	{de8e99f1-75c0-11ef-b490-aa9311e05a15}
	New State:		52
	Resource Manager:	{f0c6fc36-b954-11ed-bb1f-8bf44bac8386}

Process Information:
	Process ID:		0xb74
	Process Name:		C:\Program Files\SentinelOne\Sentinel Agent 24.1.1.160\SentinelAgent.exe",http://schemas.microsoft.com/win/2004/08/events/event,0,2024-09-18T14:12:53.0554240Z,12800,,,Microsoft-Windows-Security-Auditing,{54849625-5478-4994-a5ba-3e3b0328c30d},0,0,0x8020000000000000,8832,4,70297023,4985,,,Thib-DC01.letibe.lab,Security,,,,{de8e99f1-75c0-11ef-b490-aa9311e05a15},,,,,,,S-1-5-18,THIB-DC01$,0x3E7,LETIBE,,,{f0c6fc36-b954-11ed-bb1f-8bf44bac8386},,,,C:\Program Files\SentinelOne\Sentinel Agent 24.1.1.160\SentinelAgent.exe,0xB74,,,,,,
08:12:53.241,,,Windows Event Logs,Windows Event Log Creation,,,,SentinelOne,THEBORG,server,security,24.1.1.160,f28c7062e9cc46e1a9b4049a8c6257f7,01J82QT9P5H9DWY80KBY8MGPRD_16,preprocess-lib-1.0,EVENTLOG,11633,Windows Server 2019 Standard Evaluation,usea1-purple.sentinelone.net,17763,0FFF6BCA42764650B3B667C5B388F393,SDL,,default,,01J82QT9P5H9DWY80KBY8MGPRD,Security,,,,,48,,,,,,,,,,,,<Event xmlns='http://schemas.microsoft.com/win/2004/08/events/event'><System><Provider Name='Microsoft-Windows-Security-Auditing' Guid='{54849625-5478-4994-a5ba-3e3b0328c30d}'/><EventID>4985</EventID><Version>0</Version><Level>0</Level><Task>12800</Task><Opcode>0</Opcode><Keywords>0x8020000000000000</Keywords><TimeCreated SystemTime='2024-09-18T14:12:53.241819200Z'/><EventRecordID>2984991</EventRecordID><Correlation/><Execution ProcessID='4' ThreadID='3360'/><Channel>Security</Channel><Computer>THEBORG.starfleet.corp</Computer><Security/></System><EventData><Data Name='SubjectUserSid'>S-1-5-18</Data><Data Name='SubjectUserName'>THEBORG$</Data><Data Name='SubjectDomainName'>STARFLEET</Data><Data Name='SubjectLogonId'>0x3e7</Data><Data Name='TransactionId'>{8e7dca68-75c0-11ef-9074-000c2908b6e6}</Data><Data Name='NewState'>48</Data><Data Name='ResourceManager'>{5ce0c1fa-c346-11ec-87a7-e99c1313a051}</Data><Data Name='ProcessId'>0xee4</Data><Data Name='ProcessName'>C:\Program Files\SentinelOne\Sentinel Agent 24.1.1.160\SentinelAgent.exe</Data></EventData></Event>,Microsoft-Windows-Security-Auditing,Information,4985,THEBORG$,S-1-5-18,STARFLEET,"'The state of a transaction has changed.

Subject:
	Security ID:		S-1-5-18
	Account Name:		THEBORG$
	Account Domain:		STARFLEET
	Logon ID:		0x3E7

Transaction Information:
	RM Transaction ID:	{8e7dca68-75c0-11ef-9074-000c2908b6e6}
	New State:		48
	Resource Manager:	{5ce0c1fa-c346-11ec-87a7-e99c1313a051}

Process Information:
	Process ID:		0xee4
	Process Name:		C:\Program Files\SentinelOne\Sentinel Agent 24.1.1.160\SentinelAgent.exe",http://schemas.microsoft.com/win/2004/08/events/event,0,2024-09-18T14:12:53.241819200Z,12800,,,Microsoft-Windows-Security-Auditing,{54849625-5478-4994-a5ba-3e3b0328c30d},0,0,0x8020000000000000,3360,4,2984991,4985,,,THEBORG.starfleet.corp,Security,,,,{8e7dca68-75c0-11ef-9074-000c2908b6e6},,,,,,,S-1-5-18,THEBORG$,0x3E7,STARFLEET,,,{5ce0c1fa-c346-11ec-87a7-e99c1313a051},,,,C:\Program Files\SentinelOne\Sentinel Agent 24.1.1.160\SentinelAgent.exe,0xEE4,,,,,,
08:12:53.242,,,Windows Event Logs,Windows Event Log Creation,,,,SentinelOne,THEBORG,server,security,24.1.1.160,f28c7062e9cc46e1a9b4049a8c6257f7,01J82QT9P5H9DWY80KBY8MGPRD_17,preprocess-lib-1.0,EVENTLOG,11633,Windows Server 2019 Standard Evaluation,usea1-purple.sentinelone.net,17763,0FFF6BCA42764650B3B667C5B388F393,SDL,,default,,01J82QT9P5H9DWY80KBY8MGPRD,Security,,,,,52,,,,,,,,,,,,<Event xmlns='http://schemas.microsoft.com/win/2004/08/events/event'><System><Provider Name='Microsoft-Windows-Security-Auditing' Guid='{54849625-5478-4994-a5ba-3e3b0328c30d}'/><EventID>4985</EventID><Version>0</Version><Level>0</Level><Task>12800</Task><Opcode>0</Opcode><Keywords>0x8020000000000000</Keywords><TimeCreated SystemTime='2024-09-18T14:12:53.242001900Z'/><EventRecordID>2984992</EventRecordID><Correlation/><Execution ProcessID='4' ThreadID='3360'/><Channel>Security</Channel><Computer>THEBORG.starfleet.corp</Computer><Security/></System><EventData><Data Name='SubjectUserSid'>S-1-5-18</Data><Data Name='SubjectUserName'>THEBORG$</Data><Data Name='SubjectDomainName'>STARFLEET</Data><Data Name='SubjectLogonId'>0x3e7</Data><Data Name='TransactionId'>{8e7dca68-75c0-11ef-9074-000c2908b6e6}</Data><Data Name='NewState'>52</Data><Data Name='ResourceManager'>{5ce0c1fa-c346-11ec-87a7-e99c1313a051}</Data><Data Name='ProcessId'>0xee4</Data><Data Name='ProcessName'>C:\Program Files\SentinelOne\Sentinel Agent 24.1.1.160\SentinelAgent.exe</Data></EventData></Event>,Microsoft-Windows-Security-Auditing,Information,4985,THEBORG$,S-1-5-18,STARFLEET,"'The state of a transaction has changed.

Subject:
	Security ID:		S-1-5-18
	Account Name:		THEBORG$
	Account Domain:		STARFLEET
	Logon ID:		0x3E7

Transaction Information:
	RM Transaction ID:	{8e7dca68-75c0-11ef-9074-000c2908b6e6}
	New State:		52
	Resource Manager:	{5ce0c1fa-c346-11ec-87a7-e99c1313a051}

Process Information:
	Process ID:		0xee4
	Process Name:		C:\Program Files\SentinelOne\Sentinel Agent 24.1.1.160\SentinelAgent.exe",http://schemas.microsoft.com/win/2004/08/events/event,0,2024-09-18T14:12:53.242001900Z,12800,,,Microsoft-Windows-Security-Auditing,{54849625-5478-4994-a5ba-3e3b0328c30d},0,0,0x8020000000000000,3360,4,2984992,4985,,,THEBORG.starfleet.corp,Security,,,,{8e7dca68-75c0-11ef-9074-000c2908b6e6},,,,,,,S-1-5-18,THEBORG$,0x3E7,STARFLEET,,,{5ce0c1fa-c346-11ec-87a7-e99c1313a051},,,,C:\Program Files\SentinelOne\Sentinel Agent 24.1.1.160\SentinelAgent.exe,0xEE4,,,,,,
08:12:54.576,,,Windows Event Logs,Windows Event Log Creation,,,,SentinelOne,THEBORG,server,security,24.1.1.160,f28c7062e9cc46e1a9b4049a8c6257f7,01J82QT9P5H9DWY80KBY8MGPRD_20,preprocess-lib-1.0,EVENTLOG,11633,Windows Server 2019 Standard Evaluation,usea1-purple.sentinelone.net,17763,0FFF6BCA42764650B3B667C5B388F393,SDL,,default,,01J82QT9P5H9DWY80KBY8MGPRD,Microsoft-Windows-Sysmon/Operational,,,,,,,,C:\Program Files\SentinelOne\Sentinel Agent 24.1.1.160\Ranger\SentinelRanger.exe,,,,,,,,,<Event xmlns='http://schemas.microsoft.com/win/2004/08/events/event'><System><Provider Name='Microsoft-Windows-Sysmon' Guid='{5770385f-c22a-43e0-bf4c-06f5698ffbd9}'/><EventID>22</EventID><Version>5</Version><Level>4</Level><Task>22</Task><Opcode>0</Opcode><Keywords>0x8000000000000000</Keywords><TimeCreated SystemTime='2024-09-18T14:12:54.576901400Z'/><EventRecordID>95296</EventRecordID><Correlation/><Execution ProcessID='3844' ThreadID='5668'/><Channel>Microsoft-Windows-Sysmon/Operational</Channel><Computer>THEBORG.starfleet.corp</Computer><Security UserID='S-1-5-18'/></System><EventData><Data Name='RuleName'>-</Data><Data Name='UtcTime'>2024-09-16 02:27:03.475</Data><Data Name='ProcessGuid'>{fc5e6b69-d2ce-66ea-6b0a-000000002600}</Data><Data Name='ProcessId'>10676</Data><Data Name='QueryName'>THEBORG</Data><Data Name='QueryStatus'>0</Data><Data Name='QueryResults'>fe80::4d74:dbe6:e9f3:2ad1;::ffff:172.16.195.197;</Data><Data Name='Image'>C:\Program Files\SentinelOne\Sentinel Agent 24.1.1.160\Ranger\SentinelRanger.exe</Data><Data Name='User'>NT AUTHORITY\SYSTEM</Data></EventData></Event>,Microsoft-Windows-Sysmon,Information,22,,S-1-5-18,,"'Dns query:
RuleName: -
UtcTime: 2024-09-16 02:27:03.475
ProcessGuid: {fc5e6b69-d2ce-66ea-6b0a-000000002600}
ProcessId: 10676
QueryName: THEBORG
QueryStatus: 0
QueryResults: fe80::4d74:dbe6:e9f3:2ad1;::ffff:172.16.195.197;
Image: C:\Program Files\SentinelOne\Sentinel Agent 24.1.1.160\Ranger\SentinelRanger.exe
User: NT AUTHORITY\SYSTEM",http://schemas.microsoft.com/win/2004/08/events/event,5,2024-09-18T14:12:54.576901400Z,22,S-1-5-18,,Microsoft-Windows-Sysmon,{5770385f-c22a-43e0-bf4c-06f5698ffbd9},0,4,0x8000000000000000,5668,3844,95296,22,,,THEBORG.starfleet.corp,Microsoft-Windows-Sysmon/Operational,2024-09-16 02:27:03.475,NT AUTHORITY\SYSTEM,,,,,,,,,,,,,-,,,,,THEBORG,,10676,{fc5e6b69-d2ce-66ea-6b0a-000000002600},,,,,
08:12:54.578,,,Windows Event Logs,Windows Event Log Creation,,,,SentinelOne,THEBORG,server,security,24.1.1.160,f28c7062e9cc46e1a9b4049a8c6257f7,01J82QT9P5H9DWY80KBY8MGPRD_21,preprocess-lib-1.0,EVENTLOG,11633,Windows Server 2019 Standard Evaluation,usea1-purple.sentinelone.net,17763,0FFF6BCA42764650B3B667C5B388F393,SDL,,default,,01J82QT9P5H9DWY80KBY8MGPRD,Microsoft-Windows-Sysmon/Operational,,,,,,,,C:\Program Files\SentinelOne\Sentinel Agent 24.1.1.160\Ranger\SentinelRanger.exe,,,,,,,,,<Event xmlns='http://schemas.microsoft.com/win/2004/08/events/event'><System><Provider Name='Microsoft-Windows-Sysmon' Guid='{5770385f-c22a-43e0-bf4c-06f5698ffbd9}'/><EventID>22</EventID><Version>5</Version><Level>4</Level><Task>22</Task><Opcode>0</Opcode><Keywords>0x8000000000000000</Keywords><TimeCreated SystemTime='2024-09-18T14:12:54.578051000Z'/><EventRecordID>95297</EventRecordID><Correlation/><Execution ProcessID='3844' ThreadID='5668'/><Channel>Microsoft-Windows-Sysmon/Operational</Channel><Computer>THEBORG.starfleet.corp</Computer><Security UserID='S-1-5-18'/></System><EventData><Data Name='RuleName'>-</Data><Data Name='UtcTime'>2024-09-16 02:27:04.487</Data><Data Name='ProcessGuid'>{fc5e6b69-d2ce-66ea-6b0a-000000002600}</Data><Data Name='ProcessId'>10676</Data><Data Name='QueryName'>THEBORG</Data><Data Name='QueryStatus'>0</Data><Data Name='QueryResults'>fe80::4d74:dbe6:e9f3:2ad1;::ffff:172.16.195.197;</Data><Data Name='Image'>C:\Program Files\SentinelOne\Sentinel Agent 24.1.1.160\Ranger\SentinelRanger.exe</Data><Data Name='User'>NT AUTHORITY\SYSTEM</Data></EventData></Event>,Microsoft-Windows-Sysmon,Information,22,,S-1-5-18,,"'Dns query:
RuleName: -
UtcTime: 2024-09-16 02:27:04.487
ProcessGuid: {fc5e6b69-d2ce-66ea-6b0a-000000002600}
ProcessId: 10676
QueryName: THEBORG
QueryStatus: 0
QueryResults: fe80::4d74:dbe6:e9f3:2ad1;::ffff:172.16.195.197;
Image: C:\Program Files\SentinelOne\Sentinel Agent 24.1.1.160\Ranger\SentinelRanger.exe
User: NT AUTHORITY\SYSTEM",http://schemas.microsoft.com/win/2004/08/events/event,5,2024-09-18T14:12:54.578051000Z,22,S-1-5-18,,Microsoft-Windows-Sysmon,{5770385f-c22a-43e0-bf4c-06f5698ffbd9},0,4,0x8000000000000000,5668,3844,95297,22,,,THEBORG.starfleet.corp,Microsoft-Windows-Sysmon/Operational,2024-09-16 02:27:04.487,NT AUTHORITY\SYSTEM,,,,,,,,,,,,,-,,,,,THEBORG,,10676,{fc5e6b69-d2ce-66ea-6b0a-000000002600},,,,,
08:12:56.508,,,Windows Event Logs,Windows Event Log Creation,,,,SentinelOne,Kmans-NUC,desktop,security,23.4.4.223,33966dad606b44b09a69b6daedef27c0,01J82QRRWNQZMPVH8JY0VSSTQC_65,preprocess-lib-1.0,EVENTLOG,11633,Windows 11 Pro,usea1-purple.sentinelone.net,22631,2F153FB23AF54967B8547024D31E7E5D,SDL,,default,,01J82QRRWNQZMPVH8JY0VSSTQC,System,,,,,,,,,,,,,,,,,,Microsoft-Windows-HttpService,Information,113,,S-1-5-18,,"Attempted to add URL (http://192.168.1.76:80:192.168.1.76/dial_1956/) to URL group (0xF900000420000004). Status: 0x0. Process Id 0x1168 Executable path \Device\HarddiskVolume3\Program Files\SentinelOne\Sentinel Agent 23.4.4.223\Ranger\SentinelRanger.exe, User S-1-5-18",,,,,,,,,,,,,,,,,,,,,,,,,,,,,,,,,,,,,,,,,,,,,,,
08:12:56.592,,,Windows Event Logs,Windows Event Log Creation,,,,SentinelOne,THEBORG,server,security,24.1.1.160,f28c7062e9cc46e1a9b4049a8c6257f7,01J82QT9P5H9DWY80KBY8MGPRD_22,preprocess-lib-1.0,EVENTLOG,11633,Windows Server 2019 Standard Evaluation,usea1-purple.sentinelone.net,17763,0FFF6BCA42764650B3B667C5B388F393,SDL,,default,,01J82QT9P5H9DWY80KBY8MGPRD,Microsoft-Windows-Sysmon/Operational,,,,,,,,C:\Program Files\SentinelOne\Sentinel Agent 24.1.1.160\Ranger\SentinelRanger.exe,,,,,,,,,<Event xmlns='http://schemas.microsoft.com/win/2004/08/events/event'><System><Provider Name='Microsoft-Windows-Sysmon' Guid='{5770385f-c22a-43e0-bf4c-06f5698ffbd9}'/><EventID>22</EventID><Version>5</Version><Level>4</Level><Task>22</Task><Opcode>0</Opcode><Keywords>0x8000000000000000</Keywords><TimeCreated SystemTime='2024-09-18T14:12:56.592508600Z'/><EventRecordID>95298</EventRecordID><Correlation/><Execution ProcessID='3844' ThreadID='5668'/><Channel>Microsoft-Windows-Sysmon/Operational</Channel><Computer>THEBORG.starfleet.corp</Computer><Security UserID='S-1-5-18'/></System><EventData><Data Name='RuleName'>-</Data><Data Name='UtcTime'>2024-09-16 02:27:04.864</Data><Data Name='ProcessGuid'>{fc5e6b69-d2ce-66ea-6b0a-000000002600}</Data><Data Name='ProcessId'>10676</Data><Data Name='QueryName'>ioc-gw-prod-us-1b.sentinelone.net</Data><Data Name='QueryStatus'>0</Data><Data Name='QueryResults'>18.204.85.51;</Data><Data Name='Image'>C:\Program Files\SentinelOne\Sentinel Agent 24.1.1.160\Ranger\SentinelRanger.exe</Data><Data Name='User'>NT AUTHORITY\SYSTEM</Data></EventData></Event>,Microsoft-Windows-Sysmon,Information,22,,S-1-5-18,,"'Dns query:
RuleName: -
UtcTime: 2024-09-16 02:27:04.864
ProcessGuid: {fc5e6b69-d2ce-66ea-6b0a-000000002600}
ProcessId: 10676
QueryName: ioc-gw-prod-us-1b.sentinelone.net
QueryStatus: 0
QueryResults: 18.204.85.51;
Image: C:\Program Files\SentinelOne\Sentinel Agent 24.1.1.160\Ranger\SentinelRanger.exe
User: NT AUTHORITY\SYSTEM",http://schemas.microsoft.com/win/2004/08/events/event,5,2024-09-18T14:12:56.592508600Z,22,S-1-5-18,,Microsoft-Windows-Sysmon,{5770385f-c22a-43e0-bf4c-06f5698ffbd9},0,4,0x8000000000000000,5668,3844,95298,22,,,THEBORG.starfleet.corp,Microsoft-Windows-Sysmon/Operational,2024-09-16 02:27:04.864,NT AUTHORITY\SYSTEM,,,,,,,,,,,,,-,,,,,ioc-gw-prod-us-1b.sentinelone.net,,10676,{fc5e6b69-d2ce-66ea-6b0a-000000002600},,,,,
08:12:56.593,,,Windows Event Logs,Windows Event Log Creation,,,,SentinelOne,THEBORG,server,security,24.1.1.160,f28c7062e9cc46e1a9b4049a8c6257f7,01J82QT9P5H9DWY80KBY8MGPRD_23,preprocess-lib-1.0,EVENTLOG,11633,Windows Server 2019 Standard Evaluation,usea1-purple.sentinelone.net,17763,0FFF6BCA42764650B3B667C5B388F393,SDL,,default,,01J82QT9P5H9DWY80KBY8MGPRD,Microsoft-Windows-Sysmon/Operational,,,,,,,,C:\Program Files\SentinelOne\Sentinel Agent 24.1.1.160\Ranger\SentinelRanger.exe,,,,,,,,,<Event xmlns='http://schemas.microsoft.com/win/2004/08/events/event'><System><Provider Name='Microsoft-Windows-Sysmon' Guid='{5770385f-c22a-43e0-bf4c-06f5698ffbd9}'/><EventID>22</EventID><Version>5</Version><Level>4</Level><Task>22</Task><Opcode>0</Opcode><Keywords>0x8000000000000000</Keywords><TimeCreated SystemTime='2024-09-18T14:12:56.593516600Z'/><EventRecordID>95299</EventRecordID><Correlation/><Execution ProcessID='3844' ThreadID='5668'/><Channel>Microsoft-Windows-Sysmon/Operational</Channel><Computer>THEBORG.starfleet.corp</Computer><Security UserID='S-1-5-18'/></System><EventData><Data Name='RuleName'>-</Data><Data Name='UtcTime'>2024-09-16 02:27:05.503</Data><Data Name='ProcessGuid'>{fc5e6b69-d2ce-66ea-6b0a-000000002600}</Data><Data Name='ProcessId'>10676</Data><Data Name='QueryName'>THEBORG</Data><Data Name='QueryStatus'>0</Data><Data Name='QueryResults'>fe80::4d74:dbe6:e9f3:2ad1;::ffff:172.16.195.197;</Data><Data Name='Image'>C:\Program Files\SentinelOne\Sentinel Agent 24.1.1.160\Ranger\SentinelRanger.exe</Data><Data Name='User'>NT AUTHORITY\SYSTEM</Data></EventData></Event>,Microsoft-Windows-Sysmon,Information,22,,S-1-5-18,,"'Dns query:
RuleName: -
UtcTime: 2024-09-16 02:27:05.503
ProcessGuid: {fc5e6b69-d2ce-66ea-6b0a-000000002600}
ProcessId: 10676
QueryName: THEBORG
QueryStatus: 0
QueryResults: fe80::4d74:dbe6:e9f3:2ad1;::ffff:172.16.195.197;
Image: C:\Program Files\SentinelOne\Sentinel Agent 24.1.1.160\Ranger\SentinelRanger.exe
User: NT AUTHORITY\SYSTEM",http://schemas.microsoft.com/win/2004/08/events/event,5,2024-09-18T14:12:56.593516600Z,22,S-1-5-18,,Microsoft-Windows-Sysmon,{5770385f-c22a-43e0-bf4c-06f5698ffbd9},0,4,0x8000000000000000,5668,3844,95299,22,,,THEBORG.starfleet.corp,Microsoft-Windows-Sysmon/Operational,2024-09-16 02:27:05.503,NT AUTHORITY\SYSTEM,,,,,,,,,,,,,-,,,,,THEBORG,,10676,{fc5e6b69-d2ce-66ea-6b0a-000000002600},,,,,
08:12:57.594,,,Windows Event Logs,Windows Event Log Creation,,,,SentinelOne,THEBORG,server,security,24.1.1.160,f28c7062e9cc46e1a9b4049a8c6257f7,01J82QT9P5H9DWY80KBY8MGPRD_24,preprocess-lib-1.0,EVENTLOG,11633,Windows Server 2019 Standard Evaluation,usea1-purple.sentinelone.net,17763,0FFF6BCA42764650B3B667C5B388F393,SDL,,default,,01J82QT9P5H9DWY80KBY8MGPRD,Microsoft-Windows-Sysmon/Operational,,,,,,,,C:\Program Files\SentinelOne\Sentinel Agent 24.1.1.160\Ranger\SentinelRanger.exe,,,,,,,,,<Event xmlns='http://schemas.microsoft.com/win/2004/08/events/event'><System><Provider Name='Microsoft-Windows-Sysmon' Guid='{5770385f-c22a-43e0-bf4c-06f5698ffbd9}'/><EventID>22</EventID><Version>5</Version><Level>4</Level><Task>22</Task><Opcode>0</Opcode><Keywords>0x8000000000000000</Keywords><TimeCreated SystemTime='2024-09-18T14:12:57.594009200Z'/><EventRecordID>95300</EventRecordID><Correlation/><Execution ProcessID='3844' ThreadID='5668'/><Channel>Microsoft-Windows-Sysmon/Operational</Channel><Computer>THEBORG.starfleet.corp</Computer><Security UserID='S-1-5-18'/></System><EventData><Data Name='RuleName'>-</Data><Data Name='UtcTime'>2024-09-16 02:27:06.503</Data><Data Name='ProcessGuid'>{fc5e6b69-d2ce-66ea-6b0a-000000002600}</Data><Data Name='ProcessId'>10676</Data><Data Name='QueryName'>THEBORG</Data><Data Name='QueryStatus'>0</Data><Data Name='QueryResults'>fe80::4d74:dbe6:e9f3:2ad1;::ffff:172.16.195.197;</Data><Data Name='Image'>C:\Program Files\SentinelOne\Sentinel Agent 24.1.1.160\Ranger\SentinelRanger.exe</Data><Data Name='User'>NT AUTHORITY\SYSTEM</Data></EventData></Event>,Microsoft-Windows-Sysmon,Information,22,,S-1-5-18,,"'Dns query:
RuleName: -
UtcTime: 2024-09-16 02:27:06.503
ProcessGuid: {fc5e6b69-d2ce-66ea-6b0a-000000002600}
ProcessId: 10676
QueryName: THEBORG
QueryStatus: 0
QueryResults: fe80::4d74:dbe6:e9f3:2ad1;::ffff:172.16.195.197;
Image: C:\Program Files\SentinelOne\Sentinel Agent 24.1.1.160\Ranger\SentinelRanger.exe
User: NT AUTHORITY\SYSTEM",http://schemas.microsoft.com/win/2004/08/events/event,5,2024-09-18T14:12:57.594009200Z,22,S-1-5-18,,Microsoft-Windows-Sysmon,{5770385f-c22a-43e0-bf4c-06f5698ffbd9},0,4,0x8000000000000000,5668,3844,95300,22,,,THEBORG.starfleet.corp,Microsoft-Windows-Sysmon/Operational,2024-09-16 02:27:06.503,NT AUTHORITY\SYSTEM,,,,,,,,,,,,,-,,,,,THEBORG,,10676,{fc5e6b69-d2ce-66ea-6b0a-000000002600},,,,,
08:12:58.081,,,Windows Event Logs,Windows Event Log Creation,,,,SentinelOne,Thib-DC01,server,security,24.1.1.160,38cdf634e5004afca86e3aeb6fb6b8d5,01J82QQQXDKCBHACBJWARNWV56_143,preprocess-lib-1.0,EVENTLOG,11633,Windows Server 2022 Datacenter,usea1-purple.sentinelone.net,20348,F4EC44C9B2FF4D34A00150D43FAC2799,SDL,,default,,01J82QQQXDKCBHACBJWARNWV56,Security,,,,,48,,,,,,,,,,,,<Event xmlns='http://schemas.microsoft.com/win/2004/08/events/event'><System><Provider Name='Microsoft-Windows-Security-Auditing' Guid='{54849625-5478-4994-a5ba-3e3b0328c30d}'/><EventID>4985</EventID><Version>0</Version><Level>0</Level><Task>12800</Task><Opcode>0</Opcode><Keywords>0x8020000000000000</Keywords><TimeCreated SystemTime='2024-09-18T14:12:58.0818877Z'/><EventRecordID>70297024</EventRecordID><Correlation/><Execution ProcessID='4' ThreadID='5868'/><Channel>Security</Channel><Computer>Thib-DC01.letibe.lab</Computer><Security/></System><EventData><Data Name='SubjectUserSid'>S-1-5-18</Data><Data Name='SubjectUserName'>THIB-DC01$</Data><Data Name='SubjectDomainName'>LETIBE</Data><Data Name='SubjectLogonId'>0x3e7</Data><Data Name='TransactionId'>{de8e99f6-75c0-11ef-b490-aa9311e05a15}</Data><Data Name='NewState'>48</Data><Data Name='ResourceManager'>{f0c6fc36-b954-11ed-bb1f-8bf44bac8386}</Data><Data Name='ProcessId'>0xb74</Data><Data Name='ProcessName'>C:\Program Files\SentinelOne\Sentinel Agent 24.1.1.160\SentinelAgent.exe</Data></EventData></Event>,Microsoft-Windows-Security-Auditing,Information,4985,THIB-DC01$,S-1-5-18,LETIBE,"'The state of a transaction has changed.

Subject:
	Security ID:		S-1-5-18
	Account Name:		THIB-DC01$
	Account Domain:		LETIBE
	Logon ID:		0x3E7

Transaction Information:
	RM Transaction ID:	{de8e99f6-75c0-11ef-b490-aa9311e05a15}
	New State:		48
	Resource Manager:	{f0c6fc36-b954-11ed-bb1f-8bf44bac8386}

Process Information:
	Process ID:		0xb74
	Process Name:		C:\Program Files\SentinelOne\Sentinel Agent 24.1.1.160\SentinelAgent.exe",http://schemas.microsoft.com/win/2004/08/events/event,0,2024-09-18T14:12:58.0818877Z,12800,,,Microsoft-Windows-Security-Auditing,{54849625-5478-4994-a5ba-3e3b0328c30d},0,0,0x8020000000000000,5868,4,70297024,4985,,,Thib-DC01.letibe.lab,Security,,,,{de8e99f6-75c0-11ef-b490-aa9311e05a15},,,,,,,S-1-5-18,THIB-DC01$,0x3E7,LETIBE,,,{f0c6fc36-b954-11ed-bb1f-8bf44bac8386},,,,C:\Program Files\SentinelOne\Sentinel Agent 24.1.1.160\SentinelAgent.exe,0xB74,,,,,,
