08:12:48.412,,,Windows Event Logs,Windows Event Log Creation,,,,SentinelOne,SKYNET,desktop,security,23.1.2.400,faafacda006f44dd86f62f749777539a,01J82TDN5PAXRM5B0MKJZ0D7SR_31,preprocess-lib-1.0,EVENTLOG,11633,Windows 10 Enterprise Evaluation,usea1-purple.sentinelone.net,17763,48ADA42E794648DC92BBCBD1C4BB706A,SDL,,default,,01J82TDN5PAXRM5B0MKJZ0D7SR,Security,,,,,48,,,,,,,,,,,,<Event xmlns='http://schemas.microsoft.com/win/2004/08/events/event'><System><Provider Name='Microsoft-Windows-Security-Auditing' Guid='{54849625-5478-4994-a5ba-3e3b0328c30d}'/><EventID>4985</EventID><Version>0</Version><Level>0</Level><Task>12800</Task><Opcode>0</Opcode><Keywords>0x8020000000000000</Keywords><TimeCreated SystemTime='2024-09-18T14:58:46.981345500Z'/><EventRecordID>4083435</EventRecordID><Correlation/><Execution ProcessID='4' ThreadID='5460'/><Channel>Security</Channel><Computer>SKYNET.starfleet.corp</Computer><Security/></System><EventData><Data Name='SubjectUserSid'>S-1-5-18</Data><Data Name='SubjectUserName'>SKYNET$</Data><Data Name='SubjectDomainName'>STARFLEET</Data><Data Name='SubjectLogonId'>0x3e7</Data><Data Name='TransactionId'>{ceb757d6-75cb-11ef-a7c0-000c2968cd17}</Data><Data Name='NewState'>48</Data><Data Name='ResourceManager'>{310a9088-4a91-11e9-9501-b252ac81e352}</Data><Data Name='ProcessId'>0xc1c</Data><Data Name='ProcessName'>C:\Program Files\SentinelOne\Sentinel Agent 23.1.2.400\SentinelAgent.exe</Data></EventData></Event>,Microsoft-Windows-Security-Auditing,Information,4985,,,,"'The state of a transaction has changed.

Subject:
	Security ID:		S-1-5-18
	Account Name:		SKYNET$
	Account Domain:		STARFLEET
	Logon ID:		0x3E7

Transaction Information:
	RM Transaction ID:	{ceb757d6-75cb-11ef-a7c0-000c2968cd17}
	New State:		48
	Resource Manager:	{310a9088-4a91-11e9-9501-b252ac81e352}

Process Information:
	Process ID:		0xc1c
	Process Name:		C:\Program Files\SentinelOne\Sentinel Agent 23.1.2.400\SentinelAgent.exe",http://schemas.microsoft.com/win/2004/08/events/event,0,2024-09-18T14:58:46.981345500Z,12800,,,Microsoft-Windows-Security-Auditing,{54849625-5478-4994-a5ba-3e3b0328c30d},0,0,0x8020000000000000,5460,4,4083435,4985,,,SKYNET.starfleet.corp,Security,,,,{ceb757d6-75cb-11ef-a7c0-000c2968cd17},,,,,,,S-1-5-18,SKYNET$,0x3E7,STARFLEET,,,{310a9088-4a91-11e9-9501-b252ac81e352},,,,C:\Program Files\SentinelOne\Sentinel Agent 23.1.2.400\SentinelAgent.exe,0xC1C,,,,,,
08:12:48.412,,,Windows Event Logs,Windows Event Log Creation,,,,SentinelOne,SKYNET,desktop,security,23.1.2.400,faafacda006f44dd86f62f749777539a,01J82TDN5PAXRM5B0MKJZ0D7SR_32,preprocess-lib-1.0,EVENTLOG,11633,Windows 10 Enterprise Evaluation,usea1-purple.sentinelone.net,17763,48ADA42E794648DC92BBCBD1C4BB706A,SDL,,default,,01J82TDN5PAXRM5B0MKJZ0D7SR,Security,,,,,52,,,,,,,,,,,,<Event xmlns='http://schemas.microsoft.com/win/2004/08/events/event'><System><Provider Name='Microsoft-Windows-Security-Auditing' Guid='{54849625-5478-4994-a5ba-3e3b0328c30d}'/><EventID>4985</EventID><Version>0</Version><Level>0</Level><Task>12800</Task><Opcode>0</Opcode><Keywords>0x8020000000000000</Keywords><TimeCreated SystemTime='2024-09-18T14:58:46.981624400Z'/><EventRecordID>4083436</EventRecordID><Correlation/><Execution ProcessID='4' ThreadID='5460'/><Channel>Security</Channel><Computer>SKYNET.starfleet.corp</Computer><Security/></System><EventData><Data Name='SubjectUserSid'>S-1-5-18</Data><Data Name='SubjectUserName'>SKYNET$</Data><Data Name='SubjectDomainName'>STARFLEET</Data><Data Name='SubjectLogonId'>0x3e7</Data><Data Name='TransactionId'>{ceb757d6-75cb-11ef-a7c0-000c2968cd17}</Data><Data Name='NewState'>52</Data><Data Name='ResourceManager'>{310a9088-4a91-11e9-9501-b252ac81e352}</Data><Data Name='ProcessId'>0xc1c</Data><Data Name='ProcessName'>C:\Program Files\SentinelOne\Sentinel Agent 23.1.2.400\SentinelAgent.exe</Data></EventData></Event>,Microsoft-Windows-Security-Auditing,Information,4985,,,,"'The state of a transaction has changed.

Subject:
	Security ID:		S-1-5-18
	Account Name:		SKYNET$
	Account Domain:		STARFLEET
	Logon ID:		0x3E7

Transaction Information:
	RM Transaction ID:	{ceb757d6-75cb-11ef-a7c0-000c2968cd17}
	New State:		52
	Resource Manager:	{310a9088-4a91-11e9-9501-b252ac81e352}

Process Information:
	Process ID:		0xc1c
	Process Name:		C:\Program Files\SentinelOne\Sentinel Agent 23.1.2.400\SentinelAgent.exe",http://schemas.microsoft.com/win/2004/08/events/event,0,2024-09-18T14:58:46.981624400Z,12800,,,Microsoft-Windows-Security-Auditing,{54849625-5478-4994-a5ba-3e3b0328c30d},0,0,0x8020000000000000,5460,4,4083436,4985,,,SKYNET.starfleet.corp,Security,,,,{ceb757d6-75cb-11ef-a7c0-000c2968cd17},,,,,,,S-1-5-18,SKYNET$,0x3E7,STARFLEET,,,{310a9088-4a91-11e9-9501-b252ac81e352},,,,C:\Program Files\SentinelOne\Sentinel Agent 23.1.2.400\SentinelAgent.exe,0xC1C,,,,,,
08:12:48.412,,,Windows Event Logs,Windows Event Log Creation,,,,SentinelOne,SKYNET,desktop,security,23.1.2.400,faafacda006f44dd86f62f749777539a,01J82TDN5PAXRM5B0MKJZ0D7SR_34,preprocess-lib-1.0,EVENTLOG,11633,Windows 10 Enterprise Evaluation,usea1-purple.sentinelone.net,17763,48ADA42E794648DC92BBCBD1C4BB706A,SDL,,default,,01J82TDN5PAXRM5B0MKJZ0D7SR,Security,%%1552,0x1,WMI,ROOT\CIMV2\Security\MicrosoftVolumeEncryption,,,0x0,,,,,,,,ROOT\CIMV2\Security\MicrosoftVolumeEncryption,Local Read (ConnectServer),"'<Event xmlns='http://schemas.microsoft.com/win/2004/08/events/event'><System><Provider Name='Microsoft-Windows-Security-Auditing' Guid='{54849625-5478-4994-a5ba-3e3b0328c30d}'/><EventID>4662</EventID><Version>0</Version><Level>0</Level><Task>12804</Task><Opcode>0</Opcode><Keywords>0x8020000000000000</Keywords><TimeCreated SystemTime='2024-09-18T14:58:51.494301300Z'/><EventRecordID>4083437</EventRecordID><Correlation ActivityID='{4934672b-cf21-4037-bc80-f49cb1868c37}'/><Execution ProcessID='648' ThreadID='7444'/><Channel>Security</Channel><Computer>SKYNET.starfleet.corp</Computer><Security/></System><EventData><Data Name='SubjectUserSid'>S-1-5-18</Data><Data Name='SubjectUserName'>SKYNET$</Data><Data Name='SubjectDomainName'>STARFLEET</Data><Data Name='SubjectLogonId'>0x3e7</Data><Data Name='ObjectServer'>WMI</Data><Data Name='ObjectType'>WMI Namespace</Data><Data Name='ObjectName'>ROOT\CIMV2\Security\MicrosoftVolumeEncryption</Data><Data Name='OperationType'>Object Access</Data><Data Name='HandleId'>0x0</Data><Data Name='AccessList'>%%1552
				</Data><Data Name='AccessMask'>0x1</Data><Data Name='Properties'>-</Data><Data Name='AdditionalInfo'>Local Read (ConnectServer)</Data><Data Name='AdditionalInfo2'>ROOT\CIMV2\Security\MicrosoftVolumeEncryption</Data></EventData></Event>",Microsoft-Windows-Security-Auditing,Information,4662,,,,"'An operation was performed on an object.

Subject :
	Security ID:		S-1-5-18
	Account Name:		SKYNET$
	Account Domain:		STARFLEET
	Logon ID:		0x3E7

Object:
	Object Server:		WMI
	Object Type:		WMI Namespace
	Object Name:		ROOT\CIMV2\Security\MicrosoftVolumeEncryption
	Handle ID:		0x0

Operation:
	Operation Type:		Object Access
	Accesses:		Unknown specific access (bit 0)
				
	Access Mask:		0x1
	Properties:		-

Additional Information:
	Parameter 1:		Local Read (ConnectServer)
	Parameter 2:		ROOT\CIMV2\Security\MicrosoftVolumeEncryption",http://schemas.microsoft.com/win/2004/08/events/event,0,2024-09-18T14:58:51.494301300Z,12804,,,Microsoft-Windows-Security-Auditing,{54849625-5478-4994-a5ba-3e3b0328c30d},0,0,0x8020000000000000,7444,648,4083437,4662,{4934672b-cf21-4037-bc80-f49cb1868c37},,SKYNET.starfleet.corp,Security,,,,,,,,,,,S-1-5-18,SKYNET$,0x3E7,STARFLEET,,,,,-,,,,,,,Object Access,WMI Namespace,
08:12:48.412,,,Windows Event Logs,Windows Event Log Creation,,,,SentinelOne,SKYNET,desktop,security,23.1.2.400,faafacda006f44dd86f62f749777539a,01J82TDN5PAXRM5B0MKJZ0D7SR_35,preprocess-lib-1.0,EVENTLOG,11633,Windows 10 Enterprise Evaluation,usea1-purple.sentinelone.net,17763,48ADA42E794648DC92BBCBD1C4BB706A,SDL,,default,,01J82TDN5PAXRM5B0MKJZ0D7SR,Security,%%1552,0x1,WMI,ROOT\CIMV2\Security\MicrosoftVolumeEncryption,,,0x0,,,,,,,,ROOT\CIMV2\Security\MicrosoftVolumeEncryption:SELECT * FROM Win32_EncryptableVolume,Local Read (ExecQuery),"'<Event xmlns='http://schemas.microsoft.com/win/2004/08/events/event'><System><Provider Name='Microsoft-Windows-Security-Auditing' Guid='{54849625-5478-4994-a5ba-3e3b0328c30d}'/><EventID>4662</EventID><Version>0</Version><Level>0</Level><Task>12804</Task><Opcode>0</Opcode><Keywords>0x8020000000000000</Keywords><TimeCreated SystemTime='2024-09-18T14:58:51.494832900Z'/><EventRecordID>4083438</EventRecordID><Correlation ActivityID='{031c017b-3dc9-490d-925b-b470292cc205}'/><Execution ProcessID='648' ThreadID='7444'/><Channel>Security</Channel><Computer>SKYNET.starfleet.corp</Computer><Security/></System><EventData><Data Name='SubjectUserSid'>S-1-5-18</Data><Data Name='SubjectUserName'>SKYNET$</Data><Data Name='SubjectDomainName'>STARFLEET</Data><Data Name='SubjectLogonId'>0x3e7</Data><Data Name='ObjectServer'>WMI</Data><Data Name='ObjectType'>WMI Namespace</Data><Data Name='ObjectName'>ROOT\CIMV2\Security\MicrosoftVolumeEncryption</Data><Data Name='OperationType'>Object Access</Data><Data Name='HandleId'>0x0</Data><Data Name='AccessList'>%%1552
				</Data><Data Name='AccessMask'>0x1</Data><Data Name='Properties'>-</Data><Data Name='AdditionalInfo'>Local Read (ExecQuery)</Data><Data Name='AdditionalInfo2'>ROOT\CIMV2\Security\MicrosoftVolumeEncryption:SELECT * FROM Win32_EncryptableVolume</Data></EventData></Event>",Microsoft-Windows-Security-Auditing,Information,4662,,,,"'An operation was performed on an object.

Subject :
	Security ID:		S-1-5-18
	Account Name:		SKYNET$
	Account Domain:		STARFLEET
	Logon ID:		0x3E7

Object:
	Object Server:		WMI
	Object Type:		WMI Namespace
	Object Name:		ROOT\CIMV2\Security\MicrosoftVolumeEncryption
	Handle ID:		0x0

Operation:
	Operation Type:		Object Access
	Accesses:		Unknown specific access (bit 0)
				
	Access Mask:		0x1
	Properties:		-

Additional Information:
	Parameter 1:		Local Read (ExecQuery)
	Parameter 2:		ROOT\CIMV2\Security\MicrosoftVolumeEncryption:SELECT * FROM Win32_EncryptableVolume",http://schemas.microsoft.com/win/2004/08/events/event,0,2024-09-18T14:58:51.494832900Z,12804,,,Microsoft-Windows-Security-Auditing,{54849625-5478-4994-a5ba-3e3b0328c30d},0,0,0x8020000000000000,7444,648,4083438,4662,{031c017b-3dc9-490d-925b-b470292cc205},,SKYNET.starfleet.corp,Security,,,,,,,,,,,S-1-5-18,SKYNET$,0x3E7,STARFLEET,,,,,-,,,,,,,Object Access,WMI Namespace,
08:12:48.412,,,Windows Event Logs,Windows Event Log Creation,,,,SentinelOne,SKYNET,desktop,security,23.1.2.400,faafacda006f44dd86f62f749777539a,01J82TDN5PAXRM5B0MKJZ0D7SR_36,preprocess-lib-1.0,EVENTLOG,11633,Windows 10 Enterprise Evaluation,usea1-purple.sentinelone.net,17763,48ADA42E794648DC92BBCBD1C4BB706A,SDL,,default,,01J82TDN5PAXRM5B0MKJZ0D7SR,Security,,,,,48,,,,,,,,,,,,<Event xmlns='http://schemas.microsoft.com/win/2004/08/events/event'><System><Provider Name='Microsoft-Windows-Security-Auditing' Guid='{54849625-5478-4994-a5ba-3e3b0328c30d}'/><EventID>4985</EventID><Version>0</Version><Level>0</Level><Task>12800</Task><Opcode>0</Opcode><Keywords>0x8020000000000000</Keywords><TimeCreated SystemTime='2024-09-18T14:58:51.795296500Z'/><EventRecordID>4083439</EventRecordID><Correlation/><Execution ProcessID='4' ThreadID='5396'/><Channel>Security</Channel><Computer>SKYNET.starfleet.corp</Computer><Security/></System><EventData><Data Name='SubjectUserSid'>S-1-5-18</Data><Data Name='SubjectUserName'>SKYNET$</Data><Data Name='SubjectDomainName'>STARFLEET</Data><Data Name='SubjectLogonId'>0x3e7</Data><Data Name='TransactionId'>{ceb757db-75cb-11ef-a7c0-000c2968cd17}</Data><Data Name='NewState'>48</Data><Data Name='ResourceManager'>{310a9088-4a91-11e9-9501-b252ac81e352}</Data><Data Name='ProcessId'>0xc1c</Data><Data Name='ProcessName'>C:\Program Files\SentinelOne\Sentinel Agent 23.1.2.400\SentinelAgent.exe</Data></EventData></Event>,Microsoft-Windows-Security-Auditing,Information,4985,,,,"'The state of a transaction has changed.

Subject:
	Security ID:		S-1-5-18
	Account Name:		SKYNET$
	Account Domain:		STARFLEET
	Logon ID:		0x3E7

Transaction Information:
	RM Transaction ID:	{ceb757db-75cb-11ef-a7c0-000c2968cd17}
	New State:		48
	Resource Manager:	{310a9088-4a91-11e9-9501-b252ac81e352}

Process Information:
	Process ID:		0xc1c
	Process Name:		C:\Program Files\SentinelOne\Sentinel Agent 23.1.2.400\SentinelAgent.exe",http://schemas.microsoft.com/win/2004/08/events/event,0,2024-09-18T14:58:51.795296500Z,12800,,,Microsoft-Windows-Security-Auditing,{54849625-5478-4994-a5ba-3e3b0328c30d},0,0,0x8020000000000000,5396,4,4083439,4985,,,SKYNET.starfleet.corp,Security,,,,{ceb757db-75cb-11ef-a7c0-000c2968cd17},,,,,,,S-1-5-18,SKYNET$,0x3E7,STARFLEET,,,{310a9088-4a91-11e9-9501-b252ac81e352},,,,C:\Program Files\SentinelOne\Sentinel Agent 23.1.2.400\SentinelAgent.exe,0xC1C,,,,,,
08:12:48.412,,,Windows Event Logs,Windows Event Log Creation,,,,SentinelOne,SKYNET,desktop,security,23.1.2.400,faafacda006f44dd86f62f749777539a,01J82TDN5PAXRM5B0MKJZ0D7SR_37,preprocess-lib-1.0,EVENTLOG,11633,Windows 10 Enterprise Evaluation,usea1-purple.sentinelone.net,17763,48ADA42E794648DC92BBCBD1C4BB706A,SDL,,default,,01J82TDN5PAXRM5B0MKJZ0D7SR,Security,,,,,52,,,,,,,,,,,,<Event xmlns='http://schemas.microsoft.com/win/2004/08/events/event'><System><Provider Name='Microsoft-Windows-Security-Auditing' Guid='{54849625-5478-4994-a5ba-3e3b0328c30d}'/><EventID>4985</EventID><Version>0</Version><Level>0</Level><Task>12800</Task><Opcode>0</Opcode><Keywords>0x8020000000000000</Keywords><TimeCreated SystemTime='2024-09-18T14:58:51.795399800Z'/><EventRecordID>4083440</EventRecordID><Correlation/><Execution ProcessID='4' ThreadID='5396'/><Channel>Security</Channel><Computer>SKYNET.starfleet.corp</Computer><Security/></System><EventData><Data Name='SubjectUserSid'>S-1-5-18</Data><Data Name='SubjectUserName'>SKYNET$</Data><Data Name='SubjectDomainName'>STARFLEET</Data><Data Name='SubjectLogonId'>0x3e7</Data><Data Name='TransactionId'>{ceb757db-75cb-11ef-a7c0-000c2968cd17}</Data><Data Name='NewState'>52</Data><Data Name='ResourceManager'>{310a9088-4a91-11e9-9501-b252ac81e352}</Data><Data Name='ProcessId'>0xc1c</Data><Data Name='ProcessName'>C:\Program Files\SentinelOne\Sentinel Agent 23.1.2.400\SentinelAgent.exe</Data></EventData></Event>,Microsoft-Windows-Security-Auditing,Information,4985,,,,"'The state of a transaction has changed.

Subject:
	Security ID:		S-1-5-18
	Account Name:		SKYNET$
	Account Domain:		STARFLEET
	Logon ID:		0x3E7

Transaction Information:
	RM Transaction ID:	{ceb757db-75cb-11ef-a7c0-000c2968cd17}
	New State:		52
	Resource Manager:	{310a9088-4a91-11e9-9501-b252ac81e352}

Process Information:
	Process ID:		0xc1c
	Process Name:		C:\Program Files\SentinelOne\Sentinel Agent 23.1.2.400\SentinelAgent.exe",http://schemas.microsoft.com/win/2004/08/events/event,0,2024-09-18T14:58:51.795399800Z,12800,,,Microsoft-Windows-Security-Auditing,{54849625-5478-4994-a5ba-3e3b0328c30d},0,0,0x8020000000000000,5396,4,4083440,4985,,,SKYNET.starfleet.corp,Security,,,,{ceb757db-75cb-11ef-a7c0-000c2968cd17},,,,,,,S-1-5-18,SKYNET$,0x3E7,STARFLEET,,,{310a9088-4a91-11e9-9501-b252ac81e352},,,,C:\Program Files\SentinelOne\Sentinel Agent 23.1.2.400\SentinelAgent.exe,0xC1C,,,,,,
08:12:48.412,,,Windows Event Logs,Windows Event Log Creation,,,,SentinelOne,SKYNET,desktop,security,23.1.2.400,faafacda006f44dd86f62f749777539a,01J82TDN5PAXRM5B0MKJZ0D7SR_55,preprocess-lib-1.0,EVENTLOG,11633,Windows 10 Enterprise Evaluation,usea1-purple.sentinelone.net,17763,48ADA42E794648DC92BBCBD1C4BB706A,SDL,,default,,01J82TDN5PAXRM5B0MKJZ0D7SR,Security,,,,,,,,,,,,C:\Windows\System32\VSSVC.exe,0x240,,,,<Event xmlns='http://schemas.microsoft.com/win/2004/08/events/event'><System><Provider Name='Microsoft-Windows-Security-Auditing' Guid='{54849625-5478-4994-a5ba-3e3b0328c30d}'/><EventID>4799</EventID><Version>0</Version><Level>0</Level><Task>13826</Task><Opcode>0</Opcode><Keywords>0x8020000000000000</Keywords><TimeCreated SystemTime='2024-09-18T14:58:53.760563600Z'/><EventRecordID>4083442</EventRecordID><Correlation ActivityID='{906a7240-609f-4672-87f6-f62e0d64cd84}'/><Execution ProcessID='648' ThreadID='7444'/><Channel>Security</Channel><Computer>SKYNET.starfleet.corp</Computer><Security/></System><EventData><Data Name='TargetUserName'>Administrators</Data><Data Name='TargetDomainName'>Builtin</Data><Data Name='TargetSid'>S-1-5-32-544</Data><Data Name='SubjectUserSid'>S-1-5-18</Data><Data Name='SubjectUserName'>SKYNET$</Data><Data Name='SubjectDomainName'>STARFLEET</Data><Data Name='SubjectLogonId'>0x3e7</Data><Data Name='CallerProcessId'>0x240</Data><Data Name='CallerProcessName'>C:\Windows\System32\VSSVC.exe</Data></EventData></Event>,Microsoft-Windows-Security-Auditing,Information,4799,,,,"'A security-enabled local group membership was enumerated.

Subject:
	Security ID:		S-1-5-18
	Account Name:		SKYNET$
	Account Domain:		STARFLEET
	Logon ID:		0x3E7

Group:
	Security ID:		S-1-5-32-544
	Group Name:		Administrators
	Group Domain:		Builtin

Process Information:
	Process ID:		0x240
	Process Name:		C:\Windows\System32\VSSVC.exe",http://schemas.microsoft.com/win/2004/08/events/event,0,2024-09-18T14:58:53.760563600Z,13826,,,Microsoft-Windows-Security-Auditing,{54849625-5478-4994-a5ba-3e3b0328c30d},0,0,0x8020000000000000,7444,648,4083442,4799,{906a7240-609f-4672-87f6-f62e0d64cd84},,SKYNET.starfleet.corp,Security,,,,,,Administrators,S-1-5-32-544,,Builtin,,S-1-5-18,SKYNET$,0x3E7,STARFLEET,,,,,,,,,,,,,,
08:12:48.412,,,Windows Event Logs,Windows Event Log Creation,,,,SentinelOne,SKYNET,desktop,security,23.1.2.400,faafacda006f44dd86f62f749777539a,01J82TDN5PAXRM5B0MKJZ0D7SR_56,preprocess-lib-1.0,EVENTLOG,11633,Windows 10 Enterprise Evaluation,usea1-purple.sentinelone.net,17763,48ADA42E794648DC92BBCBD1C4BB706A,SDL,,default,,01J82TDN5PAXRM5B0MKJZ0D7SR,Security,,,,,,,,,,,,C:\Windows\System32\VSSVC.exe,0x240,,,,<Event xmlns='http://schemas.microsoft.com/win/2004/08/events/event'><System><Provider Name='Microsoft-Windows-Security-Auditing' Guid='{54849625-5478-4994-a5ba-3e3b0328c30d}'/><EventID>4799</EventID><Version>0</Version><Level>0</Level><Task>13826</Task><Opcode>0</Opcode><Keywords>0x8020000000000000</Keywords><TimeCreated SystemTime='2024-09-18T14:58:53.761697300Z'/><EventRecordID>4083443</EventRecordID><Correlation ActivityID='{59ce71f6-d1cd-4b4d-a71a-72576d300955}'/><Execution ProcessID='648' ThreadID='7444'/><Channel>Security</Channel><Computer>SKYNET.starfleet.corp</Computer><Security/></System><EventData><Data Name='TargetUserName'>Backup Operators</Data><Data Name='TargetDomainName'>Builtin</Data><Data Name='TargetSid'>S-1-5-32-551</Data><Data Name='SubjectUserSid'>S-1-5-18</Data><Data Name='SubjectUserName'>SKYNET$</Data><Data Name='SubjectDomainName'>STARFLEET</Data><Data Name='SubjectLogonId'>0x3e7</Data><Data Name='CallerProcessId'>0x240</Data><Data Name='CallerProcessName'>C:\Windows\System32\VSSVC.exe</Data></EventData></Event>,Microsoft-Windows-Security-Auditing,Information,4799,,,,"'A security-enabled local group membership was enumerated.

Subject:
	Security ID:		S-1-5-18
	Account Name:		SKYNET$
	Account Domain:		STARFLEET
	Logon ID:		0x3E7

Group:
	Security ID:		S-1-5-32-551
	Group Name:		Backup Operators
	Group Domain:		Builtin

Process Information:
	Process ID:		0x240
	Process Name:		C:\Windows\System32\VSSVC.exe",http://schemas.microsoft.com/win/2004/08/events/event,0,2024-09-18T14:58:53.761697300Z,13826,,,Microsoft-Windows-Security-Auditing,{54849625-5478-4994-a5ba-3e3b0328c30d},0,0,0x8020000000000000,7444,648,4083443,4799,{59ce71f6-d1cd-4b4d-a71a-72576d300955},,SKYNET.starfleet.corp,Security,,,,,,Backup Operators,S-1-5-32-551,,Builtin,,S-1-5-18,SKYNET$,0x3E7,STARFLEET,,,,,,,,,,,,,,
08:12:48.412,,,Windows Event Logs,Windows Event Log Creation,,,,SentinelOne,SKYNET,desktop,security,23.1.2.400,faafacda006f44dd86f62f749777539a,01J82TDN5PAXRM5B0MKJZ0D7SR_57,preprocess-lib-1.0,EVENTLOG,11633,Windows 10 Enterprise Evaluation,usea1-purple.sentinelone.net,17763,48ADA42E794648DC92BBCBD1C4BB706A,SDL,,default,,01J82TDN5PAXRM5B0MKJZ0D7SR,Security,,,,,,,,,,,,C:\Windows\System32\VSSVC.exe,0x240,,,,<Event xmlns='http://schemas.microsoft.com/win/2004/08/events/event'><System><Provider Name='Microsoft-Windows-Security-Auditing' Guid='{54849625-5478-4994-a5ba-3e3b0328c30d}'/><EventID>4799</EventID><Version>0</Version><Level>0</Level><Task>13826</Task><Opcode>0</Opcode><Keywords>0x8020000000000000</Keywords><TimeCreated SystemTime='2024-09-18T14:58:53.785798100Z'/><EventRecordID>4083444</EventRecordID><Correlation ActivityID='{7a9fc394-f230-4b7a-9898-8f258c612a6a}'/><Execution ProcessID='648' ThreadID='1688'/><Channel>Security</Channel><Computer>SKYNET.starfleet.corp</Computer><Security/></System><EventData><Data Name='TargetUserName'>Administrators</Data><Data Name='TargetDomainName'>Builtin</Data><Data Name='TargetSid'>S-1-5-32-544</Data><Data Name='SubjectUserSid'>S-1-5-18</Data><Data Name='SubjectUserName'>SKYNET$</Data><Data Name='SubjectDomainName'>STARFLEET</Data><Data Name='SubjectLogonId'>0x3e7</Data><Data Name='CallerProcessId'>0x240</Data><Data Name='CallerProcessName'>C:\Windows\System32\VSSVC.exe</Data></EventData></Event>,Microsoft-Windows-Security-Auditing,Information,4799,,,,"'A security-enabled local group membership was enumerated.

Subject:
	Security ID:		S-1-5-18
	Account Name:		SKYNET$
	Account Domain:		STARFLEET
	Logon ID:		0x3E7

Group:
	Security ID:		S-1-5-32-544
	Group Name:		Administrators
	Group Domain:		Builtin

Process Information:
	Process ID:		0x240
	Process Name:		C:\Windows\System32\VSSVC.exe",http://schemas.microsoft.com/win/2004/08/events/event,0,2024-09-18T14:58:53.785798100Z,13826,,,Microsoft-Windows-Security-Auditing,{54849625-5478-4994-a5ba-3e3b0328c30d},0,0,0x8020000000000000,1688,648,4083444,4799,{7a9fc394-f230-4b7a-9898-8f258c612a6a},,SKYNET.starfleet.corp,Security,,,,,,Administrators,S-1-5-32-544,,Builtin,,S-1-5-18,SKYNET$,0x3E7,STARFLEET,,,,,,,,,,,,,,
08:12:48.412,,,Windows Event Logs,Windows Event Log Creation,,,,SentinelOne,SKYNET,desktop,security,23.1.2.400,faafacda006f44dd86f62f749777539a,01J82TDN5PAXRM5B0MKJZ0D7SR_58,preprocess-lib-1.0,EVENTLOG,11633,Windows 10 Enterprise Evaluation,usea1-purple.sentinelone.net,17763,48ADA42E794648DC92BBCBD1C4BB706A,SDL,,default,,01J82TDN5PAXRM5B0MKJZ0D7SR,Security,,,,,,,,,,,,C:\Windows\System32\VSSVC.exe,0x240,,,,<Event xmlns='http://schemas.microsoft.com/win/2004/08/events/event'><System><Provider Name='Microsoft-Windows-Security-Auditing' Guid='{54849625-5478-4994-a5ba-3e3b0328c30d}'/><EventID>4799</EventID><Version>0</Version><Level>0</Level><Task>13826</Task><Opcode>0</Opcode><Keywords>0x8020000000000000</Keywords><TimeCreated SystemTime='2024-09-18T14:58:53.786769200Z'/><EventRecordID>4083445</EventRecordID><Correlation ActivityID='{d4fbbead-90f8-4a13-a02a-2adfc0304938}'/><Execution ProcessID='648' ThreadID='1688'/><Channel>Security</Channel><Computer>SKYNET.starfleet.corp</Computer><Security/></System><EventData><Data Name='TargetUserName'>Backup Operators</Data><Data Name='TargetDomainName'>Builtin</Data><Data Name='TargetSid'>S-1-5-32-551</Data><Data Name='SubjectUserSid'>S-1-5-18</Data><Data Name='SubjectUserName'>SKYNET$</Data><Data Name='SubjectDomainName'>STARFLEET</Data><Data Name='SubjectLogonId'>0x3e7</Data><Data Name='CallerProcessId'>0x240</Data><Data Name='CallerProcessName'>C:\Windows\System32\VSSVC.exe</Data></EventData></Event>,Microsoft-Windows-Security-Auditing,Information,4799,,,,"'A security-enabled local group membership was enumerated.

Subject:
	Security ID:		S-1-5-18
	Account Name:		SKYNET$
	Account Domain:		STARFLEET
	Logon ID:		0x3E7

Group:
	Security ID:		S-1-5-32-551
	Group Name:		Backup Operators
	Group Domain:		Builtin

Process Information:
	Process ID:		0x240
	Process Name:		C:\Windows\System32\VSSVC.exe",http://schemas.microsoft.com/win/2004/08/events/event,0,2024-09-18T14:58:53.786769200Z,13826,,,Microsoft-Windows-Security-Auditing,{54849625-5478-4994-a5ba-3e3b0328c30d},0,0,0x8020000000000000,1688,648,4083445,4799,{d4fbbead-90f8-4a13-a02a-2adfc0304938},,SKYNET.starfleet.corp,Security,,,,,,Backup Operators,S-1-5-32-551,,Builtin,,S-1-5-18,SKYNET$,0x3E7,STARFLEET,,,,,,,,,,,,,,
08:12:48.412,,,Windows Event Logs,Windows Event Log Creation,,,,SentinelOne,SKYNET,desktop,security,23.1.2.400,faafacda006f44dd86f62f749777539a,01J82TDN5PAXRM5B0MKJZ0D7SR_59,preprocess-lib-1.0,EVENTLOG,11633,Windows 10 Enterprise Evaluation,usea1-purple.sentinelone.net,17763,48ADA42E794648DC92BBCBD1C4BB706A,SDL,,default,,01J82TDN5PAXRM5B0MKJZ0D7SR,Security,,,,,,,,,,,,C:\Windows\System32\VSSVC.exe,0x240,,,,<Event xmlns='http://schemas.microsoft.com/win/2004/08/events/event'><System><Provider Name='Microsoft-Windows-Security-Auditing' Guid='{54849625-5478-4994-a5ba-3e3b0328c30d}'/><EventID>4799</EventID><Version>0</Version><Level>0</Level><Task>13826</Task><Opcode>0</Opcode><Keywords>0x8020000000000000</Keywords><TimeCreated SystemTime='2024-09-18T14:58:53.794901800Z'/><EventRecordID>4083446</EventRecordID><Correlation ActivityID='{26177e17-3a71-4e67-8cbe-e9b499325419}'/><Execution ProcessID='648' ThreadID='7444'/><Channel>Security</Channel><Computer>SKYNET.starfleet.corp</Computer><Security/></System><EventData><Data Name='TargetUserName'>Administrators</Data><Data Name='TargetDomainName'>Builtin</Data><Data Name='TargetSid'>S-1-5-32-544</Data><Data Name='SubjectUserSid'>S-1-5-18</Data><Data Name='SubjectUserName'>SKYNET$</Data><Data Name='SubjectDomainName'>STARFLEET</Data><Data Name='SubjectLogonId'>0x3e7</Data><Data Name='CallerProcessId'>0x240</Data><Data Name='CallerProcessName'>C:\Windows\System32\VSSVC.exe</Data></EventData></Event>,Microsoft-Windows-Security-Auditing,Information,4799,,,,"'A security-enabled local group membership was enumerated.

Subject:
	Security ID:		S-1-5-18
	Account Name:		SKYNET$
	Account Domain:		STARFLEET
	Logon ID:		0x3E7

Group:
	Security ID:		S-1-5-32-544
	Group Name:		Administrators
	Group Domain:		Builtin

Process Information:
	Process ID:		0x240
	Process Name:		C:\Windows\System32\VSSVC.exe",http://schemas.microsoft.com/win/2004/08/events/event,0,2024-09-18T14:58:53.794901800Z,13826,,,Microsoft-Windows-Security-Auditing,{54849625-5478-4994-a5ba-3e3b0328c30d},0,0,0x8020000000000000,7444,648,4083446,4799,{26177e17-3a71-4e67-8cbe-e9b499325419},,SKYNET.starfleet.corp,Security,,,,,,Administrators,S-1-5-32-544,,Builtin,,S-1-5-18,SKYNET$,0x3E7,STARFLEET,,,,,,,,,,,,,,
08:12:48.412,,,Windows Event Logs,Windows Event Log Creation,,,,SentinelOne,SKYNET,desktop,security,23.1.2.400,faafacda006f44dd86f62f749777539a,01J82TDN5PAXRM5B0MKJZ0D7SR_60,preprocess-lib-1.0,EVENTLOG,11633,Windows 10 Enterprise Evaluation,usea1-purple.sentinelone.net,17763,48ADA42E794648DC92BBCBD1C4BB706A,SDL,,default,,01J82TDN5PAXRM5B0MKJZ0D7SR,Security,,,,,,,,,,,,C:\Windows\System32\VSSVC.exe,0x240,,,,<Event xmlns='http://schemas.microsoft.com/win/2004/08/events/event'><System><Provider Name='Microsoft-Windows-Security-Auditing' Guid='{54849625-5478-4994-a5ba-3e3b0328c30d}'/><EventID>4799</EventID><Version>0</Version><Level>0</Level><Task>13826</Task><Opcode>0</Opcode><Keywords>0x8020000000000000</Keywords><TimeCreated SystemTime='2024-09-18T14:58:53.796085400Z'/><EventRecordID>4083447</EventRecordID><Correlation ActivityID='{1cb8fffd-c1f3-456e-8488-ec11ea39dd80}'/><Execution ProcessID='648' ThreadID='7444'/><Channel>Security</Channel><Computer>SKYNET.starfleet.corp</Computer><Security/></System><EventData><Data Name='TargetUserName'>Backup Operators</Data><Data Name='TargetDomainName'>Builtin</Data><Data Name='TargetSid'>S-1-5-32-551</Data><Data Name='SubjectUserSid'>S-1-5-18</Data><Data Name='SubjectUserName'>SKYNET$</Data><Data Name='SubjectDomainName'>STARFLEET</Data><Data Name='SubjectLogonId'>0x3e7</Data><Data Name='CallerProcessId'>0x240</Data><Data Name='CallerProcessName'>C:\Windows\System32\VSSVC.exe</Data></EventData></Event>,Microsoft-Windows-Security-Auditing,Information,4799,,,,"'A security-enabled local group membership was enumerated.

Subject:
	Security ID:		S-1-5-18
	Account Name:		SKYNET$
	Account Domain:		STARFLEET
	Logon ID:		0x3E7

Group:
	Security ID:		S-1-5-32-551
	Group Name:		Backup Operators
	Group Domain:		Builtin

Process Information:
	Process ID:		0x240
	Process Name:		C:\Windows\System32\VSSVC.exe",http://schemas.microsoft.com/win/2004/08/events/event,0,2024-09-18T14:58:53.796085400Z,13826,,,Microsoft-Windows-Security-Auditing,{54849625-5478-4994-a5ba-3e3b0328c30d},0,0,0x8020000000000000,7444,648,4083447,4799,{1cb8fffd-c1f3-456e-8488-ec11ea39dd80},,SKYNET.starfleet.corp,Security,,,,,,Backup Operators,S-1-5-32-551,,Builtin,,S-1-5-18,SKYNET$,0x3E7,STARFLEET,,,,,,,,,,,,,,
08:12:48.412,,,Windows Event Logs,Windows Event Log Creation,,,,SentinelOne,SKYNET,desktop,security,23.1.2.400,faafacda006f44dd86f62f749777539a,01J82TDN5PAXRM5B0MKJZ0D7SR_61,preprocess-lib-1.0,EVENTLOG,11633,Windows 10 Enterprise Evaluation,usea1-purple.sentinelone.net,17763,48ADA42E794648DC92BBCBD1C4BB706A,SDL,,default,,01J82TDN5PAXRM5B0MKJZ0D7SR,Security,,,,,,,,,,,,C:\Windows\System32\VSSVC.exe,0x240,,,,<Event xmlns='http://schemas.microsoft.com/win/2004/08/events/event'><System><Provider Name='Microsoft-Windows-Security-Auditing' Guid='{54849625-5478-4994-a5ba-3e3b0328c30d}'/><EventID>4799</EventID><Version>0</Version><Level>0</Level><Task>13826</Task><Opcode>0</Opcode><Keywords>0x8020000000000000</Keywords><TimeCreated SystemTime='2024-09-18T14:58:53.805360000Z'/><EventRecordID>4083448</EventRecordID><Correlation ActivityID='{d38c9203-7781-49cc-a85c-f5e57e1a27fb}'/><Execution ProcessID='648' ThreadID='7444'/><Channel>Security</Channel><Computer>SKYNET.starfleet.corp</Computer><Security/></System><EventData><Data Name='TargetUserName'>Administrators</Data><Data Name='TargetDomainName'>Builtin</Data><Data Name='TargetSid'>S-1-5-32-544</Data><Data Name='SubjectUserSid'>S-1-5-18</Data><Data Name='SubjectUserName'>SKYNET$</Data><Data Name='SubjectDomainName'>STARFLEET</Data><Data Name='SubjectLogonId'>0x3e7</Data><Data Name='CallerProcessId'>0x240</Data><Data Name='CallerProcessName'>C:\Windows\System32\VSSVC.exe</Data></EventData></Event>,Microsoft-Windows-Security-Auditing,Information,4799,,,,"'A security-enabled local group membership was enumerated.

Subject:
	Security ID:		S-1-5-18
	Account Name:		SKYNET$
	Account Domain:		STARFLEET
	Logon ID:		0x3E7

Group:
	Security ID:		S-1-5-32-544
	Group Name:		Administrators
	Group Domain:		Builtin

Process Information:
	Process ID:		0x240
	Process Name:		C:\Windows\System32\VSSVC.exe",http://schemas.microsoft.com/win/2004/08/events/event,0,2024-09-18T14:58:53.805360000Z,13826,,,Microsoft-Windows-Security-Auditing,{54849625-5478-4994-a5ba-3e3b0328c30d},0,0,0x8020000000000000,7444,648,4083448,4799,{d38c9203-7781-49cc-a85c-f5e57e1a27fb},,SKYNET.starfleet.corp,Security,,,,,,Administrators,S-1-5-32-544,,Builtin,,S-1-5-18,SKYNET$,0x3E7,STARFLEET,,,,,,,,,,,,,,
08:12:48.412,,,Windows Event Logs,Windows Event Log Creation,,,,SentinelOne,SKYNET,desktop,security,23.1.2.400,faafacda006f44dd86f62f749777539a,01J82TDN5PAXRM5B0MKJZ0D7SR_62,preprocess-lib-1.0,EVENTLOG,11633,Windows 10 Enterprise Evaluation,usea1-purple.sentinelone.net,17763,48ADA42E794648DC92BBCBD1C4BB706A,SDL,,default,,01J82TDN5PAXRM5B0MKJZ0D7SR,Security,,,,,,,,,,,,C:\Windows\System32\VSSVC.exe,0x240,,,,<Event xmlns='http://schemas.microsoft.com/win/2004/08/events/event'><System><Provider Name='Microsoft-Windows-Security-Auditing' Guid='{54849625-5478-4994-a5ba-3e3b0328c30d}'/><EventID>4799</EventID><Version>0</Version><Level>0</Level><Task>13826</Task><Opcode>0</Opcode><Keywords>0x8020000000000000</Keywords><TimeCreated SystemTime='2024-09-18T14:58:53.806494900Z'/><EventRecordID>4083449</EventRecordID><Correlation ActivityID='{b4d217c5-f0fa-4759-8a1f-b618d009fc9c}'/><Execution ProcessID='648' ThreadID='7444'/><Channel>Security</Channel><Computer>SKYNET.starfleet.corp</Computer><Security/></System><EventData><Data Name='TargetUserName'>Backup Operators</Data><Data Name='TargetDomainName'>Builtin</Data><Data Name='TargetSid'>S-1-5-32-551</Data><Data Name='SubjectUserSid'>S-1-5-18</Data><Data Name='SubjectUserName'>SKYNET$</Data><Data Name='SubjectDomainName'>STARFLEET</Data><Data Name='SubjectLogonId'>0x3e7</Data><Data Name='CallerProcessId'>0x240</Data><Data Name='CallerProcessName'>C:\Windows\System32\VSSVC.exe</Data></EventData></Event>,Microsoft-Windows-Security-Auditing,Information,4799,,,,"'A security-enabled local group membership was enumerated.

Subject:
	Security ID:		S-1-5-18
	Account Name:		SKYNET$
	Account Domain:		STARFLEET
	Logon ID:		0x3E7

Group:
	Security ID:		S-1-5-32-551
	Group Name:		Backup Operators
	Group Domain:		Builtin

Process Information:
	Process ID:		0x240
	Process Name:		C:\Windows\System32\VSSVC.exe",http://schemas.microsoft.com/win/2004/08/events/event,0,2024-09-18T14:58:53.806494900Z,13826,,,Microsoft-Windows-Security-Auditing,{54849625-5478-4994-a5ba-3e3b0328c30d},0,0,0x8020000000000000,7444,648,4083449,4799,{b4d217c5-f0fa-4759-8a1f-b618d009fc9c},,SKYNET.starfleet.corp,Security,,,,,,Backup Operators,S-1-5-32-551,,Builtin,,S-1-5-18,SKYNET$,0x3E7,STARFLEET,,,,,,,,,,,,,,
08:12:48.412,,,Windows Event Logs,Windows Event Log Creation,,,,SentinelOne,SKYNET,desktop,security,23.1.2.400,faafacda006f44dd86f62f749777539a,01J82TDN5PAXRM5B0MKJZ0D7SR_63,preprocess-lib-1.0,EVENTLOG,11633,Windows 10 Enterprise Evaluation,usea1-purple.sentinelone.net,17763,48ADA42E794648DC92BBCBD1C4BB706A,SDL,,default,,01J82TDN5PAXRM5B0MKJZ0D7SR,Security,,,,,,,,,,,,C:\Program Files\SentinelOne\Sentinel Agent 23.1.2.400\SentinelAgent.exe,0xC1C,,,,<Event xmlns='http://schemas.microsoft.com/win/2004/08/events/event'><System><Provider Name='Microsoft-Windows-Security-Auditing' Guid='{54849625-5478-4994-a5ba-3e3b0328c30d}'/><EventID>4799</EventID><Version>0</Version><Level>0</Level><Task>13826</Task><Opcode>0</Opcode><Keywords>0x8020000000000000</Keywords><TimeCreated SystemTime='2024-09-18T14:58:53.835899000Z'/><EventRecordID>4083450</EventRecordID><Correlation ActivityID='{df355cdb-2aa3-4b6d-aca9-f4e39ba76b91}'/><Execution ProcessID='648' ThreadID='7444'/><Channel>Security</Channel><Computer>SKYNET.starfleet.corp</Computer><Security/></System><EventData><Data Name='TargetUserName'>Administrators</Data><Data Name='TargetDomainName'>Builtin</Data><Data Name='TargetSid'>S-1-5-32-544</Data><Data Name='SubjectUserSid'>S-1-5-18</Data><Data Name='SubjectUserName'>SKYNET$</Data><Data Name='SubjectDomainName'>STARFLEET</Data><Data Name='SubjectLogonId'>0x3e7</Data><Data Name='CallerProcessId'>0xc1c</Data><Data Name='CallerProcessName'>C:\Program Files\SentinelOne\Sentinel Agent 23.1.2.400\SentinelAgent.exe</Data></EventData></Event>,Microsoft-Windows-Security-Auditing,Information,4799,,,,"'A security-enabled local group membership was enumerated.

Subject:
	Security ID:		S-1-5-18
	Account Name:		SKYNET$
	Account Domain:		STARFLEET
	Logon ID:		0x3E7

Group:
	Security ID:		S-1-5-32-544
	Group Name:		Administrators
	Group Domain:		Builtin

Process Information:
	Process ID:		0xc1c
	Process Name:		C:\Program Files\SentinelOne\Sentinel Agent 23.1.2.400\SentinelAgent.exe",http://schemas.microsoft.com/win/2004/08/events/event,0,2024-09-18T14:58:53.835899000Z,13826,,,Microsoft-Windows-Security-Auditing,{54849625-5478-4994-a5ba-3e3b0328c30d},0,0,0x8020000000000000,7444,648,4083450,4799,{df355cdb-2aa3-4b6d-aca9-f4e39ba76b91},,SKYNET.starfleet.corp,Security,,,,,,Administrators,S-1-5-32-544,,Builtin,,S-1-5-18,SKYNET$,0x3E7,STARFLEET,,,,,,,,,,,,,,
08:12:48.412,,,Windows Event Logs,Windows Event Log Creation,,,,SentinelOne,SKYNET,desktop,security,23.1.2.400,faafacda006f44dd86f62f749777539a,01J82TDN5PAXRM5B0MKJZ0D7SR_64,preprocess-lib-1.0,EVENTLOG,11633,Windows 10 Enterprise Evaluation,usea1-purple.sentinelone.net,17763,48ADA42E794648DC92BBCBD1C4BB706A,SDL,,default,,01J82TDN5PAXRM5B0MKJZ0D7SR,Security,,,,,,,,,,,,C:\Program Files\SentinelOne\Sentinel Agent 23.1.2.400\SentinelAgent.exe,0xC1C,,,,<Event xmlns='http://schemas.microsoft.com/win/2004/08/events/event'><System><Provider Name='Microsoft-Windows-Security-Auditing' Guid='{54849625-5478-4994-a5ba-3e3b0328c30d}'/><EventID>4799</EventID><Version>0</Version><Level>0</Level><Task>13826</Task><Opcode>0</Opcode><Keywords>0x8020000000000000</Keywords><TimeCreated SystemTime='2024-09-18T14:58:53.837703600Z'/><EventRecordID>4083451</EventRecordID><Correlation ActivityID='{79a8a989-a9cf-4b63-b501-e3e192112dd7}'/><Execution ProcessID='648' ThreadID='7444'/><Channel>Security</Channel><Computer>SKYNET.starfleet.corp</Computer><Security/></System><EventData><Data Name='TargetUserName'>Backup Operators</Data><Data Name='TargetDomainName'>Builtin</Data><Data Name='TargetSid'>S-1-5-32-551</Data><Data Name='SubjectUserSid'>S-1-5-18</Data><Data Name='SubjectUserName'>SKYNET$</Data><Data Name='SubjectDomainName'>STARFLEET</Data><Data Name='SubjectLogonId'>0x3e7</Data><Data Name='CallerProcessId'>0xc1c</Data><Data Name='CallerProcessName'>C:\Program Files\SentinelOne\Sentinel Agent 23.1.2.400\SentinelAgent.exe</Data></EventData></Event>,Microsoft-Windows-Security-Auditing,Information,4799,,,,"'A security-enabled local group membership was enumerated.

Subject:
	Security ID:		S-1-5-18
	Account Name:		SKYNET$
	Account Domain:		STARFLEET
	Logon ID:		0x3E7

Group:
	Security ID:		S-1-5-32-551
	Group Name:		Backup Operators
	Group Domain:		Builtin

Process Information:
	Process ID:		0xc1c
	Process Name:		C:\Program Files\SentinelOne\Sentinel Agent 23.1.2.400\SentinelAgent.exe",http://schemas.microsoft.com/win/2004/08/events/event,0,2024-09-18T14:58:53.837703600Z,13826,,,Microsoft-Windows-Security-Auditing,{54849625-5478-4994-a5ba-3e3b0328c30d},0,0,0x8020000000000000,7444,648,4083451,4799,{79a8a989-a9cf-4b63-b501-e3e192112dd7},,SKYNET.starfleet.corp,Security,,,,,,Backup Operators,S-1-5-32-551,,Builtin,,S-1-5-18,SKYNET$,0x3E7,STARFLEET,,,,,,,,,,,,,,
08:12:48.412,,,Windows Event Logs,Windows Event Log Creation,,,,SentinelOne,SKYNET,desktop,security,23.1.2.400,faafacda006f44dd86f62f749777539a,01J82TDN5PAXRM5B0MKJZ0D7SR_65,preprocess-lib-1.0,EVENTLOG,11633,Windows 10 Enterprise Evaluation,usea1-purple.sentinelone.net,17763,48ADA42E794648DC92BBCBD1C4BB706A,SDL,,default,,01J82TDN5PAXRM5B0MKJZ0D7SR,Security,,,,,,,,,,,,C:\Program Files\SentinelOne\Sentinel Agent 23.1.2.400\SentinelAgent.exe,0xC1C,,,,<Event xmlns='http://schemas.microsoft.com/win/2004/08/events/event'><System><Provider Name='Microsoft-Windows-Security-Auditing' Guid='{54849625-5478-4994-a5ba-3e3b0328c30d}'/><EventID>4799</EventID><Version>0</Version><Level>0</Level><Task>13826</Task><Opcode>0</Opcode><Keywords>0x8020000000000000</Keywords><TimeCreated SystemTime='2024-09-18T14:58:53.843137700Z'/><EventRecordID>4083452</EventRecordID><Correlation ActivityID='{24cf4172-c19e-4362-b2f4-ae614678ffeb}'/><Execution ProcessID='648' ThreadID='7444'/><Channel>Security</Channel><Computer>SKYNET.starfleet.corp</Computer><Security/></System><EventData><Data Name='TargetUserName'>Administrators</Data><Data Name='TargetDomainName'>Builtin</Data><Data Name='TargetSid'>S-1-5-32-544</Data><Data Name='SubjectUserSid'>S-1-5-18</Data><Data Name='SubjectUserName'>SKYNET$</Data><Data Name='SubjectDomainName'>STARFLEET</Data><Data Name='SubjectLogonId'>0x3e7</Data><Data Name='CallerProcessId'>0xc1c</Data><Data Name='CallerProcessName'>C:\Program Files\SentinelOne\Sentinel Agent 23.1.2.400\SentinelAgent.exe</Data></EventData></Event>,Microsoft-Windows-Security-Auditing,Information,4799,,,,"'A security-enabled local group membership was enumerated.

Subject:
	Security ID:		S-1-5-18
	Account Name:		SKYNET$
	Account Domain:		STARFLEET
	Logon ID:		0x3E7

Group:
	Security ID:		S-1-5-32-544
	Group Name:		Administrators
	Group Domain:		Builtin

Process Information:
	Process ID:		0xc1c
	Process Name:		C:\Program Files\SentinelOne\Sentinel Agent 23.1.2.400\SentinelAgent.exe",http://schemas.microsoft.com/win/2004/08/events/event,0,2024-09-18T14:58:53.843137700Z,13826,,,Microsoft-Windows-Security-Auditing,{54849625-5478-4994-a5ba-3e3b0328c30d},0,0,0x8020000000000000,7444,648,4083452,4799,{24cf4172-c19e-4362-b2f4-ae614678ffeb},,SKYNET.starfleet.corp,Security,,,,,,Administrators,S-1-5-32-544,,Builtin,,S-1-5-18,SKYNET$,0x3E7,STARFLEET,,,,,,,,,,,,,,
08:12:48.412,,,Windows Event Logs,Windows Event Log Creation,,,,SentinelOne,SKYNET,desktop,security,23.1.2.400,faafacda006f44dd86f62f749777539a,01J82TDN5PAXRM5B0MKJZ0D7SR_66,preprocess-lib-1.0,EVENTLOG,11633,Windows 10 Enterprise Evaluation,usea1-purple.sentinelone.net,17763,48ADA42E794648DC92BBCBD1C4BB706A,SDL,,default,,01J82TDN5PAXRM5B0MKJZ0D7SR,Security,,,,,,,,,,,,C:\Program Files\SentinelOne\Sentinel Agent 23.1.2.400\SentinelAgent.exe,0xC1C,,,,<Event xmlns='http://schemas.microsoft.com/win/2004/08/events/event'><System><Provider Name='Microsoft-Windows-Security-Auditing' Guid='{54849625-5478-4994-a5ba-3e3b0328c30d}'/><EventID>4799</EventID><Version>0</Version><Level>0</Level><Task>13826</Task><Opcode>0</Opcode><Keywords>0x8020000000000000</Keywords><TimeCreated SystemTime='2024-09-18T14:58:53.844372200Z'/><EventRecordID>4083453</EventRecordID><Correlation ActivityID='{49f484df-716b-41bf-99ed-7a534e817db3}'/><Execution ProcessID='648' ThreadID='7444'/><Channel>Security</Channel><Computer>SKYNET.starfleet.corp</Computer><Security/></System><EventData><Data Name='TargetUserName'>Backup Operators</Data><Data Name='TargetDomainName'>Builtin</Data><Data Name='TargetSid'>S-1-5-32-551</Data><Data Name='SubjectUserSid'>S-1-5-18</Data><Data Name='SubjectUserName'>SKYNET$</Data><Data Name='SubjectDomainName'>STARFLEET</Data><Data Name='SubjectLogonId'>0x3e7</Data><Data Name='CallerProcessId'>0xc1c</Data><Data Name='CallerProcessName'>C:\Program Files\SentinelOne\Sentinel Agent 23.1.2.400\SentinelAgent.exe</Data></EventData></Event>,Microsoft-Windows-Security-Auditing,Information,4799,,,,"'A security-enabled local group membership was enumerated.

Subject:
	Security ID:		S-1-5-18
	Account Name:		SKYNET$
	Account Domain:		STARFLEET
	Logon ID:		0x3E7

Group:
	Security ID:		S-1-5-32-551
	Group Name:		Backup Operators
	Group Domain:		Builtin

Process Information:
	Process ID:		0xc1c
	Process Name:		C:\Program Files\SentinelOne\Sentinel Agent 23.1.2.400\SentinelAgent.exe",http://schemas.microsoft.com/win/2004/08/events/event,0,2024-09-18T14:58:53.844372200Z,13826,,,Microsoft-Windows-Security-Auditing,{54849625-5478-4994-a5ba-3e3b0328c30d},0,0,0x8020000000000000,7444,648,4083453,4799,{49f484df-716b-41bf-99ed-7a534e817db3},,SKYNET.starfleet.corp,Security,,,,,,Backup Operators,S-1-5-32-551,,Builtin,,S-1-5-18,SKYNET$,0x3E7,STARFLEET,,,,,,,,,,,,,,
08:12:48.412,,,Windows Event Logs,Windows Event Log Creation,,,,SentinelOne,SKYNET,desktop,security,23.1.2.400,faafacda006f44dd86f62f749777539a,01J82TDN5PAXRM5B0MKJZ0D7SR_67,preprocess-lib-1.0,EVENTLOG,11633,Windows 10 Enterprise Evaluation,usea1-purple.sentinelone.net,17763,48ADA42E794648DC92BBCBD1C4BB706A,SDL,,default,,01J82TDN5PAXRM5B0MKJZ0D7SR,Security,,,,,,,,,,,,C:\Program Files\SentinelOne\Sentinel Agent 23.1.2.400\SentinelAgent.exe,0xC1C,,,,<Event xmlns='http://schemas.microsoft.com/win/2004/08/events/event'><System><Provider Name='Microsoft-Windows-Security-Auditing' Guid='{54849625-5478-4994-a5ba-3e3b0328c30d}'/><EventID>4799</EventID><Version>0</Version><Level>0</Level><Task>13826</Task><Opcode>0</Opcode><Keywords>0x8020000000000000</Keywords><TimeCreated SystemTime='2024-09-18T14:58:53.854052600Z'/><EventRecordID>4083454</EventRecordID><Correlation ActivityID='{c49dda3d-165d-4b8f-b915-2212a59b5744}'/><Execution ProcessID='648' ThreadID='7444'/><Channel>Security</Channel><Computer>SKYNET.starfleet.corp</Computer><Security/></System><EventData><Data Name='TargetUserName'>Administrators</Data><Data Name='TargetDomainName'>Builtin</Data><Data Name='TargetSid'>S-1-5-32-544</Data><Data Name='SubjectUserSid'>S-1-5-18</Data><Data Name='SubjectUserName'>SKYNET$</Data><Data Name='SubjectDomainName'>STARFLEET</Data><Data Name='SubjectLogonId'>0x3e7</Data><Data Name='CallerProcessId'>0xc1c</Data><Data Name='CallerProcessName'>C:\Program Files\SentinelOne\Sentinel Agent 23.1.2.400\SentinelAgent.exe</Data></EventData></Event>,Microsoft-Windows-Security-Auditing,Information,4799,,,,"'A security-enabled local group membership was enumerated.

Subject:
	Security ID:		S-1-5-18
	Account Name:		SKYNET$
	Account Domain:		STARFLEET
	Logon ID:		0x3E7

Group:
	Security ID:		S-1-5-32-544
	Group Name:		Administrators
	Group Domain:		Builtin

Process Information:
	Process ID:		0xc1c
	Process Name:		C:\Program Files\SentinelOne\Sentinel Agent 23.1.2.400\SentinelAgent.exe",http://schemas.microsoft.com/win/2004/08/events/event,0,2024-09-18T14:58:53.854052600Z,13826,,,Microsoft-Windows-Security-Auditing,{54849625-5478-4994-a5ba-3e3b0328c30d},0,0,0x8020000000000000,7444,648,4083454,4799,{c49dda3d-165d-4b8f-b915-2212a59b5744},,SKYNET.starfleet.corp,Security,,,,,,Administrators,S-1-5-32-544,,Builtin,,S-1-5-18,SKYNET$,0x3E7,STARFLEET,,,,,,,,,,,,,,
08:12:48.412,,,Windows Event Logs,Windows Event Log Creation,,,,SentinelOne,SKYNET,desktop,security,23.1.2.400,faafacda006f44dd86f62f749777539a,01J82TDN5PAXRM5B0MKJZ0D7SR_68,preprocess-lib-1.0,EVENTLOG,11633,Windows 10 Enterprise Evaluation,usea1-purple.sentinelone.net,17763,48ADA42E794648DC92BBCBD1C4BB706A,SDL,,default,,01J82TDN5PAXRM5B0MKJZ0D7SR,Security,,,,,,,,,,,,C:\Program Files\SentinelOne\Sentinel Agent 23.1.2.400\SentinelAgent.exe,0xC1C,,,,<Event xmlns='http://schemas.microsoft.com/win/2004/08/events/event'><System><Provider Name='Microsoft-Windows-Security-Auditing' Guid='{54849625-5478-4994-a5ba-3e3b0328c30d}'/><EventID>4799</EventID><Version>0</Version><Level>0</Level><Task>13826</Task><Opcode>0</Opcode><Keywords>0x8020000000000000</Keywords><TimeCreated SystemTime='2024-09-18T14:58:53.855705600Z'/><EventRecordID>4083455</EventRecordID><Correlation ActivityID='{d8a30527-6431-45e7-82e2-28b2b47665a3}'/><Execution ProcessID='648' ThreadID='7444'/><Channel>Security</Channel><Computer>SKYNET.starfleet.corp</Computer><Security/></System><EventData><Data Name='TargetUserName'>Backup Operators</Data><Data Name='TargetDomainName'>Builtin</Data><Data Name='TargetSid'>S-1-5-32-551</Data><Data Name='SubjectUserSid'>S-1-5-18</Data><Data Name='SubjectUserName'>SKYNET$</Data><Data Name='SubjectDomainName'>STARFLEET</Data><Data Name='SubjectLogonId'>0x3e7</Data><Data Name='CallerProcessId'>0xc1c</Data><Data Name='CallerProcessName'>C:\Program Files\SentinelOne\Sentinel Agent 23.1.2.400\SentinelAgent.exe</Data></EventData></Event>,Microsoft-Windows-Security-Auditing,Information,4799,,,,"'A security-enabled local group membership was enumerated.

Subject:
	Security ID:		S-1-5-18
	Account Name:		SKYNET$
	Account Domain:		STARFLEET
	Logon ID:		0x3E7

Group:
	Security ID:		S-1-5-32-551
	Group Name:		Backup Operators
	Group Domain:		Builtin

Process Information:
	Process ID:		0xc1c
	Process Name:		C:\Program Files\SentinelOne\Sentinel Agent 23.1.2.400\SentinelAgent.exe",http://schemas.microsoft.com/win/2004/08/events/event,0,2024-09-18T14:58:53.855705600Z,13826,,,Microsoft-Windows-Security-Auditing,{54849625-5478-4994-a5ba-3e3b0328c30d},0,0,0x8020000000000000,7444,648,4083455,4799,{d8a30527-6431-45e7-82e2-28b2b47665a3},,SKYNET.starfleet.corp,Security,,,,,,Backup Operators,S-1-5-32-551,,Builtin,,S-1-5-18,SKYNET$,0x3E7,STARFLEET,,,,,,,,,,,,,,
