08:12:48.412,,,Windows Event Logs,Windows Event Log Creation,,,,SentinelOne,SKYNET,desktop,security,23.1.2.400,faafacda006f44dd86f62f749777539a,01J82TDN5PAXRM5B0MKJZ0D7SR_782,preprocess-lib-1.0,EVENTLOG,11633,Windows 10 Enterprise Evaluation,usea1-purple.sentinelone.net,17763,48ADA42E794648DC92BBCBD1C4BB706A,SDL,,default,,01J82TDN5PAXRM5B0MKJZ0D7SR,Security,,,,,,,,,,,,C:\Program Files\SentinelOne\Sentinel Agent 23.1.2.400\SentinelAgent.exe,0xC1C,,,,<Event xmlns='http://schemas.microsoft.com/win/2004/08/events/event'><System><Provider Name='Microsoft-Windows-Security-Auditing' Guid='{54849625-5478-4994-a5ba-3e3b0328c30d}'/><EventID>4799</EventID><Version>0</Version><Level>0</Level><Task>13826</Task><Opcode>0</Opcode><Keywords>0x8020000000000000</Keywords><TimeCreated SystemTime='2024-09-18T14:59:01.668202100Z'/><EventRecordID>4083949</EventRecordID><Correlation ActivityID='{6d683522-9983-470d-bec4-c3fd4e5b662f}'/><Execution ProcessID='648' ThreadID='5488'/><Channel>Security</Channel><Computer>SKYNET.starfleet.corp</Computer><Security/></System><EventData><Data Name='TargetUserName'>Administrators</Data><Data Name='TargetDomainName'>Builtin</Data><Data Name='TargetSid'>S-1-5-32-544</Data><Data Name='SubjectUserSid'>S-1-5-18</Data><Data Name='SubjectUserName'>SKYNET$</Data><Data Name='SubjectDomainName'>STARFLEET</Data><Data Name='SubjectLogonId'>0x3e7</Data><Data Name='CallerProcessId'>0xc1c</Data><Data Name='CallerProcessName'>C:\Program Files\SentinelOne\Sentinel Agent 23.1.2.400\SentinelAgent.exe</Data></EventData></Event>,Microsoft-Windows-Security-Auditing,Information,4799,,,,"'A security-enabled local group membership was enumerated.

Subject:
	Security ID:		S-1-5-18
	Account Name:		SKYNET$
	Account Domain:		STARFLEET
	Logon ID:		0x3E7

Group:
	Security ID:		S-1-5-32-544
	Group Name:		Administrators
	Group Domain:		Builtin

Process Information:
	Process ID:		0xc1c
	Process Name:		C:\Program Files\SentinelOne\Sentinel Agent 23.1.2.400\SentinelAgent.exe",http://schemas.microsoft.com/win/2004/08/events/event,0,2024-09-18T14:59:01.668202100Z,13826,,,Microsoft-Windows-Security-Auditing,{54849625-5478-4994-a5ba-3e3b0328c30d},0,0,0x8020000000000000,5488,648,4083949,4799,{6d683522-9983-470d-bec4-c3fd4e5b662f},,SKYNET.starfleet.corp,Security,,,,,,Administrators,S-1-5-32-544,,Builtin,,S-1-5-18,SKYNET$,0x3E7,STARFLEET,,,,,,,,,,,,,,
08:12:48.412,,,Windows Event Logs,Windows Event Log Creation,,,,SentinelOne,SKYNET,desktop,security,23.1.2.400,faafacda006f44dd86f62f749777539a,01J82TDN5PAXRM5B0MKJZ0D7SR_783,preprocess-lib-1.0,EVENTLOG,11633,Windows 10 Enterprise Evaluation,usea1-purple.sentinelone.net,17763,48ADA42E794648DC92BBCBD1C4BB706A,SDL,,default,,01J82TDN5PAXRM5B0MKJZ0D7SR,Security,,,,,,,,,,,,C:\Program Files\SentinelOne\Sentinel Agent 23.1.2.400\SentinelAgent.exe,0xC1C,,,,<Event xmlns='http://schemas.microsoft.com/win/2004/08/events/event'><System><Provider Name='Microsoft-Windows-Security-Auditing' Guid='{54849625-5478-4994-a5ba-3e3b0328c30d}'/><EventID>4799</EventID><Version>0</Version><Level>0</Level><Task>13826</Task><Opcode>0</Opcode><Keywords>0x8020000000000000</Keywords><TimeCreated SystemTime='2024-09-18T14:59:01.670340300Z'/><EventRecordID>4083950</EventRecordID><Correlation ActivityID='{1973b6e5-7196-447b-a9ea-6e3bb377312c}'/><Execution ProcessID='648' ThreadID='5488'/><Channel>Security</Channel><Computer>SKYNET.starfleet.corp</Computer><Security/></System><EventData><Data Name='TargetUserName'>Backup Operators</Data><Data Name='TargetDomainName'>Builtin</Data><Data Name='TargetSid'>S-1-5-32-551</Data><Data Name='SubjectUserSid'>S-1-5-18</Data><Data Name='SubjectUserName'>SKYNET$</Data><Data Name='SubjectDomainName'>STARFLEET</Data><Data Name='SubjectLogonId'>0x3e7</Data><Data Name='CallerProcessId'>0xc1c</Data><Data Name='CallerProcessName'>C:\Program Files\SentinelOne\Sentinel Agent 23.1.2.400\SentinelAgent.exe</Data></EventData></Event>,Microsoft-Windows-Security-Auditing,Information,4799,,,,"'A security-enabled local group membership was enumerated.

Subject:
	Security ID:		S-1-5-18
	Account Name:		SKYNET$
	Account Domain:		STARFLEET
	Logon ID:		0x3E7

Group:
	Security ID:		S-1-5-32-551
	Group Name:		Backup Operators
	Group Domain:		Builtin

Process Information:
	Process ID:		0xc1c
	Process Name:		C:\Program Files\SentinelOne\Sentinel Agent 23.1.2.400\SentinelAgent.exe",http://schemas.microsoft.com/win/2004/08/events/event,0,2024-09-18T14:59:01.670340300Z,13826,,,Microsoft-Windows-Security-Auditing,{54849625-5478-4994-a5ba-3e3b0328c30d},0,0,0x8020000000000000,5488,648,4083950,4799,{1973b6e5-7196-447b-a9ea-6e3bb377312c},,SKYNET.starfleet.corp,Security,,,,,,Backup Operators,S-1-5-32-551,,Builtin,,S-1-5-18,SKYNET$,0x3E7,STARFLEET,,,,,,,,,,,,,,
08:12:48.412,,,Windows Event Logs,Windows Event Log Creation,,,,SentinelOne,SKYNET,desktop,security,23.1.2.400,faafacda006f44dd86f62f749777539a,01J82TDN5PAXRM5B0MKJZ0D7SR_784,preprocess-lib-1.0,EVENTLOG,11633,Windows 10 Enterprise Evaluation,usea1-purple.sentinelone.net,17763,48ADA42E794648DC92BBCBD1C4BB706A,SDL,,default,,01J82TDN5PAXRM5B0MKJZ0D7SR,Security,,,,,,,,,,,,C:\Program Files\SentinelOne\Sentinel Agent 23.1.2.400\SentinelAgent.exe,0xC1C,,,,<Event xmlns='http://schemas.microsoft.com/win/2004/08/events/event'><System><Provider Name='Microsoft-Windows-Security-Auditing' Guid='{54849625-5478-4994-a5ba-3e3b0328c30d}'/><EventID>4799</EventID><Version>0</Version><Level>0</Level><Task>13826</Task><Opcode>0</Opcode><Keywords>0x8020000000000000</Keywords><TimeCreated SystemTime='2024-09-18T14:59:01.675874900Z'/><EventRecordID>4083951</EventRecordID><Correlation ActivityID='{1507afc7-e60f-4ba0-8b70-94d601f80105}'/><Execution ProcessID='648' ThreadID='7404'/><Channel>Security</Channel><Computer>SKYNET.starfleet.corp</Computer><Security/></System><EventData><Data Name='TargetUserName'>Administrators</Data><Data Name='TargetDomainName'>Builtin</Data><Data Name='TargetSid'>S-1-5-32-544</Data><Data Name='SubjectUserSid'>S-1-5-18</Data><Data Name='SubjectUserName'>SKYNET$</Data><Data Name='SubjectDomainName'>STARFLEET</Data><Data Name='SubjectLogonId'>0x3e7</Data><Data Name='CallerProcessId'>0xc1c</Data><Data Name='CallerProcessName'>C:\Program Files\SentinelOne\Sentinel Agent 23.1.2.400\SentinelAgent.exe</Data></EventData></Event>,Microsoft-Windows-Security-Auditing,Information,4799,,,,"'A security-enabled local group membership was enumerated.

Subject:
	Security ID:		S-1-5-18
	Account Name:		SKYNET$
	Account Domain:		STARFLEET
	Logon ID:		0x3E7

Group:
	Security ID:		S-1-5-32-544
	Group Name:		Administrators
	Group Domain:		Builtin

Process Information:
	Process ID:		0xc1c
	Process Name:		C:\Program Files\SentinelOne\Sentinel Agent 23.1.2.400\SentinelAgent.exe",http://schemas.microsoft.com/win/2004/08/events/event,0,2024-09-18T14:59:01.675874900Z,13826,,,Microsoft-Windows-Security-Auditing,{54849625-5478-4994-a5ba-3e3b0328c30d},0,0,0x8020000000000000,7404,648,4083951,4799,{1507afc7-e60f-4ba0-8b70-94d601f80105},,SKYNET.starfleet.corp,Security,,,,,,Administrators,S-1-5-32-544,,Builtin,,S-1-5-18,SKYNET$,0x3E7,STARFLEET,,,,,,,,,,,,,,
08:12:48.412,,,Windows Event Logs,Windows Event Log Creation,,,,SentinelOne,SKYNET,desktop,security,23.1.2.400,faafacda006f44dd86f62f749777539a,01J82TDN5PAXRM5B0MKJZ0D7SR_785,preprocess-lib-1.0,EVENTLOG,11633,Windows 10 Enterprise Evaluation,usea1-purple.sentinelone.net,17763,48ADA42E794648DC92BBCBD1C4BB706A,SDL,,default,,01J82TDN5PAXRM5B0MKJZ0D7SR,Security,,,,,,,,,,,,C:\Program Files\SentinelOne\Sentinel Agent 23.1.2.400\SentinelAgent.exe,0xC1C,,,,<Event xmlns='http://schemas.microsoft.com/win/2004/08/events/event'><System><Provider Name='Microsoft-Windows-Security-Auditing' Guid='{54849625-5478-4994-a5ba-3e3b0328c30d}'/><EventID>4799</EventID><Version>0</Version><Level>0</Level><Task>13826</Task><Opcode>0</Opcode><Keywords>0x8020000000000000</Keywords><TimeCreated SystemTime='2024-09-18T14:59:01.676168500Z'/><EventRecordID>4083952</EventRecordID><Correlation ActivityID='{3b981ff5-b32b-4b04-a0da-95e202c36c4a}'/><Execution ProcessID='648' ThreadID='5488'/><Channel>Security</Channel><Computer>SKYNET.starfleet.corp</Computer><Security/></System><EventData><Data Name='TargetUserName'>Administrators</Data><Data Name='TargetDomainName'>Builtin</Data><Data Name='TargetSid'>S-1-5-32-544</Data><Data Name='SubjectUserSid'>S-1-5-18</Data><Data Name='SubjectUserName'>SKYNET$</Data><Data Name='SubjectDomainName'>STARFLEET</Data><Data Name='SubjectLogonId'>0x3e7</Data><Data Name='CallerProcessId'>0xc1c</Data><Data Name='CallerProcessName'>C:\Program Files\SentinelOne\Sentinel Agent 23.1.2.400\SentinelAgent.exe</Data></EventData></Event>,Microsoft-Windows-Security-Auditing,Information,4799,,,,"'A security-enabled local group membership was enumerated.

Subject:
	Security ID:		S-1-5-18
	Account Name:		SKYNET$
	Account Domain:		STARFLEET
	Logon ID:		0x3E7

Group:
	Security ID:		S-1-5-32-544
	Group Name:		Administrators
	Group Domain:		Builtin

Process Information:
	Process ID:		0xc1c
	Process Name:		C:\Program Files\SentinelOne\Sentinel Agent 23.1.2.400\SentinelAgent.exe",http://schemas.microsoft.com/win/2004/08/events/event,0,2024-09-18T14:59:01.676168500Z,13826,,,Microsoft-Windows-Security-Auditing,{54849625-5478-4994-a5ba-3e3b0328c30d},0,0,0x8020000000000000,5488,648,4083952,4799,{3b981ff5-b32b-4b04-a0da-95e202c36c4a},,SKYNET.starfleet.corp,Security,,,,,,Administrators,S-1-5-32-544,,Builtin,,S-1-5-18,SKYNET$,0x3E7,STARFLEET,,,,,,,,,,,,,,
08:12:48.412,,,Windows Event Logs,Windows Event Log Creation,,,,SentinelOne,SKYNET,desktop,security,23.1.2.400,faafacda006f44dd86f62f749777539a,01J82TDN5PAXRM5B0MKJZ0D7SR_786,preprocess-lib-1.0,EVENTLOG,11633,Windows 10 Enterprise Evaluation,usea1-purple.sentinelone.net,17763,48ADA42E794648DC92BBCBD1C4BB706A,SDL,,default,,01J82TDN5PAXRM5B0MKJZ0D7SR,Security,,,,,,,,,,,,C:\Program Files\SentinelOne\Sentinel Agent 23.1.2.400\SentinelAgent.exe,0xC1C,,,,<Event xmlns='http://schemas.microsoft.com/win/2004/08/events/event'><System><Provider Name='Microsoft-Windows-Security-Auditing' Guid='{54849625-5478-4994-a5ba-3e3b0328c30d}'/><EventID>4799</EventID><Version>0</Version><Level>0</Level><Task>13826</Task><Opcode>0</Opcode><Keywords>0x8020000000000000</Keywords><TimeCreated SystemTime='2024-09-18T14:59:01.677336400Z'/><EventRecordID>4083953</EventRecordID><Correlation ActivityID='{2778cad7-7c9b-4d86-8b37-7e82d5f77f64}'/><Execution ProcessID='648' ThreadID='5488'/><Channel>Security</Channel><Computer>SKYNET.starfleet.corp</Computer><Security/></System><EventData><Data Name='TargetUserName'>Backup Operators</Data><Data Name='TargetDomainName'>Builtin</Data><Data Name='TargetSid'>S-1-5-32-551</Data><Data Name='SubjectUserSid'>S-1-5-18</Data><Data Name='SubjectUserName'>SKYNET$</Data><Data Name='SubjectDomainName'>STARFLEET</Data><Data Name='SubjectLogonId'>0x3e7</Data><Data Name='CallerProcessId'>0xc1c</Data><Data Name='CallerProcessName'>C:\Program Files\SentinelOne\Sentinel Agent 23.1.2.400\SentinelAgent.exe</Data></EventData></Event>,Microsoft-Windows-Security-Auditing,Information,4799,,,,"'A security-enabled local group membership was enumerated.

Subject:
	Security ID:		S-1-5-18
	Account Name:		SKYNET$
	Account Domain:		STARFLEET
	Logon ID:		0x3E7

Group:
	Security ID:		S-1-5-32-551
	Group Name:		Backup Operators
	Group Domain:		Builtin

Process Information:
	Process ID:		0xc1c
	Process Name:		C:\Program Files\SentinelOne\Sentinel Agent 23.1.2.400\SentinelAgent.exe",http://schemas.microsoft.com/win/2004/08/events/event,0,2024-09-18T14:59:01.677336400Z,13826,,,Microsoft-Windows-Security-Auditing,{54849625-5478-4994-a5ba-3e3b0328c30d},0,0,0x8020000000000000,5488,648,4083953,4799,{2778cad7-7c9b-4d86-8b37-7e82d5f77f64},,SKYNET.starfleet.corp,Security,,,,,,Backup Operators,S-1-5-32-551,,Builtin,,S-1-5-18,SKYNET$,0x3E7,STARFLEET,,,,,,,,,,,,,,
08:12:48.412,,,Windows Event Logs,Windows Event Log Creation,,,,SentinelOne,SKYNET,desktop,security,23.1.2.400,faafacda006f44dd86f62f749777539a,01J82TDN5PAXRM5B0MKJZ0D7SR_787,preprocess-lib-1.0,EVENTLOG,11633,Windows 10 Enterprise Evaluation,usea1-purple.sentinelone.net,17763,48ADA42E794648DC92BBCBD1C4BB706A,SDL,,default,,01J82TDN5PAXRM5B0MKJZ0D7SR,Security,,,,,,,,,,,,C:\Program Files\SentinelOne\Sentinel Agent 23.1.2.400\SentinelAgent.exe,0xC1C,,,,<Event xmlns='http://schemas.microsoft.com/win/2004/08/events/event'><System><Provider Name='Microsoft-Windows-Security-Auditing' Guid='{54849625-5478-4994-a5ba-3e3b0328c30d}'/><EventID>4799</EventID><Version>0</Version><Level>0</Level><Task>13826</Task><Opcode>0</Opcode><Keywords>0x8020000000000000</Keywords><TimeCreated SystemTime='2024-09-18T14:59:01.677769100Z'/><EventRecordID>4083954</EventRecordID><Correlation ActivityID='{71f47eac-e251-438e-a738-1dd0c6043455}'/><Execution ProcessID='648' ThreadID='5488'/><Channel>Security</Channel><Computer>SKYNET.starfleet.corp</Computer><Security/></System><EventData><Data Name='TargetUserName'>Backup Operators</Data><Data Name='TargetDomainName'>Builtin</Data><Data Name='TargetSid'>S-1-5-32-551</Data><Data Name='SubjectUserSid'>S-1-5-18</Data><Data Name='SubjectUserName'>SKYNET$</Data><Data Name='SubjectDomainName'>STARFLEET</Data><Data Name='SubjectLogonId'>0x3e7</Data><Data Name='CallerProcessId'>0xc1c</Data><Data Name='CallerProcessName'>C:\Program Files\SentinelOne\Sentinel Agent 23.1.2.400\SentinelAgent.exe</Data></EventData></Event>,Microsoft-Windows-Security-Auditing,Information,4799,,,,"'A security-enabled local group membership was enumerated.

Subject:
	Security ID:		S-1-5-18
	Account Name:		SKYNET$
	Account Domain:		STARFLEET
	Logon ID:		0x3E7

Group:
	Security ID:		S-1-5-32-551
	Group Name:		Backup Operators
	Group Domain:		Builtin

Process Information:
	Process ID:		0xc1c
	Process Name:		C:\Program Files\SentinelOne\Sentinel Agent 23.1.2.400\SentinelAgent.exe",http://schemas.microsoft.com/win/2004/08/events/event,0,2024-09-18T14:59:01.677769100Z,13826,,,Microsoft-Windows-Security-Auditing,{54849625-5478-4994-a5ba-3e3b0328c30d},0,0,0x8020000000000000,5488,648,4083954,4799,{71f47eac-e251-438e-a738-1dd0c6043455},,SKYNET.starfleet.corp,Security,,,,,,Backup Operators,S-1-5-32-551,,Builtin,,S-1-5-18,SKYNET$,0x3E7,STARFLEET,,,,,,,,,,,,,,
08:12:48.412,,,Windows Event Logs,Windows Event Log Creation,,,,SentinelOne,SKYNET,desktop,security,23.1.2.400,faafacda006f44dd86f62f749777539a,01J82TDN5PAXRM5B0MKJZ0D7SR_788,preprocess-lib-1.0,EVENTLOG,11633,Windows 10 Enterprise Evaluation,usea1-purple.sentinelone.net,17763,48ADA42E794648DC92BBCBD1C4BB706A,SDL,,default,,01J82TDN5PAXRM5B0MKJZ0D7SR,Security,,,,,,,,,,,,C:\Program Files\SentinelOne\Sentinel Agent 23.1.2.400\SentinelAgent.exe,0xC1C,,,,<Event xmlns='http://schemas.microsoft.com/win/2004/08/events/event'><System><Provider Name='Microsoft-Windows-Security-Auditing' Guid='{54849625-5478-4994-a5ba-3e3b0328c30d}'/><EventID>4799</EventID><Version>0</Version><Level>0</Level><Task>13826</Task><Opcode>0</Opcode><Keywords>0x8020000000000000</Keywords><TimeCreated SystemTime='2024-09-18T14:59:01.685338200Z'/><EventRecordID>4083955</EventRecordID><Correlation ActivityID='{f8eff1a1-2cf9-4304-a373-7b6bf656e28e}'/><Execution ProcessID='648' ThreadID='7404'/><Channel>Security</Channel><Computer>SKYNET.starfleet.corp</Computer><Security/></System><EventData><Data Name='TargetUserName'>Administrators</Data><Data Name='TargetDomainName'>Builtin</Data><Data Name='TargetSid'>S-1-5-32-544</Data><Data Name='SubjectUserSid'>S-1-5-18</Data><Data Name='SubjectUserName'>SKYNET$</Data><Data Name='SubjectDomainName'>STARFLEET</Data><Data Name='SubjectLogonId'>0x3e7</Data><Data Name='CallerProcessId'>0xc1c</Data><Data Name='CallerProcessName'>C:\Program Files\SentinelOne\Sentinel Agent 23.1.2.400\SentinelAgent.exe</Data></EventData></Event>,Microsoft-Windows-Security-Auditing,Information,4799,,,,"'A security-enabled local group membership was enumerated.

Subject:
	Security ID:		S-1-5-18
	Account Name:		SKYNET$
	Account Domain:		STARFLEET
	Logon ID:		0x3E7

Group:
	Security ID:		S-1-5-32-544
	Group Name:		Administrators
	Group Domain:		Builtin

Process Information:
	Process ID:		0xc1c
	Process Name:		C:\Program Files\SentinelOne\Sentinel Agent 23.1.2.400\SentinelAgent.exe",http://schemas.microsoft.com/win/2004/08/events/event,0,2024-09-18T14:59:01.685338200Z,13826,,,Microsoft-Windows-Security-Auditing,{54849625-5478-4994-a5ba-3e3b0328c30d},0,0,0x8020000000000000,7404,648,4083955,4799,{f8eff1a1-2cf9-4304-a373-7b6bf656e28e},,SKYNET.starfleet.corp,Security,,,,,,Administrators,S-1-5-32-544,,Builtin,,S-1-5-18,SKYNET$,0x3E7,STARFLEET,,,,,,,,,,,,,,
08:12:48.412,,,Windows Event Logs,Windows Event Log Creation,,,,SentinelOne,SKYNET,desktop,security,23.1.2.400,faafacda006f44dd86f62f749777539a,01J82TDN5PAXRM5B0MKJZ0D7SR_789,preprocess-lib-1.0,EVENTLOG,11633,Windows 10 Enterprise Evaluation,usea1-purple.sentinelone.net,17763,48ADA42E794648DC92BBCBD1C4BB706A,SDL,,default,,01J82TDN5PAXRM5B0MKJZ0D7SR,Security,,,,,,,,,,,,C:\Program Files\SentinelOne\Sentinel Agent 23.1.2.400\SentinelAgent.exe,0xC1C,,,,<Event xmlns='http://schemas.microsoft.com/win/2004/08/events/event'><System><Provider Name='Microsoft-Windows-Security-Auditing' Guid='{54849625-5478-4994-a5ba-3e3b0328c30d}'/><EventID>4799</EventID><Version>0</Version><Level>0</Level><Task>13826</Task><Opcode>0</Opcode><Keywords>0x8020000000000000</Keywords><TimeCreated SystemTime='2024-09-18T14:59:01.687356000Z'/><EventRecordID>4083956</EventRecordID><Correlation ActivityID='{9a2f952d-8962-47f3-8781-ee92fa066232}'/><Execution ProcessID='648' ThreadID='7404'/><Channel>Security</Channel><Computer>SKYNET.starfleet.corp</Computer><Security/></System><EventData><Data Name='TargetUserName'>Backup Operators</Data><Data Name='TargetDomainName'>Builtin</Data><Data Name='TargetSid'>S-1-5-32-551</Data><Data Name='SubjectUserSid'>S-1-5-18</Data><Data Name='SubjectUserName'>SKYNET$</Data><Data Name='SubjectDomainName'>STARFLEET</Data><Data Name='SubjectLogonId'>0x3e7</Data><Data Name='CallerProcessId'>0xc1c</Data><Data Name='CallerProcessName'>C:\Program Files\SentinelOne\Sentinel Agent 23.1.2.400\SentinelAgent.exe</Data></EventData></Event>,Microsoft-Windows-Security-Auditing,Information,4799,,,,"'A security-enabled local group membership was enumerated.

Subject:
	Security ID:		S-1-5-18
	Account Name:		SKYNET$
	Account Domain:		STARFLEET
	Logon ID:		0x3E7

Group:
	Security ID:		S-1-5-32-551
	Group Name:		Backup Operators
	Group Domain:		Builtin

Process Information:
	Process ID:		0xc1c
	Process Name:		C:\Program Files\SentinelOne\Sentinel Agent 23.1.2.400\SentinelAgent.exe",http://schemas.microsoft.com/win/2004/08/events/event,0,2024-09-18T14:59:01.687356000Z,13826,,,Microsoft-Windows-Security-Auditing,{54849625-5478-4994-a5ba-3e3b0328c30d},0,0,0x8020000000000000,7404,648,4083956,4799,{9a2f952d-8962-47f3-8781-ee92fa066232},,SKYNET.starfleet.corp,Security,,,,,,Backup Operators,S-1-5-32-551,,Builtin,,S-1-5-18,SKYNET$,0x3E7,STARFLEET,,,,,,,,,,,,,,
08:12:48.412,,,Windows Event Logs,Windows Event Log Creation,,,,SentinelOne,SKYNET,desktop,security,23.1.2.400,faafacda006f44dd86f62f749777539a,01J82TDN5PAXRM5B0MKJZ0D7SR_790,preprocess-lib-1.0,EVENTLOG,11633,Windows 10 Enterprise Evaluation,usea1-purple.sentinelone.net,17763,48ADA42E794648DC92BBCBD1C4BB706A,SDL,,default,,01J82TDN5PAXRM5B0MKJZ0D7SR,Security,,,,,,,,,,,,C:\Program Files\SentinelOne\Sentinel Agent 23.1.2.400\SentinelAgent.exe,0xC1C,,,,<Event xmlns='http://schemas.microsoft.com/win/2004/08/events/event'><System><Provider Name='Microsoft-Windows-Security-Auditing' Guid='{54849625-5478-4994-a5ba-3e3b0328c30d}'/><EventID>4799</EventID><Version>0</Version><Level>0</Level><Task>13826</Task><Opcode>0</Opcode><Keywords>0x8020000000000000</Keywords><TimeCreated SystemTime='2024-09-18T14:59:01.687998800Z'/><EventRecordID>4083957</EventRecordID><Correlation ActivityID='{bf9c7e1a-f341-4ec8-b7fc-ca3050d285e0}'/><Execution ProcessID='648' ThreadID='5488'/><Channel>Security</Channel><Computer>SKYNET.starfleet.corp</Computer><Security/></System><EventData><Data Name='TargetUserName'>Administrators</Data><Data Name='TargetDomainName'>Builtin</Data><Data Name='TargetSid'>S-1-5-32-544</Data><Data Name='SubjectUserSid'>S-1-5-18</Data><Data Name='SubjectUserName'>SKYNET$</Data><Data Name='SubjectDomainName'>STARFLEET</Data><Data Name='SubjectLogonId'>0x3e7</Data><Data Name='CallerProcessId'>0xc1c</Data><Data Name='CallerProcessName'>C:\Program Files\SentinelOne\Sentinel Agent 23.1.2.400\SentinelAgent.exe</Data></EventData></Event>,Microsoft-Windows-Security-Auditing,Information,4799,,,,"'A security-enabled local group membership was enumerated.

Subject:
	Security ID:		S-1-5-18
	Account Name:		SKYNET$
	Account Domain:		STARFLEET
	Logon ID:		0x3E7

Group:
	Security ID:		S-1-5-32-544
	Group Name:		Administrators
	Group Domain:		Builtin

Process Information:
	Process ID:		0xc1c
	Process Name:		C:\Program Files\SentinelOne\Sentinel Agent 23.1.2.400\SentinelAgent.exe",http://schemas.microsoft.com/win/2004/08/events/event,0,2024-09-18T14:59:01.687998800Z,13826,,,Microsoft-Windows-Security-Auditing,{54849625-5478-4994-a5ba-3e3b0328c30d},0,0,0x8020000000000000,5488,648,4083957,4799,{bf9c7e1a-f341-4ec8-b7fc-ca3050d285e0},,SKYNET.starfleet.corp,Security,,,,,,Administrators,S-1-5-32-544,,Builtin,,S-1-5-18,SKYNET$,0x3E7,STARFLEET,,,,,,,,,,,,,,
08:12:48.412,,,Windows Event Logs,Windows Event Log Creation,,,,SentinelOne,SKYNET,desktop,security,23.1.2.400,faafacda006f44dd86f62f749777539a,01J82TDN5PAXRM5B0MKJZ0D7SR_791,preprocess-lib-1.0,EVENTLOG,11633,Windows 10 Enterprise Evaluation,usea1-purple.sentinelone.net,17763,48ADA42E794648DC92BBCBD1C4BB706A,SDL,,default,,01J82TDN5PAXRM5B0MKJZ0D7SR,Security,,,,,,,,,,,,C:\Program Files\SentinelOne\Sentinel Agent 23.1.2.400\SentinelAgent.exe,0xC1C,,,,<Event xmlns='http://schemas.microsoft.com/win/2004/08/events/event'><System><Provider Name='Microsoft-Windows-Security-Auditing' Guid='{54849625-5478-4994-a5ba-3e3b0328c30d}'/><EventID>4799</EventID><Version>0</Version><Level>0</Level><Task>13826</Task><Opcode>0</Opcode><Keywords>0x8020000000000000</Keywords><TimeCreated SystemTime='2024-09-18T14:59:01.689775000Z'/><EventRecordID>4083958</EventRecordID><Correlation ActivityID='{6799f5fb-6528-436f-bce7-6b65f02227a3}'/><Execution ProcessID='648' ThreadID='7404'/><Channel>Security</Channel><Computer>SKYNET.starfleet.corp</Computer><Security/></System><EventData><Data Name='TargetUserName'>Backup Operators</Data><Data Name='TargetDomainName'>Builtin</Data><Data Name='TargetSid'>S-1-5-32-551</Data><Data Name='SubjectUserSid'>S-1-5-18</Data><Data Name='SubjectUserName'>SKYNET$</Data><Data Name='SubjectDomainName'>STARFLEET</Data><Data Name='SubjectLogonId'>0x3e7</Data><Data Name='CallerProcessId'>0xc1c</Data><Data Name='CallerProcessName'>C:\Program Files\SentinelOne\Sentinel Agent 23.1.2.400\SentinelAgent.exe</Data></EventData></Event>,Microsoft-Windows-Security-Auditing,Information,4799,,,,"'A security-enabled local group membership was enumerated.

Subject:
	Security ID:		S-1-5-18
	Account Name:		SKYNET$
	Account Domain:		STARFLEET
	Logon ID:		0x3E7

Group:
	Security ID:		S-1-5-32-551
	Group Name:		Backup Operators
	Group Domain:		Builtin

Process Information:
	Process ID:		0xc1c
	Process Name:		C:\Program Files\SentinelOne\Sentinel Agent 23.1.2.400\SentinelAgent.exe",http://schemas.microsoft.com/win/2004/08/events/event,0,2024-09-18T14:59:01.689775000Z,13826,,,Microsoft-Windows-Security-Auditing,{54849625-5478-4994-a5ba-3e3b0328c30d},0,0,0x8020000000000000,7404,648,4083958,4799,{6799f5fb-6528-436f-bce7-6b65f02227a3},,SKYNET.starfleet.corp,Security,,,,,,Backup Operators,S-1-5-32-551,,Builtin,,S-1-5-18,SKYNET$,0x3E7,STARFLEET,,,,,,,,,,,,,,
08:12:48.412,,,Windows Event Logs,Windows Event Log Creation,,,,SentinelOne,SKYNET,desktop,security,23.1.2.400,faafacda006f44dd86f62f749777539a,01J82TDN5PAXRM5B0MKJZ0D7SR_792,preprocess-lib-1.0,EVENTLOG,11633,Windows 10 Enterprise Evaluation,usea1-purple.sentinelone.net,17763,48ADA42E794648DC92BBCBD1C4BB706A,SDL,,default,,01J82TDN5PAXRM5B0MKJZ0D7SR,Security,,,,,,,,,,,,C:\Program Files\SentinelOne\Sentinel Agent 23.1.2.400\SentinelAgent.exe,0xC1C,,,,<Event xmlns='http://schemas.microsoft.com/win/2004/08/events/event'><System><Provider Name='Microsoft-Windows-Security-Auditing' Guid='{54849625-5478-4994-a5ba-3e3b0328c30d}'/><EventID>4799</EventID><Version>0</Version><Level>0</Level><Task>13826</Task><Opcode>0</Opcode><Keywords>0x8020000000000000</Keywords><TimeCreated SystemTime='2024-09-18T14:59:01.693389100Z'/><EventRecordID>4083959</EventRecordID><Correlation ActivityID='{82abff9f-349f-4cdf-8377-801048aab431}'/><Execution ProcessID='648' ThreadID='5488'/><Channel>Security</Channel><Computer>SKYNET.starfleet.corp</Computer><Security/></System><EventData><Data Name='TargetUserName'>Administrators</Data><Data Name='TargetDomainName'>Builtin</Data><Data Name='TargetSid'>S-1-5-32-544</Data><Data Name='SubjectUserSid'>S-1-5-18</Data><Data Name='SubjectUserName'>SKYNET$</Data><Data Name='SubjectDomainName'>STARFLEET</Data><Data Name='SubjectLogonId'>0x3e7</Data><Data Name='CallerProcessId'>0xc1c</Data><Data Name='CallerProcessName'>C:\Program Files\SentinelOne\Sentinel Agent 23.1.2.400\SentinelAgent.exe</Data></EventData></Event>,Microsoft-Windows-Security-Auditing,Information,4799,,,,"'A security-enabled local group membership was enumerated.

Subject:
	Security ID:		S-1-5-18
	Account Name:		SKYNET$
	Account Domain:		STARFLEET
	Logon ID:		0x3E7

Group:
	Security ID:		S-1-5-32-544
	Group Name:		Administrators
	Group Domain:		Builtin

Process Information:
	Process ID:		0xc1c
	Process Name:		C:\Program Files\SentinelOne\Sentinel Agent 23.1.2.400\SentinelAgent.exe",http://schemas.microsoft.com/win/2004/08/events/event,0,2024-09-18T14:59:01.693389100Z,13826,,,Microsoft-Windows-Security-Auditing,{54849625-5478-4994-a5ba-3e3b0328c30d},0,0,0x8020000000000000,5488,648,4083959,4799,{82abff9f-349f-4cdf-8377-801048aab431},,SKYNET.starfleet.corp,Security,,,,,,Administrators,S-1-5-32-544,,Builtin,,S-1-5-18,SKYNET$,0x3E7,STARFLEET,,,,,,,,,,,,,,
08:12:48.412,,,Windows Event Logs,Windows Event Log Creation,,,,SentinelOne,SKYNET,desktop,security,23.1.2.400,faafacda006f44dd86f62f749777539a,01J82TDN5PAXRM5B0MKJZ0D7SR_793,preprocess-lib-1.0,EVENTLOG,11633,Windows 10 Enterprise Evaluation,usea1-purple.sentinelone.net,17763,48ADA42E794648DC92BBCBD1C4BB706A,SDL,,default,,01J82TDN5PAXRM5B0MKJZ0D7SR,Security,,,,,,,,,,,,C:\Program Files\SentinelOne\Sentinel Agent 23.1.2.400\SentinelAgent.exe,0xC1C,,,,<Event xmlns='http://schemas.microsoft.com/win/2004/08/events/event'><System><Provider Name='Microsoft-Windows-Security-Auditing' Guid='{54849625-5478-4994-a5ba-3e3b0328c30d}'/><EventID>4799</EventID><Version>0</Version><Level>0</Level><Task>13826</Task><Opcode>0</Opcode><Keywords>0x8020000000000000</Keywords><TimeCreated SystemTime='2024-09-18T14:59:01.694749800Z'/><EventRecordID>4083960</EventRecordID><Correlation ActivityID='{602708a2-f1fb-4df9-b831-b67c958e4441}'/><Execution ProcessID='648' ThreadID='7404'/><Channel>Security</Channel><Computer>SKYNET.starfleet.corp</Computer><Security/></System><EventData><Data Name='TargetUserName'>Backup Operators</Data><Data Name='TargetDomainName'>Builtin</Data><Data Name='TargetSid'>S-1-5-32-551</Data><Data Name='SubjectUserSid'>S-1-5-18</Data><Data Name='SubjectUserName'>SKYNET$</Data><Data Name='SubjectDomainName'>STARFLEET</Data><Data Name='SubjectLogonId'>0x3e7</Data><Data Name='CallerProcessId'>0xc1c</Data><Data Name='CallerProcessName'>C:\Program Files\SentinelOne\Sentinel Agent 23.1.2.400\SentinelAgent.exe</Data></EventData></Event>,Microsoft-Windows-Security-Auditing,Information,4799,,,,"'A security-enabled local group membership was enumerated.

Subject:
	Security ID:		S-1-5-18
	Account Name:		SKYNET$
	Account Domain:		STARFLEET
	Logon ID:		0x3E7

Group:
	Security ID:		S-1-5-32-551
	Group Name:		Backup Operators
	Group Domain:		Builtin

Process Information:
	Process ID:		0xc1c
	Process Name:		C:\Program Files\SentinelOne\Sentinel Agent 23.1.2.400\SentinelAgent.exe",http://schemas.microsoft.com/win/2004/08/events/event,0,2024-09-18T14:59:01.694749800Z,13826,,,Microsoft-Windows-Security-Auditing,{54849625-5478-4994-a5ba-3e3b0328c30d},0,0,0x8020000000000000,7404,648,4083960,4799,{602708a2-f1fb-4df9-b831-b67c958e4441},,SKYNET.starfleet.corp,Security,,,,,,Backup Operators,S-1-5-32-551,,Builtin,,S-1-5-18,SKYNET$,0x3E7,STARFLEET,,,,,,,,,,,,,,
08:12:48.412,,,Windows Event Logs,Windows Event Log Creation,,,,SentinelOne,SKYNET,desktop,security,23.1.2.400,faafacda006f44dd86f62f749777539a,01J82TDN5PAXRM5B0MKJZ0D7SR_794,preprocess-lib-1.0,EVENTLOG,11633,Windows 10 Enterprise Evaluation,usea1-purple.sentinelone.net,17763,48ADA42E794648DC92BBCBD1C4BB706A,SDL,,default,,01J82TDN5PAXRM5B0MKJZ0D7SR,Security,,,,,,,,,,,,C:\Program Files\SentinelOne\Sentinel Agent 23.1.2.400\SentinelAgent.exe,0xC1C,,,,<Event xmlns='http://schemas.microsoft.com/win/2004/08/events/event'><System><Provider Name='Microsoft-Windows-Security-Auditing' Guid='{54849625-5478-4994-a5ba-3e3b0328c30d}'/><EventID>4799</EventID><Version>0</Version><Level>0</Level><Task>13826</Task><Opcode>0</Opcode><Keywords>0x8020000000000000</Keywords><TimeCreated SystemTime='2024-09-18T14:59:01.699388800Z'/><EventRecordID>4083961</EventRecordID><Correlation ActivityID='{5990e866-6cff-4001-a70a-4d814cfeae87}'/><Execution ProcessID='648' ThreadID='7404'/><Channel>Security</Channel><Computer>SKYNET.starfleet.corp</Computer><Security/></System><EventData><Data Name='TargetUserName'>Administrators</Data><Data Name='TargetDomainName'>Builtin</Data><Data Name='TargetSid'>S-1-5-32-544</Data><Data Name='SubjectUserSid'>S-1-5-18</Data><Data Name='SubjectUserName'>SKYNET$</Data><Data Name='SubjectDomainName'>STARFLEET</Data><Data Name='SubjectLogonId'>0x3e7</Data><Data Name='CallerProcessId'>0xc1c</Data><Data Name='CallerProcessName'>C:\Program Files\SentinelOne\Sentinel Agent 23.1.2.400\SentinelAgent.exe</Data></EventData></Event>,Microsoft-Windows-Security-Auditing,Information,4799,,,,"'A security-enabled local group membership was enumerated.

Subject:
	Security ID:		S-1-5-18
	Account Name:		SKYNET$
	Account Domain:		STARFLEET
	Logon ID:		0x3E7

Group:
	Security ID:		S-1-5-32-544
	Group Name:		Administrators
	Group Domain:		Builtin

Process Information:
	Process ID:		0xc1c
	Process Name:		C:\Program Files\SentinelOne\Sentinel Agent 23.1.2.400\SentinelAgent.exe",http://schemas.microsoft.com/win/2004/08/events/event,0,2024-09-18T14:59:01.699388800Z,13826,,,Microsoft-Windows-Security-Auditing,{54849625-5478-4994-a5ba-3e3b0328c30d},0,0,0x8020000000000000,7404,648,4083961,4799,{5990e866-6cff-4001-a70a-4d814cfeae87},,SKYNET.starfleet.corp,Security,,,,,,Administrators,S-1-5-32-544,,Builtin,,S-1-5-18,SKYNET$,0x3E7,STARFLEET,,,,,,,,,,,,,,
08:12:48.412,,,Windows Event Logs,Windows Event Log Creation,,,,SentinelOne,SKYNET,desktop,security,23.1.2.400,faafacda006f44dd86f62f749777539a,01J82TDN5PAXRM5B0MKJZ0D7SR_795,preprocess-lib-1.0,EVENTLOG,11633,Windows 10 Enterprise Evaluation,usea1-purple.sentinelone.net,17763,48ADA42E794648DC92BBCBD1C4BB706A,SDL,,default,,01J82TDN5PAXRM5B0MKJZ0D7SR,Security,,,,,,,,,,,,C:\Program Files\SentinelOne\Sentinel Agent 23.1.2.400\SentinelAgent.exe,0xC1C,,,,<Event xmlns='http://schemas.microsoft.com/win/2004/08/events/event'><System><Provider Name='Microsoft-Windows-Security-Auditing' Guid='{54849625-5478-4994-a5ba-3e3b0328c30d}'/><EventID>4799</EventID><Version>0</Version><Level>0</Level><Task>13826</Task><Opcode>0</Opcode><Keywords>0x8020000000000000</Keywords><TimeCreated SystemTime='2024-09-18T14:59:01.700776100Z'/><EventRecordID>4083962</EventRecordID><Correlation ActivityID='{74c0bbc7-c53b-4f00-97b8-c8d2c6e5ef57}'/><Execution ProcessID='648' ThreadID='7404'/><Channel>Security</Channel><Computer>SKYNET.starfleet.corp</Computer><Security/></System><EventData><Data Name='TargetUserName'>Backup Operators</Data><Data Name='TargetDomainName'>Builtin</Data><Data Name='TargetSid'>S-1-5-32-551</Data><Data Name='SubjectUserSid'>S-1-5-18</Data><Data Name='SubjectUserName'>SKYNET$</Data><Data Name='SubjectDomainName'>STARFLEET</Data><Data Name='SubjectLogonId'>0x3e7</Data><Data Name='CallerProcessId'>0xc1c</Data><Data Name='CallerProcessName'>C:\Program Files\SentinelOne\Sentinel Agent 23.1.2.400\SentinelAgent.exe</Data></EventData></Event>,Microsoft-Windows-Security-Auditing,Information,4799,,,,"'A security-enabled local group membership was enumerated.

Subject:
	Security ID:		S-1-5-18
	Account Name:		SKYNET$
	Account Domain:		STARFLEET
	Logon ID:		0x3E7

Group:
	Security ID:		S-1-5-32-551
	Group Name:		Backup Operators
	Group Domain:		Builtin

Process Information:
	Process ID:		0xc1c
	Process Name:		C:\Program Files\SentinelOne\Sentinel Agent 23.1.2.400\SentinelAgent.exe",http://schemas.microsoft.com/win/2004/08/events/event,0,2024-09-18T14:59:01.700776100Z,13826,,,Microsoft-Windows-Security-Auditing,{54849625-5478-4994-a5ba-3e3b0328c30d},0,0,0x8020000000000000,7404,648,4083962,4799,{74c0bbc7-c53b-4f00-97b8-c8d2c6e5ef57},,SKYNET.starfleet.corp,Security,,,,,,Backup Operators,S-1-5-32-551,,Builtin,,S-1-5-18,SKYNET$,0x3E7,STARFLEET,,,,,,,,,,,,,,
08:12:48.412,,,Windows Event Logs,Windows Event Log Creation,,,,SentinelOne,SKYNET,desktop,security,23.1.2.400,faafacda006f44dd86f62f749777539a,01J82TDN5PAXRM5B0MKJZ0D7SR_796,preprocess-lib-1.0,EVENTLOG,11633,Windows 10 Enterprise Evaluation,usea1-purple.sentinelone.net,17763,48ADA42E794648DC92BBCBD1C4BB706A,SDL,,default,,01J82TDN5PAXRM5B0MKJZ0D7SR,Security,,,,,,,,,,,,C:\Program Files\SentinelOne\Sentinel Agent 23.1.2.400\SentinelAgent.exe,0xC1C,,,,<Event xmlns='http://schemas.microsoft.com/win/2004/08/events/event'><System><Provider Name='Microsoft-Windows-Security-Auditing' Guid='{54849625-5478-4994-a5ba-3e3b0328c30d}'/><EventID>4799</EventID><Version>0</Version><Level>0</Level><Task>13826</Task><Opcode>0</Opcode><Keywords>0x8020000000000000</Keywords><TimeCreated SystemTime='2024-09-18T14:59:01.711039300Z'/><EventRecordID>4083963</EventRecordID><Correlation ActivityID='{7a317d21-9588-4f3f-9c58-da4c76f1db0b}'/><Execution ProcessID='648' ThreadID='7404'/><Channel>Security</Channel><Computer>SKYNET.starfleet.corp</Computer><Security/></System><EventData><Data Name='TargetUserName'>Administrators</Data><Data Name='TargetDomainName'>Builtin</Data><Data Name='TargetSid'>S-1-5-32-544</Data><Data Name='SubjectUserSid'>S-1-5-18</Data><Data Name='SubjectUserName'>SKYNET$</Data><Data Name='SubjectDomainName'>STARFLEET</Data><Data Name='SubjectLogonId'>0x3e7</Data><Data Name='CallerProcessId'>0xc1c</Data><Data Name='CallerProcessName'>C:\Program Files\SentinelOne\Sentinel Agent 23.1.2.400\SentinelAgent.exe</Data></EventData></Event>,Microsoft-Windows-Security-Auditing,Information,4799,,,,"'A security-enabled local group membership was enumerated.

Subject:
	Security ID:		S-1-5-18
	Account Name:		SKYNET$
	Account Domain:		STARFLEET
	Logon ID:		0x3E7

Group:
	Security ID:		S-1-5-32-544
	Group Name:		Administrators
	Group Domain:		Builtin

Process Information:
	Process ID:		0xc1c
	Process Name:		C:\Program Files\SentinelOne\Sentinel Agent 23.1.2.400\SentinelAgent.exe",http://schemas.microsoft.com/win/2004/08/events/event,0,2024-09-18T14:59:01.711039300Z,13826,,,Microsoft-Windows-Security-Auditing,{54849625-5478-4994-a5ba-3e3b0328c30d},0,0,0x8020000000000000,7404,648,4083963,4799,{7a317d21-9588-4f3f-9c58-da4c76f1db0b},,SKYNET.starfleet.corp,Security,,,,,,Administrators,S-1-5-32-544,,Builtin,,S-1-5-18,SKYNET$,0x3E7,STARFLEET,,,,,,,,,,,,,,
08:12:48.412,,,Windows Event Logs,Windows Event Log Creation,,,,SentinelOne,SKYNET,desktop,security,23.1.2.400,faafacda006f44dd86f62f749777539a,01J82TDN5PAXRM5B0MKJZ0D7SR_797,preprocess-lib-1.0,EVENTLOG,11633,Windows 10 Enterprise Evaluation,usea1-purple.sentinelone.net,17763,48ADA42E794648DC92BBCBD1C4BB706A,SDL,,default,,01J82TDN5PAXRM5B0MKJZ0D7SR,Security,,,,,,,,,,,,C:\Program Files\SentinelOne\Sentinel Agent 23.1.2.400\SentinelAgent.exe,0xC1C,,,,<Event xmlns='http://schemas.microsoft.com/win/2004/08/events/event'><System><Provider Name='Microsoft-Windows-Security-Auditing' Guid='{54849625-5478-4994-a5ba-3e3b0328c30d}'/><EventID>4799</EventID><Version>0</Version><Level>0</Level><Task>13826</Task><Opcode>0</Opcode><Keywords>0x8020000000000000</Keywords><TimeCreated SystemTime='2024-09-18T14:59:01.712903600Z'/><EventRecordID>4083964</EventRecordID><Correlation ActivityID='{6e57baa6-a1a4-42e4-8aeb-0e55d331f909}'/><Execution ProcessID='648' ThreadID='7404'/><Channel>Security</Channel><Computer>SKYNET.starfleet.corp</Computer><Security/></System><EventData><Data Name='TargetUserName'>Backup Operators</Data><Data Name='TargetDomainName'>Builtin</Data><Data Name='TargetSid'>S-1-5-32-551</Data><Data Name='SubjectUserSid'>S-1-5-18</Data><Data Name='SubjectUserName'>SKYNET$</Data><Data Name='SubjectDomainName'>STARFLEET</Data><Data Name='SubjectLogonId'>0x3e7</Data><Data Name='CallerProcessId'>0xc1c</Data><Data Name='CallerProcessName'>C:\Program Files\SentinelOne\Sentinel Agent 23.1.2.400\SentinelAgent.exe</Data></EventData></Event>,Microsoft-Windows-Security-Auditing,Information,4799,,,,"'A security-enabled local group membership was enumerated.

Subject:
	Security ID:		S-1-5-18
	Account Name:		SKYNET$
	Account Domain:		STARFLEET
	Logon ID:		0x3E7

Group:
	Security ID:		S-1-5-32-551
	Group Name:		Backup Operators
	Group Domain:		Builtin

Process Information:
	Process ID:		0xc1c
	Process Name:		C:\Program Files\SentinelOne\Sentinel Agent 23.1.2.400\SentinelAgent.exe",http://schemas.microsoft.com/win/2004/08/events/event,0,2024-09-18T14:59:01.712903600Z,13826,,,Microsoft-Windows-Security-Auditing,{54849625-5478-4994-a5ba-3e3b0328c30d},0,0,0x8020000000000000,7404,648,4083964,4799,{6e57baa6-a1a4-42e4-8aeb-0e55d331f909},,SKYNET.starfleet.corp,Security,,,,,,Backup Operators,S-1-5-32-551,,Builtin,,S-1-5-18,SKYNET$,0x3E7,STARFLEET,,,,,,,,,,,,,,
08:12:48.412,,,Windows Event Logs,Windows Event Log Creation,,,,SentinelOne,SKYNET,desktop,security,23.1.2.400,faafacda006f44dd86f62f749777539a,01J82TDN5PAXRM5B0MKJZ0D7SR_798,preprocess-lib-1.0,EVENTLOG,11633,Windows 10 Enterprise Evaluation,usea1-purple.sentinelone.net,17763,48ADA42E794648DC92BBCBD1C4BB706A,SDL,,default,,01J82TDN5PAXRM5B0MKJZ0D7SR,Security,,,,,,,,,,,,C:\Program Files\SentinelOne\Sentinel Agent 23.1.2.400\SentinelAgent.exe,0xC1C,,,,<Event xmlns='http://schemas.microsoft.com/win/2004/08/events/event'><System><Provider Name='Microsoft-Windows-Security-Auditing' Guid='{54849625-5478-4994-a5ba-3e3b0328c30d}'/><EventID>4799</EventID><Version>0</Version><Level>0</Level><Task>13826</Task><Opcode>0</Opcode><Keywords>0x8020000000000000</Keywords><TimeCreated SystemTime='2024-09-18T14:59:01.713245400Z'/><EventRecordID>4083965</EventRecordID><Correlation ActivityID='{c3854927-7e08-4739-b4d0-47542dcc0b98}'/><Execution ProcessID='648' ThreadID='5488'/><Channel>Security</Channel><Computer>SKYNET.starfleet.corp</Computer><Security/></System><EventData><Data Name='TargetUserName'>Administrators</Data><Data Name='TargetDomainName'>Builtin</Data><Data Name='TargetSid'>S-1-5-32-544</Data><Data Name='SubjectUserSid'>S-1-5-18</Data><Data Name='SubjectUserName'>SKYNET$</Data><Data Name='SubjectDomainName'>STARFLEET</Data><Data Name='SubjectLogonId'>0x3e7</Data><Data Name='CallerProcessId'>0xc1c</Data><Data Name='CallerProcessName'>C:\Program Files\SentinelOne\Sentinel Agent 23.1.2.400\SentinelAgent.exe</Data></EventData></Event>,Microsoft-Windows-Security-Auditing,Information,4799,,,,"'A security-enabled local group membership was enumerated.

Subject:
	Security ID:		S-1-5-18
	Account Name:		SKYNET$
	Account Domain:		STARFLEET
	Logon ID:		0x3E7

Group:
	Security ID:		S-1-5-32-544
	Group Name:		Administrators
	Group Domain:		Builtin

Process Information:
	Process ID:		0xc1c
	Process Name:		C:\Program Files\SentinelOne\Sentinel Agent 23.1.2.400\SentinelAgent.exe",http://schemas.microsoft.com/win/2004/08/events/event,0,2024-09-18T14:59:01.713245400Z,13826,,,Microsoft-Windows-Security-Auditing,{54849625-5478-4994-a5ba-3e3b0328c30d},0,0,0x8020000000000000,5488,648,4083965,4799,{c3854927-7e08-4739-b4d0-47542dcc0b98},,SKYNET.starfleet.corp,Security,,,,,,Administrators,S-1-5-32-544,,Builtin,,S-1-5-18,SKYNET$,0x3E7,STARFLEET,,,,,,,,,,,,,,
08:12:48.412,,,Windows Event Logs,Windows Event Log Creation,,,,SentinelOne,SKYNET,desktop,security,23.1.2.400,faafacda006f44dd86f62f749777539a,01J82TDN5PAXRM5B0MKJZ0D7SR_799,preprocess-lib-1.0,EVENTLOG,11633,Windows 10 Enterprise Evaluation,usea1-purple.sentinelone.net,17763,48ADA42E794648DC92BBCBD1C4BB706A,SDL,,default,,01J82TDN5PAXRM5B0MKJZ0D7SR,Security,,,,,,,,,,,,C:\Program Files\SentinelOne\Sentinel Agent 23.1.2.400\SentinelAgent.exe,0xC1C,,,,<Event xmlns='http://schemas.microsoft.com/win/2004/08/events/event'><System><Provider Name='Microsoft-Windows-Security-Auditing' Guid='{54849625-5478-4994-a5ba-3e3b0328c30d}'/><EventID>4799</EventID><Version>0</Version><Level>0</Level><Task>13826</Task><Opcode>0</Opcode><Keywords>0x8020000000000000</Keywords><TimeCreated SystemTime='2024-09-18T14:59:01.714881900Z'/><EventRecordID>4083966</EventRecordID><Correlation ActivityID='{97917233-dcfa-4a59-8aa5-ca7a71c8def5}'/><Execution ProcessID='648' ThreadID='7404'/><Channel>Security</Channel><Computer>SKYNET.starfleet.corp</Computer><Security/></System><EventData><Data Name='TargetUserName'>Backup Operators</Data><Data Name='TargetDomainName'>Builtin</Data><Data Name='TargetSid'>S-1-5-32-551</Data><Data Name='SubjectUserSid'>S-1-5-18</Data><Data Name='SubjectUserName'>SKYNET$</Data><Data Name='SubjectDomainName'>STARFLEET</Data><Data Name='SubjectLogonId'>0x3e7</Data><Data Name='CallerProcessId'>0xc1c</Data><Data Name='CallerProcessName'>C:\Program Files\SentinelOne\Sentinel Agent 23.1.2.400\SentinelAgent.exe</Data></EventData></Event>,Microsoft-Windows-Security-Auditing,Information,4799,,,,"'A security-enabled local group membership was enumerated.

Subject:
	Security ID:		S-1-5-18
	Account Name:		SKYNET$
	Account Domain:		STARFLEET
	Logon ID:		0x3E7

Group:
	Security ID:		S-1-5-32-551
	Group Name:		Backup Operators
	Group Domain:		Builtin

Process Information:
	Process ID:		0xc1c
	Process Name:		C:\Program Files\SentinelOne\Sentinel Agent 23.1.2.400\SentinelAgent.exe",http://schemas.microsoft.com/win/2004/08/events/event,0,2024-09-18T14:59:01.714881900Z,13826,,,Microsoft-Windows-Security-Auditing,{54849625-5478-4994-a5ba-3e3b0328c30d},0,0,0x8020000000000000,7404,648,4083966,4799,{97917233-dcfa-4a59-8aa5-ca7a71c8def5},,SKYNET.starfleet.corp,Security,,,,,,Backup Operators,S-1-5-32-551,,Builtin,,S-1-5-18,SKYNET$,0x3E7,STARFLEET,,,,,,,,,,,,,,
08:12:48.412,,,Windows Event Logs,Windows Event Log Creation,,,,SentinelOne,SKYNET,desktop,security,23.1.2.400,faafacda006f44dd86f62f749777539a,01J82TDN5PAXRM5B0MKJZ0D7SR_800,preprocess-lib-1.0,EVENTLOG,11633,Windows 10 Enterprise Evaluation,usea1-purple.sentinelone.net,17763,48ADA42E794648DC92BBCBD1C4BB706A,SDL,,default,,01J82TDN5PAXRM5B0MKJZ0D7SR,Security,,,,,,,,,,,,C:\Program Files\SentinelOne\Sentinel Agent 23.1.2.400\SentinelAgent.exe,0xC1C,,,,<Event xmlns='http://schemas.microsoft.com/win/2004/08/events/event'><System><Provider Name='Microsoft-Windows-Security-Auditing' Guid='{54849625-5478-4994-a5ba-3e3b0328c30d}'/><EventID>4799</EventID><Version>0</Version><Level>0</Level><Task>13826</Task><Opcode>0</Opcode><Keywords>0x8020000000000000</Keywords><TimeCreated SystemTime='2024-09-18T14:59:01.717798200Z'/><EventRecordID>4083967</EventRecordID><Correlation ActivityID='{1108fc2f-a7b1-4882-8f1e-451bc4125a18}'/><Execution ProcessID='648' ThreadID='7404'/><Channel>Security</Channel><Computer>SKYNET.starfleet.corp</Computer><Security/></System><EventData><Data Name='TargetUserName'>Administrators</Data><Data Name='TargetDomainName'>Builtin</Data><Data Name='TargetSid'>S-1-5-32-544</Data><Data Name='SubjectUserSid'>S-1-5-18</Data><Data Name='SubjectUserName'>SKYNET$</Data><Data Name='SubjectDomainName'>STARFLEET</Data><Data Name='SubjectLogonId'>0x3e7</Data><Data Name='CallerProcessId'>0xc1c</Data><Data Name='CallerProcessName'>C:\Program Files\SentinelOne\Sentinel Agent 23.1.2.400\SentinelAgent.exe</Data></EventData></Event>,Microsoft-Windows-Security-Auditing,Information,4799,,,,"'A security-enabled local group membership was enumerated.

Subject:
	Security ID:		S-1-5-18
	Account Name:		SKYNET$
	Account Domain:		STARFLEET
	Logon ID:		0x3E7

Group:
	Security ID:		S-1-5-32-544
	Group Name:		Administrators
	Group Domain:		Builtin

Process Information:
	Process ID:		0xc1c
	Process Name:		C:\Program Files\SentinelOne\Sentinel Agent 23.1.2.400\SentinelAgent.exe",http://schemas.microsoft.com/win/2004/08/events/event,0,2024-09-18T14:59:01.717798200Z,13826,,,Microsoft-Windows-Security-Auditing,{54849625-5478-4994-a5ba-3e3b0328c30d},0,0,0x8020000000000000,7404,648,4083967,4799,{1108fc2f-a7b1-4882-8f1e-451bc4125a18},,SKYNET.starfleet.corp,Security,,,,,,Administrators,S-1-5-32-544,,Builtin,,S-1-5-18,SKYNET$,0x3E7,STARFLEET,,,,,,,,,,,,,,
08:12:48.412,,,Windows Event Logs,Windows Event Log Creation,,,,SentinelOne,SKYNET,desktop,security,23.1.2.400,faafacda006f44dd86f62f749777539a,01J82TDN5PAXRM5B0MKJZ0D7SR_801,preprocess-lib-1.0,EVENTLOG,11633,Windows 10 Enterprise Evaluation,usea1-purple.sentinelone.net,17763,48ADA42E794648DC92BBCBD1C4BB706A,SDL,,default,,01J82TDN5PAXRM5B0MKJZ0D7SR,Security,,,,,,,,,,,,C:\Program Files\SentinelOne\Sentinel Agent 23.1.2.400\SentinelAgent.exe,0xC1C,,,,<Event xmlns='http://schemas.microsoft.com/win/2004/08/events/event'><System><Provider Name='Microsoft-Windows-Security-Auditing' Guid='{54849625-5478-4994-a5ba-3e3b0328c30d}'/><EventID>4799</EventID><Version>0</Version><Level>0</Level><Task>13826</Task><Opcode>0</Opcode><Keywords>0x8020000000000000</Keywords><TimeCreated SystemTime='2024-09-18T14:59:01.719594300Z'/><EventRecordID>4083968</EventRecordID><Correlation ActivityID='{b174657a-49fc-4798-813d-5ca7c2b829d7}'/><Execution ProcessID='648' ThreadID='5488'/><Channel>Security</Channel><Computer>SKYNET.starfleet.corp</Computer><Security/></System><EventData><Data Name='TargetUserName'>Backup Operators</Data><Data Name='TargetDomainName'>Builtin</Data><Data Name='TargetSid'>S-1-5-32-551</Data><Data Name='SubjectUserSid'>S-1-5-18</Data><Data Name='SubjectUserName'>SKYNET$</Data><Data Name='SubjectDomainName'>STARFLEET</Data><Data Name='SubjectLogonId'>0x3e7</Data><Data Name='CallerProcessId'>0xc1c</Data><Data Name='CallerProcessName'>C:\Program Files\SentinelOne\Sentinel Agent 23.1.2.400\SentinelAgent.exe</Data></EventData></Event>,Microsoft-Windows-Security-Auditing,Information,4799,,,,"'A security-enabled local group membership was enumerated.

Subject:
	Security ID:		S-1-5-18
	Account Name:		SKYNET$
	Account Domain:		STARFLEET
	Logon ID:		0x3E7

Group:
	Security ID:		S-1-5-32-551
	Group Name:		Backup Operators
	Group Domain:		Builtin

Process Information:
	Process ID:		0xc1c
	Process Name:		C:\Program Files\SentinelOne\Sentinel Agent 23.1.2.400\SentinelAgent.exe",http://schemas.microsoft.com/win/2004/08/events/event,0,2024-09-18T14:59:01.719594300Z,13826,,,Microsoft-Windows-Security-Auditing,{54849625-5478-4994-a5ba-3e3b0328c30d},0,0,0x8020000000000000,5488,648,4083968,4799,{b174657a-49fc-4798-813d-5ca7c2b829d7},,SKYNET.starfleet.corp,Security,,,,,,Backup Operators,S-1-5-32-551,,Builtin,,S-1-5-18,SKYNET$,0x3E7,STARFLEET,,,,,,,,,,,,,,
