08:12:48.412,,,Windows Event Logs,Windows Event Log Creation,,,,SentinelOne,SKYNET,desktop,security,23.1.2.400,faafacda006f44dd86f62f749777539a,01J82TDN5PAXRM5B0MKJZ0D7SR_239,preprocess-lib-1.0,EVENTLOG,11633,Windows 10 Enterprise Evaluation,usea1-purple.sentinelone.net,17763,48ADA42E794648DC92BBCBD1C4BB706A,SDL,,default,,01J82TDN5PAXRM5B0MKJZ0D7SR,Security,,,,,,,,,,,,C:\Program Files\SentinelOne\Sentinel Agent 23.1.2.400\SentinelAgent.exe,0xC1C,,,,<Event xmlns='http://schemas.microsoft.com/win/2004/08/events/event'><System><Provider Name='Microsoft-Windows-Security-Auditing' Guid='{54849625-5478-4994-a5ba-3e3b0328c30d}'/><EventID>4799</EventID><Version>0</Version><Level>0</Level><Task>13826</Task><Opcode>0</Opcode><Keywords>0x8020000000000000</Keywords><TimeCreated SystemTime='2024-09-18T14:58:56.714920800Z'/><EventRecordID>4083576</EventRecordID><Correlation ActivityID='{e6dc0eb9-a40f-41d5-ae55-803ad68ddd6e}'/><Execution ProcessID='648' ThreadID='1688'/><Channel>Security</Channel><Computer>SKYNET.starfleet.corp</Computer><Security/></System><EventData><Data Name='TargetUserName'>Backup Operators</Data><Data Name='TargetDomainName'>Builtin</Data><Data Name='TargetSid'>S-1-5-32-551</Data><Data Name='SubjectUserSid'>S-1-5-18</Data><Data Name='SubjectUserName'>SKYNET$</Data><Data Name='SubjectDomainName'>STARFLEET</Data><Data Name='SubjectLogonId'>0x3e7</Data><Data Name='CallerProcessId'>0xc1c</Data><Data Name='CallerProcessName'>C:\Program Files\SentinelOne\Sentinel Agent 23.1.2.400\SentinelAgent.exe</Data></EventData></Event>,Microsoft-Windows-Security-Auditing,Information,4799,,,,"'A security-enabled local group membership was enumerated.

Subject:
	Security ID:		S-1-5-18
	Account Name:		SKYNET$
	Account Domain:		STARFLEET
	Logon ID:		0x3E7

Group:
	Security ID:		S-1-5-32-551
	Group Name:		Backup Operators
	Group Domain:		Builtin

Process Information:
	Process ID:		0xc1c
	Process Name:		C:\Program Files\SentinelOne\Sentinel Agent 23.1.2.400\SentinelAgent.exe",http://schemas.microsoft.com/win/2004/08/events/event,0,2024-09-18T14:58:56.714920800Z,13826,,,Microsoft-Windows-Security-Auditing,{54849625-5478-4994-a5ba-3e3b0328c30d},0,0,0x8020000000000000,1688,648,4083576,4799,{e6dc0eb9-a40f-41d5-ae55-803ad68ddd6e},,SKYNET.starfleet.corp,Security,,,,,,Backup Operators,S-1-5-32-551,,Builtin,,S-1-5-18,SKYNET$,0x3E7,STARFLEET,,,,,,,,,,,,,,
08:12:48.412,,,Windows Event Logs,Windows Event Log Creation,,,,SentinelOne,SKYNET,desktop,security,23.1.2.400,faafacda006f44dd86f62f749777539a,01J82TDN5PAXRM5B0MKJZ0D7SR_240,preprocess-lib-1.0,EVENTLOG,11633,Windows 10 Enterprise Evaluation,usea1-purple.sentinelone.net,17763,48ADA42E794648DC92BBCBD1C4BB706A,SDL,,default,,01J82TDN5PAXRM5B0MKJZ0D7SR,Security,,,,,,,,,,,,C:\Program Files\SentinelOne\Sentinel Agent 23.1.2.400\SentinelAgent.exe,0xC1C,,,,<Event xmlns='http://schemas.microsoft.com/win/2004/08/events/event'><System><Provider Name='Microsoft-Windows-Security-Auditing' Guid='{54849625-5478-4994-a5ba-3e3b0328c30d}'/><EventID>4799</EventID><Version>0</Version><Level>0</Level><Task>13826</Task><Opcode>0</Opcode><Keywords>0x8020000000000000</Keywords><TimeCreated SystemTime='2024-09-18T14:58:56.715677900Z'/><EventRecordID>4083577</EventRecordID><Correlation ActivityID='{b261c3f9-dce4-4959-979c-0d814a40ffa0}'/><Execution ProcessID='648' ThreadID='5488'/><Channel>Security</Channel><Computer>SKYNET.starfleet.corp</Computer><Security/></System><EventData><Data Name='TargetUserName'>Backup Operators</Data><Data Name='TargetDomainName'>Builtin</Data><Data Name='TargetSid'>S-1-5-32-551</Data><Data Name='SubjectUserSid'>S-1-5-18</Data><Data Name='SubjectUserName'>SKYNET$</Data><Data Name='SubjectDomainName'>STARFLEET</Data><Data Name='SubjectLogonId'>0x3e7</Data><Data Name='CallerProcessId'>0xc1c</Data><Data Name='CallerProcessName'>C:\Program Files\SentinelOne\Sentinel Agent 23.1.2.400\SentinelAgent.exe</Data></EventData></Event>,Microsoft-Windows-Security-Auditing,Information,4799,,,,"'A security-enabled local group membership was enumerated.

Subject:
	Security ID:		S-1-5-18
	Account Name:		SKYNET$
	Account Domain:		STARFLEET
	Logon ID:		0x3E7

Group:
	Security ID:		S-1-5-32-551
	Group Name:		Backup Operators
	Group Domain:		Builtin

Process Information:
	Process ID:		0xc1c
	Process Name:		C:\Program Files\SentinelOne\Sentinel Agent 23.1.2.400\SentinelAgent.exe",http://schemas.microsoft.com/win/2004/08/events/event,0,2024-09-18T14:58:56.715677900Z,13826,,,Microsoft-Windows-Security-Auditing,{54849625-5478-4994-a5ba-3e3b0328c30d},0,0,0x8020000000000000,5488,648,4083577,4799,{b261c3f9-dce4-4959-979c-0d814a40ffa0},,SKYNET.starfleet.corp,Security,,,,,,Backup Operators,S-1-5-32-551,,Builtin,,S-1-5-18,SKYNET$,0x3E7,STARFLEET,,,,,,,,,,,,,,
08:12:48.412,,,Windows Event Logs,Windows Event Log Creation,,,,SentinelOne,SKYNET,desktop,security,23.1.2.400,faafacda006f44dd86f62f749777539a,01J82TDN5PAXRM5B0MKJZ0D7SR_241,preprocess-lib-1.0,EVENTLOG,11633,Windows 10 Enterprise Evaluation,usea1-purple.sentinelone.net,17763,48ADA42E794648DC92BBCBD1C4BB706A,SDL,,default,,01J82TDN5PAXRM5B0MKJZ0D7SR,Security,,,,,,,,,,,,C:\Program Files\SentinelOne\Sentinel Agent 23.1.2.400\SentinelAgent.exe,0xC1C,,,,<Event xmlns='http://schemas.microsoft.com/win/2004/08/events/event'><System><Provider Name='Microsoft-Windows-Security-Auditing' Guid='{54849625-5478-4994-a5ba-3e3b0328c30d}'/><EventID>4799</EventID><Version>0</Version><Level>0</Level><Task>13826</Task><Opcode>0</Opcode><Keywords>0x8020000000000000</Keywords><TimeCreated SystemTime='2024-09-18T14:58:56.722358400Z'/><EventRecordID>4083578</EventRecordID><Correlation ActivityID='{d6399898-0a84-4011-b0e6-f88297084078}'/><Execution ProcessID='648' ThreadID='5488'/><Channel>Security</Channel><Computer>SKYNET.starfleet.corp</Computer><Security/></System><EventData><Data Name='TargetUserName'>Administrators</Data><Data Name='TargetDomainName'>Builtin</Data><Data Name='TargetSid'>S-1-5-32-544</Data><Data Name='SubjectUserSid'>S-1-5-18</Data><Data Name='SubjectUserName'>SKYNET$</Data><Data Name='SubjectDomainName'>STARFLEET</Data><Data Name='SubjectLogonId'>0x3e7</Data><Data Name='CallerProcessId'>0xc1c</Data><Data Name='CallerProcessName'>C:\Program Files\SentinelOne\Sentinel Agent 23.1.2.400\SentinelAgent.exe</Data></EventData></Event>,Microsoft-Windows-Security-Auditing,Information,4799,,,,"'A security-enabled local group membership was enumerated.

Subject:
	Security ID:		S-1-5-18
	Account Name:		SKYNET$
	Account Domain:		STARFLEET
	Logon ID:		0x3E7

Group:
	Security ID:		S-1-5-32-544
	Group Name:		Administrators
	Group Domain:		Builtin

Process Information:
	Process ID:		0xc1c
	Process Name:		C:\Program Files\SentinelOne\Sentinel Agent 23.1.2.400\SentinelAgent.exe",http://schemas.microsoft.com/win/2004/08/events/event,0,2024-09-18T14:58:56.722358400Z,13826,,,Microsoft-Windows-Security-Auditing,{54849625-5478-4994-a5ba-3e3b0328c30d},0,0,0x8020000000000000,5488,648,4083578,4799,{d6399898-0a84-4011-b0e6-f88297084078},,SKYNET.starfleet.corp,Security,,,,,,Administrators,S-1-5-32-544,,Builtin,,S-1-5-18,SKYNET$,0x3E7,STARFLEET,,,,,,,,,,,,,,
08:12:48.412,,,Windows Event Logs,Windows Event Log Creation,,,,SentinelOne,SKYNET,desktop,security,23.1.2.400,faafacda006f44dd86f62f749777539a,01J82TDN5PAXRM5B0MKJZ0D7SR_242,preprocess-lib-1.0,EVENTLOG,11633,Windows 10 Enterprise Evaluation,usea1-purple.sentinelone.net,17763,48ADA42E794648DC92BBCBD1C4BB706A,SDL,,default,,01J82TDN5PAXRM5B0MKJZ0D7SR,Security,,,,,,,,,,,,C:\Program Files\SentinelOne\Sentinel Agent 23.1.2.400\SentinelAgent.exe,0xC1C,,,,<Event xmlns='http://schemas.microsoft.com/win/2004/08/events/event'><System><Provider Name='Microsoft-Windows-Security-Auditing' Guid='{54849625-5478-4994-a5ba-3e3b0328c30d}'/><EventID>4799</EventID><Version>0</Version><Level>0</Level><Task>13826</Task><Opcode>0</Opcode><Keywords>0x8020000000000000</Keywords><TimeCreated SystemTime='2024-09-18T14:58:56.722677600Z'/><EventRecordID>4083579</EventRecordID><Correlation ActivityID='{8dfe56c7-5d23-4772-8c8a-63ef84e0e0c5}'/><Execution ProcessID='648' ThreadID='1688'/><Channel>Security</Channel><Computer>SKYNET.starfleet.corp</Computer><Security/></System><EventData><Data Name='TargetUserName'>Administrators</Data><Data Name='TargetDomainName'>Builtin</Data><Data Name='TargetSid'>S-1-5-32-544</Data><Data Name='SubjectUserSid'>S-1-5-18</Data><Data Name='SubjectUserName'>SKYNET$</Data><Data Name='SubjectDomainName'>STARFLEET</Data><Data Name='SubjectLogonId'>0x3e7</Data><Data Name='CallerProcessId'>0xc1c</Data><Data Name='CallerProcessName'>C:\Program Files\SentinelOne\Sentinel Agent 23.1.2.400\SentinelAgent.exe</Data></EventData></Event>,Microsoft-Windows-Security-Auditing,Information,4799,,,,"'A security-enabled local group membership was enumerated.

Subject:
	Security ID:		S-1-5-18
	Account Name:		SKYNET$
	Account Domain:		STARFLEET
	Logon ID:		0x3E7

Group:
	Security ID:		S-1-5-32-544
	Group Name:		Administrators
	Group Domain:		Builtin

Process Information:
	Process ID:		0xc1c
	Process Name:		C:\Program Files\SentinelOne\Sentinel Agent 23.1.2.400\SentinelAgent.exe",http://schemas.microsoft.com/win/2004/08/events/event,0,2024-09-18T14:58:56.722677600Z,13826,,,Microsoft-Windows-Security-Auditing,{54849625-5478-4994-a5ba-3e3b0328c30d},0,0,0x8020000000000000,1688,648,4083579,4799,{8dfe56c7-5d23-4772-8c8a-63ef84e0e0c5},,SKYNET.starfleet.corp,Security,,,,,,Administrators,S-1-5-32-544,,Builtin,,S-1-5-18,SKYNET$,0x3E7,STARFLEET,,,,,,,,,,,,,,
08:12:48.412,,,Windows Event Logs,Windows Event Log Creation,,,,SentinelOne,SKYNET,desktop,security,23.1.2.400,faafacda006f44dd86f62f749777539a,01J82TDN5PAXRM5B0MKJZ0D7SR_243,preprocess-lib-1.0,EVENTLOG,11633,Windows 10 Enterprise Evaluation,usea1-purple.sentinelone.net,17763,48ADA42E794648DC92BBCBD1C4BB706A,SDL,,default,,01J82TDN5PAXRM5B0MKJZ0D7SR,Security,,,,,,,,,,,,C:\Program Files\SentinelOne\Sentinel Agent 23.1.2.400\SentinelAgent.exe,0xC1C,,,,<Event xmlns='http://schemas.microsoft.com/win/2004/08/events/event'><System><Provider Name='Microsoft-Windows-Security-Auditing' Guid='{54849625-5478-4994-a5ba-3e3b0328c30d}'/><EventID>4799</EventID><Version>0</Version><Level>0</Level><Task>13826</Task><Opcode>0</Opcode><Keywords>0x8020000000000000</Keywords><TimeCreated SystemTime='2024-09-18T14:58:56.723734700Z'/><EventRecordID>4083580</EventRecordID><Correlation ActivityID='{acdf422b-6e2e-46f9-9af0-3e802aa1a45c}'/><Execution ProcessID='648' ThreadID='5488'/><Channel>Security</Channel><Computer>SKYNET.starfleet.corp</Computer><Security/></System><EventData><Data Name='TargetUserName'>Backup Operators</Data><Data Name='TargetDomainName'>Builtin</Data><Data Name='TargetSid'>S-1-5-32-551</Data><Data Name='SubjectUserSid'>S-1-5-18</Data><Data Name='SubjectUserName'>SKYNET$</Data><Data Name='SubjectDomainName'>STARFLEET</Data><Data Name='SubjectLogonId'>0x3e7</Data><Data Name='CallerProcessId'>0xc1c</Data><Data Name='CallerProcessName'>C:\Program Files\SentinelOne\Sentinel Agent 23.1.2.400\SentinelAgent.exe</Data></EventData></Event>,Microsoft-Windows-Security-Auditing,Information,4799,,,,"'A security-enabled local group membership was enumerated.

Subject:
	Security ID:		S-1-5-18
	Account Name:		SKYNET$
	Account Domain:		STARFLEET
	Logon ID:		0x3E7

Group:
	Security ID:		S-1-5-32-551
	Group Name:		Backup Operators
	Group Domain:		Builtin

Process Information:
	Process ID:		0xc1c
	Process Name:		C:\Program Files\SentinelOne\Sentinel Agent 23.1.2.400\SentinelAgent.exe",http://schemas.microsoft.com/win/2004/08/events/event,0,2024-09-18T14:58:56.723734700Z,13826,,,Microsoft-Windows-Security-Auditing,{54849625-5478-4994-a5ba-3e3b0328c30d},0,0,0x8020000000000000,5488,648,4083580,4799,{acdf422b-6e2e-46f9-9af0-3e802aa1a45c},,SKYNET.starfleet.corp,Security,,,,,,Backup Operators,S-1-5-32-551,,Builtin,,S-1-5-18,SKYNET$,0x3E7,STARFLEET,,,,,,,,,,,,,,
08:12:48.412,,,Windows Event Logs,Windows Event Log Creation,,,,SentinelOne,SKYNET,desktop,security,23.1.2.400,faafacda006f44dd86f62f749777539a,01J82TDN5PAXRM5B0MKJZ0D7SR_244,preprocess-lib-1.0,EVENTLOG,11633,Windows 10 Enterprise Evaluation,usea1-purple.sentinelone.net,17763,48ADA42E794648DC92BBCBD1C4BB706A,SDL,,default,,01J82TDN5PAXRM5B0MKJZ0D7SR,Security,,,,,,,,,,,,C:\Program Files\SentinelOne\Sentinel Agent 23.1.2.400\SentinelAgent.exe,0xC1C,,,,<Event xmlns='http://schemas.microsoft.com/win/2004/08/events/event'><System><Provider Name='Microsoft-Windows-Security-Auditing' Guid='{54849625-5478-4994-a5ba-3e3b0328c30d}'/><EventID>4799</EventID><Version>0</Version><Level>0</Level><Task>13826</Task><Opcode>0</Opcode><Keywords>0x8020000000000000</Keywords><TimeCreated SystemTime='2024-09-18T14:58:56.724387200Z'/><EventRecordID>4083581</EventRecordID><Correlation ActivityID='{f62456fc-8188-4609-92bd-c104a0f359b8}'/><Execution ProcessID='648' ThreadID='5488'/><Channel>Security</Channel><Computer>SKYNET.starfleet.corp</Computer><Security/></System><EventData><Data Name='TargetUserName'>Backup Operators</Data><Data Name='TargetDomainName'>Builtin</Data><Data Name='TargetSid'>S-1-5-32-551</Data><Data Name='SubjectUserSid'>S-1-5-18</Data><Data Name='SubjectUserName'>SKYNET$</Data><Data Name='SubjectDomainName'>STARFLEET</Data><Data Name='SubjectLogonId'>0x3e7</Data><Data Name='CallerProcessId'>0xc1c</Data><Data Name='CallerProcessName'>C:\Program Files\SentinelOne\Sentinel Agent 23.1.2.400\SentinelAgent.exe</Data></EventData></Event>,Microsoft-Windows-Security-Auditing,Information,4799,,,,"'A security-enabled local group membership was enumerated.

Subject:
	Security ID:		S-1-5-18
	Account Name:		SKYNET$
	Account Domain:		STARFLEET
	Logon ID:		0x3E7

Group:
	Security ID:		S-1-5-32-551
	Group Name:		Backup Operators
	Group Domain:		Builtin

Process Information:
	Process ID:		0xc1c
	Process Name:		C:\Program Files\SentinelOne\Sentinel Agent 23.1.2.400\SentinelAgent.exe",http://schemas.microsoft.com/win/2004/08/events/event,0,2024-09-18T14:58:56.724387200Z,13826,,,Microsoft-Windows-Security-Auditing,{54849625-5478-4994-a5ba-3e3b0328c30d},0,0,0x8020000000000000,5488,648,4083581,4799,{f62456fc-8188-4609-92bd-c104a0f359b8},,SKYNET.starfleet.corp,Security,,,,,,Backup Operators,S-1-5-32-551,,Builtin,,S-1-5-18,SKYNET$,0x3E7,STARFLEET,,,,,,,,,,,,,,
08:12:48.412,,,Windows Event Logs,Windows Event Log Creation,,,,SentinelOne,SKYNET,desktop,security,23.1.2.400,faafacda006f44dd86f62f749777539a,01J82TDN5PAXRM5B0MKJZ0D7SR_245,preprocess-lib-1.0,EVENTLOG,11633,Windows 10 Enterprise Evaluation,usea1-purple.sentinelone.net,17763,48ADA42E794648DC92BBCBD1C4BB706A,SDL,,default,,01J82TDN5PAXRM5B0MKJZ0D7SR,Security,,,,,,,,,,,,C:\Program Files\SentinelOne\Sentinel Agent 23.1.2.400\SentinelAgent.exe,0xC1C,,,,<Event xmlns='http://schemas.microsoft.com/win/2004/08/events/event'><System><Provider Name='Microsoft-Windows-Security-Auditing' Guid='{54849625-5478-4994-a5ba-3e3b0328c30d}'/><EventID>4799</EventID><Version>0</Version><Level>0</Level><Task>13826</Task><Opcode>0</Opcode><Keywords>0x8020000000000000</Keywords><TimeCreated SystemTime='2024-09-18T14:58:56.730354000Z'/><EventRecordID>4083582</EventRecordID><Correlation ActivityID='{db7bdc92-7449-4de0-821c-05e56b8e363a}'/><Execution ProcessID='648' ThreadID='1688'/><Channel>Security</Channel><Computer>SKYNET.starfleet.corp</Computer><Security/></System><EventData><Data Name='TargetUserName'>Administrators</Data><Data Name='TargetDomainName'>Builtin</Data><Data Name='TargetSid'>S-1-5-32-544</Data><Data Name='SubjectUserSid'>S-1-5-18</Data><Data Name='SubjectUserName'>SKYNET$</Data><Data Name='SubjectDomainName'>STARFLEET</Data><Data Name='SubjectLogonId'>0x3e7</Data><Data Name='CallerProcessId'>0xc1c</Data><Data Name='CallerProcessName'>C:\Program Files\SentinelOne\Sentinel Agent 23.1.2.400\SentinelAgent.exe</Data></EventData></Event>,Microsoft-Windows-Security-Auditing,Information,4799,,,,"'A security-enabled local group membership was enumerated.

Subject:
	Security ID:		S-1-5-18
	Account Name:		SKYNET$
	Account Domain:		STARFLEET
	Logon ID:		0x3E7

Group:
	Security ID:		S-1-5-32-544
	Group Name:		Administrators
	Group Domain:		Builtin

Process Information:
	Process ID:		0xc1c
	Process Name:		C:\Program Files\SentinelOne\Sentinel Agent 23.1.2.400\SentinelAgent.exe",http://schemas.microsoft.com/win/2004/08/events/event,0,2024-09-18T14:58:56.730354000Z,13826,,,Microsoft-Windows-Security-Auditing,{54849625-5478-4994-a5ba-3e3b0328c30d},0,0,0x8020000000000000,1688,648,4083582,4799,{db7bdc92-7449-4de0-821c-05e56b8e363a},,SKYNET.starfleet.corp,Security,,,,,,Administrators,S-1-5-32-544,,Builtin,,S-1-5-18,SKYNET$,0x3E7,STARFLEET,,,,,,,,,,,,,,
08:12:48.412,,,Windows Event Logs,Windows Event Log Creation,,,,SentinelOne,SKYNET,desktop,security,23.1.2.400,faafacda006f44dd86f62f749777539a,01J82TDN5PAXRM5B0MKJZ0D7SR_246,preprocess-lib-1.0,EVENTLOG,11633,Windows 10 Enterprise Evaluation,usea1-purple.sentinelone.net,17763,48ADA42E794648DC92BBCBD1C4BB706A,SDL,,default,,01J82TDN5PAXRM5B0MKJZ0D7SR,Security,,,,,,,,,,,,C:\Program Files\SentinelOne\Sentinel Agent 23.1.2.400\SentinelAgent.exe,0xC1C,,,,<Event xmlns='http://schemas.microsoft.com/win/2004/08/events/event'><System><Provider Name='Microsoft-Windows-Security-Auditing' Guid='{54849625-5478-4994-a5ba-3e3b0328c30d}'/><EventID>4799</EventID><Version>0</Version><Level>0</Level><Task>13826</Task><Opcode>0</Opcode><Keywords>0x8020000000000000</Keywords><TimeCreated SystemTime='2024-09-18T14:58:56.731797000Z'/><EventRecordID>4083583</EventRecordID><Correlation ActivityID='{a89b3b9d-5601-45a3-a2ea-01d58eb7d358}'/><Execution ProcessID='648' ThreadID='1688'/><Channel>Security</Channel><Computer>SKYNET.starfleet.corp</Computer><Security/></System><EventData><Data Name='TargetUserName'>Backup Operators</Data><Data Name='TargetDomainName'>Builtin</Data><Data Name='TargetSid'>S-1-5-32-551</Data><Data Name='SubjectUserSid'>S-1-5-18</Data><Data Name='SubjectUserName'>SKYNET$</Data><Data Name='SubjectDomainName'>STARFLEET</Data><Data Name='SubjectLogonId'>0x3e7</Data><Data Name='CallerProcessId'>0xc1c</Data><Data Name='CallerProcessName'>C:\Program Files\SentinelOne\Sentinel Agent 23.1.2.400\SentinelAgent.exe</Data></EventData></Event>,Microsoft-Windows-Security-Auditing,Information,4799,,,,"'A security-enabled local group membership was enumerated.

Subject:
	Security ID:		S-1-5-18
	Account Name:		SKYNET$
	Account Domain:		STARFLEET
	Logon ID:		0x3E7

Group:
	Security ID:		S-1-5-32-551
	Group Name:		Backup Operators
	Group Domain:		Builtin

Process Information:
	Process ID:		0xc1c
	Process Name:		C:\Program Files\SentinelOne\Sentinel Agent 23.1.2.400\SentinelAgent.exe",http://schemas.microsoft.com/win/2004/08/events/event,0,2024-09-18T14:58:56.731797000Z,13826,,,Microsoft-Windows-Security-Auditing,{54849625-5478-4994-a5ba-3e3b0328c30d},0,0,0x8020000000000000,1688,648,4083583,4799,{a89b3b9d-5601-45a3-a2ea-01d58eb7d358},,SKYNET.starfleet.corp,Security,,,,,,Backup Operators,S-1-5-32-551,,Builtin,,S-1-5-18,SKYNET$,0x3E7,STARFLEET,,,,,,,,,,,,,,
08:12:48.412,,,Windows Event Logs,Windows Event Log Creation,,,,SentinelOne,SKYNET,desktop,security,23.1.2.400,faafacda006f44dd86f62f749777539a,01J82TDN5PAXRM5B0MKJZ0D7SR_247,preprocess-lib-1.0,EVENTLOG,11633,Windows 10 Enterprise Evaluation,usea1-purple.sentinelone.net,17763,48ADA42E794648DC92BBCBD1C4BB706A,SDL,,default,,01J82TDN5PAXRM5B0MKJZ0D7SR,Security,,,,,,,,,,,,C:\Program Files\SentinelOne\Sentinel Agent 23.1.2.400\SentinelAgent.exe,0xC1C,,,,<Event xmlns='http://schemas.microsoft.com/win/2004/08/events/event'><System><Provider Name='Microsoft-Windows-Security-Auditing' Guid='{54849625-5478-4994-a5ba-3e3b0328c30d}'/><EventID>4799</EventID><Version>0</Version><Level>0</Level><Task>13826</Task><Opcode>0</Opcode><Keywords>0x8020000000000000</Keywords><TimeCreated SystemTime='2024-09-18T14:58:56.737764300Z'/><EventRecordID>4083584</EventRecordID><Correlation ActivityID='{fac1b633-e793-422c-9352-7de84e7a6044}'/><Execution ProcessID='648' ThreadID='1688'/><Channel>Security</Channel><Computer>SKYNET.starfleet.corp</Computer><Security/></System><EventData><Data Name='TargetUserName'>Administrators</Data><Data Name='TargetDomainName'>Builtin</Data><Data Name='TargetSid'>S-1-5-32-544</Data><Data Name='SubjectUserSid'>S-1-5-18</Data><Data Name='SubjectUserName'>SKYNET$</Data><Data Name='SubjectDomainName'>STARFLEET</Data><Data Name='SubjectLogonId'>0x3e7</Data><Data Name='CallerProcessId'>0xc1c</Data><Data Name='CallerProcessName'>C:\Program Files\SentinelOne\Sentinel Agent 23.1.2.400\SentinelAgent.exe</Data></EventData></Event>,Microsoft-Windows-Security-Auditing,Information,4799,,,,"'A security-enabled local group membership was enumerated.

Subject:
	Security ID:		S-1-5-18
	Account Name:		SKYNET$
	Account Domain:		STARFLEET
	Logon ID:		0x3E7

Group:
	Security ID:		S-1-5-32-544
	Group Name:		Administrators
	Group Domain:		Builtin

Process Information:
	Process ID:		0xc1c
	Process Name:		C:\Program Files\SentinelOne\Sentinel Agent 23.1.2.400\SentinelAgent.exe",http://schemas.microsoft.com/win/2004/08/events/event,0,2024-09-18T14:58:56.737764300Z,13826,,,Microsoft-Windows-Security-Auditing,{54849625-5478-4994-a5ba-3e3b0328c30d},0,0,0x8020000000000000,1688,648,4083584,4799,{fac1b633-e793-422c-9352-7de84e7a6044},,SKYNET.starfleet.corp,Security,,,,,,Administrators,S-1-5-32-544,,Builtin,,S-1-5-18,SKYNET$,0x3E7,STARFLEET,,,,,,,,,,,,,,
08:12:48.412,,,Windows Event Logs,Windows Event Log Creation,,,,SentinelOne,SKYNET,desktop,security,23.1.2.400,faafacda006f44dd86f62f749777539a,01J82TDN5PAXRM5B0MKJZ0D7SR_248,preprocess-lib-1.0,EVENTLOG,11633,Windows 10 Enterprise Evaluation,usea1-purple.sentinelone.net,17763,48ADA42E794648DC92BBCBD1C4BB706A,SDL,,default,,01J82TDN5PAXRM5B0MKJZ0D7SR,Security,,,,,,,,,,,,C:\Program Files\SentinelOne\Sentinel Agent 23.1.2.400\SentinelAgent.exe,0xC1C,,,,<Event xmlns='http://schemas.microsoft.com/win/2004/08/events/event'><System><Provider Name='Microsoft-Windows-Security-Auditing' Guid='{54849625-5478-4994-a5ba-3e3b0328c30d}'/><EventID>4799</EventID><Version>0</Version><Level>0</Level><Task>13826</Task><Opcode>0</Opcode><Keywords>0x8020000000000000</Keywords><TimeCreated SystemTime='2024-09-18T14:58:56.739228300Z'/><EventRecordID>4083585</EventRecordID><Correlation ActivityID='{0ace6501-806b-4b29-95b0-5237b5530163}'/><Execution ProcessID='648' ThreadID='1688'/><Channel>Security</Channel><Computer>SKYNET.starfleet.corp</Computer><Security/></System><EventData><Data Name='TargetUserName'>Backup Operators</Data><Data Name='TargetDomainName'>Builtin</Data><Data Name='TargetSid'>S-1-5-32-551</Data><Data Name='SubjectUserSid'>S-1-5-18</Data><Data Name='SubjectUserName'>SKYNET$</Data><Data Name='SubjectDomainName'>STARFLEET</Data><Data Name='SubjectLogonId'>0x3e7</Data><Data Name='CallerProcessId'>0xc1c</Data><Data Name='CallerProcessName'>C:\Program Files\SentinelOne\Sentinel Agent 23.1.2.400\SentinelAgent.exe</Data></EventData></Event>,Microsoft-Windows-Security-Auditing,Information,4799,,,,"'A security-enabled local group membership was enumerated.

Subject:
	Security ID:		S-1-5-18
	Account Name:		SKYNET$
	Account Domain:		STARFLEET
	Logon ID:		0x3E7

Group:
	Security ID:		S-1-5-32-551
	Group Name:		Backup Operators
	Group Domain:		Builtin

Process Information:
	Process ID:		0xc1c
	Process Name:		C:\Program Files\SentinelOne\Sentinel Agent 23.1.2.400\SentinelAgent.exe",http://schemas.microsoft.com/win/2004/08/events/event,0,2024-09-18T14:58:56.739228300Z,13826,,,Microsoft-Windows-Security-Auditing,{54849625-5478-4994-a5ba-3e3b0328c30d},0,0,0x8020000000000000,1688,648,4083585,4799,{0ace6501-806b-4b29-95b0-5237b5530163},,SKYNET.starfleet.corp,Security,,,,,,Backup Operators,S-1-5-32-551,,Builtin,,S-1-5-18,SKYNET$,0x3E7,STARFLEET,,,,,,,,,,,,,,
08:12:48.412,,,Windows Event Logs,Windows Event Log Creation,,,,SentinelOne,SKYNET,desktop,security,23.1.2.400,faafacda006f44dd86f62f749777539a,01J82TDN5PAXRM5B0MKJZ0D7SR_296,preprocess-lib-1.0,EVENTLOG,11633,Windows 10 Enterprise Evaluation,usea1-purple.sentinelone.net,17763,48ADA42E794648DC92BBCBD1C4BB706A,SDL,,default,,01J82TDN5PAXRM5B0MKJZ0D7SR,Security,,,,,,,,,,,,C:\Windows\System32\VSSVC.exe,0x240,,,,<Event xmlns='http://schemas.microsoft.com/win/2004/08/events/event'><System><Provider Name='Microsoft-Windows-Security-Auditing' Guid='{54849625-5478-4994-a5ba-3e3b0328c30d}'/><EventID>4799</EventID><Version>0</Version><Level>0</Level><Task>13826</Task><Opcode>0</Opcode><Keywords>0x8020000000000000</Keywords><TimeCreated SystemTime='2024-09-18T14:58:56.879743400Z'/><EventRecordID>4083586</EventRecordID><Correlation ActivityID='{e2a3b03c-af24-4055-b45f-96354e18a49a}'/><Execution ProcessID='648' ThreadID='7404'/><Channel>Security</Channel><Computer>SKYNET.starfleet.corp</Computer><Security/></System><EventData><Data Name='TargetUserName'>Administrators</Data><Data Name='TargetDomainName'>Builtin</Data><Data Name='TargetSid'>S-1-5-32-544</Data><Data Name='SubjectUserSid'>S-1-5-18</Data><Data Name='SubjectUserName'>SKYNET$</Data><Data Name='SubjectDomainName'>STARFLEET</Data><Data Name='SubjectLogonId'>0x3e7</Data><Data Name='CallerProcessId'>0x240</Data><Data Name='CallerProcessName'>C:\Windows\System32\VSSVC.exe</Data></EventData></Event>,Microsoft-Windows-Security-Auditing,Information,4799,,,,"'A security-enabled local group membership was enumerated.

Subject:
	Security ID:		S-1-5-18
	Account Name:		SKYNET$
	Account Domain:		STARFLEET
	Logon ID:		0x3E7

Group:
	Security ID:		S-1-5-32-544
	Group Name:		Administrators
	Group Domain:		Builtin

Process Information:
	Process ID:		0x240
	Process Name:		C:\Windows\System32\VSSVC.exe",http://schemas.microsoft.com/win/2004/08/events/event,0,2024-09-18T14:58:56.879743400Z,13826,,,Microsoft-Windows-Security-Auditing,{54849625-5478-4994-a5ba-3e3b0328c30d},0,0,0x8020000000000000,7404,648,4083586,4799,{e2a3b03c-af24-4055-b45f-96354e18a49a},,SKYNET.starfleet.corp,Security,,,,,,Administrators,S-1-5-32-544,,Builtin,,S-1-5-18,SKYNET$,0x3E7,STARFLEET,,,,,,,,,,,,,,
08:12:48.412,,,Windows Event Logs,Windows Event Log Creation,,,,SentinelOne,SKYNET,desktop,security,23.1.2.400,faafacda006f44dd86f62f749777539a,01J82TDN5PAXRM5B0MKJZ0D7SR_297,preprocess-lib-1.0,EVENTLOG,11633,Windows 10 Enterprise Evaluation,usea1-purple.sentinelone.net,17763,48ADA42E794648DC92BBCBD1C4BB706A,SDL,,default,,01J82TDN5PAXRM5B0MKJZ0D7SR,Security,,,,,,,,,,,,C:\Windows\System32\VSSVC.exe,0x240,,,,<Event xmlns='http://schemas.microsoft.com/win/2004/08/events/event'><System><Provider Name='Microsoft-Windows-Security-Auditing' Guid='{54849625-5478-4994-a5ba-3e3b0328c30d}'/><EventID>4799</EventID><Version>0</Version><Level>0</Level><Task>13826</Task><Opcode>0</Opcode><Keywords>0x8020000000000000</Keywords><TimeCreated SystemTime='2024-09-18T14:58:56.880574700Z'/><EventRecordID>4083587</EventRecordID><Correlation ActivityID='{799ee497-0662-4786-be81-88cb505232f1}'/><Execution ProcessID='648' ThreadID='7404'/><Channel>Security</Channel><Computer>SKYNET.starfleet.corp</Computer><Security/></System><EventData><Data Name='TargetUserName'>Backup Operators</Data><Data Name='TargetDomainName'>Builtin</Data><Data Name='TargetSid'>S-1-5-32-551</Data><Data Name='SubjectUserSid'>S-1-5-18</Data><Data Name='SubjectUserName'>SKYNET$</Data><Data Name='SubjectDomainName'>STARFLEET</Data><Data Name='SubjectLogonId'>0x3e7</Data><Data Name='CallerProcessId'>0x240</Data><Data Name='CallerProcessName'>C:\Windows\System32\VSSVC.exe</Data></EventData></Event>,Microsoft-Windows-Security-Auditing,Information,4799,,,,"'A security-enabled local group membership was enumerated.

Subject:
	Security ID:		S-1-5-18
	Account Name:		SKYNET$
	Account Domain:		STARFLEET
	Logon ID:		0x3E7

Group:
	Security ID:		S-1-5-32-551
	Group Name:		Backup Operators
	Group Domain:		Builtin

Process Information:
	Process ID:		0x240
	Process Name:		C:\Windows\System32\VSSVC.exe",http://schemas.microsoft.com/win/2004/08/events/event,0,2024-09-18T14:58:56.880574700Z,13826,,,Microsoft-Windows-Security-Auditing,{54849625-5478-4994-a5ba-3e3b0328c30d},0,0,0x8020000000000000,7404,648,4083587,4799,{799ee497-0662-4786-be81-88cb505232f1},,SKYNET.starfleet.corp,Security,,,,,,Backup Operators,S-1-5-32-551,,Builtin,,S-1-5-18,SKYNET$,0x3E7,STARFLEET,,,,,,,,,,,,,,
08:12:48.412,,,Windows Event Logs,Windows Event Log Creation,,,,SentinelOne,SKYNET,desktop,security,23.1.2.400,faafacda006f44dd86f62f749777539a,01J82TDN5PAXRM5B0MKJZ0D7SR_298,preprocess-lib-1.0,EVENTLOG,11633,Windows 10 Enterprise Evaluation,usea1-purple.sentinelone.net,17763,48ADA42E794648DC92BBCBD1C4BB706A,SDL,,default,,01J82TDN5PAXRM5B0MKJZ0D7SR,Security,,,,,,,,,,,,C:\Windows\System32\VSSVC.exe,0x240,,,,<Event xmlns='http://schemas.microsoft.com/win/2004/08/events/event'><System><Provider Name='Microsoft-Windows-Security-Auditing' Guid='{54849625-5478-4994-a5ba-3e3b0328c30d}'/><EventID>4799</EventID><Version>0</Version><Level>0</Level><Task>13826</Task><Opcode>0</Opcode><Keywords>0x8020000000000000</Keywords><TimeCreated SystemTime='2024-09-18T14:58:56.881431200Z'/><EventRecordID>4083588</EventRecordID><Correlation ActivityID='{f8be9ac5-b79b-4160-883c-86825ce21d3d}'/><Execution ProcessID='648' ThreadID='7404'/><Channel>Security</Channel><Computer>SKYNET.starfleet.corp</Computer><Security/></System><EventData><Data Name='TargetUserName'>Administrators</Data><Data Name='TargetDomainName'>Builtin</Data><Data Name='TargetSid'>S-1-5-32-544</Data><Data Name='SubjectUserSid'>S-1-5-18</Data><Data Name='SubjectUserName'>SKYNET$</Data><Data Name='SubjectDomainName'>STARFLEET</Data><Data Name='SubjectLogonId'>0x3e7</Data><Data Name='CallerProcessId'>0x240</Data><Data Name='CallerProcessName'>C:\Windows\System32\VSSVC.exe</Data></EventData></Event>,Microsoft-Windows-Security-Auditing,Information,4799,,,,"'A security-enabled local group membership was enumerated.

Subject:
	Security ID:		S-1-5-18
	Account Name:		SKYNET$
	Account Domain:		STARFLEET
	Logon ID:		0x3E7

Group:
	Security ID:		S-1-5-32-544
	Group Name:		Administrators
	Group Domain:		Builtin

Process Information:
	Process ID:		0x240
	Process Name:		C:\Windows\System32\VSSVC.exe",http://schemas.microsoft.com/win/2004/08/events/event,0,2024-09-18T14:58:56.881431200Z,13826,,,Microsoft-Windows-Security-Auditing,{54849625-5478-4994-a5ba-3e3b0328c30d},0,0,0x8020000000000000,7404,648,4083588,4799,{f8be9ac5-b79b-4160-883c-86825ce21d3d},,SKYNET.starfleet.corp,Security,,,,,,Administrators,S-1-5-32-544,,Builtin,,S-1-5-18,SKYNET$,0x3E7,STARFLEET,,,,,,,,,,,,,,
08:12:48.412,,,Windows Event Logs,Windows Event Log Creation,,,,SentinelOne,SKYNET,desktop,security,23.1.2.400,faafacda006f44dd86f62f749777539a,01J82TDN5PAXRM5B0MKJZ0D7SR_299,preprocess-lib-1.0,EVENTLOG,11633,Windows 10 Enterprise Evaluation,usea1-purple.sentinelone.net,17763,48ADA42E794648DC92BBCBD1C4BB706A,SDL,,default,,01J82TDN5PAXRM5B0MKJZ0D7SR,Security,,,,,,,,,,,,C:\Windows\System32\VSSVC.exe,0x240,,,,<Event xmlns='http://schemas.microsoft.com/win/2004/08/events/event'><System><Provider Name='Microsoft-Windows-Security-Auditing' Guid='{54849625-5478-4994-a5ba-3e3b0328c30d}'/><EventID>4799</EventID><Version>0</Version><Level>0</Level><Task>13826</Task><Opcode>0</Opcode><Keywords>0x8020000000000000</Keywords><TimeCreated SystemTime='2024-09-18T14:58:56.882203200Z'/><EventRecordID>4083589</EventRecordID><Correlation ActivityID='{b087abcb-6755-4886-91ab-4d7099b8acf1}'/><Execution ProcessID='648' ThreadID='7404'/><Channel>Security</Channel><Computer>SKYNET.starfleet.corp</Computer><Security/></System><EventData><Data Name='TargetUserName'>Backup Operators</Data><Data Name='TargetDomainName'>Builtin</Data><Data Name='TargetSid'>S-1-5-32-551</Data><Data Name='SubjectUserSid'>S-1-5-18</Data><Data Name='SubjectUserName'>SKYNET$</Data><Data Name='SubjectDomainName'>STARFLEET</Data><Data Name='SubjectLogonId'>0x3e7</Data><Data Name='CallerProcessId'>0x240</Data><Data Name='CallerProcessName'>C:\Windows\System32\VSSVC.exe</Data></EventData></Event>,Microsoft-Windows-Security-Auditing,Information,4799,,,,"'A security-enabled local group membership was enumerated.

Subject:
	Security ID:		S-1-5-18
	Account Name:		SKYNET$
	Account Domain:		STARFLEET
	Logon ID:		0x3E7

Group:
	Security ID:		S-1-5-32-551
	Group Name:		Backup Operators
	Group Domain:		Builtin

Process Information:
	Process ID:		0x240
	Process Name:		C:\Windows\System32\VSSVC.exe",http://schemas.microsoft.com/win/2004/08/events/event,0,2024-09-18T14:58:56.882203200Z,13826,,,Microsoft-Windows-Security-Auditing,{54849625-5478-4994-a5ba-3e3b0328c30d},0,0,0x8020000000000000,7404,648,4083589,4799,{b087abcb-6755-4886-91ab-4d7099b8acf1},,SKYNET.starfleet.corp,Security,,,,,,Backup Operators,S-1-5-32-551,,Builtin,,S-1-5-18,SKYNET$,0x3E7,STARFLEET,,,,,,,,,,,,,,
08:12:48.412,,,Windows Event Logs,Windows Event Log Creation,,,,SentinelOne,SKYNET,desktop,security,23.1.2.400,faafacda006f44dd86f62f749777539a,01J82TDN5PAXRM5B0MKJZ0D7SR_300,preprocess-lib-1.0,EVENTLOG,11633,Windows 10 Enterprise Evaluation,usea1-purple.sentinelone.net,17763,48ADA42E794648DC92BBCBD1C4BB706A,SDL,,default,,01J82TDN5PAXRM5B0MKJZ0D7SR,Security,,,,,,,,,,,,C:\Windows\System32\VSSVC.exe,0x240,,,,<Event xmlns='http://schemas.microsoft.com/win/2004/08/events/event'><System><Provider Name='Microsoft-Windows-Security-Auditing' Guid='{54849625-5478-4994-a5ba-3e3b0328c30d}'/><EventID>4799</EventID><Version>0</Version><Level>0</Level><Task>13826</Task><Opcode>0</Opcode><Keywords>0x8020000000000000</Keywords><TimeCreated SystemTime='2024-09-18T14:58:56.887185900Z'/><EventRecordID>4083590</EventRecordID><Correlation ActivityID='{50e3a0cb-a398-4ddd-bb38-fa0c617534c3}'/><Execution ProcessID='648' ThreadID='7404'/><Channel>Security</Channel><Computer>SKYNET.starfleet.corp</Computer><Security/></System><EventData><Data Name='TargetUserName'>Administrators</Data><Data Name='TargetDomainName'>Builtin</Data><Data Name='TargetSid'>S-1-5-32-544</Data><Data Name='SubjectUserSid'>S-1-5-18</Data><Data Name='SubjectUserName'>SKYNET$</Data><Data Name='SubjectDomainName'>STARFLEET</Data><Data Name='SubjectLogonId'>0x3e7</Data><Data Name='CallerProcessId'>0x240</Data><Data Name='CallerProcessName'>C:\Windows\System32\VSSVC.exe</Data></EventData></Event>,Microsoft-Windows-Security-Auditing,Information,4799,,,,"'A security-enabled local group membership was enumerated.

Subject:
	Security ID:		S-1-5-18
	Account Name:		SKYNET$
	Account Domain:		STARFLEET
	Logon ID:		0x3E7

Group:
	Security ID:		S-1-5-32-544
	Group Name:		Administrators
	Group Domain:		Builtin

Process Information:
	Process ID:		0x240
	Process Name:		C:\Windows\System32\VSSVC.exe",http://schemas.microsoft.com/win/2004/08/events/event,0,2024-09-18T14:58:56.887185900Z,13826,,,Microsoft-Windows-Security-Auditing,{54849625-5478-4994-a5ba-3e3b0328c30d},0,0,0x8020000000000000,7404,648,4083590,4799,{50e3a0cb-a398-4ddd-bb38-fa0c617534c3},,SKYNET.starfleet.corp,Security,,,,,,Administrators,S-1-5-32-544,,Builtin,,S-1-5-18,SKYNET$,0x3E7,STARFLEET,,,,,,,,,,,,,,
08:12:48.412,,,Windows Event Logs,Windows Event Log Creation,,,,SentinelOne,SKYNET,desktop,security,23.1.2.400,faafacda006f44dd86f62f749777539a,01J82TDN5PAXRM5B0MKJZ0D7SR_301,preprocess-lib-1.0,EVENTLOG,11633,Windows 10 Enterprise Evaluation,usea1-purple.sentinelone.net,17763,48ADA42E794648DC92BBCBD1C4BB706A,SDL,,default,,01J82TDN5PAXRM5B0MKJZ0D7SR,Security,,,,,,,,,,,,C:\Windows\System32\VSSVC.exe,0x240,,,,<Event xmlns='http://schemas.microsoft.com/win/2004/08/events/event'><System><Provider Name='Microsoft-Windows-Security-Auditing' Guid='{54849625-5478-4994-a5ba-3e3b0328c30d}'/><EventID>4799</EventID><Version>0</Version><Level>0</Level><Task>13826</Task><Opcode>0</Opcode><Keywords>0x8020000000000000</Keywords><TimeCreated SystemTime='2024-09-18T14:58:56.888269400Z'/><EventRecordID>4083591</EventRecordID><Correlation ActivityID='{5e6887d3-01f1-4730-802e-102ff186fd24}'/><Execution ProcessID='648' ThreadID='7404'/><Channel>Security</Channel><Computer>SKYNET.starfleet.corp</Computer><Security/></System><EventData><Data Name='TargetUserName'>Backup Operators</Data><Data Name='TargetDomainName'>Builtin</Data><Data Name='TargetSid'>S-1-5-32-551</Data><Data Name='SubjectUserSid'>S-1-5-18</Data><Data Name='SubjectUserName'>SKYNET$</Data><Data Name='SubjectDomainName'>STARFLEET</Data><Data Name='SubjectLogonId'>0x3e7</Data><Data Name='CallerProcessId'>0x240</Data><Data Name='CallerProcessName'>C:\Windows\System32\VSSVC.exe</Data></EventData></Event>,Microsoft-Windows-Security-Auditing,Information,4799,,,,"'A security-enabled local group membership was enumerated.

Subject:
	Security ID:		S-1-5-18
	Account Name:		SKYNET$
	Account Domain:		STARFLEET
	Logon ID:		0x3E7

Group:
	Security ID:		S-1-5-32-551
	Group Name:		Backup Operators
	Group Domain:		Builtin

Process Information:
	Process ID:		0x240
	Process Name:		C:\Windows\System32\VSSVC.exe",http://schemas.microsoft.com/win/2004/08/events/event,0,2024-09-18T14:58:56.888269400Z,13826,,,Microsoft-Windows-Security-Auditing,{54849625-5478-4994-a5ba-3e3b0328c30d},0,0,0x8020000000000000,7404,648,4083591,4799,{5e6887d3-01f1-4730-802e-102ff186fd24},,SKYNET.starfleet.corp,Security,,,,,,Backup Operators,S-1-5-32-551,,Builtin,,S-1-5-18,SKYNET$,0x3E7,STARFLEET,,,,,,,,,,,,,,
08:12:48.412,,,Windows Event Logs,Windows Event Log Creation,,,,SentinelOne,SKYNET,desktop,security,23.1.2.400,faafacda006f44dd86f62f749777539a,01J82TDN5PAXRM5B0MKJZ0D7SR_302,preprocess-lib-1.0,EVENTLOG,11633,Windows 10 Enterprise Evaluation,usea1-purple.sentinelone.net,17763,48ADA42E794648DC92BBCBD1C4BB706A,SDL,,default,,01J82TDN5PAXRM5B0MKJZ0D7SR,Security,,,,,,,,,,,,C:\Program Files\SentinelOne\Sentinel Agent 23.1.2.400\SentinelAgent.exe,0xC1C,,,,<Event xmlns='http://schemas.microsoft.com/win/2004/08/events/event'><System><Provider Name='Microsoft-Windows-Security-Auditing' Guid='{54849625-5478-4994-a5ba-3e3b0328c30d}'/><EventID>4799</EventID><Version>0</Version><Level>0</Level><Task>13826</Task><Opcode>0</Opcode><Keywords>0x8020000000000000</Keywords><TimeCreated SystemTime='2024-09-18T14:58:56.890470300Z'/><EventRecordID>4083592</EventRecordID><Correlation ActivityID='{6ef0ad30-2bca-47a6-a7d2-d3dfa7748393}'/><Execution ProcessID='648' ThreadID='7404'/><Channel>Security</Channel><Computer>SKYNET.starfleet.corp</Computer><Security/></System><EventData><Data Name='TargetUserName'>Administrators</Data><Data Name='TargetDomainName'>Builtin</Data><Data Name='TargetSid'>S-1-5-32-544</Data><Data Name='SubjectUserSid'>S-1-5-18</Data><Data Name='SubjectUserName'>SKYNET$</Data><Data Name='SubjectDomainName'>STARFLEET</Data><Data Name='SubjectLogonId'>0x3e7</Data><Data Name='CallerProcessId'>0xc1c</Data><Data Name='CallerProcessName'>C:\Program Files\SentinelOne\Sentinel Agent 23.1.2.400\SentinelAgent.exe</Data></EventData></Event>,Microsoft-Windows-Security-Auditing,Information,4799,,,,"'A security-enabled local group membership was enumerated.

Subject:
	Security ID:		S-1-5-18
	Account Name:		SKYNET$
	Account Domain:		STARFLEET
	Logon ID:		0x3E7

Group:
	Security ID:		S-1-5-32-544
	Group Name:		Administrators
	Group Domain:		Builtin

Process Information:
	Process ID:		0xc1c
	Process Name:		C:\Program Files\SentinelOne\Sentinel Agent 23.1.2.400\SentinelAgent.exe",http://schemas.microsoft.com/win/2004/08/events/event,0,2024-09-18T14:58:56.890470300Z,13826,,,Microsoft-Windows-Security-Auditing,{54849625-5478-4994-a5ba-3e3b0328c30d},0,0,0x8020000000000000,7404,648,4083592,4799,{6ef0ad30-2bca-47a6-a7d2-d3dfa7748393},,SKYNET.starfleet.corp,Security,,,,,,Administrators,S-1-5-32-544,,Builtin,,S-1-5-18,SKYNET$,0x3E7,STARFLEET,,,,,,,,,,,,,,
08:12:48.412,,,Windows Event Logs,Windows Event Log Creation,,,,SentinelOne,SKYNET,desktop,security,23.1.2.400,faafacda006f44dd86f62f749777539a,01J82TDN5PAXRM5B0MKJZ0D7SR_303,preprocess-lib-1.0,EVENTLOG,11633,Windows 10 Enterprise Evaluation,usea1-purple.sentinelone.net,17763,48ADA42E794648DC92BBCBD1C4BB706A,SDL,,default,,01J82TDN5PAXRM5B0MKJZ0D7SR,Security,,,,,,,,,,,,C:\Windows\System32\VSSVC.exe,0x240,,,,<Event xmlns='http://schemas.microsoft.com/win/2004/08/events/event'><System><Provider Name='Microsoft-Windows-Security-Auditing' Guid='{54849625-5478-4994-a5ba-3e3b0328c30d}'/><EventID>4799</EventID><Version>0</Version><Level>0</Level><Task>13826</Task><Opcode>0</Opcode><Keywords>0x8020000000000000</Keywords><TimeCreated SystemTime='2024-09-18T14:58:56.890505600Z'/><EventRecordID>4083593</EventRecordID><Correlation ActivityID='{d6d95b30-1d48-4c2d-bc8f-c85b00628397}'/><Execution ProcessID='648' ThreadID='1688'/><Channel>Security</Channel><Computer>SKYNET.starfleet.corp</Computer><Security/></System><EventData><Data Name='TargetUserName'>Administrators</Data><Data Name='TargetDomainName'>Builtin</Data><Data Name='TargetSid'>S-1-5-32-544</Data><Data Name='SubjectUserSid'>S-1-5-18</Data><Data Name='SubjectUserName'>SKYNET$</Data><Data Name='SubjectDomainName'>STARFLEET</Data><Data Name='SubjectLogonId'>0x3e7</Data><Data Name='CallerProcessId'>0x240</Data><Data Name='CallerProcessName'>C:\Windows\System32\VSSVC.exe</Data></EventData></Event>,Microsoft-Windows-Security-Auditing,Information,4799,,,,"'A security-enabled local group membership was enumerated.

Subject:
	Security ID:		S-1-5-18
	Account Name:		SKYNET$
	Account Domain:		STARFLEET
	Logon ID:		0x3E7

Group:
	Security ID:		S-1-5-32-544
	Group Name:		Administrators
	Group Domain:		Builtin

Process Information:
	Process ID:		0x240
	Process Name:		C:\Windows\System32\VSSVC.exe",http://schemas.microsoft.com/win/2004/08/events/event,0,2024-09-18T14:58:56.890505600Z,13826,,,Microsoft-Windows-Security-Auditing,{54849625-5478-4994-a5ba-3e3b0328c30d},0,0,0x8020000000000000,1688,648,4083593,4799,{d6d95b30-1d48-4c2d-bc8f-c85b00628397},,SKYNET.starfleet.corp,Security,,,,,,Administrators,S-1-5-32-544,,Builtin,,S-1-5-18,SKYNET$,0x3E7,STARFLEET,,,,,,,,,,,,,,
08:12:48.412,,,Windows Event Logs,Windows Event Log Creation,,,,SentinelOne,SKYNET,desktop,security,23.1.2.400,faafacda006f44dd86f62f749777539a,01J82TDN5PAXRM5B0MKJZ0D7SR_304,preprocess-lib-1.0,EVENTLOG,11633,Windows 10 Enterprise Evaluation,usea1-purple.sentinelone.net,17763,48ADA42E794648DC92BBCBD1C4BB706A,SDL,,default,,01J82TDN5PAXRM5B0MKJZ0D7SR,Security,,,,,,,,,,,,C:\Windows\System32\VSSVC.exe,0x240,,,,<Event xmlns='http://schemas.microsoft.com/win/2004/08/events/event'><System><Provider Name='Microsoft-Windows-Security-Auditing' Guid='{54849625-5478-4994-a5ba-3e3b0328c30d}'/><EventID>4799</EventID><Version>0</Version><Level>0</Level><Task>13826</Task><Opcode>0</Opcode><Keywords>0x8020000000000000</Keywords><TimeCreated SystemTime='2024-09-18T14:58:56.891352500Z'/><EventRecordID>4083594</EventRecordID><Correlation ActivityID='{b02388ec-f2ef-4998-9747-93d2238c1fc4}'/><Execution ProcessID='648' ThreadID='7404'/><Channel>Security</Channel><Computer>SKYNET.starfleet.corp</Computer><Security/></System><EventData><Data Name='TargetUserName'>Backup Operators</Data><Data Name='TargetDomainName'>Builtin</Data><Data Name='TargetSid'>S-1-5-32-551</Data><Data Name='SubjectUserSid'>S-1-5-18</Data><Data Name='SubjectUserName'>SKYNET$</Data><Data Name='SubjectDomainName'>STARFLEET</Data><Data Name='SubjectLogonId'>0x3e7</Data><Data Name='CallerProcessId'>0x240</Data><Data Name='CallerProcessName'>C:\Windows\System32\VSSVC.exe</Data></EventData></Event>,Microsoft-Windows-Security-Auditing,Information,4799,,,,"'A security-enabled local group membership was enumerated.

Subject:
	Security ID:		S-1-5-18
	Account Name:		SKYNET$
	Account Domain:		STARFLEET
	Logon ID:		0x3E7

Group:
	Security ID:		S-1-5-32-551
	Group Name:		Backup Operators
	Group Domain:		Builtin

Process Information:
	Process ID:		0x240
	Process Name:		C:\Windows\System32\VSSVC.exe",http://schemas.microsoft.com/win/2004/08/events/event,0,2024-09-18T14:58:56.891352500Z,13826,,,Microsoft-Windows-Security-Auditing,{54849625-5478-4994-a5ba-3e3b0328c30d},0,0,0x8020000000000000,7404,648,4083594,4799,{b02388ec-f2ef-4998-9747-93d2238c1fc4},,SKYNET.starfleet.corp,Security,,,,,,Backup Operators,S-1-5-32-551,,Builtin,,S-1-5-18,SKYNET$,0x3E7,STARFLEET,,,,,,,,,,,,,,
08:12:48.412,,,Windows Event Logs,Windows Event Log Creation,,,,SentinelOne,SKYNET,desktop,security,23.1.2.400,faafacda006f44dd86f62f749777539a,01J82TDN5PAXRM5B0MKJZ0D7SR_305,preprocess-lib-1.0,EVENTLOG,11633,Windows 10 Enterprise Evaluation,usea1-purple.sentinelone.net,17763,48ADA42E794648DC92BBCBD1C4BB706A,SDL,,default,,01J82TDN5PAXRM5B0MKJZ0D7SR,Security,,,,,,,,,,,,C:\Program Files\SentinelOne\Sentinel Agent 23.1.2.400\SentinelAgent.exe,0xC1C,,,,<Event xmlns='http://schemas.microsoft.com/win/2004/08/events/event'><System><Provider Name='Microsoft-Windows-Security-Auditing' Guid='{54849625-5478-4994-a5ba-3e3b0328c30d}'/><EventID>4799</EventID><Version>0</Version><Level>0</Level><Task>13826</Task><Opcode>0</Opcode><Keywords>0x8020000000000000</Keywords><TimeCreated SystemTime='2024-09-18T14:58:56.891828500Z'/><EventRecordID>4083595</EventRecordID><Correlation ActivityID='{892d960d-5703-4cf9-85f0-a4469a33695a}'/><Execution ProcessID='648' ThreadID='1688'/><Channel>Security</Channel><Computer>SKYNET.starfleet.corp</Computer><Security/></System><EventData><Data Name='TargetUserName'>Backup Operators</Data><Data Name='TargetDomainName'>Builtin</Data><Data Name='TargetSid'>S-1-5-32-551</Data><Data Name='SubjectUserSid'>S-1-5-18</Data><Data Name='SubjectUserName'>SKYNET$</Data><Data Name='SubjectDomainName'>STARFLEET</Data><Data Name='SubjectLogonId'>0x3e7</Data><Data Name='CallerProcessId'>0xc1c</Data><Data Name='CallerProcessName'>C:\Program Files\SentinelOne\Sentinel Agent 23.1.2.400\SentinelAgent.exe</Data></EventData></Event>,Microsoft-Windows-Security-Auditing,Information,4799,,,,"'A security-enabled local group membership was enumerated.

Subject:
	Security ID:		S-1-5-18
	Account Name:		SKYNET$
	Account Domain:		STARFLEET
	Logon ID:		0x3E7

Group:
	Security ID:		S-1-5-32-551
	Group Name:		Backup Operators
	Group Domain:		Builtin

Process Information:
	Process ID:		0xc1c
	Process Name:		C:\Program Files\SentinelOne\Sentinel Agent 23.1.2.400\SentinelAgent.exe",http://schemas.microsoft.com/win/2004/08/events/event,0,2024-09-18T14:58:56.891828500Z,13826,,,Microsoft-Windows-Security-Auditing,{54849625-5478-4994-a5ba-3e3b0328c30d},0,0,0x8020000000000000,1688,648,4083595,4799,{892d960d-5703-4cf9-85f0-a4469a33695a},,SKYNET.starfleet.corp,Security,,,,,,Backup Operators,S-1-5-32-551,,Builtin,,S-1-5-18,SKYNET$,0x3E7,STARFLEET,,,,,,,,,,,,,,
08:12:48.412,,,Windows Event Logs,Windows Event Log Creation,,,,SentinelOne,SKYNET,desktop,security,23.1.2.400,faafacda006f44dd86f62f749777539a,01J82TDN5PAXRM5B0MKJZ0D7SR_306,preprocess-lib-1.0,EVENTLOG,11633,Windows 10 Enterprise Evaluation,usea1-purple.sentinelone.net,17763,48ADA42E794648DC92BBCBD1C4BB706A,SDL,,default,,01J82TDN5PAXRM5B0MKJZ0D7SR,Security,,,,,,,,,,,,C:\Program Files\SentinelOne\Sentinel Agent 23.1.2.400\SentinelAgent.exe,0xC1C,,,,<Event xmlns='http://schemas.microsoft.com/win/2004/08/events/event'><System><Provider Name='Microsoft-Windows-Security-Auditing' Guid='{54849625-5478-4994-a5ba-3e3b0328c30d}'/><EventID>4799</EventID><Version>0</Version><Level>0</Level><Task>13826</Task><Opcode>0</Opcode><Keywords>0x8020000000000000</Keywords><TimeCreated SystemTime='2024-09-18T14:58:56.893145500Z'/><EventRecordID>4083596</EventRecordID><Correlation ActivityID='{9acc9e05-ca7c-4edb-8358-0df47dad6d6f}'/><Execution ProcessID='648' ThreadID='1688'/><Channel>Security</Channel><Computer>SKYNET.starfleet.corp</Computer><Security/></System><EventData><Data Name='TargetUserName'>Administrators</Data><Data Name='TargetDomainName'>Builtin</Data><Data Name='TargetSid'>S-1-5-32-544</Data><Data Name='SubjectUserSid'>S-1-5-18</Data><Data Name='SubjectUserName'>SKYNET$</Data><Data Name='SubjectDomainName'>STARFLEET</Data><Data Name='SubjectLogonId'>0x3e7</Data><Data Name='CallerProcessId'>0xc1c</Data><Data Name='CallerProcessName'>C:\Program Files\SentinelOne\Sentinel Agent 23.1.2.400\SentinelAgent.exe</Data></EventData></Event>,Microsoft-Windows-Security-Auditing,Information,4799,,,,"'A security-enabled local group membership was enumerated.

Subject:
	Security ID:		S-1-5-18
	Account Name:		SKYNET$
	Account Domain:		STARFLEET
	Logon ID:		0x3E7

Group:
	Security ID:		S-1-5-32-544
	Group Name:		Administrators
	Group Domain:		Builtin

Process Information:
	Process ID:		0xc1c
	Process Name:		C:\Program Files\SentinelOne\Sentinel Agent 23.1.2.400\SentinelAgent.exe",http://schemas.microsoft.com/win/2004/08/events/event,0,2024-09-18T14:58:56.893145500Z,13826,,,Microsoft-Windows-Security-Auditing,{54849625-5478-4994-a5ba-3e3b0328c30d},0,0,0x8020000000000000,1688,648,4083596,4799,{9acc9e05-ca7c-4edb-8358-0df47dad6d6f},,SKYNET.starfleet.corp,Security,,,,,,Administrators,S-1-5-32-544,,Builtin,,S-1-5-18,SKYNET$,0x3E7,STARFLEET,,,,,,,,,,,,,,
