08:12:48.412,,,Windows Event Logs,Windows Event Log Creation,,,,SentinelOne,SKYNET,desktop,security,23.1.2.400,faafacda006f44dd86f62f749777539a,01J82TDN5PAXRM5B0MKJZ0D7SR_844,preprocess-lib-1.0,EVENTLOG,11633,Windows 10 Enterprise Evaluation,usea1-purple.sentinelone.net,17763,48ADA42E794648DC92BBCBD1C4BB706A,SDL,,default,,01J82TDN5PAXRM5B0MKJZ0D7SR,Security,,,,,52,,,,,,,,,,,,<Event xmlns='http://schemas.microsoft.com/win/2004/08/events/event'><System><Provider Name='Microsoft-Windows-Security-Auditing' Guid='{54849625-5478-4994-a5ba-3e3b0328c30d}'/><EventID>4985</EventID><Version>0</Version><Level>0</Level><Task>12800</Task><Opcode>0</Opcode><Keywords>0x8020000000000000</Keywords><TimeCreated SystemTime='2024-09-18T14:59:14.465286700Z'/><EventRecordID>4083988</EventRecordID><Correlation/><Execution ProcessID='4' ThreadID='6768'/><Channel>Security</Channel><Computer>SKYNET.starfleet.corp</Computer><Security/></System><EventData><Data Name='SubjectUserSid'>S-1-5-18</Data><Data Name='SubjectUserName'>SKYNET$</Data><Data Name='SubjectDomainName'>STARFLEET</Data><Data Name='SubjectLogonId'>0x3e7</Data><Data Name='TransactionId'>{ceb7606b-75cb-11ef-a7c0-000c2968cd17}</Data><Data Name='NewState'>52</Data><Data Name='ResourceManager'>{310a9088-4a91-11e9-9501-b252ac81e352}</Data><Data Name='ProcessId'>0xc1c</Data><Data Name='ProcessName'>C:\Program Files\SentinelOne\Sentinel Agent 23.1.2.400\SentinelAgent.exe</Data></EventData></Event>,Microsoft-Windows-Security-Auditing,Information,4985,,,,"'The state of a transaction has changed.

Subject:
	Security ID:		S-1-5-18
	Account Name:		SKYNET$
	Account Domain:		STARFLEET
	Logon ID:		0x3E7

Transaction Information:
	RM Transaction ID:	{ceb7606b-75cb-11ef-a7c0-000c2968cd17}
	New State:		52
	Resource Manager:	{310a9088-4a91-11e9-9501-b252ac81e352}

Process Information:
	Process ID:		0xc1c
	Process Name:		C:\Program Files\SentinelOne\Sentinel Agent 23.1.2.400\SentinelAgent.exe",http://schemas.microsoft.com/win/2004/08/events/event,0,2024-09-18T14:59:14.465286700Z,12800,,,Microsoft-Windows-Security-Auditing,{54849625-5478-4994-a5ba-3e3b0328c30d},0,0,0x8020000000000000,6768,4,4083988,4985,,,SKYNET.starfleet.corp,Security,,,,{ceb7606b-75cb-11ef-a7c0-000c2968cd17},,,,,,,S-1-5-18,SKYNET$,0x3E7,STARFLEET,,,{310a9088-4a91-11e9-9501-b252ac81e352},,,,C:\Program Files\SentinelOne\Sentinel Agent 23.1.2.400\SentinelAgent.exe,0xC1C,,,,,,
08:12:48.412,,,Windows Event Logs,Windows Event Log Creation,,,,SentinelOne,SKYNET,desktop,security,23.1.2.400,faafacda006f44dd86f62f749777539a,01J82TDN5PAXRM5B0MKJZ0D7SR_845,preprocess-lib-1.0,EVENTLOG,11633,Windows 10 Enterprise Evaluation,usea1-purple.sentinelone.net,17763,48ADA42E794648DC92BBCBD1C4BB706A,SDL,,default,,01J82TDN5PAXRM5B0MKJZ0D7SR,Security,%%1552,0x1,WMI,ROOT\CIMV2\Security\MicrosoftVolumeEncryption,,,0x0,,,,,,,,ROOT\CIMV2\Security\MicrosoftVolumeEncryption,Local Read (ConnectServer),"'<Event xmlns='http://schemas.microsoft.com/win/2004/08/events/event'><System><Provider Name='Microsoft-Windows-Security-Auditing' Guid='{54849625-5478-4994-a5ba-3e3b0328c30d}'/><EventID>4662</EventID><Version>0</Version><Level>0</Level><Task>12804</Task><Opcode>0</Opcode><Keywords>0x8020000000000000</Keywords><TimeCreated SystemTime='2024-09-18T14:59:18.955340200Z'/><EventRecordID>4083989</EventRecordID><Correlation ActivityID='{ba4b8abd-31ba-4e18-9f18-0c7e3e6c11e2}'/><Execution ProcessID='648' ThreadID='5488'/><Channel>Security</Channel><Computer>SKYNET.starfleet.corp</Computer><Security/></System><EventData><Data Name='SubjectUserSid'>S-1-5-18</Data><Data Name='SubjectUserName'>SKYNET$</Data><Data Name='SubjectDomainName'>STARFLEET</Data><Data Name='SubjectLogonId'>0x3e7</Data><Data Name='ObjectServer'>WMI</Data><Data Name='ObjectType'>WMI Namespace</Data><Data Name='ObjectName'>ROOT\CIMV2\Security\MicrosoftVolumeEncryption</Data><Data Name='OperationType'>Object Access</Data><Data Name='HandleId'>0x0</Data><Data Name='AccessList'>%%1552
				</Data><Data Name='AccessMask'>0x1</Data><Data Name='Properties'>-</Data><Data Name='AdditionalInfo'>Local Read (ConnectServer)</Data><Data Name='AdditionalInfo2'>ROOT\CIMV2\Security\MicrosoftVolumeEncryption</Data></EventData></Event>",Microsoft-Windows-Security-Auditing,Information,4662,,,,"'An operation was performed on an object.

Subject :
	Security ID:		S-1-5-18
	Account Name:		SKYNET$
	Account Domain:		STARFLEET
	Logon ID:		0x3E7

Object:
	Object Server:		WMI
	Object Type:		WMI Namespace
	Object Name:		ROOT\CIMV2\Security\MicrosoftVolumeEncryption
	Handle ID:		0x0

Operation:
	Operation Type:		Object Access
	Accesses:		Unknown specific access (bit 0)
				
	Access Mask:		0x1
	Properties:		-

Additional Information:
	Parameter 1:		Local Read (ConnectServer)
	Parameter 2:		ROOT\CIMV2\Security\MicrosoftVolumeEncryption",http://schemas.microsoft.com/win/2004/08/events/event,0,2024-09-18T14:59:18.955340200Z,12804,,,Microsoft-Windows-Security-Auditing,{54849625-5478-4994-a5ba-3e3b0328c30d},0,0,0x8020000000000000,5488,648,4083989,4662,{ba4b8abd-31ba-4e18-9f18-0c7e3e6c11e2},,SKYNET.starfleet.corp,Security,,,,,,,,,,,S-1-5-18,SKYNET$,0x3E7,STARFLEET,,,,,-,,,,,,,Object Access,WMI Namespace,
08:12:48.412,,,Windows Event Logs,Windows Event Log Creation,,,,SentinelOne,SKYNET,desktop,security,23.1.2.400,faafacda006f44dd86f62f749777539a,01J82TDN5PAXRM5B0MKJZ0D7SR_846,preprocess-lib-1.0,EVENTLOG,11633,Windows 10 Enterprise Evaluation,usea1-purple.sentinelone.net,17763,48ADA42E794648DC92BBCBD1C4BB706A,SDL,,default,,01J82TDN5PAXRM5B0MKJZ0D7SR,Security,%%1552,0x1,WMI,ROOT\CIMV2\Security\MicrosoftVolumeEncryption,,,0x0,,,,,,,,ROOT\CIMV2\Security\MicrosoftVolumeEncryption:SELECT * FROM Win32_EncryptableVolume,Local Read (ExecQuery),"'<Event xmlns='http://schemas.microsoft.com/win/2004/08/events/event'><System><Provider Name='Microsoft-Windows-Security-Auditing' Guid='{54849625-5478-4994-a5ba-3e3b0328c30d}'/><EventID>4662</EventID><Version>0</Version><Level>0</Level><Task>12804</Task><Opcode>0</Opcode><Keywords>0x8020000000000000</Keywords><TimeCreated SystemTime='2024-09-18T14:59:18.956149900Z'/><EventRecordID>4083990</EventRecordID><Correlation ActivityID='{d2b48bf0-0ed8-4db6-a74c-a54ae10c39e8}'/><Execution ProcessID='648' ThreadID='5488'/><Channel>Security</Channel><Computer>SKYNET.starfleet.corp</Computer><Security/></System><EventData><Data Name='SubjectUserSid'>S-1-5-18</Data><Data Name='SubjectUserName'>SKYNET$</Data><Data Name='SubjectDomainName'>STARFLEET</Data><Data Name='SubjectLogonId'>0x3e7</Data><Data Name='ObjectServer'>WMI</Data><Data Name='ObjectType'>WMI Namespace</Data><Data Name='ObjectName'>ROOT\CIMV2\Security\MicrosoftVolumeEncryption</Data><Data Name='OperationType'>Object Access</Data><Data Name='HandleId'>0x0</Data><Data Name='AccessList'>%%1552
				</Data><Data Name='AccessMask'>0x1</Data><Data Name='Properties'>-</Data><Data Name='AdditionalInfo'>Local Read (ExecQuery)</Data><Data Name='AdditionalInfo2'>ROOT\CIMV2\Security\MicrosoftVolumeEncryption:SELECT * FROM Win32_EncryptableVolume</Data></EventData></Event>",Microsoft-Windows-Security-Auditing,Information,4662,,,,"'An operation was performed on an object.

Subject :
	Security ID:		S-1-5-18
	Account Name:		SKYNET$
	Account Domain:		STARFLEET
	Logon ID:		0x3E7

Object:
	Object Server:		WMI
	Object Type:		WMI Namespace
	Object Name:		ROOT\CIMV2\Security\MicrosoftVolumeEncryption
	Handle ID:		0x0

Operation:
	Operation Type:		Object Access
	Accesses:		Unknown specific access (bit 0)
				
	Access Mask:		0x1
	Properties:		-

Additional Information:
	Parameter 1:		Local Read (ExecQuery)
	Parameter 2:		ROOT\CIMV2\Security\MicrosoftVolumeEncryption:SELECT * FROM Win32_EncryptableVolume",http://schemas.microsoft.com/win/2004/08/events/event,0,2024-09-18T14:59:18.956149900Z,12804,,,Microsoft-Windows-Security-Auditing,{54849625-5478-4994-a5ba-3e3b0328c30d},0,0,0x8020000000000000,5488,648,4083990,4662,{d2b48bf0-0ed8-4db6-a74c-a54ae10c39e8},,SKYNET.starfleet.corp,Security,,,,,,,,,,,S-1-5-18,SKYNET$,0x3E7,STARFLEET,,,,,-,,,,,,,Object Access,WMI Namespace,
08:12:48.412,,,Windows Event Logs,Windows Event Log Creation,,,,SentinelOne,SKYNET,desktop,security,23.1.2.400,faafacda006f44dd86f62f749777539a,01J82TDN5PAXRM5B0MKJZ0D7SR_847,preprocess-lib-1.0,EVENTLOG,11633,Windows 10 Enterprise Evaluation,usea1-purple.sentinelone.net,17763,48ADA42E794648DC92BBCBD1C4BB706A,SDL,,default,,01J82TDN5PAXRM5B0MKJZ0D7SR,Security,,,,,48,,,,,,,,,,,,<Event xmlns='http://schemas.microsoft.com/win/2004/08/events/event'><System><Provider Name='Microsoft-Windows-Security-Auditing' Guid='{54849625-5478-4994-a5ba-3e3b0328c30d}'/><EventID>4985</EventID><Version>0</Version><Level>0</Level><Task>12800</Task><Opcode>0</Opcode><Keywords>0x8020000000000000</Keywords><TimeCreated SystemTime='2024-09-18T14:59:18.984667800Z'/><EventRecordID>4083991</EventRecordID><Correlation/><Execution ProcessID='4' ThreadID='6768'/><Channel>Security</Channel><Computer>SKYNET.starfleet.corp</Computer><Security/></System><EventData><Data Name='SubjectUserSid'>S-1-5-18</Data><Data Name='SubjectUserName'>SKYNET$</Data><Data Name='SubjectDomainName'>STARFLEET</Data><Data Name='SubjectLogonId'>0x3e7</Data><Data Name='TransactionId'>{ceb7607d-75cb-11ef-a7c0-000c2968cd17}</Data><Data Name='NewState'>48</Data><Data Name='ResourceManager'>{310a9088-4a91-11e9-9501-b252ac81e352}</Data><Data Name='ProcessId'>0xc1c</Data><Data Name='ProcessName'>C:\Program Files\SentinelOne\Sentinel Agent 23.1.2.400\SentinelAgent.exe</Data></EventData></Event>,Microsoft-Windows-Security-Auditing,Information,4985,,,,"'The state of a transaction has changed.

Subject:
	Security ID:		S-1-5-18
	Account Name:		SKYNET$
	Account Domain:		STARFLEET
	Logon ID:		0x3E7

Transaction Information:
	RM Transaction ID:	{ceb7607d-75cb-11ef-a7c0-000c2968cd17}
	New State:		48
	Resource Manager:	{310a9088-4a91-11e9-9501-b252ac81e352}

Process Information:
	Process ID:		0xc1c
	Process Name:		C:\Program Files\SentinelOne\Sentinel Agent 23.1.2.400\SentinelAgent.exe",http://schemas.microsoft.com/win/2004/08/events/event,0,2024-09-18T14:59:18.984667800Z,12800,,,Microsoft-Windows-Security-Auditing,{54849625-5478-4994-a5ba-3e3b0328c30d},0,0,0x8020000000000000,6768,4,4083991,4985,,,SKYNET.starfleet.corp,Security,,,,{ceb7607d-75cb-11ef-a7c0-000c2968cd17},,,,,,,S-1-5-18,SKYNET$,0x3E7,STARFLEET,,,{310a9088-4a91-11e9-9501-b252ac81e352},,,,C:\Program Files\SentinelOne\Sentinel Agent 23.1.2.400\SentinelAgent.exe,0xC1C,,,,,,
08:12:48.412,,,Windows Event Logs,Windows Event Log Creation,,,,SentinelOne,SKYNET,desktop,security,23.1.2.400,faafacda006f44dd86f62f749777539a,01J82TDN5PAXRM5B0MKJZ0D7SR_848,preprocess-lib-1.0,EVENTLOG,11633,Windows 10 Enterprise Evaluation,usea1-purple.sentinelone.net,17763,48ADA42E794648DC92BBCBD1C4BB706A,SDL,,default,,01J82TDN5PAXRM5B0MKJZ0D7SR,Security,,,,,52,,,,,,,,,,,,<Event xmlns='http://schemas.microsoft.com/win/2004/08/events/event'><System><Provider Name='Microsoft-Windows-Security-Auditing' Guid='{54849625-5478-4994-a5ba-3e3b0328c30d}'/><EventID>4985</EventID><Version>0</Version><Level>0</Level><Task>12800</Task><Opcode>0</Opcode><Keywords>0x8020000000000000</Keywords><TimeCreated SystemTime='2024-09-18T14:59:18.984835400Z'/><EventRecordID>4083992</EventRecordID><Correlation/><Execution ProcessID='4' ThreadID='6768'/><Channel>Security</Channel><Computer>SKYNET.starfleet.corp</Computer><Security/></System><EventData><Data Name='SubjectUserSid'>S-1-5-18</Data><Data Name='SubjectUserName'>SKYNET$</Data><Data Name='SubjectDomainName'>STARFLEET</Data><Data Name='SubjectLogonId'>0x3e7</Data><Data Name='TransactionId'>{ceb7607d-75cb-11ef-a7c0-000c2968cd17}</Data><Data Name='NewState'>52</Data><Data Name='ResourceManager'>{310a9088-4a91-11e9-9501-b252ac81e352}</Data><Data Name='ProcessId'>0xc1c</Data><Data Name='ProcessName'>C:\Program Files\SentinelOne\Sentinel Agent 23.1.2.400\SentinelAgent.exe</Data></EventData></Event>,Microsoft-Windows-Security-Auditing,Information,4985,,,,"'The state of a transaction has changed.

Subject:
	Security ID:		S-1-5-18
	Account Name:		SKYNET$
	Account Domain:		STARFLEET
	Logon ID:		0x3E7

Transaction Information:
	RM Transaction ID:	{ceb7607d-75cb-11ef-a7c0-000c2968cd17}
	New State:		52
	Resource Manager:	{310a9088-4a91-11e9-9501-b252ac81e352}

Process Information:
	Process ID:		0xc1c
	Process Name:		C:\Program Files\SentinelOne\Sentinel Agent 23.1.2.400\SentinelAgent.exe",http://schemas.microsoft.com/win/2004/08/events/event,0,2024-09-18T14:59:18.984835400Z,12800,,,Microsoft-Windows-Security-Auditing,{54849625-5478-4994-a5ba-3e3b0328c30d},0,0,0x8020000000000000,6768,4,4083992,4985,,,SKYNET.starfleet.corp,Security,,,,{ceb7607d-75cb-11ef-a7c0-000c2968cd17},,,,,,,S-1-5-18,SKYNET$,0x3E7,STARFLEET,,,{310a9088-4a91-11e9-9501-b252ac81e352},,,,C:\Program Files\SentinelOne\Sentinel Agent 23.1.2.400\SentinelAgent.exe,0xC1C,,,,,,
08:12:48.412,,,Windows Event Logs,Windows Event Log Creation,,,,SentinelOne,SKYNET,desktop,security,23.1.2.400,faafacda006f44dd86f62f749777539a,01J82TDN5PAXRM5B0MKJZ0D7SR_849,preprocess-lib-1.0,EVENTLOG,11633,Windows 10 Enterprise Evaluation,usea1-purple.sentinelone.net,17763,48ADA42E794648DC92BBCBD1C4BB706A,SDL,,default,,01J82TDN5PAXRM5B0MKJZ0D7SR,Security,%%1552,0x1,WMI,ROOT\CIMV2\Security\MicrosoftVolumeEncryption,,,0x0,,,,,,,,ROOT\CIMV2\Security\MicrosoftVolumeEncryption,Local Read (ConnectServer),"'<Event xmlns='http://schemas.microsoft.com/win/2004/08/events/event'><System><Provider Name='Microsoft-Windows-Security-Auditing' Guid='{54849625-5478-4994-a5ba-3e3b0328c30d}'/><EventID>4662</EventID><Version>0</Version><Level>0</Level><Task>12804</Task><Opcode>0</Opcode><Keywords>0x8020000000000000</Keywords><TimeCreated SystemTime='2024-09-18T14:59:23.497225400Z'/><EventRecordID>4083993</EventRecordID><Correlation ActivityID='{5ee3b3cd-3b7f-414e-9e6f-3b13fd5620c8}'/><Execution ProcessID='648' ThreadID='7404'/><Channel>Security</Channel><Computer>SKYNET.starfleet.corp</Computer><Security/></System><EventData><Data Name='SubjectUserSid'>S-1-5-18</Data><Data Name='SubjectUserName'>SKYNET$</Data><Data Name='SubjectDomainName'>STARFLEET</Data><Data Name='SubjectLogonId'>0x3e7</Data><Data Name='ObjectServer'>WMI</Data><Data Name='ObjectType'>WMI Namespace</Data><Data Name='ObjectName'>ROOT\CIMV2\Security\MicrosoftVolumeEncryption</Data><Data Name='OperationType'>Object Access</Data><Data Name='HandleId'>0x0</Data><Data Name='AccessList'>%%1552
				</Data><Data Name='AccessMask'>0x1</Data><Data Name='Properties'>-</Data><Data Name='AdditionalInfo'>Local Read (ConnectServer)</Data><Data Name='AdditionalInfo2'>ROOT\CIMV2\Security\MicrosoftVolumeEncryption</Data></EventData></Event>",Microsoft-Windows-Security-Auditing,Information,4662,,,,"'An operation was performed on an object.

Subject :
	Security ID:		S-1-5-18
	Account Name:		SKYNET$
	Account Domain:		STARFLEET
	Logon ID:		0x3E7

Object:
	Object Server:		WMI
	Object Type:		WMI Namespace
	Object Name:		ROOT\CIMV2\Security\MicrosoftVolumeEncryption
	Handle ID:		0x0

Operation:
	Operation Type:		Object Access
	Accesses:		Unknown specific access (bit 0)
				
	Access Mask:		0x1
	Properties:		-

Additional Information:
	Parameter 1:		Local Read (ConnectServer)
	Parameter 2:		ROOT\CIMV2\Security\MicrosoftVolumeEncryption",http://schemas.microsoft.com/win/2004/08/events/event,0,2024-09-18T14:59:23.497225400Z,12804,,,Microsoft-Windows-Security-Auditing,{54849625-5478-4994-a5ba-3e3b0328c30d},0,0,0x8020000000000000,7404,648,4083993,4662,{5ee3b3cd-3b7f-414e-9e6f-3b13fd5620c8},,SKYNET.starfleet.corp,Security,,,,,,,,,,,S-1-5-18,SKYNET$,0x3E7,STARFLEET,,,,,-,,,,,,,Object Access,WMI Namespace,
08:12:48.412,,,Windows Event Logs,Windows Event Log Creation,,,,SentinelOne,SKYNET,desktop,security,23.1.2.400,faafacda006f44dd86f62f749777539a,01J82TDN5PAXRM5B0MKJZ0D7SR_850,preprocess-lib-1.0,EVENTLOG,11633,Windows 10 Enterprise Evaluation,usea1-purple.sentinelone.net,17763,48ADA42E794648DC92BBCBD1C4BB706A,SDL,,default,,01J82TDN5PAXRM5B0MKJZ0D7SR,Security,%%1552,0x1,WMI,ROOT\CIMV2\Security\MicrosoftVolumeEncryption,,,0x0,,,,,,,,ROOT\CIMV2\Security\MicrosoftVolumeEncryption:SELECT * FROM Win32_EncryptableVolume,Local Read (ExecQuery),"'<Event xmlns='http://schemas.microsoft.com/win/2004/08/events/event'><System><Provider Name='Microsoft-Windows-Security-Auditing' Guid='{54849625-5478-4994-a5ba-3e3b0328c30d}'/><EventID>4662</EventID><Version>0</Version><Level>0</Level><Task>12804</Task><Opcode>0</Opcode><Keywords>0x8020000000000000</Keywords><TimeCreated SystemTime='2024-09-18T14:59:23.497572700Z'/><EventRecordID>4083994</EventRecordID><Correlation ActivityID='{24974a26-67d9-49a8-b4ee-1b592e07fc57}'/><Execution ProcessID='648' ThreadID='7404'/><Channel>Security</Channel><Computer>SKYNET.starfleet.corp</Computer><Security/></System><EventData><Data Name='SubjectUserSid'>S-1-5-18</Data><Data Name='SubjectUserName'>SKYNET$</Data><Data Name='SubjectDomainName'>STARFLEET</Data><Data Name='SubjectLogonId'>0x3e7</Data><Data Name='ObjectServer'>WMI</Data><Data Name='ObjectType'>WMI Namespace</Data><Data Name='ObjectName'>ROOT\CIMV2\Security\MicrosoftVolumeEncryption</Data><Data Name='OperationType'>Object Access</Data><Data Name='HandleId'>0x0</Data><Data Name='AccessList'>%%1552
				</Data><Data Name='AccessMask'>0x1</Data><Data Name='Properties'>-</Data><Data Name='AdditionalInfo'>Local Read (ExecQuery)</Data><Data Name='AdditionalInfo2'>ROOT\CIMV2\Security\MicrosoftVolumeEncryption:SELECT * FROM Win32_EncryptableVolume</Data></EventData></Event>",Microsoft-Windows-Security-Auditing,Information,4662,,,,"'An operation was performed on an object.

Subject :
	Security ID:		S-1-5-18
	Account Name:		SKYNET$
	Account Domain:		STARFLEET
	Logon ID:		0x3E7

Object:
	Object Server:		WMI
	Object Type:		WMI Namespace
	Object Name:		ROOT\CIMV2\Security\MicrosoftVolumeEncryption
	Handle ID:		0x0

Operation:
	Operation Type:		Object Access
	Accesses:		Unknown specific access (bit 0)
				
	Access Mask:		0x1
	Properties:		-

Additional Information:
	Parameter 1:		Local Read (ExecQuery)
	Parameter 2:		ROOT\CIMV2\Security\MicrosoftVolumeEncryption:SELECT * FROM Win32_EncryptableVolume",http://schemas.microsoft.com/win/2004/08/events/event,0,2024-09-18T14:59:23.497572700Z,12804,,,Microsoft-Windows-Security-Auditing,{54849625-5478-4994-a5ba-3e3b0328c30d},0,0,0x8020000000000000,7404,648,4083994,4662,{24974a26-67d9-49a8-b4ee-1b592e07fc57},,SKYNET.starfleet.corp,Security,,,,,,,,,,,S-1-5-18,SKYNET$,0x3E7,STARFLEET,,,,,-,,,,,,,Object Access,WMI Namespace,
08:12:48.412,,,Windows Event Logs,Windows Event Log Creation,,,,SentinelOne,SKYNET,desktop,security,23.1.2.400,faafacda006f44dd86f62f749777539a,01J82TDN5PAXRM5B0MKJZ0D7SR_851,preprocess-lib-1.0,EVENTLOG,11633,Windows 10 Enterprise Evaluation,usea1-purple.sentinelone.net,17763,48ADA42E794648DC92BBCBD1C4BB706A,SDL,,default,,01J82TDN5PAXRM5B0MKJZ0D7SR,Security,,,,,48,,,,,,,,,,,,<Event xmlns='http://schemas.microsoft.com/win/2004/08/events/event'><System><Provider Name='Microsoft-Windows-Security-Auditing' Guid='{54849625-5478-4994-a5ba-3e3b0328c30d}'/><EventID>4985</EventID><Version>0</Version><Level>0</Level><Task>12800</Task><Opcode>0</Opcode><Keywords>0x8020000000000000</Keywords><TimeCreated SystemTime='2024-09-18T14:59:23.525269700Z'/><EventRecordID>4083995</EventRecordID><Correlation/><Execution ProcessID='4' ThreadID='6768'/><Channel>Security</Channel><Computer>SKYNET.starfleet.corp</Computer><Security/></System><EventData><Data Name='SubjectUserSid'>S-1-5-18</Data><Data Name='SubjectUserName'>SKYNET$</Data><Data Name='SubjectDomainName'>STARFLEET</Data><Data Name='SubjectLogonId'>0x3e7</Data><Data Name='TransactionId'>{ceb76082-75cb-11ef-a7c0-000c2968cd17}</Data><Data Name='NewState'>48</Data><Data Name='ResourceManager'>{310a9088-4a91-11e9-9501-b252ac81e352}</Data><Data Name='ProcessId'>0xc1c</Data><Data Name='ProcessName'>C:\Program Files\SentinelOne\Sentinel Agent 23.1.2.400\SentinelAgent.exe</Data></EventData></Event>,Microsoft-Windows-Security-Auditing,Information,4985,,,,"'The state of a transaction has changed.

Subject:
	Security ID:		S-1-5-18
	Account Name:		SKYNET$
	Account Domain:		STARFLEET
	Logon ID:		0x3E7

Transaction Information:
	RM Transaction ID:	{ceb76082-75cb-11ef-a7c0-000c2968cd17}
	New State:		48
	Resource Manager:	{310a9088-4a91-11e9-9501-b252ac81e352}

Process Information:
	Process ID:		0xc1c
	Process Name:		C:\Program Files\SentinelOne\Sentinel Agent 23.1.2.400\SentinelAgent.exe",http://schemas.microsoft.com/win/2004/08/events/event,0,2024-09-18T14:59:23.525269700Z,12800,,,Microsoft-Windows-Security-Auditing,{54849625-5478-4994-a5ba-3e3b0328c30d},0,0,0x8020000000000000,6768,4,4083995,4985,,,SKYNET.starfleet.corp,Security,,,,{ceb76082-75cb-11ef-a7c0-000c2968cd17},,,,,,,S-1-5-18,SKYNET$,0x3E7,STARFLEET,,,{310a9088-4a91-11e9-9501-b252ac81e352},,,,C:\Program Files\SentinelOne\Sentinel Agent 23.1.2.400\SentinelAgent.exe,0xC1C,,,,,,
08:12:48.412,,,Windows Event Logs,Windows Event Log Creation,,,,SentinelOne,SKYNET,desktop,security,23.1.2.400,faafacda006f44dd86f62f749777539a,01J82TDN5PAXRM5B0MKJZ0D7SR_852,preprocess-lib-1.0,EVENTLOG,11633,Windows 10 Enterprise Evaluation,usea1-purple.sentinelone.net,17763,48ADA42E794648DC92BBCBD1C4BB706A,SDL,,default,,01J82TDN5PAXRM5B0MKJZ0D7SR,Security,,,,,52,,,,,,,,,,,,<Event xmlns='http://schemas.microsoft.com/win/2004/08/events/event'><System><Provider Name='Microsoft-Windows-Security-Auditing' Guid='{54849625-5478-4994-a5ba-3e3b0328c30d}'/><EventID>4985</EventID><Version>0</Version><Level>0</Level><Task>12800</Task><Opcode>0</Opcode><Keywords>0x8020000000000000</Keywords><TimeCreated SystemTime='2024-09-18T14:59:23.525407700Z'/><EventRecordID>4083996</EventRecordID><Correlation/><Execution ProcessID='4' ThreadID='6768'/><Channel>Security</Channel><Computer>SKYNET.starfleet.corp</Computer><Security/></System><EventData><Data Name='SubjectUserSid'>S-1-5-18</Data><Data Name='SubjectUserName'>SKYNET$</Data><Data Name='SubjectDomainName'>STARFLEET</Data><Data Name='SubjectLogonId'>0x3e7</Data><Data Name='TransactionId'>{ceb76082-75cb-11ef-a7c0-000c2968cd17}</Data><Data Name='NewState'>52</Data><Data Name='ResourceManager'>{310a9088-4a91-11e9-9501-b252ac81e352}</Data><Data Name='ProcessId'>0xc1c</Data><Data Name='ProcessName'>C:\Program Files\SentinelOne\Sentinel Agent 23.1.2.400\SentinelAgent.exe</Data></EventData></Event>,Microsoft-Windows-Security-Auditing,Information,4985,,,,"'The state of a transaction has changed.

Subject:
	Security ID:		S-1-5-18
	Account Name:		SKYNET$
	Account Domain:		STARFLEET
	Logon ID:		0x3E7

Transaction Information:
	RM Transaction ID:	{ceb76082-75cb-11ef-a7c0-000c2968cd17}
	New State:		52
	Resource Manager:	{310a9088-4a91-11e9-9501-b252ac81e352}

Process Information:
	Process ID:		0xc1c
	Process Name:		C:\Program Files\SentinelOne\Sentinel Agent 23.1.2.400\SentinelAgent.exe",http://schemas.microsoft.com/win/2004/08/events/event,0,2024-09-18T14:59:23.525407700Z,12800,,,Microsoft-Windows-Security-Auditing,{54849625-5478-4994-a5ba-3e3b0328c30d},0,0,0x8020000000000000,6768,4,4083996,4985,,,SKYNET.starfleet.corp,Security,,,,{ceb76082-75cb-11ef-a7c0-000c2968cd17},,,,,,,S-1-5-18,SKYNET$,0x3E7,STARFLEET,,,{310a9088-4a91-11e9-9501-b252ac81e352},,,,C:\Program Files\SentinelOne\Sentinel Agent 23.1.2.400\SentinelAgent.exe,0xC1C,,,,,,
08:12:48.412,,,Windows Event Logs,Windows Event Log Creation,,,,SentinelOne,SKYNET,desktop,security,23.1.2.400,faafacda006f44dd86f62f749777539a,01J82TDN5PAXRM5B0MKJZ0D7SR_853,preprocess-lib-1.0,EVENTLOG,11633,Windows 10 Enterprise Evaluation,usea1-purple.sentinelone.net,17763,48ADA42E794648DC92BBCBD1C4BB706A,SDL,,default,,01J82TDN5PAXRM5B0MKJZ0D7SR,Security,%%1552,0x1,WMI,ROOT\CIMV2\Security\MicrosoftVolumeEncryption,,,0x0,,,,,,,,ROOT\CIMV2\Security\MicrosoftVolumeEncryption,Local Read (ConnectServer),"'<Event xmlns='http://schemas.microsoft.com/win/2004/08/events/event'><System><Provider Name='Microsoft-Windows-Security-Auditing' Guid='{54849625-5478-4994-a5ba-3e3b0328c30d}'/><EventID>4662</EventID><Version>0</Version><Level>0</Level><Task>12804</Task><Opcode>0</Opcode><Keywords>0x8020000000000000</Keywords><TimeCreated SystemTime='2024-09-18T14:59:28.039966900Z'/><EventRecordID>4083997</EventRecordID><Correlation ActivityID='{b8a93859-c0b0-4936-ad3d-e3dbd36cc2b7}'/><Execution ProcessID='648' ThreadID='7404'/><Channel>Security</Channel><Computer>SKYNET.starfleet.corp</Computer><Security/></System><EventData><Data Name='SubjectUserSid'>S-1-5-18</Data><Data Name='SubjectUserName'>SKYNET$</Data><Data Name='SubjectDomainName'>STARFLEET</Data><Data Name='SubjectLogonId'>0x3e7</Data><Data Name='ObjectServer'>WMI</Data><Data Name='ObjectType'>WMI Namespace</Data><Data Name='ObjectName'>ROOT\CIMV2\Security\MicrosoftVolumeEncryption</Data><Data Name='OperationType'>Object Access</Data><Data Name='HandleId'>0x0</Data><Data Name='AccessList'>%%1552
				</Data><Data Name='AccessMask'>0x1</Data><Data Name='Properties'>-</Data><Data Name='AdditionalInfo'>Local Read (ConnectServer)</Data><Data Name='AdditionalInfo2'>ROOT\CIMV2\Security\MicrosoftVolumeEncryption</Data></EventData></Event>",Microsoft-Windows-Security-Auditing,Information,4662,,,,"'An operation was performed on an object.

Subject :
	Security ID:		S-1-5-18
	Account Name:		SKYNET$
	Account Domain:		STARFLEET
	Logon ID:		0x3E7

Object:
	Object Server:		WMI
	Object Type:		WMI Namespace
	Object Name:		ROOT\CIMV2\Security\MicrosoftVolumeEncryption
	Handle ID:		0x0

Operation:
	Operation Type:		Object Access
	Accesses:		Unknown specific access (bit 0)
				
	Access Mask:		0x1
	Properties:		-

Additional Information:
	Parameter 1:		Local Read (ConnectServer)
	Parameter 2:		ROOT\CIMV2\Security\MicrosoftVolumeEncryption",http://schemas.microsoft.com/win/2004/08/events/event,0,2024-09-18T14:59:28.039966900Z,12804,,,Microsoft-Windows-Security-Auditing,{54849625-5478-4994-a5ba-3e3b0328c30d},0,0,0x8020000000000000,7404,648,4083997,4662,{b8a93859-c0b0-4936-ad3d-e3dbd36cc2b7},,SKYNET.starfleet.corp,Security,,,,,,,,,,,S-1-5-18,SKYNET$,0x3E7,STARFLEET,,,,,-,,,,,,,Object Access,WMI Namespace,
08:12:48.412,,,Windows Event Logs,Windows Event Log Creation,,,,SentinelOne,SKYNET,desktop,security,23.1.2.400,faafacda006f44dd86f62f749777539a,01J82TDN5PAXRM5B0MKJZ0D7SR_854,preprocess-lib-1.0,EVENTLOG,11633,Windows 10 Enterprise Evaluation,usea1-purple.sentinelone.net,17763,48ADA42E794648DC92BBCBD1C4BB706A,SDL,,default,,01J82TDN5PAXRM5B0MKJZ0D7SR,Security,%%1552,0x1,WMI,ROOT\CIMV2\Security\MicrosoftVolumeEncryption,,,0x0,,,,,,,,ROOT\CIMV2\Security\MicrosoftVolumeEncryption:SELECT * FROM Win32_EncryptableVolume,Local Read (ExecQuery),"'<Event xmlns='http://schemas.microsoft.com/win/2004/08/events/event'><System><Provider Name='Microsoft-Windows-Security-Auditing' Guid='{54849625-5478-4994-a5ba-3e3b0328c30d}'/><EventID>4662</EventID><Version>0</Version><Level>0</Level><Task>12804</Task><Opcode>0</Opcode><Keywords>0x8020000000000000</Keywords><TimeCreated SystemTime='2024-09-18T14:59:28.040371900Z'/><EventRecordID>4083998</EventRecordID><Correlation ActivityID='{1d2d9e12-ec16-461c-afeb-7ba8feb88e7b}'/><Execution ProcessID='648' ThreadID='7404'/><Channel>Security</Channel><Computer>SKYNET.starfleet.corp</Computer><Security/></System><EventData><Data Name='SubjectUserSid'>S-1-5-18</Data><Data Name='SubjectUserName'>SKYNET$</Data><Data Name='SubjectDomainName'>STARFLEET</Data><Data Name='SubjectLogonId'>0x3e7</Data><Data Name='ObjectServer'>WMI</Data><Data Name='ObjectType'>WMI Namespace</Data><Data Name='ObjectName'>ROOT\CIMV2\Security\MicrosoftVolumeEncryption</Data><Data Name='OperationType'>Object Access</Data><Data Name='HandleId'>0x0</Data><Data Name='AccessList'>%%1552
				</Data><Data Name='AccessMask'>0x1</Data><Data Name='Properties'>-</Data><Data Name='AdditionalInfo'>Local Read (ExecQuery)</Data><Data Name='AdditionalInfo2'>ROOT\CIMV2\Security\MicrosoftVolumeEncryption:SELECT * FROM Win32_EncryptableVolume</Data></EventData></Event>",Microsoft-Windows-Security-Auditing,Information,4662,,,,"'An operation was performed on an object.

Subject :
	Security ID:		S-1-5-18
	Account Name:		SKYNET$
	Account Domain:		STARFLEET
	Logon ID:		0x3E7

Object:
	Object Server:		WMI
	Object Type:		WMI Namespace
	Object Name:		ROOT\CIMV2\Security\MicrosoftVolumeEncryption
	Handle ID:		0x0

Operation:
	Operation Type:		Object Access
	Accesses:		Unknown specific access (bit 0)
				
	Access Mask:		0x1
	Properties:		-

Additional Information:
	Parameter 1:		Local Read (ExecQuery)
	Parameter 2:		ROOT\CIMV2\Security\MicrosoftVolumeEncryption:SELECT * FROM Win32_EncryptableVolume",http://schemas.microsoft.com/win/2004/08/events/event,0,2024-09-18T14:59:28.040371900Z,12804,,,Microsoft-Windows-Security-Auditing,{54849625-5478-4994-a5ba-3e3b0328c30d},0,0,0x8020000000000000,7404,648,4083998,4662,{1d2d9e12-ec16-461c-afeb-7ba8feb88e7b},,SKYNET.starfleet.corp,Security,,,,,,,,,,,S-1-5-18,SKYNET$,0x3E7,STARFLEET,,,,,-,,,,,,,Object Access,WMI Namespace,
08:12:48.412,,,Windows Event Logs,Windows Event Log Creation,,,,SentinelOne,SKYNET,desktop,security,23.1.2.400,faafacda006f44dd86f62f749777539a,01J82TDN5PAXRM5B0MKJZ0D7SR_855,preprocess-lib-1.0,EVENTLOG,11633,Windows 10 Enterprise Evaluation,usea1-purple.sentinelone.net,17763,48ADA42E794648DC92BBCBD1C4BB706A,SDL,,default,,01J82TDN5PAXRM5B0MKJZ0D7SR,Security,,,,,48,,,,,,,,,,,,<Event xmlns='http://schemas.microsoft.com/win/2004/08/events/event'><System><Provider Name='Microsoft-Windows-Security-Auditing' Guid='{54849625-5478-4994-a5ba-3e3b0328c30d}'/><EventID>4985</EventID><Version>0</Version><Level>0</Level><Task>12800</Task><Opcode>0</Opcode><Keywords>0x8020000000000000</Keywords><TimeCreated SystemTime='2024-09-18T14:59:28.067005000Z'/><EventRecordID>4083999</EventRecordID><Correlation/><Execution ProcessID='4' ThreadID='6768'/><Channel>Security</Channel><Computer>SKYNET.starfleet.corp</Computer><Security/></System><EventData><Data Name='SubjectUserSid'>S-1-5-18</Data><Data Name='SubjectUserName'>SKYNET$</Data><Data Name='SubjectDomainName'>STARFLEET</Data><Data Name='SubjectLogonId'>0x3e7</Data><Data Name='TransactionId'>{ceb76087-75cb-11ef-a7c0-000c2968cd17}</Data><Data Name='NewState'>48</Data><Data Name='ResourceManager'>{310a9088-4a91-11e9-9501-b252ac81e352}</Data><Data Name='ProcessId'>0xc1c</Data><Data Name='ProcessName'>C:\Program Files\SentinelOne\Sentinel Agent 23.1.2.400\SentinelAgent.exe</Data></EventData></Event>,Microsoft-Windows-Security-Auditing,Information,4985,,,,"'The state of a transaction has changed.

Subject:
	Security ID:		S-1-5-18
	Account Name:		SKYNET$
	Account Domain:		STARFLEET
	Logon ID:		0x3E7

Transaction Information:
	RM Transaction ID:	{ceb76087-75cb-11ef-a7c0-000c2968cd17}
	New State:		48
	Resource Manager:	{310a9088-4a91-11e9-9501-b252ac81e352}

Process Information:
	Process ID:		0xc1c
	Process Name:		C:\Program Files\SentinelOne\Sentinel Agent 23.1.2.400\SentinelAgent.exe",http://schemas.microsoft.com/win/2004/08/events/event,0,2024-09-18T14:59:28.067005000Z,12800,,,Microsoft-Windows-Security-Auditing,{54849625-5478-4994-a5ba-3e3b0328c30d},0,0,0x8020000000000000,6768,4,4083999,4985,,,SKYNET.starfleet.corp,Security,,,,{ceb76087-75cb-11ef-a7c0-000c2968cd17},,,,,,,S-1-5-18,SKYNET$,0x3E7,STARFLEET,,,{310a9088-4a91-11e9-9501-b252ac81e352},,,,C:\Program Files\SentinelOne\Sentinel Agent 23.1.2.400\SentinelAgent.exe,0xC1C,,,,,,
08:12:48.412,,,Windows Event Logs,Windows Event Log Creation,,,,SentinelOne,SKYNET,desktop,security,23.1.2.400,faafacda006f44dd86f62f749777539a,01J82TDN5PAXRM5B0MKJZ0D7SR_856,preprocess-lib-1.0,EVENTLOG,11633,Windows 10 Enterprise Evaluation,usea1-purple.sentinelone.net,17763,48ADA42E794648DC92BBCBD1C4BB706A,SDL,,default,,01J82TDN5PAXRM5B0MKJZ0D7SR,Security,,,,,52,,,,,,,,,,,,<Event xmlns='http://schemas.microsoft.com/win/2004/08/events/event'><System><Provider Name='Microsoft-Windows-Security-Auditing' Guid='{54849625-5478-4994-a5ba-3e3b0328c30d}'/><EventID>4985</EventID><Version>0</Version><Level>0</Level><Task>12800</Task><Opcode>0</Opcode><Keywords>0x8020000000000000</Keywords><TimeCreated SystemTime='2024-09-18T14:59:28.067132600Z'/><EventRecordID>4084000</EventRecordID><Correlation/><Execution ProcessID='4' ThreadID='6768'/><Channel>Security</Channel><Computer>SKYNET.starfleet.corp</Computer><Security/></System><EventData><Data Name='SubjectUserSid'>S-1-5-18</Data><Data Name='SubjectUserName'>SKYNET$</Data><Data Name='SubjectDomainName'>STARFLEET</Data><Data Name='SubjectLogonId'>0x3e7</Data><Data Name='TransactionId'>{ceb76087-75cb-11ef-a7c0-000c2968cd17}</Data><Data Name='NewState'>52</Data><Data Name='ResourceManager'>{310a9088-4a91-11e9-9501-b252ac81e352}</Data><Data Name='ProcessId'>0xc1c</Data><Data Name='ProcessName'>C:\Program Files\SentinelOne\Sentinel Agent 23.1.2.400\SentinelAgent.exe</Data></EventData></Event>,Microsoft-Windows-Security-Auditing,Information,4985,,,,"'The state of a transaction has changed.

Subject:
	Security ID:		S-1-5-18
	Account Name:		SKYNET$
	Account Domain:		STARFLEET
	Logon ID:		0x3E7

Transaction Information:
	RM Transaction ID:	{ceb76087-75cb-11ef-a7c0-000c2968cd17}
	New State:		52
	Resource Manager:	{310a9088-4a91-11e9-9501-b252ac81e352}

Process Information:
	Process ID:		0xc1c
	Process Name:		C:\Program Files\SentinelOne\Sentinel Agent 23.1.2.400\SentinelAgent.exe",http://schemas.microsoft.com/win/2004/08/events/event,0,2024-09-18T14:59:28.067132600Z,12800,,,Microsoft-Windows-Security-Auditing,{54849625-5478-4994-a5ba-3e3b0328c30d},0,0,0x8020000000000000,6768,4,4084000,4985,,,SKYNET.starfleet.corp,Security,,,,{ceb76087-75cb-11ef-a7c0-000c2968cd17},,,,,,,S-1-5-18,SKYNET$,0x3E7,STARFLEET,,,{310a9088-4a91-11e9-9501-b252ac81e352},,,,C:\Program Files\SentinelOne\Sentinel Agent 23.1.2.400\SentinelAgent.exe,0xC1C,,,,,,
08:12:48.412,,,Windows Event Logs,Windows Event Log Creation,,,,SentinelOne,SKYNET,desktop,security,23.1.2.400,faafacda006f44dd86f62f749777539a,01J82TDN5PAXRM5B0MKJZ0D7SR_857,preprocess-lib-1.0,EVENTLOG,11633,Windows 10 Enterprise Evaluation,usea1-purple.sentinelone.net,17763,48ADA42E794648DC92BBCBD1C4BB706A,SDL,,default,,01J82TDN5PAXRM5B0MKJZ0D7SR,Security,%%1552,0x1,WMI,ROOT\CIMV2\Security\MicrosoftVolumeEncryption,,,0x0,,,,,,,,ROOT\CIMV2\Security\MicrosoftVolumeEncryption,Local Read (ConnectServer),"'<Event xmlns='http://schemas.microsoft.com/win/2004/08/events/event'><System><Provider Name='Microsoft-Windows-Security-Auditing' Guid='{54849625-5478-4994-a5ba-3e3b0328c30d}'/><EventID>4662</EventID><Version>0</Version><Level>0</Level><Task>12804</Task><Opcode>0</Opcode><Keywords>0x8020000000000000</Keywords><TimeCreated SystemTime='2024-09-18T14:59:32.567874300Z'/><EventRecordID>4084001</EventRecordID><Correlation ActivityID='{bf1fd43b-29bd-47a3-baf6-79f1d039e339}'/><Execution ProcessID='648' ThreadID='5488'/><Channel>Security</Channel><Computer>SKYNET.starfleet.corp</Computer><Security/></System><EventData><Data Name='SubjectUserSid'>S-1-5-18</Data><Data Name='SubjectUserName'>SKYNET$</Data><Data Name='SubjectDomainName'>STARFLEET</Data><Data Name='SubjectLogonId'>0x3e7</Data><Data Name='ObjectServer'>WMI</Data><Data Name='ObjectType'>WMI Namespace</Data><Data Name='ObjectName'>ROOT\CIMV2\Security\MicrosoftVolumeEncryption</Data><Data Name='OperationType'>Object Access</Data><Data Name='HandleId'>0x0</Data><Data Name='AccessList'>%%1552
				</Data><Data Name='AccessMask'>0x1</Data><Data Name='Properties'>-</Data><Data Name='AdditionalInfo'>Local Read (ConnectServer)</Data><Data Name='AdditionalInfo2'>ROOT\CIMV2\Security\MicrosoftVolumeEncryption</Data></EventData></Event>",Microsoft-Windows-Security-Auditing,Information,4662,,,,"'An operation was performed on an object.

Subject :
	Security ID:		S-1-5-18
	Account Name:		SKYNET$
	Account Domain:		STARFLEET
	Logon ID:		0x3E7

Object:
	Object Server:		WMI
	Object Type:		WMI Namespace
	Object Name:		ROOT\CIMV2\Security\MicrosoftVolumeEncryption
	Handle ID:		0x0

Operation:
	Operation Type:		Object Access
	Accesses:		Unknown specific access (bit 0)
				
	Access Mask:		0x1
	Properties:		-

Additional Information:
	Parameter 1:		Local Read (ConnectServer)
	Parameter 2:		ROOT\CIMV2\Security\MicrosoftVolumeEncryption",http://schemas.microsoft.com/win/2004/08/events/event,0,2024-09-18T14:59:32.567874300Z,12804,,,Microsoft-Windows-Security-Auditing,{54849625-5478-4994-a5ba-3e3b0328c30d},0,0,0x8020000000000000,5488,648,4084001,4662,{bf1fd43b-29bd-47a3-baf6-79f1d039e339},,SKYNET.starfleet.corp,Security,,,,,,,,,,,S-1-5-18,SKYNET$,0x3E7,STARFLEET,,,,,-,,,,,,,Object Access,WMI Namespace,
08:12:48.412,,,Windows Event Logs,Windows Event Log Creation,,,,SentinelOne,SKYNET,desktop,security,23.1.2.400,faafacda006f44dd86f62f749777539a,01J82TDN5PAXRM5B0MKJZ0D7SR_858,preprocess-lib-1.0,EVENTLOG,11633,Windows 10 Enterprise Evaluation,usea1-purple.sentinelone.net,17763,48ADA42E794648DC92BBCBD1C4BB706A,SDL,,default,,01J82TDN5PAXRM5B0MKJZ0D7SR,Security,%%1552,0x1,WMI,ROOT\CIMV2\Security\MicrosoftVolumeEncryption,,,0x0,,,,,,,,ROOT\CIMV2\Security\MicrosoftVolumeEncryption:SELECT * FROM Win32_EncryptableVolume,Local Read (ExecQuery),"'<Event xmlns='http://schemas.microsoft.com/win/2004/08/events/event'><System><Provider Name='Microsoft-Windows-Security-Auditing' Guid='{54849625-5478-4994-a5ba-3e3b0328c30d}'/><EventID>4662</EventID><Version>0</Version><Level>0</Level><Task>12804</Task><Opcode>0</Opcode><Keywords>0x8020000000000000</Keywords><TimeCreated SystemTime='2024-09-18T14:59:32.568181200Z'/><EventRecordID>4084002</EventRecordID><Correlation ActivityID='{136c8f0e-704c-4a68-9c23-6e64a7683fe9}'/><Execution ProcessID='648' ThreadID='5488'/><Channel>Security</Channel><Computer>SKYNET.starfleet.corp</Computer><Security/></System><EventData><Data Name='SubjectUserSid'>S-1-5-18</Data><Data Name='SubjectUserName'>SKYNET$</Data><Data Name='SubjectDomainName'>STARFLEET</Data><Data Name='SubjectLogonId'>0x3e7</Data><Data Name='ObjectServer'>WMI</Data><Data Name='ObjectType'>WMI Namespace</Data><Data Name='ObjectName'>ROOT\CIMV2\Security\MicrosoftVolumeEncryption</Data><Data Name='OperationType'>Object Access</Data><Data Name='HandleId'>0x0</Data><Data Name='AccessList'>%%1552
				</Data><Data Name='AccessMask'>0x1</Data><Data Name='Properties'>-</Data><Data Name='AdditionalInfo'>Local Read (ExecQuery)</Data><Data Name='AdditionalInfo2'>ROOT\CIMV2\Security\MicrosoftVolumeEncryption:SELECT * FROM Win32_EncryptableVolume</Data></EventData></Event>",Microsoft-Windows-Security-Auditing,Information,4662,,,,"'An operation was performed on an object.

Subject :
	Security ID:		S-1-5-18
	Account Name:		SKYNET$
	Account Domain:		STARFLEET
	Logon ID:		0x3E7

Object:
	Object Server:		WMI
	Object Type:		WMI Namespace
	Object Name:		ROOT\CIMV2\Security\MicrosoftVolumeEncryption
	Handle ID:		0x0

Operation:
	Operation Type:		Object Access
	Accesses:		Unknown specific access (bit 0)
				
	Access Mask:		0x1
	Properties:		-

Additional Information:
	Parameter 1:		Local Read (ExecQuery)
	Parameter 2:		ROOT\CIMV2\Security\MicrosoftVolumeEncryption:SELECT * FROM Win32_EncryptableVolume",http://schemas.microsoft.com/win/2004/08/events/event,0,2024-09-18T14:59:32.568181200Z,12804,,,Microsoft-Windows-Security-Auditing,{54849625-5478-4994-a5ba-3e3b0328c30d},0,0,0x8020000000000000,5488,648,4084002,4662,{136c8f0e-704c-4a68-9c23-6e64a7683fe9},,SKYNET.starfleet.corp,Security,,,,,,,,,,,S-1-5-18,SKYNET$,0x3E7,STARFLEET,,,,,-,,,,,,,Object Access,WMI Namespace,
08:12:48.412,,,Windows Event Logs,Windows Event Log Creation,,,,SentinelOne,SKYNET,desktop,security,23.1.2.400,faafacda006f44dd86f62f749777539a,01J82TDN5PAXRM5B0MKJZ0D7SR_859,preprocess-lib-1.0,EVENTLOG,11633,Windows 10 Enterprise Evaluation,usea1-purple.sentinelone.net,17763,48ADA42E794648DC92BBCBD1C4BB706A,SDL,,default,,01J82TDN5PAXRM5B0MKJZ0D7SR,Security,,,,,48,,,,,,,,,,,,<Event xmlns='http://schemas.microsoft.com/win/2004/08/events/event'><System><Provider Name='Microsoft-Windows-Security-Auditing' Guid='{54849625-5478-4994-a5ba-3e3b0328c30d}'/><EventID>4985</EventID><Version>0</Version><Level>0</Level><Task>12800</Task><Opcode>0</Opcode><Keywords>0x8020000000000000</Keywords><TimeCreated SystemTime='2024-09-18T14:59:32.594182800Z'/><EventRecordID>4084003</EventRecordID><Correlation/><Execution ProcessID='4' ThreadID='6768'/><Channel>Security</Channel><Computer>SKYNET.starfleet.corp</Computer><Security/></System><EventData><Data Name='SubjectUserSid'>S-1-5-18</Data><Data Name='SubjectUserName'>SKYNET$</Data><Data Name='SubjectDomainName'>STARFLEET</Data><Data Name='SubjectLogonId'>0x3e7</Data><Data Name='TransactionId'>{ceb7608c-75cb-11ef-a7c0-000c2968cd17}</Data><Data Name='NewState'>48</Data><Data Name='ResourceManager'>{310a9088-4a91-11e9-9501-b252ac81e352}</Data><Data Name='ProcessId'>0xc1c</Data><Data Name='ProcessName'>C:\Program Files\SentinelOne\Sentinel Agent 23.1.2.400\SentinelAgent.exe</Data></EventData></Event>,Microsoft-Windows-Security-Auditing,Information,4985,,,,"'The state of a transaction has changed.

Subject:
	Security ID:		S-1-5-18
	Account Name:		SKYNET$
	Account Domain:		STARFLEET
	Logon ID:		0x3E7

Transaction Information:
	RM Transaction ID:	{ceb7608c-75cb-11ef-a7c0-000c2968cd17}
	New State:		48
	Resource Manager:	{310a9088-4a91-11e9-9501-b252ac81e352}

Process Information:
	Process ID:		0xc1c
	Process Name:		C:\Program Files\SentinelOne\Sentinel Agent 23.1.2.400\SentinelAgent.exe",http://schemas.microsoft.com/win/2004/08/events/event,0,2024-09-18T14:59:32.594182800Z,12800,,,Microsoft-Windows-Security-Auditing,{54849625-5478-4994-a5ba-3e3b0328c30d},0,0,0x8020000000000000,6768,4,4084003,4985,,,SKYNET.starfleet.corp,Security,,,,{ceb7608c-75cb-11ef-a7c0-000c2968cd17},,,,,,,S-1-5-18,SKYNET$,0x3E7,STARFLEET,,,{310a9088-4a91-11e9-9501-b252ac81e352},,,,C:\Program Files\SentinelOne\Sentinel Agent 23.1.2.400\SentinelAgent.exe,0xC1C,,,,,,
08:12:48.412,,,Windows Event Logs,Windows Event Log Creation,,,,SentinelOne,SKYNET,desktop,security,23.1.2.400,faafacda006f44dd86f62f749777539a,01J82TDN5PAXRM5B0MKJZ0D7SR_860,preprocess-lib-1.0,EVENTLOG,11633,Windows 10 Enterprise Evaluation,usea1-purple.sentinelone.net,17763,48ADA42E794648DC92BBCBD1C4BB706A,SDL,,default,,01J82TDN5PAXRM5B0MKJZ0D7SR,Security,,,,,52,,,,,,,,,,,,<Event xmlns='http://schemas.microsoft.com/win/2004/08/events/event'><System><Provider Name='Microsoft-Windows-Security-Auditing' Guid='{54849625-5478-4994-a5ba-3e3b0328c30d}'/><EventID>4985</EventID><Version>0</Version><Level>0</Level><Task>12800</Task><Opcode>0</Opcode><Keywords>0x8020000000000000</Keywords><TimeCreated SystemTime='2024-09-18T14:59:32.594363600Z'/><EventRecordID>4084004</EventRecordID><Correlation/><Execution ProcessID='4' ThreadID='6768'/><Channel>Security</Channel><Computer>SKYNET.starfleet.corp</Computer><Security/></System><EventData><Data Name='SubjectUserSid'>S-1-5-18</Data><Data Name='SubjectUserName'>SKYNET$</Data><Data Name='SubjectDomainName'>STARFLEET</Data><Data Name='SubjectLogonId'>0x3e7</Data><Data Name='TransactionId'>{ceb7608c-75cb-11ef-a7c0-000c2968cd17}</Data><Data Name='NewState'>52</Data><Data Name='ResourceManager'>{310a9088-4a91-11e9-9501-b252ac81e352}</Data><Data Name='ProcessId'>0xc1c</Data><Data Name='ProcessName'>C:\Program Files\SentinelOne\Sentinel Agent 23.1.2.400\SentinelAgent.exe</Data></EventData></Event>,Microsoft-Windows-Security-Auditing,Information,4985,,,,"'The state of a transaction has changed.

Subject:
	Security ID:		S-1-5-18
	Account Name:		SKYNET$
	Account Domain:		STARFLEET
	Logon ID:		0x3E7

Transaction Information:
	RM Transaction ID:	{ceb7608c-75cb-11ef-a7c0-000c2968cd17}
	New State:		52
	Resource Manager:	{310a9088-4a91-11e9-9501-b252ac81e352}

Process Information:
	Process ID:		0xc1c
	Process Name:		C:\Program Files\SentinelOne\Sentinel Agent 23.1.2.400\SentinelAgent.exe",http://schemas.microsoft.com/win/2004/08/events/event,0,2024-09-18T14:59:32.594363600Z,12800,,,Microsoft-Windows-Security-Auditing,{54849625-5478-4994-a5ba-3e3b0328c30d},0,0,0x8020000000000000,6768,4,4084004,4985,,,SKYNET.starfleet.corp,Security,,,,{ceb7608c-75cb-11ef-a7c0-000c2968cd17},,,,,,,S-1-5-18,SKYNET$,0x3E7,STARFLEET,,,{310a9088-4a91-11e9-9501-b252ac81e352},,,,C:\Program Files\SentinelOne\Sentinel Agent 23.1.2.400\SentinelAgent.exe,0xC1C,,,,,,
08:12:48.412,,,Windows Event Logs,Windows Event Log Creation,,,,SentinelOne,SKYNET,desktop,security,23.1.2.400,faafacda006f44dd86f62f749777539a,01J82TDN5PAXRM5B0MKJZ0D7SR_861,preprocess-lib-1.0,EVENTLOG,11633,Windows 10 Enterprise Evaluation,usea1-purple.sentinelone.net,17763,48ADA42E794648DC92BBCBD1C4BB706A,SDL,,default,,01J82TDN5PAXRM5B0MKJZ0D7SR,Security,%%1552,0x1,WMI,ROOT\CIMV2\Security\MicrosoftVolumeEncryption,,,0x0,,,,,,,,ROOT\CIMV2\Security\MicrosoftVolumeEncryption,Local Read (ConnectServer),"'<Event xmlns='http://schemas.microsoft.com/win/2004/08/events/event'><System><Provider Name='Microsoft-Windows-Security-Auditing' Guid='{54849625-5478-4994-a5ba-3e3b0328c30d}'/><EventID>4662</EventID><Version>0</Version><Level>0</Level><Task>12804</Task><Opcode>0</Opcode><Keywords>0x8020000000000000</Keywords><TimeCreated SystemTime='2024-09-18T14:59:37.110550900Z'/><EventRecordID>4084005</EventRecordID><Correlation ActivityID='{11ac5b69-7010-4c64-be55-b4a92e074f1d}'/><Execution ProcessID='648' ThreadID='5488'/><Channel>Security</Channel><Computer>SKYNET.starfleet.corp</Computer><Security/></System><EventData><Data Name='SubjectUserSid'>S-1-5-18</Data><Data Name='SubjectUserName'>SKYNET$</Data><Data Name='SubjectDomainName'>STARFLEET</Data><Data Name='SubjectLogonId'>0x3e7</Data><Data Name='ObjectServer'>WMI</Data><Data Name='ObjectType'>WMI Namespace</Data><Data Name='ObjectName'>ROOT\CIMV2\Security\MicrosoftVolumeEncryption</Data><Data Name='OperationType'>Object Access</Data><Data Name='HandleId'>0x0</Data><Data Name='AccessList'>%%1552
				</Data><Data Name='AccessMask'>0x1</Data><Data Name='Properties'>-</Data><Data Name='AdditionalInfo'>Local Read (ConnectServer)</Data><Data Name='AdditionalInfo2'>ROOT\CIMV2\Security\MicrosoftVolumeEncryption</Data></EventData></Event>",Microsoft-Windows-Security-Auditing,Information,4662,,,,"'An operation was performed on an object.

Subject :
	Security ID:		S-1-5-18
	Account Name:		SKYNET$
	Account Domain:		STARFLEET
	Logon ID:		0x3E7

Object:
	Object Server:		WMI
	Object Type:		WMI Namespace
	Object Name:		ROOT\CIMV2\Security\MicrosoftVolumeEncryption
	Handle ID:		0x0

Operation:
	Operation Type:		Object Access
	Accesses:		Unknown specific access (bit 0)
				
	Access Mask:		0x1
	Properties:		-

Additional Information:
	Parameter 1:		Local Read (ConnectServer)
	Parameter 2:		ROOT\CIMV2\Security\MicrosoftVolumeEncryption",http://schemas.microsoft.com/win/2004/08/events/event,0,2024-09-18T14:59:37.110550900Z,12804,,,Microsoft-Windows-Security-Auditing,{54849625-5478-4994-a5ba-3e3b0328c30d},0,0,0x8020000000000000,5488,648,4084005,4662,{11ac5b69-7010-4c64-be55-b4a92e074f1d},,SKYNET.starfleet.corp,Security,,,,,,,,,,,S-1-5-18,SKYNET$,0x3E7,STARFLEET,,,,,-,,,,,,,Object Access,WMI Namespace,
