08:12:48.412,,,Windows Event Logs,Windows Event Log Creation,,,,SentinelOne,SKYNET,desktop,security,23.1.2.400,faafacda006f44dd86f62f749777539a,01J82TDN5PAXRM5B0MKJZ0D7SR_307,preprocess-lib-1.0,EVENTLOG,11633,Windows 10 Enterprise Evaluation,usea1-purple.sentinelone.net,17763,48ADA42E794648DC92BBCBD1C4BB706A,SDL,,default,,01J82TDN5PAXRM5B0MKJZ0D7SR,Security,,,,,,,,,,,,C:\Program Files\SentinelOne\Sentinel Agent 23.1.2.400\SentinelAgent.exe,0xC1C,,,,<Event xmlns='http://schemas.microsoft.com/win/2004/08/events/event'><System><Provider Name='Microsoft-Windows-Security-Auditing' Guid='{54849625-5478-4994-a5ba-3e3b0328c30d}'/><EventID>4799</EventID><Version>0</Version><Level>0</Level><Task>13826</Task><Opcode>0</Opcode><Keywords>0x8020000000000000</Keywords><TimeCreated SystemTime='2024-09-18T14:58:56.895025800Z'/><EventRecordID>4083597</EventRecordID><Correlation ActivityID='{9f194344-0a93-4195-b581-212749b0f182}'/><Execution ProcessID='648' ThreadID='7404'/><Channel>Security</Channel><Computer>SKYNET.starfleet.corp</Computer><Security/></System><EventData><Data Name='TargetUserName'>Backup Operators</Data><Data Name='TargetDomainName'>Builtin</Data><Data Name='TargetSid'>S-1-5-32-551</Data><Data Name='SubjectUserSid'>S-1-5-18</Data><Data Name='SubjectUserName'>SKYNET$</Data><Data Name='SubjectDomainName'>STARFLEET</Data><Data Name='SubjectLogonId'>0x3e7</Data><Data Name='CallerProcessId'>0xc1c</Data><Data Name='CallerProcessName'>C:\Program Files\SentinelOne\Sentinel Agent 23.1.2.400\SentinelAgent.exe</Data></EventData></Event>,Microsoft-Windows-Security-Auditing,Information,4799,,,,"'A security-enabled local group membership was enumerated.

Subject:
	Security ID:		S-1-5-18
	Account Name:		SKYNET$
	Account Domain:		STARFLEET
	Logon ID:		0x3E7

Group:
	Security ID:		S-1-5-32-551
	Group Name:		Backup Operators
	Group Domain:		Builtin

Process Information:
	Process ID:		0xc1c
	Process Name:		C:\Program Files\SentinelOne\Sentinel Agent 23.1.2.400\SentinelAgent.exe",http://schemas.microsoft.com/win/2004/08/events/event,0,2024-09-18T14:58:56.895025800Z,13826,,,Microsoft-Windows-Security-Auditing,{54849625-5478-4994-a5ba-3e3b0328c30d},0,0,0x8020000000000000,7404,648,4083597,4799,{9f194344-0a93-4195-b581-212749b0f182},,SKYNET.starfleet.corp,Security,,,,,,Backup Operators,S-1-5-32-551,,Builtin,,S-1-5-18,SKYNET$,0x3E7,STARFLEET,,,,,,,,,,,,,,
08:12:48.412,,,Windows Event Logs,Windows Event Log Creation,,,,SentinelOne,SKYNET,desktop,security,23.1.2.400,faafacda006f44dd86f62f749777539a,01J82TDN5PAXRM5B0MKJZ0D7SR_308,preprocess-lib-1.0,EVENTLOG,11633,Windows 10 Enterprise Evaluation,usea1-purple.sentinelone.net,17763,48ADA42E794648DC92BBCBD1C4BB706A,SDL,,default,,01J82TDN5PAXRM5B0MKJZ0D7SR,Security,,,,,,,,,,,,C:\Windows\System32\VSSVC.exe,0x240,,,,<Event xmlns='http://schemas.microsoft.com/win/2004/08/events/event'><System><Provider Name='Microsoft-Windows-Security-Auditing' Guid='{54849625-5478-4994-a5ba-3e3b0328c30d}'/><EventID>4799</EventID><Version>0</Version><Level>0</Level><Task>13826</Task><Opcode>0</Opcode><Keywords>0x8020000000000000</Keywords><TimeCreated SystemTime='2024-09-18T14:58:56.899276900Z'/><EventRecordID>4083598</EventRecordID><Correlation ActivityID='{57056575-e135-471f-855d-9e7d88e091b8}'/><Execution ProcessID='648' ThreadID='7404'/><Channel>Security</Channel><Computer>SKYNET.starfleet.corp</Computer><Security/></System><EventData><Data Name='TargetUserName'>Administrators</Data><Data Name='TargetDomainName'>Builtin</Data><Data Name='TargetSid'>S-1-5-32-544</Data><Data Name='SubjectUserSid'>S-1-5-18</Data><Data Name='SubjectUserName'>SKYNET$</Data><Data Name='SubjectDomainName'>STARFLEET</Data><Data Name='SubjectLogonId'>0x3e7</Data><Data Name='CallerProcessId'>0x240</Data><Data Name='CallerProcessName'>C:\Windows\System32\VSSVC.exe</Data></EventData></Event>,Microsoft-Windows-Security-Auditing,Information,4799,,,,"'A security-enabled local group membership was enumerated.

Subject:
	Security ID:		S-1-5-18
	Account Name:		SKYNET$
	Account Domain:		STARFLEET
	Logon ID:		0x3E7

Group:
	Security ID:		S-1-5-32-544
	Group Name:		Administrators
	Group Domain:		Builtin

Process Information:
	Process ID:		0x240
	Process Name:		C:\Windows\System32\VSSVC.exe",http://schemas.microsoft.com/win/2004/08/events/event,0,2024-09-18T14:58:56.899276900Z,13826,,,Microsoft-Windows-Security-Auditing,{54849625-5478-4994-a5ba-3e3b0328c30d},0,0,0x8020000000000000,7404,648,4083598,4799,{57056575-e135-471f-855d-9e7d88e091b8},,SKYNET.starfleet.corp,Security,,,,,,Administrators,S-1-5-32-544,,Builtin,,S-1-5-18,SKYNET$,0x3E7,STARFLEET,,,,,,,,,,,,,,
08:12:48.412,,,Windows Event Logs,Windows Event Log Creation,,,,SentinelOne,SKYNET,desktop,security,23.1.2.400,faafacda006f44dd86f62f749777539a,01J82TDN5PAXRM5B0MKJZ0D7SR_309,preprocess-lib-1.0,EVENTLOG,11633,Windows 10 Enterprise Evaluation,usea1-purple.sentinelone.net,17763,48ADA42E794648DC92BBCBD1C4BB706A,SDL,,default,,01J82TDN5PAXRM5B0MKJZ0D7SR,Security,,,,,,,,,,,,C:\Windows\System32\VSSVC.exe,0x240,,,,<Event xmlns='http://schemas.microsoft.com/win/2004/08/events/event'><System><Provider Name='Microsoft-Windows-Security-Auditing' Guid='{54849625-5478-4994-a5ba-3e3b0328c30d}'/><EventID>4799</EventID><Version>0</Version><Level>0</Level><Task>13826</Task><Opcode>0</Opcode><Keywords>0x8020000000000000</Keywords><TimeCreated SystemTime='2024-09-18T14:58:56.900168700Z'/><EventRecordID>4083599</EventRecordID><Correlation ActivityID='{c075237d-ebbe-4382-95c0-51c1432e0372}'/><Execution ProcessID='648' ThreadID='7404'/><Channel>Security</Channel><Computer>SKYNET.starfleet.corp</Computer><Security/></System><EventData><Data Name='TargetUserName'>Backup Operators</Data><Data Name='TargetDomainName'>Builtin</Data><Data Name='TargetSid'>S-1-5-32-551</Data><Data Name='SubjectUserSid'>S-1-5-18</Data><Data Name='SubjectUserName'>SKYNET$</Data><Data Name='SubjectDomainName'>STARFLEET</Data><Data Name='SubjectLogonId'>0x3e7</Data><Data Name='CallerProcessId'>0x240</Data><Data Name='CallerProcessName'>C:\Windows\System32\VSSVC.exe</Data></EventData></Event>,Microsoft-Windows-Security-Auditing,Information,4799,,,,"'A security-enabled local group membership was enumerated.

Subject:
	Security ID:		S-1-5-18
	Account Name:		SKYNET$
	Account Domain:		STARFLEET
	Logon ID:		0x3E7

Group:
	Security ID:		S-1-5-32-551
	Group Name:		Backup Operators
	Group Domain:		Builtin

Process Information:
	Process ID:		0x240
	Process Name:		C:\Windows\System32\VSSVC.exe",http://schemas.microsoft.com/win/2004/08/events/event,0,2024-09-18T14:58:56.900168700Z,13826,,,Microsoft-Windows-Security-Auditing,{54849625-5478-4994-a5ba-3e3b0328c30d},0,0,0x8020000000000000,7404,648,4083599,4799,{c075237d-ebbe-4382-95c0-51c1432e0372},,SKYNET.starfleet.corp,Security,,,,,,Backup Operators,S-1-5-32-551,,Builtin,,S-1-5-18,SKYNET$,0x3E7,STARFLEET,,,,,,,,,,,,,,
08:12:48.412,,,Windows Event Logs,Windows Event Log Creation,,,,SentinelOne,SKYNET,desktop,security,23.1.2.400,faafacda006f44dd86f62f749777539a,01J82TDN5PAXRM5B0MKJZ0D7SR_310,preprocess-lib-1.0,EVENTLOG,11633,Windows 10 Enterprise Evaluation,usea1-purple.sentinelone.net,17763,48ADA42E794648DC92BBCBD1C4BB706A,SDL,,default,,01J82TDN5PAXRM5B0MKJZ0D7SR,Security,,,,,,,,,,,,C:\Windows\System32\VSSVC.exe,0x240,,,,<Event xmlns='http://schemas.microsoft.com/win/2004/08/events/event'><System><Provider Name='Microsoft-Windows-Security-Auditing' Guid='{54849625-5478-4994-a5ba-3e3b0328c30d}'/><EventID>4799</EventID><Version>0</Version><Level>0</Level><Task>13826</Task><Opcode>0</Opcode><Keywords>0x8020000000000000</Keywords><TimeCreated SystemTime='2024-09-18T14:58:56.900595100Z'/><EventRecordID>4083600</EventRecordID><Correlation ActivityID='{1245a9b6-6f68-4c2e-9a6b-0bc7c5b690d6}'/><Execution ProcessID='648' ThreadID='7404'/><Channel>Security</Channel><Computer>SKYNET.starfleet.corp</Computer><Security/></System><EventData><Data Name='TargetUserName'>Administrators</Data><Data Name='TargetDomainName'>Builtin</Data><Data Name='TargetSid'>S-1-5-32-544</Data><Data Name='SubjectUserSid'>S-1-5-18</Data><Data Name='SubjectUserName'>SKYNET$</Data><Data Name='SubjectDomainName'>STARFLEET</Data><Data Name='SubjectLogonId'>0x3e7</Data><Data Name='CallerProcessId'>0x240</Data><Data Name='CallerProcessName'>C:\Windows\System32\VSSVC.exe</Data></EventData></Event>,Microsoft-Windows-Security-Auditing,Information,4799,,,,"'A security-enabled local group membership was enumerated.

Subject:
	Security ID:		S-1-5-18
	Account Name:		SKYNET$
	Account Domain:		STARFLEET
	Logon ID:		0x3E7

Group:
	Security ID:		S-1-5-32-544
	Group Name:		Administrators
	Group Domain:		Builtin

Process Information:
	Process ID:		0x240
	Process Name:		C:\Windows\System32\VSSVC.exe",http://schemas.microsoft.com/win/2004/08/events/event,0,2024-09-18T14:58:56.900595100Z,13826,,,Microsoft-Windows-Security-Auditing,{54849625-5478-4994-a5ba-3e3b0328c30d},0,0,0x8020000000000000,7404,648,4083600,4799,{1245a9b6-6f68-4c2e-9a6b-0bc7c5b690d6},,SKYNET.starfleet.corp,Security,,,,,,Administrators,S-1-5-32-544,,Builtin,,S-1-5-18,SKYNET$,0x3E7,STARFLEET,,,,,,,,,,,,,,
08:12:48.412,,,Windows Event Logs,Windows Event Log Creation,,,,SentinelOne,SKYNET,desktop,security,23.1.2.400,faafacda006f44dd86f62f749777539a,01J82TDN5PAXRM5B0MKJZ0D7SR_311,preprocess-lib-1.0,EVENTLOG,11633,Windows 10 Enterprise Evaluation,usea1-purple.sentinelone.net,17763,48ADA42E794648DC92BBCBD1C4BB706A,SDL,,default,,01J82TDN5PAXRM5B0MKJZ0D7SR,Security,,,,,,,,,,,,C:\Program Files\SentinelOne\Sentinel Agent 23.1.2.400\SentinelAgent.exe,0xC1C,,,,<Event xmlns='http://schemas.microsoft.com/win/2004/08/events/event'><System><Provider Name='Microsoft-Windows-Security-Auditing' Guid='{54849625-5478-4994-a5ba-3e3b0328c30d}'/><EventID>4799</EventID><Version>0</Version><Level>0</Level><Task>13826</Task><Opcode>0</Opcode><Keywords>0x8020000000000000</Keywords><TimeCreated SystemTime='2024-09-18T14:58:56.901094300Z'/><EventRecordID>4083601</EventRecordID><Correlation ActivityID='{732c1861-7699-4efb-93cf-a80408fe6bf7}'/><Execution ProcessID='648' ThreadID='7404'/><Channel>Security</Channel><Computer>SKYNET.starfleet.corp</Computer><Security/></System><EventData><Data Name='TargetUserName'>Administrators</Data><Data Name='TargetDomainName'>Builtin</Data><Data Name='TargetSid'>S-1-5-32-544</Data><Data Name='SubjectUserSid'>S-1-5-18</Data><Data Name='SubjectUserName'>SKYNET$</Data><Data Name='SubjectDomainName'>STARFLEET</Data><Data Name='SubjectLogonId'>0x3e7</Data><Data Name='CallerProcessId'>0xc1c</Data><Data Name='CallerProcessName'>C:\Program Files\SentinelOne\Sentinel Agent 23.1.2.400\SentinelAgent.exe</Data></EventData></Event>,Microsoft-Windows-Security-Auditing,Information,4799,,,,"'A security-enabled local group membership was enumerated.

Subject:
	Security ID:		S-1-5-18
	Account Name:		SKYNET$
	Account Domain:		STARFLEET
	Logon ID:		0x3E7

Group:
	Security ID:		S-1-5-32-544
	Group Name:		Administrators
	Group Domain:		Builtin

Process Information:
	Process ID:		0xc1c
	Process Name:		C:\Program Files\SentinelOne\Sentinel Agent 23.1.2.400\SentinelAgent.exe",http://schemas.microsoft.com/win/2004/08/events/event,0,2024-09-18T14:58:56.901094300Z,13826,,,Microsoft-Windows-Security-Auditing,{54849625-5478-4994-a5ba-3e3b0328c30d},0,0,0x8020000000000000,7404,648,4083601,4799,{732c1861-7699-4efb-93cf-a80408fe6bf7},,SKYNET.starfleet.corp,Security,,,,,,Administrators,S-1-5-32-544,,Builtin,,S-1-5-18,SKYNET$,0x3E7,STARFLEET,,,,,,,,,,,,,,
08:12:48.412,,,Windows Event Logs,Windows Event Log Creation,,,,SentinelOne,SKYNET,desktop,security,23.1.2.400,faafacda006f44dd86f62f749777539a,01J82TDN5PAXRM5B0MKJZ0D7SR_312,preprocess-lib-1.0,EVENTLOG,11633,Windows 10 Enterprise Evaluation,usea1-purple.sentinelone.net,17763,48ADA42E794648DC92BBCBD1C4BB706A,SDL,,default,,01J82TDN5PAXRM5B0MKJZ0D7SR,Security,,,,,,,,,,,,C:\Windows\System32\VSSVC.exe,0x240,,,,<Event xmlns='http://schemas.microsoft.com/win/2004/08/events/event'><System><Provider Name='Microsoft-Windows-Security-Auditing' Guid='{54849625-5478-4994-a5ba-3e3b0328c30d}'/><EventID>4799</EventID><Version>0</Version><Level>0</Level><Task>13826</Task><Opcode>0</Opcode><Keywords>0x8020000000000000</Keywords><TimeCreated SystemTime='2024-09-18T14:58:56.901440300Z'/><EventRecordID>4083602</EventRecordID><Correlation ActivityID='{8abf180f-c461-4d22-ac64-b481ef7f547b}'/><Execution ProcessID='648' ThreadID='7404'/><Channel>Security</Channel><Computer>SKYNET.starfleet.corp</Computer><Security/></System><EventData><Data Name='TargetUserName'>Backup Operators</Data><Data Name='TargetDomainName'>Builtin</Data><Data Name='TargetSid'>S-1-5-32-551</Data><Data Name='SubjectUserSid'>S-1-5-18</Data><Data Name='SubjectUserName'>SKYNET$</Data><Data Name='SubjectDomainName'>STARFLEET</Data><Data Name='SubjectLogonId'>0x3e7</Data><Data Name='CallerProcessId'>0x240</Data><Data Name='CallerProcessName'>C:\Windows\System32\VSSVC.exe</Data></EventData></Event>,Microsoft-Windows-Security-Auditing,Information,4799,,,,"'A security-enabled local group membership was enumerated.

Subject:
	Security ID:		S-1-5-18
	Account Name:		SKYNET$
	Account Domain:		STARFLEET
	Logon ID:		0x3E7

Group:
	Security ID:		S-1-5-32-551
	Group Name:		Backup Operators
	Group Domain:		Builtin

Process Information:
	Process ID:		0x240
	Process Name:		C:\Windows\System32\VSSVC.exe",http://schemas.microsoft.com/win/2004/08/events/event,0,2024-09-18T14:58:56.901440300Z,13826,,,Microsoft-Windows-Security-Auditing,{54849625-5478-4994-a5ba-3e3b0328c30d},0,0,0x8020000000000000,7404,648,4083602,4799,{8abf180f-c461-4d22-ac64-b481ef7f547b},,SKYNET.starfleet.corp,Security,,,,,,Backup Operators,S-1-5-32-551,,Builtin,,S-1-5-18,SKYNET$,0x3E7,STARFLEET,,,,,,,,,,,,,,
08:12:48.412,,,Windows Event Logs,Windows Event Log Creation,,,,SentinelOne,SKYNET,desktop,security,23.1.2.400,faafacda006f44dd86f62f749777539a,01J82TDN5PAXRM5B0MKJZ0D7SR_313,preprocess-lib-1.0,EVENTLOG,11633,Windows 10 Enterprise Evaluation,usea1-purple.sentinelone.net,17763,48ADA42E794648DC92BBCBD1C4BB706A,SDL,,default,,01J82TDN5PAXRM5B0MKJZ0D7SR,Security,,,,,,,,,,,,C:\Program Files\SentinelOne\Sentinel Agent 23.1.2.400\SentinelAgent.exe,0xC1C,,,,<Event xmlns='http://schemas.microsoft.com/win/2004/08/events/event'><System><Provider Name='Microsoft-Windows-Security-Auditing' Guid='{54849625-5478-4994-a5ba-3e3b0328c30d}'/><EventID>4799</EventID><Version>0</Version><Level>0</Level><Task>13826</Task><Opcode>0</Opcode><Keywords>0x8020000000000000</Keywords><TimeCreated SystemTime='2024-09-18T14:58:56.902573500Z'/><EventRecordID>4083603</EventRecordID><Correlation ActivityID='{1704a743-3e00-47a8-b063-e762b16d664c}'/><Execution ProcessID='648' ThreadID='7404'/><Channel>Security</Channel><Computer>SKYNET.starfleet.corp</Computer><Security/></System><EventData><Data Name='TargetUserName'>Administrators</Data><Data Name='TargetDomainName'>Builtin</Data><Data Name='TargetSid'>S-1-5-32-544</Data><Data Name='SubjectUserSid'>S-1-5-18</Data><Data Name='SubjectUserName'>SKYNET$</Data><Data Name='SubjectDomainName'>STARFLEET</Data><Data Name='SubjectLogonId'>0x3e7</Data><Data Name='CallerProcessId'>0xc1c</Data><Data Name='CallerProcessName'>C:\Program Files\SentinelOne\Sentinel Agent 23.1.2.400\SentinelAgent.exe</Data></EventData></Event>,Microsoft-Windows-Security-Auditing,Information,4799,,,,"'A security-enabled local group membership was enumerated.

Subject:
	Security ID:		S-1-5-18
	Account Name:		SKYNET$
	Account Domain:		STARFLEET
	Logon ID:		0x3E7

Group:
	Security ID:		S-1-5-32-544
	Group Name:		Administrators
	Group Domain:		Builtin

Process Information:
	Process ID:		0xc1c
	Process Name:		C:\Program Files\SentinelOne\Sentinel Agent 23.1.2.400\SentinelAgent.exe",http://schemas.microsoft.com/win/2004/08/events/event,0,2024-09-18T14:58:56.902573500Z,13826,,,Microsoft-Windows-Security-Auditing,{54849625-5478-4994-a5ba-3e3b0328c30d},0,0,0x8020000000000000,7404,648,4083603,4799,{1704a743-3e00-47a8-b063-e762b16d664c},,SKYNET.starfleet.corp,Security,,,,,,Administrators,S-1-5-32-544,,Builtin,,S-1-5-18,SKYNET$,0x3E7,STARFLEET,,,,,,,,,,,,,,
08:12:48.412,,,Windows Event Logs,Windows Event Log Creation,,,,SentinelOne,SKYNET,desktop,security,23.1.2.400,faafacda006f44dd86f62f749777539a,01J82TDN5PAXRM5B0MKJZ0D7SR_314,preprocess-lib-1.0,EVENTLOG,11633,Windows 10 Enterprise Evaluation,usea1-purple.sentinelone.net,17763,48ADA42E794648DC92BBCBD1C4BB706A,SDL,,default,,01J82TDN5PAXRM5B0MKJZ0D7SR,Security,,,,,,,,,,,,C:\Program Files\SentinelOne\Sentinel Agent 23.1.2.400\SentinelAgent.exe,0xC1C,,,,<Event xmlns='http://schemas.microsoft.com/win/2004/08/events/event'><System><Provider Name='Microsoft-Windows-Security-Auditing' Guid='{54849625-5478-4994-a5ba-3e3b0328c30d}'/><EventID>4799</EventID><Version>0</Version><Level>0</Level><Task>13826</Task><Opcode>0</Opcode><Keywords>0x8020000000000000</Keywords><TimeCreated SystemTime='2024-09-18T14:58:56.902938800Z'/><EventRecordID>4083604</EventRecordID><Correlation ActivityID='{2291518f-fb81-4b9f-a76f-f5dc34c12d0d}'/><Execution ProcessID='648' ThreadID='7404'/><Channel>Security</Channel><Computer>SKYNET.starfleet.corp</Computer><Security/></System><EventData><Data Name='TargetUserName'>Backup Operators</Data><Data Name='TargetDomainName'>Builtin</Data><Data Name='TargetSid'>S-1-5-32-551</Data><Data Name='SubjectUserSid'>S-1-5-18</Data><Data Name='SubjectUserName'>SKYNET$</Data><Data Name='SubjectDomainName'>STARFLEET</Data><Data Name='SubjectLogonId'>0x3e7</Data><Data Name='CallerProcessId'>0xc1c</Data><Data Name='CallerProcessName'>C:\Program Files\SentinelOne\Sentinel Agent 23.1.2.400\SentinelAgent.exe</Data></EventData></Event>,Microsoft-Windows-Security-Auditing,Information,4799,,,,"'A security-enabled local group membership was enumerated.

Subject:
	Security ID:		S-1-5-18
	Account Name:		SKYNET$
	Account Domain:		STARFLEET
	Logon ID:		0x3E7

Group:
	Security ID:		S-1-5-32-551
	Group Name:		Backup Operators
	Group Domain:		Builtin

Process Information:
	Process ID:		0xc1c
	Process Name:		C:\Program Files\SentinelOne\Sentinel Agent 23.1.2.400\SentinelAgent.exe",http://schemas.microsoft.com/win/2004/08/events/event,0,2024-09-18T14:58:56.902938800Z,13826,,,Microsoft-Windows-Security-Auditing,{54849625-5478-4994-a5ba-3e3b0328c30d},0,0,0x8020000000000000,7404,648,4083604,4799,{2291518f-fb81-4b9f-a76f-f5dc34c12d0d},,SKYNET.starfleet.corp,Security,,,,,,Backup Operators,S-1-5-32-551,,Builtin,,S-1-5-18,SKYNET$,0x3E7,STARFLEET,,,,,,,,,,,,,,
08:12:48.412,,,Windows Event Logs,Windows Event Log Creation,,,,SentinelOne,SKYNET,desktop,security,23.1.2.400,faafacda006f44dd86f62f749777539a,01J82TDN5PAXRM5B0MKJZ0D7SR_315,preprocess-lib-1.0,EVENTLOG,11633,Windows 10 Enterprise Evaluation,usea1-purple.sentinelone.net,17763,48ADA42E794648DC92BBCBD1C4BB706A,SDL,,default,,01J82TDN5PAXRM5B0MKJZ0D7SR,Security,,,,,,,,,,,,C:\Program Files\SentinelOne\Sentinel Agent 23.1.2.400\SentinelAgent.exe,0xC1C,,,,<Event xmlns='http://schemas.microsoft.com/win/2004/08/events/event'><System><Provider Name='Microsoft-Windows-Security-Auditing' Guid='{54849625-5478-4994-a5ba-3e3b0328c30d}'/><EventID>4799</EventID><Version>0</Version><Level>0</Level><Task>13826</Task><Opcode>0</Opcode><Keywords>0x8020000000000000</Keywords><TimeCreated SystemTime='2024-09-18T14:58:56.904426000Z'/><EventRecordID>4083605</EventRecordID><Correlation ActivityID='{472549f3-107d-42f3-bb15-10febb50b1a9}'/><Execution ProcessID='648' ThreadID='7404'/><Channel>Security</Channel><Computer>SKYNET.starfleet.corp</Computer><Security/></System><EventData><Data Name='TargetUserName'>Backup Operators</Data><Data Name='TargetDomainName'>Builtin</Data><Data Name='TargetSid'>S-1-5-32-551</Data><Data Name='SubjectUserSid'>S-1-5-18</Data><Data Name='SubjectUserName'>SKYNET$</Data><Data Name='SubjectDomainName'>STARFLEET</Data><Data Name='SubjectLogonId'>0x3e7</Data><Data Name='CallerProcessId'>0xc1c</Data><Data Name='CallerProcessName'>C:\Program Files\SentinelOne\Sentinel Agent 23.1.2.400\SentinelAgent.exe</Data></EventData></Event>,Microsoft-Windows-Security-Auditing,Information,4799,,,,"'A security-enabled local group membership was enumerated.

Subject:
	Security ID:		S-1-5-18
	Account Name:		SKYNET$
	Account Domain:		STARFLEET
	Logon ID:		0x3E7

Group:
	Security ID:		S-1-5-32-551
	Group Name:		Backup Operators
	Group Domain:		Builtin

Process Information:
	Process ID:		0xc1c
	Process Name:		C:\Program Files\SentinelOne\Sentinel Agent 23.1.2.400\SentinelAgent.exe",http://schemas.microsoft.com/win/2004/08/events/event,0,2024-09-18T14:58:56.904426000Z,13826,,,Microsoft-Windows-Security-Auditing,{54849625-5478-4994-a5ba-3e3b0328c30d},0,0,0x8020000000000000,7404,648,4083605,4799,{472549f3-107d-42f3-bb15-10febb50b1a9},,SKYNET.starfleet.corp,Security,,,,,,Backup Operators,S-1-5-32-551,,Builtin,,S-1-5-18,SKYNET$,0x3E7,STARFLEET,,,,,,,,,,,,,,
08:12:48.412,,,Windows Event Logs,Windows Event Log Creation,,,,SentinelOne,SKYNET,desktop,security,23.1.2.400,faafacda006f44dd86f62f749777539a,01J82TDN5PAXRM5B0MKJZ0D7SR_316,preprocess-lib-1.0,EVENTLOG,11633,Windows 10 Enterprise Evaluation,usea1-purple.sentinelone.net,17763,48ADA42E794648DC92BBCBD1C4BB706A,SDL,,default,,01J82TDN5PAXRM5B0MKJZ0D7SR,Security,,,,,,,,,,,,C:\Windows\System32\VSSVC.exe,0x240,,,,<Event xmlns='http://schemas.microsoft.com/win/2004/08/events/event'><System><Provider Name='Microsoft-Windows-Security-Auditing' Guid='{54849625-5478-4994-a5ba-3e3b0328c30d}'/><EventID>4799</EventID><Version>0</Version><Level>0</Level><Task>13826</Task><Opcode>0</Opcode><Keywords>0x8020000000000000</Keywords><TimeCreated SystemTime='2024-09-18T14:58:56.909483500Z'/><EventRecordID>4083606</EventRecordID><Correlation ActivityID='{1fccd289-2700-4d22-a37a-4ce0b93f0623}'/><Execution ProcessID='648' ThreadID='1688'/><Channel>Security</Channel><Computer>SKYNET.starfleet.corp</Computer><Security/></System><EventData><Data Name='TargetUserName'>Administrators</Data><Data Name='TargetDomainName'>Builtin</Data><Data Name='TargetSid'>S-1-5-32-544</Data><Data Name='SubjectUserSid'>S-1-5-18</Data><Data Name='SubjectUserName'>SKYNET$</Data><Data Name='SubjectDomainName'>STARFLEET</Data><Data Name='SubjectLogonId'>0x3e7</Data><Data Name='CallerProcessId'>0x240</Data><Data Name='CallerProcessName'>C:\Windows\System32\VSSVC.exe</Data></EventData></Event>,Microsoft-Windows-Security-Auditing,Information,4799,,,,"'A security-enabled local group membership was enumerated.

Subject:
	Security ID:		S-1-5-18
	Account Name:		SKYNET$
	Account Domain:		STARFLEET
	Logon ID:		0x3E7

Group:
	Security ID:		S-1-5-32-544
	Group Name:		Administrators
	Group Domain:		Builtin

Process Information:
	Process ID:		0x240
	Process Name:		C:\Windows\System32\VSSVC.exe",http://schemas.microsoft.com/win/2004/08/events/event,0,2024-09-18T14:58:56.909483500Z,13826,,,Microsoft-Windows-Security-Auditing,{54849625-5478-4994-a5ba-3e3b0328c30d},0,0,0x8020000000000000,1688,648,4083606,4799,{1fccd289-2700-4d22-a37a-4ce0b93f0623},,SKYNET.starfleet.corp,Security,,,,,,Administrators,S-1-5-32-544,,Builtin,,S-1-5-18,SKYNET$,0x3E7,STARFLEET,,,,,,,,,,,,,,
08:12:48.412,,,Windows Event Logs,Windows Event Log Creation,,,,SentinelOne,SKYNET,desktop,security,23.1.2.400,faafacda006f44dd86f62f749777539a,01J82TDN5PAXRM5B0MKJZ0D7SR_317,preprocess-lib-1.0,EVENTLOG,11633,Windows 10 Enterprise Evaluation,usea1-purple.sentinelone.net,17763,48ADA42E794648DC92BBCBD1C4BB706A,SDL,,default,,01J82TDN5PAXRM5B0MKJZ0D7SR,Security,,,,,,,,,,,,C:\Windows\System32\VSSVC.exe,0x240,,,,<Event xmlns='http://schemas.microsoft.com/win/2004/08/events/event'><System><Provider Name='Microsoft-Windows-Security-Auditing' Guid='{54849625-5478-4994-a5ba-3e3b0328c30d}'/><EventID>4799</EventID><Version>0</Version><Level>0</Level><Task>13826</Task><Opcode>0</Opcode><Keywords>0x8020000000000000</Keywords><TimeCreated SystemTime='2024-09-18T14:58:56.910272200Z'/><EventRecordID>4083607</EventRecordID><Correlation ActivityID='{d8c75774-00c4-4e89-9c0c-e1f0f3527cf4}'/><Execution ProcessID='648' ThreadID='1688'/><Channel>Security</Channel><Computer>SKYNET.starfleet.corp</Computer><Security/></System><EventData><Data Name='TargetUserName'>Administrators</Data><Data Name='TargetDomainName'>Builtin</Data><Data Name='TargetSid'>S-1-5-32-544</Data><Data Name='SubjectUserSid'>S-1-5-18</Data><Data Name='SubjectUserName'>SKYNET$</Data><Data Name='SubjectDomainName'>STARFLEET</Data><Data Name='SubjectLogonId'>0x3e7</Data><Data Name='CallerProcessId'>0x240</Data><Data Name='CallerProcessName'>C:\Windows\System32\VSSVC.exe</Data></EventData></Event>,Microsoft-Windows-Security-Auditing,Information,4799,,,,"'A security-enabled local group membership was enumerated.

Subject:
	Security ID:		S-1-5-18
	Account Name:		SKYNET$
	Account Domain:		STARFLEET
	Logon ID:		0x3E7

Group:
	Security ID:		S-1-5-32-544
	Group Name:		Administrators
	Group Domain:		Builtin

Process Information:
	Process ID:		0x240
	Process Name:		C:\Windows\System32\VSSVC.exe",http://schemas.microsoft.com/win/2004/08/events/event,0,2024-09-18T14:58:56.910272200Z,13826,,,Microsoft-Windows-Security-Auditing,{54849625-5478-4994-a5ba-3e3b0328c30d},0,0,0x8020000000000000,1688,648,4083607,4799,{d8c75774-00c4-4e89-9c0c-e1f0f3527cf4},,SKYNET.starfleet.corp,Security,,,,,,Administrators,S-1-5-32-544,,Builtin,,S-1-5-18,SKYNET$,0x3E7,STARFLEET,,,,,,,,,,,,,,
08:12:48.412,,,Windows Event Logs,Windows Event Log Creation,,,,SentinelOne,SKYNET,desktop,security,23.1.2.400,faafacda006f44dd86f62f749777539a,01J82TDN5PAXRM5B0MKJZ0D7SR_318,preprocess-lib-1.0,EVENTLOG,11633,Windows 10 Enterprise Evaluation,usea1-purple.sentinelone.net,17763,48ADA42E794648DC92BBCBD1C4BB706A,SDL,,default,,01J82TDN5PAXRM5B0MKJZ0D7SR,Security,,,,,,,,,,,,C:\Windows\System32\VSSVC.exe,0x240,,,,<Event xmlns='http://schemas.microsoft.com/win/2004/08/events/event'><System><Provider Name='Microsoft-Windows-Security-Auditing' Guid='{54849625-5478-4994-a5ba-3e3b0328c30d}'/><EventID>4799</EventID><Version>0</Version><Level>0</Level><Task>13826</Task><Opcode>0</Opcode><Keywords>0x8020000000000000</Keywords><TimeCreated SystemTime='2024-09-18T14:58:56.910335600Z'/><EventRecordID>4083608</EventRecordID><Correlation ActivityID='{b268b980-b798-43fd-b408-e7fa956190eb}'/><Execution ProcessID='648' ThreadID='7404'/><Channel>Security</Channel><Computer>SKYNET.starfleet.corp</Computer><Security/></System><EventData><Data Name='TargetUserName'>Backup Operators</Data><Data Name='TargetDomainName'>Builtin</Data><Data Name='TargetSid'>S-1-5-32-551</Data><Data Name='SubjectUserSid'>S-1-5-18</Data><Data Name='SubjectUserName'>SKYNET$</Data><Data Name='SubjectDomainName'>STARFLEET</Data><Data Name='SubjectLogonId'>0x3e7</Data><Data Name='CallerProcessId'>0x240</Data><Data Name='CallerProcessName'>C:\Windows\System32\VSSVC.exe</Data></EventData></Event>,Microsoft-Windows-Security-Auditing,Information,4799,,,,"'A security-enabled local group membership was enumerated.

Subject:
	Security ID:		S-1-5-18
	Account Name:		SKYNET$
	Account Domain:		STARFLEET
	Logon ID:		0x3E7

Group:
	Security ID:		S-1-5-32-551
	Group Name:		Backup Operators
	Group Domain:		Builtin

Process Information:
	Process ID:		0x240
	Process Name:		C:\Windows\System32\VSSVC.exe",http://schemas.microsoft.com/win/2004/08/events/event,0,2024-09-18T14:58:56.910335600Z,13826,,,Microsoft-Windows-Security-Auditing,{54849625-5478-4994-a5ba-3e3b0328c30d},0,0,0x8020000000000000,7404,648,4083608,4799,{b268b980-b798-43fd-b408-e7fa956190eb},,SKYNET.starfleet.corp,Security,,,,,,Backup Operators,S-1-5-32-551,,Builtin,,S-1-5-18,SKYNET$,0x3E7,STARFLEET,,,,,,,,,,,,,,
08:12:48.412,,,Windows Event Logs,Windows Event Log Creation,,,,SentinelOne,SKYNET,desktop,security,23.1.2.400,faafacda006f44dd86f62f749777539a,01J82TDN5PAXRM5B0MKJZ0D7SR_319,preprocess-lib-1.0,EVENTLOG,11633,Windows 10 Enterprise Evaluation,usea1-purple.sentinelone.net,17763,48ADA42E794648DC92BBCBD1C4BB706A,SDL,,default,,01J82TDN5PAXRM5B0MKJZ0D7SR,Security,,,,,,,,,,,,C:\Windows\System32\VSSVC.exe,0x240,,,,<Event xmlns='http://schemas.microsoft.com/win/2004/08/events/event'><System><Provider Name='Microsoft-Windows-Security-Auditing' Guid='{54849625-5478-4994-a5ba-3e3b0328c30d}'/><EventID>4799</EventID><Version>0</Version><Level>0</Level><Task>13826</Task><Opcode>0</Opcode><Keywords>0x8020000000000000</Keywords><TimeCreated SystemTime='2024-09-18T14:58:56.911121700Z'/><EventRecordID>4083609</EventRecordID><Correlation ActivityID='{7ebcd423-4288-4d7b-9d23-b16c2ccfb4e8}'/><Execution ProcessID='648' ThreadID='1688'/><Channel>Security</Channel><Computer>SKYNET.starfleet.corp</Computer><Security/></System><EventData><Data Name='TargetUserName'>Backup Operators</Data><Data Name='TargetDomainName'>Builtin</Data><Data Name='TargetSid'>S-1-5-32-551</Data><Data Name='SubjectUserSid'>S-1-5-18</Data><Data Name='SubjectUserName'>SKYNET$</Data><Data Name='SubjectDomainName'>STARFLEET</Data><Data Name='SubjectLogonId'>0x3e7</Data><Data Name='CallerProcessId'>0x240</Data><Data Name='CallerProcessName'>C:\Windows\System32\VSSVC.exe</Data></EventData></Event>,Microsoft-Windows-Security-Auditing,Information,4799,,,,"'A security-enabled local group membership was enumerated.

Subject:
	Security ID:		S-1-5-18
	Account Name:		SKYNET$
	Account Domain:		STARFLEET
	Logon ID:		0x3E7

Group:
	Security ID:		S-1-5-32-551
	Group Name:		Backup Operators
	Group Domain:		Builtin

Process Information:
	Process ID:		0x240
	Process Name:		C:\Windows\System32\VSSVC.exe",http://schemas.microsoft.com/win/2004/08/events/event,0,2024-09-18T14:58:56.911121700Z,13826,,,Microsoft-Windows-Security-Auditing,{54849625-5478-4994-a5ba-3e3b0328c30d},0,0,0x8020000000000000,1688,648,4083609,4799,{7ebcd423-4288-4d7b-9d23-b16c2ccfb4e8},,SKYNET.starfleet.corp,Security,,,,,,Backup Operators,S-1-5-32-551,,Builtin,,S-1-5-18,SKYNET$,0x3E7,STARFLEET,,,,,,,,,,,,,,
08:12:48.412,,,Windows Event Logs,Windows Event Log Creation,,,,SentinelOne,SKYNET,desktop,security,23.1.2.400,faafacda006f44dd86f62f749777539a,01J82TDN5PAXRM5B0MKJZ0D7SR_320,preprocess-lib-1.0,EVENTLOG,11633,Windows 10 Enterprise Evaluation,usea1-purple.sentinelone.net,17763,48ADA42E794648DC92BBCBD1C4BB706A,SDL,,default,,01J82TDN5PAXRM5B0MKJZ0D7SR,Security,,,,,,,,,,,,C:\Windows\System32\VSSVC.exe,0x240,,,,<Event xmlns='http://schemas.microsoft.com/win/2004/08/events/event'><System><Provider Name='Microsoft-Windows-Security-Auditing' Guid='{54849625-5478-4994-a5ba-3e3b0328c30d}'/><EventID>4799</EventID><Version>0</Version><Level>0</Level><Task>13826</Task><Opcode>0</Opcode><Keywords>0x8020000000000000</Keywords><TimeCreated SystemTime='2024-09-18T14:58:56.912950700Z'/><EventRecordID>4083610</EventRecordID><Correlation ActivityID='{17061370-314c-4e0d-8b4b-b54a3f3348e3}'/><Execution ProcessID='648' ThreadID='1688'/><Channel>Security</Channel><Computer>SKYNET.starfleet.corp</Computer><Security/></System><EventData><Data Name='TargetUserName'>Administrators</Data><Data Name='TargetDomainName'>Builtin</Data><Data Name='TargetSid'>S-1-5-32-544</Data><Data Name='SubjectUserSid'>S-1-5-18</Data><Data Name='SubjectUserName'>SKYNET$</Data><Data Name='SubjectDomainName'>STARFLEET</Data><Data Name='SubjectLogonId'>0x3e7</Data><Data Name='CallerProcessId'>0x240</Data><Data Name='CallerProcessName'>C:\Windows\System32\VSSVC.exe</Data></EventData></Event>,Microsoft-Windows-Security-Auditing,Information,4799,,,,"'A security-enabled local group membership was enumerated.

Subject:
	Security ID:		S-1-5-18
	Account Name:		SKYNET$
	Account Domain:		STARFLEET
	Logon ID:		0x3E7

Group:
	Security ID:		S-1-5-32-544
	Group Name:		Administrators
	Group Domain:		Builtin

Process Information:
	Process ID:		0x240
	Process Name:		C:\Windows\System32\VSSVC.exe",http://schemas.microsoft.com/win/2004/08/events/event,0,2024-09-18T14:58:56.912950700Z,13826,,,Microsoft-Windows-Security-Auditing,{54849625-5478-4994-a5ba-3e3b0328c30d},0,0,0x8020000000000000,1688,648,4083610,4799,{17061370-314c-4e0d-8b4b-b54a3f3348e3},,SKYNET.starfleet.corp,Security,,,,,,Administrators,S-1-5-32-544,,Builtin,,S-1-5-18,SKYNET$,0x3E7,STARFLEET,,,,,,,,,,,,,,
08:12:48.412,,,Windows Event Logs,Windows Event Log Creation,,,,SentinelOne,SKYNET,desktop,security,23.1.2.400,faafacda006f44dd86f62f749777539a,01J82TDN5PAXRM5B0MKJZ0D7SR_321,preprocess-lib-1.0,EVENTLOG,11633,Windows 10 Enterprise Evaluation,usea1-purple.sentinelone.net,17763,48ADA42E794648DC92BBCBD1C4BB706A,SDL,,default,,01J82TDN5PAXRM5B0MKJZ0D7SR,Security,,,,,,,,,,,,C:\Windows\System32\VSSVC.exe,0x240,,,,<Event xmlns='http://schemas.microsoft.com/win/2004/08/events/event'><System><Provider Name='Microsoft-Windows-Security-Auditing' Guid='{54849625-5478-4994-a5ba-3e3b0328c30d}'/><EventID>4799</EventID><Version>0</Version><Level>0</Level><Task>13826</Task><Opcode>0</Opcode><Keywords>0x8020000000000000</Keywords><TimeCreated SystemTime='2024-09-18T14:58:56.913818800Z'/><EventRecordID>4083611</EventRecordID><Correlation ActivityID='{ad6183eb-2364-452f-b1f0-82bc55bd0f93}'/><Execution ProcessID='648' ThreadID='1688'/><Channel>Security</Channel><Computer>SKYNET.starfleet.corp</Computer><Security/></System><EventData><Data Name='TargetUserName'>Backup Operators</Data><Data Name='TargetDomainName'>Builtin</Data><Data Name='TargetSid'>S-1-5-32-551</Data><Data Name='SubjectUserSid'>S-1-5-18</Data><Data Name='SubjectUserName'>SKYNET$</Data><Data Name='SubjectDomainName'>STARFLEET</Data><Data Name='SubjectLogonId'>0x3e7</Data><Data Name='CallerProcessId'>0x240</Data><Data Name='CallerProcessName'>C:\Windows\System32\VSSVC.exe</Data></EventData></Event>,Microsoft-Windows-Security-Auditing,Information,4799,,,,"'A security-enabled local group membership was enumerated.

Subject:
	Security ID:		S-1-5-18
	Account Name:		SKYNET$
	Account Domain:		STARFLEET
	Logon ID:		0x3E7

Group:
	Security ID:		S-1-5-32-551
	Group Name:		Backup Operators
	Group Domain:		Builtin

Process Information:
	Process ID:		0x240
	Process Name:		C:\Windows\System32\VSSVC.exe",http://schemas.microsoft.com/win/2004/08/events/event,0,2024-09-18T14:58:56.913818800Z,13826,,,Microsoft-Windows-Security-Auditing,{54849625-5478-4994-a5ba-3e3b0328c30d},0,0,0x8020000000000000,1688,648,4083611,4799,{ad6183eb-2364-452f-b1f0-82bc55bd0f93},,SKYNET.starfleet.corp,Security,,,,,,Backup Operators,S-1-5-32-551,,Builtin,,S-1-5-18,SKYNET$,0x3E7,STARFLEET,,,,,,,,,,,,,,
08:12:48.412,,,Windows Event Logs,Windows Event Log Creation,,,,SentinelOne,SKYNET,desktop,security,23.1.2.400,faafacda006f44dd86f62f749777539a,01J82TDN5PAXRM5B0MKJZ0D7SR_322,preprocess-lib-1.0,EVENTLOG,11633,Windows 10 Enterprise Evaluation,usea1-purple.sentinelone.net,17763,48ADA42E794648DC92BBCBD1C4BB706A,SDL,,default,,01J82TDN5PAXRM5B0MKJZ0D7SR,Security,,,,,,,,,,,,C:\Windows\System32\VSSVC.exe,0x240,,,,<Event xmlns='http://schemas.microsoft.com/win/2004/08/events/event'><System><Provider Name='Microsoft-Windows-Security-Auditing' Guid='{54849625-5478-4994-a5ba-3e3b0328c30d}'/><EventID>4799</EventID><Version>0</Version><Level>0</Level><Task>13826</Task><Opcode>0</Opcode><Keywords>0x8020000000000000</Keywords><TimeCreated SystemTime='2024-09-18T14:58:56.915265800Z'/><EventRecordID>4083612</EventRecordID><Correlation ActivityID='{916a6330-edd9-489f-b99b-bc3b344d9dd7}'/><Execution ProcessID='648' ThreadID='7404'/><Channel>Security</Channel><Computer>SKYNET.starfleet.corp</Computer><Security/></System><EventData><Data Name='TargetUserName'>Administrators</Data><Data Name='TargetDomainName'>Builtin</Data><Data Name='TargetSid'>S-1-5-32-544</Data><Data Name='SubjectUserSid'>S-1-5-18</Data><Data Name='SubjectUserName'>SKYNET$</Data><Data Name='SubjectDomainName'>STARFLEET</Data><Data Name='SubjectLogonId'>0x3e7</Data><Data Name='CallerProcessId'>0x240</Data><Data Name='CallerProcessName'>C:\Windows\System32\VSSVC.exe</Data></EventData></Event>,Microsoft-Windows-Security-Auditing,Information,4799,,,,"'A security-enabled local group membership was enumerated.

Subject:
	Security ID:		S-1-5-18
	Account Name:		SKYNET$
	Account Domain:		STARFLEET
	Logon ID:		0x3E7

Group:
	Security ID:		S-1-5-32-544
	Group Name:		Administrators
	Group Domain:		Builtin

Process Information:
	Process ID:		0x240
	Process Name:		C:\Windows\System32\VSSVC.exe",http://schemas.microsoft.com/win/2004/08/events/event,0,2024-09-18T14:58:56.915265800Z,13826,,,Microsoft-Windows-Security-Auditing,{54849625-5478-4994-a5ba-3e3b0328c30d},0,0,0x8020000000000000,7404,648,4083612,4799,{916a6330-edd9-489f-b99b-bc3b344d9dd7},,SKYNET.starfleet.corp,Security,,,,,,Administrators,S-1-5-32-544,,Builtin,,S-1-5-18,SKYNET$,0x3E7,STARFLEET,,,,,,,,,,,,,,
08:12:48.412,,,Windows Event Logs,Windows Event Log Creation,,,,SentinelOne,SKYNET,desktop,security,23.1.2.400,faafacda006f44dd86f62f749777539a,01J82TDN5PAXRM5B0MKJZ0D7SR_323,preprocess-lib-1.0,EVENTLOG,11633,Windows 10 Enterprise Evaluation,usea1-purple.sentinelone.net,17763,48ADA42E794648DC92BBCBD1C4BB706A,SDL,,default,,01J82TDN5PAXRM5B0MKJZ0D7SR,Security,,,,,,,,,,,,C:\Program Files\SentinelOne\Sentinel Agent 23.1.2.400\SentinelAgent.exe,0xC1C,,,,<Event xmlns='http://schemas.microsoft.com/win/2004/08/events/event'><System><Provider Name='Microsoft-Windows-Security-Auditing' Guid='{54849625-5478-4994-a5ba-3e3b0328c30d}'/><EventID>4799</EventID><Version>0</Version><Level>0</Level><Task>13826</Task><Opcode>0</Opcode><Keywords>0x8020000000000000</Keywords><TimeCreated SystemTime='2024-09-18T14:58:56.915438400Z'/><EventRecordID>4083613</EventRecordID><Correlation ActivityID='{a0717da9-c9c5-4935-96f7-66aecc17f297}'/><Execution ProcessID='648' ThreadID='1688'/><Channel>Security</Channel><Computer>SKYNET.starfleet.corp</Computer><Security/></System><EventData><Data Name='TargetUserName'>Administrators</Data><Data Name='TargetDomainName'>Builtin</Data><Data Name='TargetSid'>S-1-5-32-544</Data><Data Name='SubjectUserSid'>S-1-5-18</Data><Data Name='SubjectUserName'>SKYNET$</Data><Data Name='SubjectDomainName'>STARFLEET</Data><Data Name='SubjectLogonId'>0x3e7</Data><Data Name='CallerProcessId'>0xc1c</Data><Data Name='CallerProcessName'>C:\Program Files\SentinelOne\Sentinel Agent 23.1.2.400\SentinelAgent.exe</Data></EventData></Event>,Microsoft-Windows-Security-Auditing,Information,4799,,,,"'A security-enabled local group membership was enumerated.

Subject:
	Security ID:		S-1-5-18
	Account Name:		SKYNET$
	Account Domain:		STARFLEET
	Logon ID:		0x3E7

Group:
	Security ID:		S-1-5-32-544
	Group Name:		Administrators
	Group Domain:		Builtin

Process Information:
	Process ID:		0xc1c
	Process Name:		C:\Program Files\SentinelOne\Sentinel Agent 23.1.2.400\SentinelAgent.exe",http://schemas.microsoft.com/win/2004/08/events/event,0,2024-09-18T14:58:56.915438400Z,13826,,,Microsoft-Windows-Security-Auditing,{54849625-5478-4994-a5ba-3e3b0328c30d},0,0,0x8020000000000000,1688,648,4083613,4799,{a0717da9-c9c5-4935-96f7-66aecc17f297},,SKYNET.starfleet.corp,Security,,,,,,Administrators,S-1-5-32-544,,Builtin,,S-1-5-18,SKYNET$,0x3E7,STARFLEET,,,,,,,,,,,,,,
08:12:48.412,,,Windows Event Logs,Windows Event Log Creation,,,,SentinelOne,SKYNET,desktop,security,23.1.2.400,faafacda006f44dd86f62f749777539a,01J82TDN5PAXRM5B0MKJZ0D7SR_324,preprocess-lib-1.0,EVENTLOG,11633,Windows 10 Enterprise Evaluation,usea1-purple.sentinelone.net,17763,48ADA42E794648DC92BBCBD1C4BB706A,SDL,,default,,01J82TDN5PAXRM5B0MKJZ0D7SR,Security,,,,,,,,,,,,C:\Windows\System32\VSSVC.exe,0x240,,,,<Event xmlns='http://schemas.microsoft.com/win/2004/08/events/event'><System><Provider Name='Microsoft-Windows-Security-Auditing' Guid='{54849625-5478-4994-a5ba-3e3b0328c30d}'/><EventID>4799</EventID><Version>0</Version><Level>0</Level><Task>13826</Task><Opcode>0</Opcode><Keywords>0x8020000000000000</Keywords><TimeCreated SystemTime='2024-09-18T14:58:56.916426500Z'/><EventRecordID>4083614</EventRecordID><Correlation ActivityID='{0442bb82-a929-4a4e-b9af-fadce74a2f32}'/><Execution ProcessID='648' ThreadID='7404'/><Channel>Security</Channel><Computer>SKYNET.starfleet.corp</Computer><Security/></System><EventData><Data Name='TargetUserName'>Backup Operators</Data><Data Name='TargetDomainName'>Builtin</Data><Data Name='TargetSid'>S-1-5-32-551</Data><Data Name='SubjectUserSid'>S-1-5-18</Data><Data Name='SubjectUserName'>SKYNET$</Data><Data Name='SubjectDomainName'>STARFLEET</Data><Data Name='SubjectLogonId'>0x3e7</Data><Data Name='CallerProcessId'>0x240</Data><Data Name='CallerProcessName'>C:\Windows\System32\VSSVC.exe</Data></EventData></Event>,Microsoft-Windows-Security-Auditing,Information,4799,,,,"'A security-enabled local group membership was enumerated.

Subject:
	Security ID:		S-1-5-18
	Account Name:		SKYNET$
	Account Domain:		STARFLEET
	Logon ID:		0x3E7

Group:
	Security ID:		S-1-5-32-551
	Group Name:		Backup Operators
	Group Domain:		Builtin

Process Information:
	Process ID:		0x240
	Process Name:		C:\Windows\System32\VSSVC.exe",http://schemas.microsoft.com/win/2004/08/events/event,0,2024-09-18T14:58:56.916426500Z,13826,,,Microsoft-Windows-Security-Auditing,{54849625-5478-4994-a5ba-3e3b0328c30d},0,0,0x8020000000000000,7404,648,4083614,4799,{0442bb82-a929-4a4e-b9af-fadce74a2f32},,SKYNET.starfleet.corp,Security,,,,,,Backup Operators,S-1-5-32-551,,Builtin,,S-1-5-18,SKYNET$,0x3E7,STARFLEET,,,,,,,,,,,,,,
08:12:48.412,,,Windows Event Logs,Windows Event Log Creation,,,,SentinelOne,SKYNET,desktop,security,23.1.2.400,faafacda006f44dd86f62f749777539a,01J82TDN5PAXRM5B0MKJZ0D7SR_325,preprocess-lib-1.0,EVENTLOG,11633,Windows 10 Enterprise Evaluation,usea1-purple.sentinelone.net,17763,48ADA42E794648DC92BBCBD1C4BB706A,SDL,,default,,01J82TDN5PAXRM5B0MKJZ0D7SR,Security,,,,,,,,,,,,C:\Program Files\SentinelOne\Sentinel Agent 23.1.2.400\SentinelAgent.exe,0xC1C,,,,<Event xmlns='http://schemas.microsoft.com/win/2004/08/events/event'><System><Provider Name='Microsoft-Windows-Security-Auditing' Guid='{54849625-5478-4994-a5ba-3e3b0328c30d}'/><EventID>4799</EventID><Version>0</Version><Level>0</Level><Task>13826</Task><Opcode>0</Opcode><Keywords>0x8020000000000000</Keywords><TimeCreated SystemTime='2024-09-18T14:58:56.917138800Z'/><EventRecordID>4083615</EventRecordID><Correlation ActivityID='{c30a5173-8660-42be-a77a-5d77e0d5e9ad}'/><Execution ProcessID='648' ThreadID='7404'/><Channel>Security</Channel><Computer>SKYNET.starfleet.corp</Computer><Security/></System><EventData><Data Name='TargetUserName'>Backup Operators</Data><Data Name='TargetDomainName'>Builtin</Data><Data Name='TargetSid'>S-1-5-32-551</Data><Data Name='SubjectUserSid'>S-1-5-18</Data><Data Name='SubjectUserName'>SKYNET$</Data><Data Name='SubjectDomainName'>STARFLEET</Data><Data Name='SubjectLogonId'>0x3e7</Data><Data Name='CallerProcessId'>0xc1c</Data><Data Name='CallerProcessName'>C:\Program Files\SentinelOne\Sentinel Agent 23.1.2.400\SentinelAgent.exe</Data></EventData></Event>,Microsoft-Windows-Security-Auditing,Information,4799,,,,"'A security-enabled local group membership was enumerated.

Subject:
	Security ID:		S-1-5-18
	Account Name:		SKYNET$
	Account Domain:		STARFLEET
	Logon ID:		0x3E7

Group:
	Security ID:		S-1-5-32-551
	Group Name:		Backup Operators
	Group Domain:		Builtin

Process Information:
	Process ID:		0xc1c
	Process Name:		C:\Program Files\SentinelOne\Sentinel Agent 23.1.2.400\SentinelAgent.exe",http://schemas.microsoft.com/win/2004/08/events/event,0,2024-09-18T14:58:56.917138800Z,13826,,,Microsoft-Windows-Security-Auditing,{54849625-5478-4994-a5ba-3e3b0328c30d},0,0,0x8020000000000000,7404,648,4083615,4799,{c30a5173-8660-42be-a77a-5d77e0d5e9ad},,SKYNET.starfleet.corp,Security,,,,,,Backup Operators,S-1-5-32-551,,Builtin,,S-1-5-18,SKYNET$,0x3E7,STARFLEET,,,,,,,,,,,,,,
08:12:48.412,,,Windows Event Logs,Windows Event Log Creation,,,,SentinelOne,SKYNET,desktop,security,23.1.2.400,faafacda006f44dd86f62f749777539a,01J82TDN5PAXRM5B0MKJZ0D7SR_326,preprocess-lib-1.0,EVENTLOG,11633,Windows 10 Enterprise Evaluation,usea1-purple.sentinelone.net,17763,48ADA42E794648DC92BBCBD1C4BB706A,SDL,,default,,01J82TDN5PAXRM5B0MKJZ0D7SR,Security,,,,,,,,,,,,C:\Windows\System32\VSSVC.exe,0x240,,,,<Event xmlns='http://schemas.microsoft.com/win/2004/08/events/event'><System><Provider Name='Microsoft-Windows-Security-Auditing' Guid='{54849625-5478-4994-a5ba-3e3b0328c30d}'/><EventID>4799</EventID><Version>0</Version><Level>0</Level><Task>13826</Task><Opcode>0</Opcode><Keywords>0x8020000000000000</Keywords><TimeCreated SystemTime='2024-09-18T14:58:56.917671800Z'/><EventRecordID>4083616</EventRecordID><Correlation ActivityID='{98a77fb5-c326-4577-9060-3ce86c02b1cd}'/><Execution ProcessID='648' ThreadID='7404'/><Channel>Security</Channel><Computer>SKYNET.starfleet.corp</Computer><Security/></System><EventData><Data Name='TargetUserName'>Administrators</Data><Data Name='TargetDomainName'>Builtin</Data><Data Name='TargetSid'>S-1-5-32-544</Data><Data Name='SubjectUserSid'>S-1-5-18</Data><Data Name='SubjectUserName'>SKYNET$</Data><Data Name='SubjectDomainName'>STARFLEET</Data><Data Name='SubjectLogonId'>0x3e7</Data><Data Name='CallerProcessId'>0x240</Data><Data Name='CallerProcessName'>C:\Windows\System32\VSSVC.exe</Data></EventData></Event>,Microsoft-Windows-Security-Auditing,Information,4799,,,,"'A security-enabled local group membership was enumerated.

Subject:
	Security ID:		S-1-5-18
	Account Name:		SKYNET$
	Account Domain:		STARFLEET
	Logon ID:		0x3E7

Group:
	Security ID:		S-1-5-32-544
	Group Name:		Administrators
	Group Domain:		Builtin

Process Information:
	Process ID:		0x240
	Process Name:		C:\Windows\System32\VSSVC.exe",http://schemas.microsoft.com/win/2004/08/events/event,0,2024-09-18T14:58:56.917671800Z,13826,,,Microsoft-Windows-Security-Auditing,{54849625-5478-4994-a5ba-3e3b0328c30d},0,0,0x8020000000000000,7404,648,4083616,4799,{98a77fb5-c326-4577-9060-3ce86c02b1cd},,SKYNET.starfleet.corp,Security,,,,,,Administrators,S-1-5-32-544,,Builtin,,S-1-5-18,SKYNET$,0x3E7,STARFLEET,,,,,,,,,,,,,,
08:12:48.412,,,Windows Event Logs,Windows Event Log Creation,,,,SentinelOne,SKYNET,desktop,security,23.1.2.400,faafacda006f44dd86f62f749777539a,01J82TDN5PAXRM5B0MKJZ0D7SR_327,preprocess-lib-1.0,EVENTLOG,11633,Windows 10 Enterprise Evaluation,usea1-purple.sentinelone.net,17763,48ADA42E794648DC92BBCBD1C4BB706A,SDL,,default,,01J82TDN5PAXRM5B0MKJZ0D7SR,Security,,,,,,,,,,,,C:\Windows\System32\VSSVC.exe,0x240,,,,<Event xmlns='http://schemas.microsoft.com/win/2004/08/events/event'><System><Provider Name='Microsoft-Windows-Security-Auditing' Guid='{54849625-5478-4994-a5ba-3e3b0328c30d}'/><EventID>4799</EventID><Version>0</Version><Level>0</Level><Task>13826</Task><Opcode>0</Opcode><Keywords>0x8020000000000000</Keywords><TimeCreated SystemTime='2024-09-18T14:58:56.918526700Z'/><EventRecordID>4083617</EventRecordID><Correlation ActivityID='{4b454e58-4d3b-48db-856c-9311f811bc9f}'/><Execution ProcessID='648' ThreadID='5488'/><Channel>Security</Channel><Computer>SKYNET.starfleet.corp</Computer><Security/></System><EventData><Data Name='TargetUserName'>Backup Operators</Data><Data Name='TargetDomainName'>Builtin</Data><Data Name='TargetSid'>S-1-5-32-551</Data><Data Name='SubjectUserSid'>S-1-5-18</Data><Data Name='SubjectUserName'>SKYNET$</Data><Data Name='SubjectDomainName'>STARFLEET</Data><Data Name='SubjectLogonId'>0x3e7</Data><Data Name='CallerProcessId'>0x240</Data><Data Name='CallerProcessName'>C:\Windows\System32\VSSVC.exe</Data></EventData></Event>,Microsoft-Windows-Security-Auditing,Information,4799,,,,"'A security-enabled local group membership was enumerated.

Subject:
	Security ID:		S-1-5-18
	Account Name:		SKYNET$
	Account Domain:		STARFLEET
	Logon ID:		0x3E7

Group:
	Security ID:		S-1-5-32-551
	Group Name:		Backup Operators
	Group Domain:		Builtin

Process Information:
	Process ID:		0x240
	Process Name:		C:\Windows\System32\VSSVC.exe",http://schemas.microsoft.com/win/2004/08/events/event,0,2024-09-18T14:58:56.918526700Z,13826,,,Microsoft-Windows-Security-Auditing,{54849625-5478-4994-a5ba-3e3b0328c30d},0,0,0x8020000000000000,5488,648,4083617,4799,{4b454e58-4d3b-48db-856c-9311f811bc9f},,SKYNET.starfleet.corp,Security,,,,,,Backup Operators,S-1-5-32-551,,Builtin,,S-1-5-18,SKYNET$,0x3E7,STARFLEET,,,,,,,,,,,,,,
