08:12:58.082,,,Windows Event Logs,Windows Event Log Creation,,,,SentinelOne,Thib-DC01,server,security,24.1.1.160,38cdf634e5004afca86e3aeb6fb6b8d5,01J82QQQXDKCBHACBJWARNWV56_144,preprocess-lib-1.0,EVENTLOG,11633,Windows Server 2022 Datacenter,usea1-purple.sentinelone.net,20348,F4EC44C9B2FF4D34A00150D43FAC2799,SDL,,default,,01J82QQQXDKCBHACBJWARNWV56,Security,,,,,52,,,,,,,,,,,,<Event xmlns='http://schemas.microsoft.com/win/2004/08/events/event'><System><Provider Name='Microsoft-Windows-Security-Auditing' Guid='{54849625-5478-4994-a5ba-3e3b0328c30d}'/><EventID>4985</EventID><Version>0</Version><Level>0</Level><Task>12800</Task><Opcode>0</Opcode><Keywords>0x8020000000000000</Keywords><TimeCreated SystemTime='2024-09-18T14:12:58.0821540Z'/><EventRecordID>70297025</EventRecordID><Correlation/><Execution ProcessID='4' ThreadID='5868'/><Channel>Security</Channel><Computer>Thib-DC01.letibe.lab</Computer><Security/></System><EventData><Data Name='SubjectUserSid'>S-1-5-18</Data><Data Name='SubjectUserName'>THIB-DC01$</Data><Data Name='SubjectDomainName'>LETIBE</Data><Data Name='SubjectLogonId'>0x3e7</Data><Data Name='TransactionId'>{de8e99f6-75c0-11ef-b490-aa9311e05a15}</Data><Data Name='NewState'>52</Data><Data Name='ResourceManager'>{f0c6fc36-b954-11ed-bb1f-8bf44bac8386}</Data><Data Name='ProcessId'>0xb74</Data><Data Name='ProcessName'>C:\Program Files\SentinelOne\Sentinel Agent 24.1.1.160\SentinelAgent.exe</Data></EventData></Event>,Microsoft-Windows-Security-Auditing,Information,4985,THIB-DC01$,S-1-5-18,LETIBE,"'The state of a transaction has changed.

Subject:
	Security ID:		S-1-5-18
	Account Name:		THIB-DC01$
	Account Domain:		LETIBE
	Logon ID:		0x3E7

Transaction Information:
	RM Transaction ID:	{de8e99f6-75c0-11ef-b490-aa9311e05a15}
	New State:		52
	Resource Manager:	{f0c6fc36-b954-11ed-bb1f-8bf44bac8386}

Process Information:
	Process ID:		0xb74
	Process Name:		C:\Program Files\SentinelOne\Sentinel Agent 24.1.1.160\SentinelAgent.exe",http://schemas.microsoft.com/win/2004/08/events/event,0,2024-09-18T14:12:58.0821540Z,12800,,,Microsoft-Windows-Security-Auditing,{54849625-5478-4994-a5ba-3e3b0328c30d},0,0,0x8020000000000000,5868,4,70297025,4985,,,Thib-DC01.letibe.lab,Security,,,,{de8e99f6-75c0-11ef-b490-aa9311e05a15},,,,,,,S-1-5-18,THIB-DC01$,0x3E7,LETIBE,,,{f0c6fc36-b954-11ed-bb1f-8bf44bac8386},,,,C:\Program Files\SentinelOne\Sentinel Agent 24.1.1.160\SentinelAgent.exe,0xB74,,,,,,
08:12:58.082,,,Windows Event Logs,Windows Event Log Creation,,,,SentinelOne,Thib-DC01,server,security,24.1.1.160,38cdf634e5004afca86e3aeb6fb6b8d5,01J82QQQXDKCBHACBJWARNWV56_145,preprocess-lib-1.0,EVENTLOG,11633,Windows Server 2022 Datacenter,usea1-purple.sentinelone.net,20348,F4EC44C9B2FF4D34A00150D43FAC2799,SDL,,default,,01J82QQQXDKCBHACBJWARNWV56,Security,,,,,48,,,,,,,,,,,,<Event xmlns='http://schemas.microsoft.com/win/2004/08/events/event'><System><Provider Name='Microsoft-Windows-Security-Auditing' Guid='{54849625-5478-4994-a5ba-3e3b0328c30d}'/><EventID>4985</EventID><Version>0</Version><Level>0</Level><Task>12800</Task><Opcode>0</Opcode><Keywords>0x8020000000000000</Keywords><TimeCreated SystemTime='2024-09-18T14:12:58.0824251Z'/><EventRecordID>70297026</EventRecordID><Correlation/><Execution ProcessID='4' ThreadID='5868'/><Channel>Security</Channel><Computer>Thib-DC01.letibe.lab</Computer><Security/></System><EventData><Data Name='SubjectUserSid'>S-1-5-18</Data><Data Name='SubjectUserName'>THIB-DC01$</Data><Data Name='SubjectDomainName'>LETIBE</Data><Data Name='SubjectLogonId'>0x3e7</Data><Data Name='TransactionId'>{de8e99f8-75c0-11ef-b490-aa9311e05a15}</Data><Data Name='NewState'>48</Data><Data Name='ResourceManager'>{f0c6fc36-b954-11ed-bb1f-8bf44bac8386}</Data><Data Name='ProcessId'>0xb74</Data><Data Name='ProcessName'>C:\Program Files\SentinelOne\Sentinel Agent 24.1.1.160\SentinelAgent.exe</Data></EventData></Event>,Microsoft-Windows-Security-Auditing,Information,4985,THIB-DC01$,S-1-5-18,LETIBE,"'The state of a transaction has changed.

Subject:
	Security ID:		S-1-5-18
	Account Name:		THIB-DC01$
	Account Domain:		LETIBE
	Logon ID:		0x3E7

Transaction Information:
	RM Transaction ID:	{de8e99f8-75c0-11ef-b490-aa9311e05a15}
	New State:		48
	Resource Manager:	{f0c6fc36-b954-11ed-bb1f-8bf44bac8386}

Process Information:
	Process ID:		0xb74
	Process Name:		C:\Program Files\SentinelOne\Sentinel Agent 24.1.1.160\SentinelAgent.exe",http://schemas.microsoft.com/win/2004/08/events/event,0,2024-09-18T14:12:58.0824251Z,12800,,,Microsoft-Windows-Security-Auditing,{54849625-5478-4994-a5ba-3e3b0328c30d},0,0,0x8020000000000000,5868,4,70297026,4985,,,Thib-DC01.letibe.lab,Security,,,,{de8e99f8-75c0-11ef-b490-aa9311e05a15},,,,,,,S-1-5-18,THIB-DC01$,0x3E7,LETIBE,,,{f0c6fc36-b954-11ed-bb1f-8bf44bac8386},,,,C:\Program Files\SentinelOne\Sentinel Agent 24.1.1.160\SentinelAgent.exe,0xB74,,,,,,
08:12:58.082,,,Windows Event Logs,Windows Event Log Creation,,,,SentinelOne,Thib-DC01,server,security,24.1.1.160,38cdf634e5004afca86e3aeb6fb6b8d5,01J82QQQXDKCBHACBJWARNWV56_146,preprocess-lib-1.0,EVENTLOG,11633,Windows Server 2022 Datacenter,usea1-purple.sentinelone.net,20348,F4EC44C9B2FF4D34A00150D43FAC2799,SDL,,default,,01J82QQQXDKCBHACBJWARNWV56,Security,,,,,52,,,,,,,,,,,,<Event xmlns='http://schemas.microsoft.com/win/2004/08/events/event'><System><Provider Name='Microsoft-Windows-Security-Auditing' Guid='{54849625-5478-4994-a5ba-3e3b0328c30d}'/><EventID>4985</EventID><Version>0</Version><Level>0</Level><Task>12800</Task><Opcode>0</Opcode><Keywords>0x8020000000000000</Keywords><TimeCreated SystemTime='2024-09-18T14:12:58.0826534Z'/><EventRecordID>70297027</EventRecordID><Correlation/><Execution ProcessID='4' ThreadID='5868'/><Channel>Security</Channel><Computer>Thib-DC01.letibe.lab</Computer><Security/></System><EventData><Data Name='SubjectUserSid'>S-1-5-18</Data><Data Name='SubjectUserName'>THIB-DC01$</Data><Data Name='SubjectDomainName'>LETIBE</Data><Data Name='SubjectLogonId'>0x3e7</Data><Data Name='TransactionId'>{de8e99f8-75c0-11ef-b490-aa9311e05a15}</Data><Data Name='NewState'>52</Data><Data Name='ResourceManager'>{f0c6fc36-b954-11ed-bb1f-8bf44bac8386}</Data><Data Name='ProcessId'>0xb74</Data><Data Name='ProcessName'>C:\Program Files\SentinelOne\Sentinel Agent 24.1.1.160\SentinelAgent.exe</Data></EventData></Event>,Microsoft-Windows-Security-Auditing,Information,4985,THIB-DC01$,S-1-5-18,LETIBE,"'The state of a transaction has changed.

Subject:
	Security ID:		S-1-5-18
	Account Name:		THIB-DC01$
	Account Domain:		LETIBE
	Logon ID:		0x3E7

Transaction Information:
	RM Transaction ID:	{de8e99f8-75c0-11ef-b490-aa9311e05a15}
	New State:		52
	Resource Manager:	{f0c6fc36-b954-11ed-bb1f-8bf44bac8386}

Process Information:
	Process ID:		0xb74
	Process Name:		C:\Program Files\SentinelOne\Sentinel Agent 24.1.1.160\SentinelAgent.exe",http://schemas.microsoft.com/win/2004/08/events/event,0,2024-09-18T14:12:58.0826534Z,12800,,,Microsoft-Windows-Security-Auditing,{54849625-5478-4994-a5ba-3e3b0328c30d},0,0,0x8020000000000000,5868,4,70297027,4985,,,Thib-DC01.letibe.lab,Security,,,,{de8e99f8-75c0-11ef-b490-aa9311e05a15},,,,,,,S-1-5-18,THIB-DC01$,0x3E7,LETIBE,,,{f0c6fc36-b954-11ed-bb1f-8bf44bac8386},,,,C:\Program Files\SentinelOne\Sentinel Agent 24.1.1.160\SentinelAgent.exe,0xB74,,,,,,
08:12:58.364,,,Windows Event Logs,Windows Event Log Creation,,,,SentinelOne,THEBORG,server,security,24.1.1.160,f28c7062e9cc46e1a9b4049a8c6257f7,01J82QT9P5H9DWY80KBY8MGPRD_25,preprocess-lib-1.0,EVENTLOG,11633,Windows Server 2019 Standard Evaluation,usea1-purple.sentinelone.net,17763,0FFF6BCA42764650B3B667C5B388F393,SDL,,default,,01J82QT9P5H9DWY80KBY8MGPRD,Security,,,,,48,,,,,,,,,,,,<Event xmlns='http://schemas.microsoft.com/win/2004/08/events/event'><System><Provider Name='Microsoft-Windows-Security-Auditing' Guid='{54849625-5478-4994-a5ba-3e3b0328c30d}'/><EventID>4985</EventID><Version>0</Version><Level>0</Level><Task>12800</Task><Opcode>0</Opcode><Keywords>0x8020000000000000</Keywords><TimeCreated SystemTime='2024-09-18T14:12:58.364642400Z'/><EventRecordID>2984993</EventRecordID><Correlation/><Execution ProcessID='4' ThreadID='8992'/><Channel>Security</Channel><Computer>THEBORG.starfleet.corp</Computer><Security/></System><EventData><Data Name='SubjectUserSid'>S-1-5-18</Data><Data Name='SubjectUserName'>THEBORG$</Data><Data Name='SubjectDomainName'>STARFLEET</Data><Data Name='SubjectLogonId'>0x3e7</Data><Data Name='TransactionId'>{8e7dca70-75c0-11ef-9074-000c2908b6e6}</Data><Data Name='NewState'>48</Data><Data Name='ResourceManager'>{5ce0c1fa-c346-11ec-87a7-e99c1313a051}</Data><Data Name='ProcessId'>0xee4</Data><Data Name='ProcessName'>C:\Program Files\SentinelOne\Sentinel Agent 24.1.1.160\SentinelAgent.exe</Data></EventData></Event>,Microsoft-Windows-Security-Auditing,Information,4985,THEBORG$,S-1-5-18,STARFLEET,"'The state of a transaction has changed.

Subject:
	Security ID:		S-1-5-18
	Account Name:		THEBORG$
	Account Domain:		STARFLEET
	Logon ID:		0x3E7

Transaction Information:
	RM Transaction ID:	{8e7dca70-75c0-11ef-9074-000c2908b6e6}
	New State:		48
	Resource Manager:	{5ce0c1fa-c346-11ec-87a7-e99c1313a051}

Process Information:
	Process ID:		0xee4
	Process Name:		C:\Program Files\SentinelOne\Sentinel Agent 24.1.1.160\SentinelAgent.exe",http://schemas.microsoft.com/win/2004/08/events/event,0,2024-09-18T14:12:58.364642400Z,12800,,,Microsoft-Windows-Security-Auditing,{54849625-5478-4994-a5ba-3e3b0328c30d},0,0,0x8020000000000000,8992,4,2984993,4985,,,THEBORG.starfleet.corp,Security,,,,{8e7dca70-75c0-11ef-9074-000c2908b6e6},,,,,,,S-1-5-18,THEBORG$,0x3E7,STARFLEET,,,{5ce0c1fa-c346-11ec-87a7-e99c1313a051},,,,C:\Program Files\SentinelOne\Sentinel Agent 24.1.1.160\SentinelAgent.exe,0xEE4,,,,,,
08:12:58.364,,,Windows Event Logs,Windows Event Log Creation,,,,SentinelOne,THEBORG,server,security,24.1.1.160,f28c7062e9cc46e1a9b4049a8c6257f7,01J82QT9P5H9DWY80KBY8MGPRD_26,preprocess-lib-1.0,EVENTLOG,11633,Windows Server 2019 Standard Evaluation,usea1-purple.sentinelone.net,17763,0FFF6BCA42764650B3B667C5B388F393,SDL,,default,,01J82QT9P5H9DWY80KBY8MGPRD,Security,,,,,52,,,,,,,,,,,,<Event xmlns='http://schemas.microsoft.com/win/2004/08/events/event'><System><Provider Name='Microsoft-Windows-Security-Auditing' Guid='{54849625-5478-4994-a5ba-3e3b0328c30d}'/><EventID>4985</EventID><Version>0</Version><Level>0</Level><Task>12800</Task><Opcode>0</Opcode><Keywords>0x8020000000000000</Keywords><TimeCreated SystemTime='2024-09-18T14:12:58.364826800Z'/><EventRecordID>2984994</EventRecordID><Correlation/><Execution ProcessID='4' ThreadID='8992'/><Channel>Security</Channel><Computer>THEBORG.starfleet.corp</Computer><Security/></System><EventData><Data Name='SubjectUserSid'>S-1-5-18</Data><Data Name='SubjectUserName'>THEBORG$</Data><Data Name='SubjectDomainName'>STARFLEET</Data><Data Name='SubjectLogonId'>0x3e7</Data><Data Name='TransactionId'>{8e7dca70-75c0-11ef-9074-000c2908b6e6}</Data><Data Name='NewState'>52</Data><Data Name='ResourceManager'>{5ce0c1fa-c346-11ec-87a7-e99c1313a051}</Data><Data Name='ProcessId'>0xee4</Data><Data Name='ProcessName'>C:\Program Files\SentinelOne\Sentinel Agent 24.1.1.160\SentinelAgent.exe</Data></EventData></Event>,Microsoft-Windows-Security-Auditing,Information,4985,THEBORG$,S-1-5-18,STARFLEET,"'The state of a transaction has changed.

Subject:
	Security ID:		S-1-5-18
	Account Name:		THEBORG$
	Account Domain:		STARFLEET
	Logon ID:		0x3E7

Transaction Information:
	RM Transaction ID:	{8e7dca70-75c0-11ef-9074-000c2908b6e6}
	New State:		52
	Resource Manager:	{5ce0c1fa-c346-11ec-87a7-e99c1313a051}

Process Information:
	Process ID:		0xee4
	Process Name:		C:\Program Files\SentinelOne\Sentinel Agent 24.1.1.160\SentinelAgent.exe",http://schemas.microsoft.com/win/2004/08/events/event,0,2024-09-18T14:12:58.364826800Z,12800,,,Microsoft-Windows-Security-Auditing,{54849625-5478-4994-a5ba-3e3b0328c30d},0,0,0x8020000000000000,8992,4,2984994,4985,,,THEBORG.starfleet.corp,Security,,,,{8e7dca70-75c0-11ef-9074-000c2908b6e6},,,,,,,S-1-5-18,THEBORG$,0x3E7,STARFLEET,,,{5ce0c1fa-c346-11ec-87a7-e99c1313a051},,,,C:\Program Files\SentinelOne\Sentinel Agent 24.1.1.160\SentinelAgent.exe,0xEE4,,,,,,
08:12:59.024,,,Windows Event Logs,Windows Event Log Creation,,,,SentinelOne,Kmans-NUC,desktop,security,23.4.4.223,33966dad606b44b09a69b6daedef27c0,01J82QRRWNQZMPVH8JY0VSSTQC_67,preprocess-lib-1.0,EVENTLOG,11633,Windows 11 Pro,usea1-purple.sentinelone.net,22631,2F153FB23AF54967B8547024D31E7E5D,SDL,,default,,01J82QRRWNQZMPVH8JY0VSSTQC,System,,,,,,,,,,,,,,,,,,Microsoft-Windows-HttpService,Information,114,,S-1-5-18,,"Removed URL (http://192.168.1.76:80:192.168.1.76/dial_1956/) from URL group (0xF900000420000004). Process Id 0x1168 Executable path \Device\HarddiskVolume3\Program Files\SentinelOne\Sentinel Agent 23.4.4.223\Ranger\SentinelRanger.exe, User S-1-5-18",,,,,,,,,,,,,,,,,,,,,,,,,,,,,,,,,,,,,,,,,,,,,,,
08:12:59.725,,,Windows Event Logs,Windows Event Log Creation,,,,SentinelOne,DESKTOP-VKT5TRU,laptop,security,23.4.2.216,747f9539aab944a1bc0bbed0a22d4806,01J82QS5X1KMYDTAHZ35SNK532_38,preprocess-lib-1.0,EVENTLOG,11633,Windows 10 Pro,usea1-purple.sentinelone.net,19045,214748C1C98646C9AF7ADEA74229EB2A,SDL,,default,,01J82QS5X1KMYDTAHZ35SNK532,Security,,,,,,,,,,,,,,,,,"'<Event xmlns='http://schemas.microsoft.com/win/2004/08/events/event'><System><Provider Name='Microsoft-Windows-Security-Auditing' Guid='{54849625-5478-4994-a5ba-3e3b0328c30d}'/><EventID>4672</EventID><Version>0</Version><Level>0</Level><Task>12548</Task><Opcode>0</Opcode><Keywords>0x8020000000000000</Keywords><TimeCreated SystemTime='2024-09-18T14:12:59.7251822Z'/><EventRecordID>13583270</EventRecordID><Correlation ActivityID='{3ea46c1e-65a0-4f62-af54-dfb820309b74}'/><Execution ProcessID='752' ThreadID='5576'/><Channel>Security</Channel><Computer>DESKTOP-VKT5TRU</Computer><Security/></System><EventData><Data Name='SubjectUserSid'>S-1-5-18</Data><Data Name='SubjectUserName'>SYSTEM</Data><Data Name='SubjectDomainName'>NT AUTHORITY</Data><Data Name='SubjectLogonId'>0x3e7</Data><Data Name='PrivilegeList'>SeAssignPrimaryTokenPrivilege
			SeTcbPrivilege
			SeSecurityPrivilege
			SeTakeOwnershipPrivilege
			SeLoadDriverPrivilege
			SeBackupPrivilege
			SeRestorePrivilege
			SeDebugPrivilege
			SeAuditPrivilege
			SeSystemEnvironmentPrivilege
			SeImpersonatePrivilege
			SeDelegateSessionUserImpersonatePrivilege</Data></EventData></Event>",Microsoft-Windows-Security-Auditing,Information,4672,SYSTEM,S-1-5-18,NT AUTHORITY,"'Special privileges assigned to new logon.

Subject:
	Security ID:		S-1-5-18
	Account Name:		SYSTEM
	Account Domain:		NT AUTHORITY
	Logon ID:		0x3E7

Privileges:		SeAssignPrimaryTokenPrivilege
			SeTcbPrivilege
			SeSecurityPrivilege
			SeTakeOwnershipPrivilege
			SeLoadDriverPrivilege
			SeBackupPrivilege
			SeRestorePrivilege
			SeDebugPrivilege
			SeAuditPrivilege
			SeSystemEnvironmentPrivilege
			SeImpersonatePrivilege
			SeDelegateSessionUserImpersonatePrivilege",http://schemas.microsoft.com/win/2004/08/events/event,0,2024-09-18T14:12:59.7251822Z,12548,,,Microsoft-Windows-Security-Auditing,{54849625-5478-4994-a5ba-3e3b0328c30d},0,0,0x8020000000000000,5576,752,13583270,4672,{3ea46c1e-65a0-4f62-af54-dfb820309b74},,DESKTOP-VKT5TRU,Security,,,,,,,,,,,S-1-5-18,SYSTEM,0x3E7,NT AUTHORITY,,,,,,,,,,,"'SeAssignPrimaryTokenPrivilege
			SeTcbPrivilege
			SeSecurityPrivilege
			SeTakeOwnershipPrivilege
			SeLoadDriverPrivilege
			SeBackupPrivilege
			SeRestorePrivilege
			SeDebugPrivilege
			SeAuditPrivilege
			SeSystemEnvironmentPrivilege
			SeImpersonatePrivilege
			SeDelegateSessionUserImpersonatePrivilege",,,
08:13:03.112,,,Windows Event Logs,Windows Event Log Creation,,,,SentinelOne,Thib-DC01,server,security,24.1.1.160,38cdf634e5004afca86e3aeb6fb6b8d5,01J82QQQXDKCBHACBJWARNWV56_147,preprocess-lib-1.0,EVENTLOG,11633,Windows Server 2022 Datacenter,usea1-purple.sentinelone.net,20348,F4EC44C9B2FF4D34A00150D43FAC2799,SDL,,default,,01J82QQQXDKCBHACBJWARNWV56,Security,,,,,48,,,,,,,,,,,,<Event xmlns='http://schemas.microsoft.com/win/2004/08/events/event'><System><Provider Name='Microsoft-Windows-Security-Auditing' Guid='{54849625-5478-4994-a5ba-3e3b0328c30d}'/><EventID>4985</EventID><Version>0</Version><Level>0</Level><Task>12800</Task><Opcode>0</Opcode><Keywords>0x8020000000000000</Keywords><TimeCreated SystemTime='2024-09-18T14:13:03.1127194Z'/><EventRecordID>70297028</EventRecordID><Correlation/><Execution ProcessID='4' ThreadID='5868'/><Channel>Security</Channel><Computer>Thib-DC01.letibe.lab</Computer><Security/></System><EventData><Data Name='SubjectUserSid'>S-1-5-18</Data><Data Name='SubjectUserName'>THIB-DC01$</Data><Data Name='SubjectDomainName'>LETIBE</Data><Data Name='SubjectLogonId'>0x3e7</Data><Data Name='TransactionId'>{de8e99fd-75c0-11ef-b490-aa9311e05a15}</Data><Data Name='NewState'>48</Data><Data Name='ResourceManager'>{f0c6fc36-b954-11ed-bb1f-8bf44bac8386}</Data><Data Name='ProcessId'>0xb74</Data><Data Name='ProcessName'>C:\Program Files\SentinelOne\Sentinel Agent 24.1.1.160\SentinelAgent.exe</Data></EventData></Event>,Microsoft-Windows-Security-Auditing,Information,4985,THIB-DC01$,S-1-5-18,LETIBE,"'The state of a transaction has changed.

Subject:
	Security ID:		S-1-5-18
	Account Name:		THIB-DC01$
	Account Domain:		LETIBE
	Logon ID:		0x3E7

Transaction Information:
	RM Transaction ID:	{de8e99fd-75c0-11ef-b490-aa9311e05a15}
	New State:		48
	Resource Manager:	{f0c6fc36-b954-11ed-bb1f-8bf44bac8386}

Process Information:
	Process ID:		0xb74
	Process Name:		C:\Program Files\SentinelOne\Sentinel Agent 24.1.1.160\SentinelAgent.exe",http://schemas.microsoft.com/win/2004/08/events/event,0,2024-09-18T14:13:03.1127194Z,12800,,,Microsoft-Windows-Security-Auditing,{54849625-5478-4994-a5ba-3e3b0328c30d},0,0,0x8020000000000000,5868,4,70297028,4985,,,Thib-DC01.letibe.lab,Security,,,,{de8e99fd-75c0-11ef-b490-aa9311e05a15},,,,,,,S-1-5-18,THIB-DC01$,0x3E7,LETIBE,,,{f0c6fc36-b954-11ed-bb1f-8bf44bac8386},,,,C:\Program Files\SentinelOne\Sentinel Agent 24.1.1.160\SentinelAgent.exe,0xB74,,,,,,
08:13:03.112,,,Windows Event Logs,Windows Event Log Creation,,,,SentinelOne,Thib-DC01,server,security,24.1.1.160,38cdf634e5004afca86e3aeb6fb6b8d5,01J82QQQXDKCBHACBJWARNWV56_148,preprocess-lib-1.0,EVENTLOG,11633,Windows Server 2022 Datacenter,usea1-purple.sentinelone.net,20348,F4EC44C9B2FF4D34A00150D43FAC2799,SDL,,default,,01J82QQQXDKCBHACBJWARNWV56,Security,,,,,52,,,,,,,,,,,,<Event xmlns='http://schemas.microsoft.com/win/2004/08/events/event'><System><Provider Name='Microsoft-Windows-Security-Auditing' Guid='{54849625-5478-4994-a5ba-3e3b0328c30d}'/><EventID>4985</EventID><Version>0</Version><Level>0</Level><Task>12800</Task><Opcode>0</Opcode><Keywords>0x8020000000000000</Keywords><TimeCreated SystemTime='2024-09-18T14:13:03.1129579Z'/><EventRecordID>70297029</EventRecordID><Correlation/><Execution ProcessID='4' ThreadID='5868'/><Channel>Security</Channel><Computer>Thib-DC01.letibe.lab</Computer><Security/></System><EventData><Data Name='SubjectUserSid'>S-1-5-18</Data><Data Name='SubjectUserName'>THIB-DC01$</Data><Data Name='SubjectDomainName'>LETIBE</Data><Data Name='SubjectLogonId'>0x3e7</Data><Data Name='TransactionId'>{de8e99fd-75c0-11ef-b490-aa9311e05a15}</Data><Data Name='NewState'>52</Data><Data Name='ResourceManager'>{f0c6fc36-b954-11ed-bb1f-8bf44bac8386}</Data><Data Name='ProcessId'>0xb74</Data><Data Name='ProcessName'>C:\Program Files\SentinelOne\Sentinel Agent 24.1.1.160\SentinelAgent.exe</Data></EventData></Event>,Microsoft-Windows-Security-Auditing,Information,4985,THIB-DC01$,S-1-5-18,LETIBE,"'The state of a transaction has changed.

Subject:
	Security ID:		S-1-5-18
	Account Name:		THIB-DC01$
	Account Domain:		LETIBE
	Logon ID:		0x3E7

Transaction Information:
	RM Transaction ID:	{de8e99fd-75c0-11ef-b490-aa9311e05a15}
	New State:		52
	Resource Manager:	{f0c6fc36-b954-11ed-bb1f-8bf44bac8386}

Process Information:
	Process ID:		0xb74
	Process Name:		C:\Program Files\SentinelOne\Sentinel Agent 24.1.1.160\SentinelAgent.exe",http://schemas.microsoft.com/win/2004/08/events/event,0,2024-09-18T14:13:03.1129579Z,12800,,,Microsoft-Windows-Security-Auditing,{54849625-5478-4994-a5ba-3e3b0328c30d},0,0,0x8020000000000000,5868,4,70297029,4985,,,Thib-DC01.letibe.lab,Security,,,,{de8e99fd-75c0-11ef-b490-aa9311e05a15},,,,,,,S-1-5-18,THIB-DC01$,0x3E7,LETIBE,,,{f0c6fc36-b954-11ed-bb1f-8bf44bac8386},,,,C:\Program Files\SentinelOne\Sentinel Agent 24.1.1.160\SentinelAgent.exe,0xB74,,,,,,
08:13:03.113,,,Windows Event Logs,Windows Event Log Creation,,,,SentinelOne,Thib-DC01,server,security,24.1.1.160,38cdf634e5004afca86e3aeb6fb6b8d5,01J82QQQXDKCBHACBJWARNWV56_149,preprocess-lib-1.0,EVENTLOG,11633,Windows Server 2022 Datacenter,usea1-purple.sentinelone.net,20348,F4EC44C9B2FF4D34A00150D43FAC2799,SDL,,default,,01J82QQQXDKCBHACBJWARNWV56,Security,,,,,48,,,,,,,,,,,,<Event xmlns='http://schemas.microsoft.com/win/2004/08/events/event'><System><Provider Name='Microsoft-Windows-Security-Auditing' Guid='{54849625-5478-4994-a5ba-3e3b0328c30d}'/><EventID>4985</EventID><Version>0</Version><Level>0</Level><Task>12800</Task><Opcode>0</Opcode><Keywords>0x8020000000000000</Keywords><TimeCreated SystemTime='2024-09-18T14:13:03.1132019Z'/><EventRecordID>70297030</EventRecordID><Correlation/><Execution ProcessID='4' ThreadID='5868'/><Channel>Security</Channel><Computer>Thib-DC01.letibe.lab</Computer><Security/></System><EventData><Data Name='SubjectUserSid'>S-1-5-18</Data><Data Name='SubjectUserName'>THIB-DC01$</Data><Data Name='SubjectDomainName'>LETIBE</Data><Data Name='SubjectLogonId'>0x3e7</Data><Data Name='TransactionId'>{de8e99ff-75c0-11ef-b490-aa9311e05a15}</Data><Data Name='NewState'>48</Data><Data Name='ResourceManager'>{f0c6fc36-b954-11ed-bb1f-8bf44bac8386}</Data><Data Name='ProcessId'>0xb74</Data><Data Name='ProcessName'>C:\Program Files\SentinelOne\Sentinel Agent 24.1.1.160\SentinelAgent.exe</Data></EventData></Event>,Microsoft-Windows-Security-Auditing,Information,4985,THIB-DC01$,S-1-5-18,LETIBE,"'The state of a transaction has changed.

Subject:
	Security ID:		S-1-5-18
	Account Name:		THIB-DC01$
	Account Domain:		LETIBE
	Logon ID:		0x3E7

Transaction Information:
	RM Transaction ID:	{de8e99ff-75c0-11ef-b490-aa9311e05a15}
	New State:		48
	Resource Manager:	{f0c6fc36-b954-11ed-bb1f-8bf44bac8386}

Process Information:
	Process ID:		0xb74
	Process Name:		C:\Program Files\SentinelOne\Sentinel Agent 24.1.1.160\SentinelAgent.exe",http://schemas.microsoft.com/win/2004/08/events/event,0,2024-09-18T14:13:03.1132019Z,12800,,,Microsoft-Windows-Security-Auditing,{54849625-5478-4994-a5ba-3e3b0328c30d},0,0,0x8020000000000000,5868,4,70297030,4985,,,Thib-DC01.letibe.lab,Security,,,,{de8e99ff-75c0-11ef-b490-aa9311e05a15},,,,,,,S-1-5-18,THIB-DC01$,0x3E7,LETIBE,,,{f0c6fc36-b954-11ed-bb1f-8bf44bac8386},,,,C:\Program Files\SentinelOne\Sentinel Agent 24.1.1.160\SentinelAgent.exe,0xB74,,,,,,
08:13:03.113,,,Windows Event Logs,Windows Event Log Creation,,,,SentinelOne,Thib-DC01,server,security,24.1.1.160,38cdf634e5004afca86e3aeb6fb6b8d5,01J82QQQXDKCBHACBJWARNWV56_150,preprocess-lib-1.0,EVENTLOG,11633,Windows Server 2022 Datacenter,usea1-purple.sentinelone.net,20348,F4EC44C9B2FF4D34A00150D43FAC2799,SDL,,default,,01J82QQQXDKCBHACBJWARNWV56,Security,,,,,52,,,,,,,,,,,,<Event xmlns='http://schemas.microsoft.com/win/2004/08/events/event'><System><Provider Name='Microsoft-Windows-Security-Auditing' Guid='{54849625-5478-4994-a5ba-3e3b0328c30d}'/><EventID>4985</EventID><Version>0</Version><Level>0</Level><Task>12800</Task><Opcode>0</Opcode><Keywords>0x8020000000000000</Keywords><TimeCreated SystemTime='2024-09-18T14:13:03.1134386Z'/><EventRecordID>70297031</EventRecordID><Correlation/><Execution ProcessID='4' ThreadID='5868'/><Channel>Security</Channel><Computer>Thib-DC01.letibe.lab</Computer><Security/></System><EventData><Data Name='SubjectUserSid'>S-1-5-18</Data><Data Name='SubjectUserName'>THIB-DC01$</Data><Data Name='SubjectDomainName'>LETIBE</Data><Data Name='SubjectLogonId'>0x3e7</Data><Data Name='TransactionId'>{de8e99ff-75c0-11ef-b490-aa9311e05a15}</Data><Data Name='NewState'>52</Data><Data Name='ResourceManager'>{f0c6fc36-b954-11ed-bb1f-8bf44bac8386}</Data><Data Name='ProcessId'>0xb74</Data><Data Name='ProcessName'>C:\Program Files\SentinelOne\Sentinel Agent 24.1.1.160\SentinelAgent.exe</Data></EventData></Event>,Microsoft-Windows-Security-Auditing,Information,4985,THIB-DC01$,S-1-5-18,LETIBE,"'The state of a transaction has changed.

Subject:
	Security ID:		S-1-5-18
	Account Name:		THIB-DC01$
	Account Domain:		LETIBE
	Logon ID:		0x3E7

Transaction Information:
	RM Transaction ID:	{de8e99ff-75c0-11ef-b490-aa9311e05a15}
	New State:		52
	Resource Manager:	{f0c6fc36-b954-11ed-bb1f-8bf44bac8386}

Process Information:
	Process ID:		0xb74
	Process Name:		C:\Program Files\SentinelOne\Sentinel Agent 24.1.1.160\SentinelAgent.exe",http://schemas.microsoft.com/win/2004/08/events/event,0,2024-09-18T14:13:03.1134386Z,12800,,,Microsoft-Windows-Security-Auditing,{54849625-5478-4994-a5ba-3e3b0328c30d},0,0,0x8020000000000000,5868,4,70297031,4985,,,Thib-DC01.letibe.lab,Security,,,,{de8e99ff-75c0-11ef-b490-aa9311e05a15},,,,,,,S-1-5-18,THIB-DC01$,0x3E7,LETIBE,,,{f0c6fc36-b954-11ed-bb1f-8bf44bac8386},,,,C:\Program Files\SentinelOne\Sentinel Agent 24.1.1.160\SentinelAgent.exe,0xB74,,,,,,
08:13:03.475,,,Windows Event Logs,Windows Event Log Creation,,,,SentinelOne,THEBORG,server,security,24.1.1.160,f28c7062e9cc46e1a9b4049a8c6257f7,01J82QT9P5H9DWY80KBY8MGPRD_27,preprocess-lib-1.0,EVENTLOG,11633,Windows Server 2019 Standard Evaluation,usea1-purple.sentinelone.net,17763,0FFF6BCA42764650B3B667C5B388F393,SDL,,default,,01J82QT9P5H9DWY80KBY8MGPRD,Security,,,,,48,,,,,,,,,,,,<Event xmlns='http://schemas.microsoft.com/win/2004/08/events/event'><System><Provider Name='Microsoft-Windows-Security-Auditing' Guid='{54849625-5478-4994-a5ba-3e3b0328c30d}'/><EventID>4985</EventID><Version>0</Version><Level>0</Level><Task>12800</Task><Opcode>0</Opcode><Keywords>0x8020000000000000</Keywords><TimeCreated SystemTime='2024-09-18T14:13:03.475630600Z'/><EventRecordID>2984995</EventRecordID><Correlation/><Execution ProcessID='4' ThreadID='2912'/><Channel>Security</Channel><Computer>THEBORG.starfleet.corp</Computer><Security/></System><EventData><Data Name='SubjectUserSid'>S-1-5-18</Data><Data Name='SubjectUserName'>THEBORG$</Data><Data Name='SubjectDomainName'>STARFLEET</Data><Data Name='SubjectLogonId'>0x3e7</Data><Data Name='TransactionId'>{8e7dca75-75c0-11ef-9074-000c2908b6e6}</Data><Data Name='NewState'>48</Data><Data Name='ResourceManager'>{5ce0c1fa-c346-11ec-87a7-e99c1313a051}</Data><Data Name='ProcessId'>0xee4</Data><Data Name='ProcessName'>C:\Program Files\SentinelOne\Sentinel Agent 24.1.1.160\SentinelAgent.exe</Data></EventData></Event>,Microsoft-Windows-Security-Auditing,Information,4985,THEBORG$,S-1-5-18,STARFLEET,"'The state of a transaction has changed.

Subject:
	Security ID:		S-1-5-18
	Account Name:		THEBORG$
	Account Domain:		STARFLEET
	Logon ID:		0x3E7

Transaction Information:
	RM Transaction ID:	{8e7dca75-75c0-11ef-9074-000c2908b6e6}
	New State:		48
	Resource Manager:	{5ce0c1fa-c346-11ec-87a7-e99c1313a051}

Process Information:
	Process ID:		0xee4
	Process Name:		C:\Program Files\SentinelOne\Sentinel Agent 24.1.1.160\SentinelAgent.exe",http://schemas.microsoft.com/win/2004/08/events/event,0,2024-09-18T14:13:03.475630600Z,12800,,,Microsoft-Windows-Security-Auditing,{54849625-5478-4994-a5ba-3e3b0328c30d},0,0,0x8020000000000000,2912,4,2984995,4985,,,THEBORG.starfleet.corp,Security,,,,{8e7dca75-75c0-11ef-9074-000c2908b6e6},,,,,,,S-1-5-18,THEBORG$,0x3E7,STARFLEET,,,{5ce0c1fa-c346-11ec-87a7-e99c1313a051},,,,C:\Program Files\SentinelOne\Sentinel Agent 24.1.1.160\SentinelAgent.exe,0xEE4,,,,,,
08:13:03.475,,,Windows Event Logs,Windows Event Log Creation,,,,SentinelOne,THEBORG,server,security,24.1.1.160,f28c7062e9cc46e1a9b4049a8c6257f7,01J82QT9P5H9DWY80KBY8MGPRD_28,preprocess-lib-1.0,EVENTLOG,11633,Windows Server 2019 Standard Evaluation,usea1-purple.sentinelone.net,17763,0FFF6BCA42764650B3B667C5B388F393,SDL,,default,,01J82QT9P5H9DWY80KBY8MGPRD,Security,,,,,52,,,,,,,,,,,,<Event xmlns='http://schemas.microsoft.com/win/2004/08/events/event'><System><Provider Name='Microsoft-Windows-Security-Auditing' Guid='{54849625-5478-4994-a5ba-3e3b0328c30d}'/><EventID>4985</EventID><Version>0</Version><Level>0</Level><Task>12800</Task><Opcode>0</Opcode><Keywords>0x8020000000000000</Keywords><TimeCreated SystemTime='2024-09-18T14:13:03.475841500Z'/><EventRecordID>2984996</EventRecordID><Correlation/><Execution ProcessID='4' ThreadID='2912'/><Channel>Security</Channel><Computer>THEBORG.starfleet.corp</Computer><Security/></System><EventData><Data Name='SubjectUserSid'>S-1-5-18</Data><Data Name='SubjectUserName'>THEBORG$</Data><Data Name='SubjectDomainName'>STARFLEET</Data><Data Name='SubjectLogonId'>0x3e7</Data><Data Name='TransactionId'>{8e7dca75-75c0-11ef-9074-000c2908b6e6}</Data><Data Name='NewState'>52</Data><Data Name='ResourceManager'>{5ce0c1fa-c346-11ec-87a7-e99c1313a051}</Data><Data Name='ProcessId'>0xee4</Data><Data Name='ProcessName'>C:\Program Files\SentinelOne\Sentinel Agent 24.1.1.160\SentinelAgent.exe</Data></EventData></Event>,Microsoft-Windows-Security-Auditing,Information,4985,THEBORG$,S-1-5-18,STARFLEET,"'The state of a transaction has changed.

Subject:
	Security ID:		S-1-5-18
	Account Name:		THEBORG$
	Account Domain:		STARFLEET
	Logon ID:		0x3E7

Transaction Information:
	RM Transaction ID:	{8e7dca75-75c0-11ef-9074-000c2908b6e6}
	New State:		52
	Resource Manager:	{5ce0c1fa-c346-11ec-87a7-e99c1313a051}

Process Information:
	Process ID:		0xee4
	Process Name:		C:\Program Files\SentinelOne\Sentinel Agent 24.1.1.160\SentinelAgent.exe",http://schemas.microsoft.com/win/2004/08/events/event,0,2024-09-18T14:13:03.475841500Z,12800,,,Microsoft-Windows-Security-Auditing,{54849625-5478-4994-a5ba-3e3b0328c30d},0,0,0x8020000000000000,2912,4,2984996,4985,,,THEBORG.starfleet.corp,Security,,,,{8e7dca75-75c0-11ef-9074-000c2908b6e6},,,,,,,S-1-5-18,THEBORG$,0x3E7,STARFLEET,,,{5ce0c1fa-c346-11ec-87a7-e99c1313a051},,,,C:\Program Files\SentinelOne\Sentinel Agent 24.1.1.160\SentinelAgent.exe,0xEE4,,,,,,
08:13:04.107,,,Windows Event Logs,Windows Event Log Creation,,,,SentinelOne,zone5,desktop,security,22.3.4.612,64bf7c61297b48a3bdf16469ca05b22d,01J82QR1JEJST1TNPES923AHXS_34,preprocess-lib-1.0,EVENTLOG,11633,Windows 11 Pro,usea1-purple.sentinelone.net,22621,70A944FE875E4ACD9EBFA4D35AA957E5,SDL,,default,,01J82QR1JEJST1TNPES923AHXS,Application,,,,,,,,,,,,,,,,,<Event xmlns='http://schemas.microsoft.com/win/2004/08/events/event'><System><Provider Name='Microsoft-Windows-Security-SPP' Guid='{E23B33B0-C8C9-472C-A5F9-F2BDFEA0F156}' EventSourceName='Software Protection Platform Service'/><EventID Qualifiers='49152'>16394</EventID><Version>0</Version><Level>4</Level><Task>0</Task><Opcode>0</Opcode><Keywords>0x80000000000000</Keywords><TimeCreated SystemTime='2024-09-18T14:13:04.1074649Z'/><EventRecordID>29554</EventRecordID><Correlation/><Execution ProcessID='9304' ThreadID='0'/><Channel>Application</Channel><Computer>zone5</Computer><Security/></System><EventData></EventData></Event>,Microsoft-Windows-Security-SPP,Information,16394,,,,Offline downlevel migration succeeded.,http://schemas.microsoft.com/win/2004/08/events/event,0,2024-09-18T14:13:04.1074649Z,0,,,Microsoft-Windows-Security-SPP,{E23B33B0-C8C9-472C-A5F9-F2BDFEA0F156},0,4,0x80000000000000,0,9304,29554,16394,,,zone5,Application,,,,,,,,,,,,,,,,,,,,,,,,,,,,
08:13:04.409,,,Windows Event Logs,Windows Event Log Creation,,,,SentinelOne,zone5,desktop,security,22.3.4.612,64bf7c61297b48a3bdf16469ca05b22d,01J82QR1JEJST1TNPES923AHXS_39,preprocess-lib-1.0,EVENTLOG,11633,Windows 11 Pro,usea1-purple.sentinelone.net,22621,70A944FE875E4ACD9EBFA4D35AA957E5,SDL,,default,,01J82QR1JEJST1TNPES923AHXS,Security,,,,,,,,,,,,,,,,,"'<Event xmlns='http://schemas.microsoft.com/win/2004/08/events/event'><System><Provider Name='Microsoft-Windows-Security-Auditing' Guid='{54849625-5478-4994-a5ba-3e3b0328c30d}'/><EventID>4672</EventID><Version>0</Version><Level>0</Level><Task>12548</Task><Opcode>0</Opcode><Keywords>0x8020000000000000</Keywords><TimeCreated SystemTime='2024-09-18T14:13:04.4090741Z'/><EventRecordID>5287097</EventRecordID><Correlation ActivityID='{0bedc2cb-64c4-42ba-884c-ee92dc3e7777}'/><Execution ProcessID='1068' ThreadID='7236'/><Channel>Security</Channel><Computer>zone5</Computer><Security/></System><EventData><Data Name='SubjectUserSid'>S-1-5-18</Data><Data Name='SubjectUserName'>SYSTEM</Data><Data Name='SubjectDomainName'>NT AUTHORITY</Data><Data Name='SubjectLogonId'>0x3e7</Data><Data Name='PrivilegeList'>SeAssignPrimaryTokenPrivilege
			SeTcbPrivilege
			SeSecurityPrivilege
			SeTakeOwnershipPrivilege
			SeLoadDriverPrivilege
			SeBackupPrivilege
			SeRestorePrivilege
			SeDebugPrivilege
			SeAuditPrivilege
			SeSystemEnvironmentPrivilege
			SeImpersonatePrivilege
			SeDelegateSessionUserImpersonatePrivilege</Data></EventData></Event>",Microsoft-Windows-Security-Auditing,Information,4672,,,,"'Special privileges assigned to new logon.

Subject:
	Security ID:		S-1-5-18
	Account Name:		SYSTEM
	Account Domain:		NT AUTHORITY
	Logon ID:		0x3E7

Privileges:		SeAssignPrimaryTokenPrivilege
			SeTcbPrivilege
			SeSecurityPrivilege
			SeTakeOwnershipPrivilege
			SeLoadDriverPrivilege
			SeBackupPrivilege
			SeRestorePrivilege
			SeDebugPrivilege
			SeAuditPrivilege
			SeSystemEnvironmentPrivilege
			SeImpersonatePrivilege
			SeDelegateSessionUserImpersonatePrivilege",http://schemas.microsoft.com/win/2004/08/events/event,0,2024-09-18T14:13:04.4090741Z,12548,,,Microsoft-Windows-Security-Auditing,{54849625-5478-4994-a5ba-3e3b0328c30d},0,0,0x8020000000000000,7236,1068,5287097,4672,{0bedc2cb-64c4-42ba-884c-ee92dc3e7777},,zone5,Security,,,,,,,,,,,S-1-5-18,SYSTEM,0x3E7,NT AUTHORITY,,,,,,,,,,,"'SeAssignPrimaryTokenPrivilege
			SeTcbPrivilege
			SeSecurityPrivilege
			SeTakeOwnershipPrivilege
			SeLoadDriverPrivilege
			SeBackupPrivilege
			SeRestorePrivilege
			SeDebugPrivilege
			SeAuditPrivilege
			SeSystemEnvironmentPrivilege
			SeImpersonatePrivilege
			SeDelegateSessionUserImpersonatePrivilege",,,
08:13:04.471,,,Windows Event Logs,Windows Event Log Creation,,,,SentinelOne,zone5,desktop,security,22.3.4.612,64bf7c61297b48a3bdf16469ca05b22d,01J82QR1JEJST1TNPES923AHXS_40,preprocess-lib-1.0,EVENTLOG,11633,Windows 11 Pro,usea1-purple.sentinelone.net,22621,70A944FE875E4ACD9EBFA4D35AA957E5,SDL,,default,,01J82QR1JEJST1TNPES923AHXS,Security,,,,,,,,,0,6424,,,,,,,<Event xmlns='http://schemas.microsoft.com/win/2004/08/events/event'><System><Provider Name='Microsoft-Windows-Security-Auditing' Guid='{54849625-5478-4994-a5ba-3e3b0328c30d}'/><EventID>5379</EventID><Version>0</Version><Level>0</Level><Task>13824</Task><Opcode>0</Opcode><Keywords>0x8020000000000000</Keywords><TimeCreated SystemTime='2024-09-18T14:13:04.4710147Z'/><EventRecordID>5287098</EventRecordID><Correlation ActivityID='{5934c652-b480-4230-896b-3646939da784}'/><Execution ProcessID='1068' ThreadID='7236'/><Channel>Security</Channel><Computer>zone5</Computer><Security/></System><EventData><Data Name='SubjectUserSid'>S-1-5-18</Data><Data Name='SubjectUserName'>ZONE5$</Data><Data Name='SubjectDomainName'>WORKGROUP</Data><Data Name='SubjectLogonId'>0x3e7</Data><Data Name='TargetName'>WindowsLive:(token):name=02jnllxnhiysqiao;serviceuri=*</Data><Data Name='Type'>0</Data><Data Name='CountOfCredentialsReturned'>0</Data><Data Name='ReadOperation'>%%8100</Data><Data Name='ReturnCode'>3221226021</Data><Data Name='ProcessCreationTime'>2024-09-18T14:13:04.4101136Z</Data><Data Name='ClientProcessId'>6424</Data></EventData></Event>,Microsoft-Windows-Security-Auditing,Information,5379,,,,"'Credential Manager credentials were read.

Subject:
	Security ID:		S-1-5-18
	Account Name:		ZONE5$
	Account Domain:		WORKGROUP
	Logon ID:		0x3E7
	Read Operation:		Enumerate Credentials

This event occurs when a user performs a read operation on stored credentials in Credential Manager.",http://schemas.microsoft.com/win/2004/08/events/event,0,2024-09-18T14:13:04.4710147Z,13824,,,Microsoft-Windows-Security-Auditing,{54849625-5478-4994-a5ba-3e3b0328c30d},0,0,0x8020000000000000,7236,1068,5287098,5379,{5934c652-b480-4230-896b-3646939da784},,zone5,Security,,,0,,,,,WindowsLive:(token):name=02jnllxnhiysqiao;serviceuri=*,,,S-1-5-18,ZONE5$,0x3E7,WORKGROUP,,3221226021,,%%8100,,,,,,2024-09-18T14:13:04.4101136Z,,,,
08:13:04.471,,,Windows Event Logs,Windows Event Log Creation,,,,SentinelOne,zone5,desktop,security,22.3.4.612,64bf7c61297b48a3bdf16469ca05b22d,01J82QR1JEJST1TNPES923AHXS_41,preprocess-lib-1.0,EVENTLOG,11633,Windows 11 Pro,usea1-purple.sentinelone.net,22621,70A944FE875E4ACD9EBFA4D35AA957E5,SDL,,default,,01J82QR1JEJST1TNPES923AHXS,Security,,,,,,,,,0,6424,,,,,,,<Event xmlns='http://schemas.microsoft.com/win/2004/08/events/event'><System><Provider Name='Microsoft-Windows-Security-Auditing' Guid='{54849625-5478-4994-a5ba-3e3b0328c30d}'/><EventID>5379</EventID><Version>0</Version><Level>0</Level><Task>13824</Task><Opcode>0</Opcode><Keywords>0x8020000000000000</Keywords><TimeCreated SystemTime='2024-09-18T14:13:04.4712401Z'/><EventRecordID>5287099</EventRecordID><Correlation ActivityID='{b34f96c1-7791-4cc3-aaff-531a35002321}'/><Execution ProcessID='1068' ThreadID='7236'/><Channel>Security</Channel><Computer>zone5</Computer><Security/></System><EventData><Data Name='SubjectUserSid'>S-1-5-18</Data><Data Name='SubjectUserName'>ZONE5$</Data><Data Name='SubjectDomainName'>WORKGROUP</Data><Data Name='SubjectLogonId'>0x3e7</Data><Data Name='TargetName'>WindowsLive:(cert):name=02jnllxnhiysqiao;serviceuri=*</Data><Data Name='Type'>0</Data><Data Name='CountOfCredentialsReturned'>0</Data><Data Name='ReadOperation'>%%8100</Data><Data Name='ReturnCode'>3221226021</Data><Data Name='ProcessCreationTime'>2024-09-18T14:13:04.4101136Z</Data><Data Name='ClientProcessId'>6424</Data></EventData></Event>,Microsoft-Windows-Security-Auditing,Information,5379,,,,"'Credential Manager credentials were read.

Subject:
	Security ID:		S-1-5-18
	Account Name:		ZONE5$
	Account Domain:		WORKGROUP
	Logon ID:		0x3E7
	Read Operation:		Enumerate Credentials

This event occurs when a user performs a read operation on stored credentials in Credential Manager.",http://schemas.microsoft.com/win/2004/08/events/event,0,2024-09-18T14:13:04.4712401Z,13824,,,Microsoft-Windows-Security-Auditing,{54849625-5478-4994-a5ba-3e3b0328c30d},0,0,0x8020000000000000,7236,1068,5287099,5379,{b34f96c1-7791-4cc3-aaff-531a35002321},,zone5,Security,,,0,,,,,WindowsLive:(cert):name=02jnllxnhiysqiao;serviceuri=*,,,S-1-5-18,ZONE5$,0x3E7,WORKGROUP,,3221226021,,%%8100,,,,,,2024-09-18T14:13:04.4101136Z,,,,
08:13:04.471,,,Windows Event Logs,Windows Event Log Creation,,,,SentinelOne,zone5,desktop,security,22.3.4.612,64bf7c61297b48a3bdf16469ca05b22d,01J82QR1JEJST1TNPES923AHXS_42,preprocess-lib-1.0,EVENTLOG,11633,Windows 11 Pro,usea1-purple.sentinelone.net,22621,70A944FE875E4ACD9EBFA4D35AA957E5,SDL,,default,,01J82QR1JEJST1TNPES923AHXS,Security,,,,,,,,,1,6424,,,,,,,<Event xmlns='http://schemas.microsoft.com/win/2004/08/events/event'><System><Provider Name='Microsoft-Windows-Security-Auditing' Guid='{54849625-5478-4994-a5ba-3e3b0328c30d}'/><EventID>5379</EventID><Version>0</Version><Level>0</Level><Task>13824</Task><Opcode>0</Opcode><Keywords>0x8020000000000000</Keywords><TimeCreated SystemTime='2024-09-18T14:13:04.4713213Z'/><EventRecordID>5287100</EventRecordID><Correlation ActivityID='{f799b5c5-4be0-44c1-b2ff-457ff13c5b6f}'/><Execution ProcessID='1068' ThreadID='7236'/><Channel>Security</Channel><Computer>zone5</Computer><Security/></System><EventData><Data Name='SubjectUserSid'>S-1-5-18</Data><Data Name='SubjectUserName'>ZONE5$</Data><Data Name='SubjectDomainName'>WORKGROUP</Data><Data Name='SubjectLogonId'>0x3e7</Data><Data Name='TargetName'>WindowsLive:target=virtualapp/didlogical</Data><Data Name='Type'>0</Data><Data Name='CountOfCredentialsReturned'>1</Data><Data Name='ReadOperation'>%%8100</Data><Data Name='ReturnCode'>0</Data><Data Name='ProcessCreationTime'>2024-09-18T14:13:04.4101136Z</Data><Data Name='ClientProcessId'>6424</Data></EventData></Event>,Microsoft-Windows-Security-Auditing,Information,5379,,,,"'Credential Manager credentials were read.

Subject:
	Security ID:		S-1-5-18
	Account Name:		ZONE5$
	Account Domain:		WORKGROUP
	Logon ID:		0x3E7
	Read Operation:		Enumerate Credentials

This event occurs when a user performs a read operation on stored credentials in Credential Manager.",http://schemas.microsoft.com/win/2004/08/events/event,0,2024-09-18T14:13:04.4713213Z,13824,,,Microsoft-Windows-Security-Auditing,{54849625-5478-4994-a5ba-3e3b0328c30d},0,0,0x8020000000000000,7236,1068,5287100,5379,{f799b5c5-4be0-44c1-b2ff-457ff13c5b6f},,zone5,Security,,,0,,,,,WindowsLive:target=virtualapp/didlogical,,,S-1-5-18,ZONE5$,0x3E7,WORKGROUP,,0,,%%8100,,,,,,2024-09-18T14:13:04.4101136Z,,,,
08:13:04.472,,,Windows Event Logs,Windows Event Log Creation,,,,SentinelOne,zone5,desktop,security,22.3.4.612,64bf7c61297b48a3bdf16469ca05b22d,01J82QR1JEJST1TNPES923AHXS_43,preprocess-lib-1.0,EVENTLOG,11633,Windows 11 Pro,usea1-purple.sentinelone.net,22621,70A944FE875E4ACD9EBFA4D35AA957E5,SDL,,default,,01J82QR1JEJST1TNPES923AHXS,Security,,,,,,,,,0,6424,,,,,,,<Event xmlns='http://schemas.microsoft.com/win/2004/08/events/event'><System><Provider Name='Microsoft-Windows-Security-Auditing' Guid='{54849625-5478-4994-a5ba-3e3b0328c30d}'/><EventID>5379</EventID><Version>0</Version><Level>0</Level><Task>13824</Task><Opcode>0</Opcode><Keywords>0x8020000000000000</Keywords><TimeCreated SystemTime='2024-09-18T14:13:04.4729183Z'/><EventRecordID>5287101</EventRecordID><Correlation ActivityID='{db28128b-bdd9-454b-bcb2-7d35365fedd7}'/><Execution ProcessID='1068' ThreadID='7236'/><Channel>Security</Channel><Computer>zone5</Computer><Security/></System><EventData><Data Name='SubjectUserSid'>S-1-5-21-561647179-296899016-1452725529-1002</Data><Data Name='SubjectUserName'>asidd</Data><Data Name='SubjectDomainName'>ZONE5</Data><Data Name='SubjectLogonId'>0x2b5e6892</Data><Data Name='TargetName'>WindowsLive:(token):name=02atlirusfbtrhly;serviceuri=*</Data><Data Name='Type'>0</Data><Data Name='CountOfCredentialsReturned'>0</Data><Data Name='ReadOperation'>%%8100</Data><Data Name='ReturnCode'>3221226021</Data><Data Name='ProcessCreationTime'>2024-09-18T14:13:04.4101136Z</Data><Data Name='ClientProcessId'>6424</Data></EventData></Event>,Microsoft-Windows-Security-Auditing,Information,5379,,,,"'Credential Manager credentials were read.

Subject:
	Security ID:		S-1-5-21-561647179-296899016-1452725529-1002
	Account Name:		asidd
	Account Domain:		ZONE5
	Logon ID:		0x2B5E6892
	Read Operation:		Enumerate Credentials

This event occurs when a user performs a read operation on stored credentials in Credential Manager.",http://schemas.microsoft.com/win/2004/08/events/event,0,2024-09-18T14:13:04.4729183Z,13824,,,Microsoft-Windows-Security-Auditing,{54849625-5478-4994-a5ba-3e3b0328c30d},0,0,0x8020000000000000,7236,1068,5287101,5379,{db28128b-bdd9-454b-bcb2-7d35365fedd7},,zone5,Security,,,0,,,,,WindowsLive:(token):name=02atlirusfbtrhly;serviceuri=*,,,S-1-5-21-561647179-296899016-1452725529-1002,asidd,0x2B5E6892,ZONE5,,3221226021,,%%8100,,,,,,2024-09-18T14:13:04.4101136Z,,,,
08:13:04.473,,,Windows Event Logs,Windows Event Log Creation,,,,SentinelOne,zone5,desktop,security,22.3.4.612,64bf7c61297b48a3bdf16469ca05b22d,01J82QR1JEJST1TNPES923AHXS_44,preprocess-lib-1.0,EVENTLOG,11633,Windows 11 Pro,usea1-purple.sentinelone.net,22621,70A944FE875E4ACD9EBFA4D35AA957E5,SDL,,default,,01J82QR1JEJST1TNPES923AHXS,Security,,,,,,,,,0,6424,,,,,,,<Event xmlns='http://schemas.microsoft.com/win/2004/08/events/event'><System><Provider Name='Microsoft-Windows-Security-Auditing' Guid='{54849625-5478-4994-a5ba-3e3b0328c30d}'/><EventID>5379</EventID><Version>0</Version><Level>0</Level><Task>13824</Task><Opcode>0</Opcode><Keywords>0x8020000000000000</Keywords><TimeCreated SystemTime='2024-09-18T14:13:04.4730840Z'/><EventRecordID>5287102</EventRecordID><Correlation ActivityID='{50d7c8f1-51d5-471e-b546-efca2f5b862e}'/><Execution ProcessID='1068' ThreadID='7236'/><Channel>Security</Channel><Computer>zone5</Computer><Security/></System><EventData><Data Name='SubjectUserSid'>S-1-5-21-561647179-296899016-1452725529-1002</Data><Data Name='SubjectUserName'>asidd</Data><Data Name='SubjectDomainName'>ZONE5</Data><Data Name='SubjectLogonId'>0x2b5e6892</Data><Data Name='TargetName'>WindowsLive:(cert):name=02atlirusfbtrhly;serviceuri=*</Data><Data Name='Type'>0</Data><Data Name='CountOfCredentialsReturned'>0</Data><Data Name='ReadOperation'>%%8100</Data><Data Name='ReturnCode'>3221226021</Data><Data Name='ProcessCreationTime'>2024-09-18T14:13:04.4101136Z</Data><Data Name='ClientProcessId'>6424</Data></EventData></Event>,Microsoft-Windows-Security-Auditing,Information,5379,,,,"'Credential Manager credentials were read.

Subject:
	Security ID:		S-1-5-21-561647179-296899016-1452725529-1002
	Account Name:		asidd
	Account Domain:		ZONE5
	Logon ID:		0x2B5E6892
	Read Operation:		Enumerate Credentials

This event occurs when a user performs a read operation on stored credentials in Credential Manager.",http://schemas.microsoft.com/win/2004/08/events/event,0,2024-09-18T14:13:04.4730840Z,13824,,,Microsoft-Windows-Security-Auditing,{54849625-5478-4994-a5ba-3e3b0328c30d},0,0,0x8020000000000000,7236,1068,5287102,5379,{50d7c8f1-51d5-471e-b546-efca2f5b862e},,zone5,Security,,,0,,,,,WindowsLive:(cert):name=02atlirusfbtrhly;serviceuri=*,,,S-1-5-21-561647179-296899016-1452725529-1002,asidd,0x2B5E6892,ZONE5,,3221226021,,%%8100,,,,,,2024-09-18T14:13:04.4101136Z,,,,
08:13:04.473,,,Windows Event Logs,Windows Event Log Creation,,,,SentinelOne,zone5,desktop,security,22.3.4.612,64bf7c61297b48a3bdf16469ca05b22d,01J82QR1JEJST1TNPES923AHXS_45,preprocess-lib-1.0,EVENTLOG,11633,Windows 11 Pro,usea1-purple.sentinelone.net,22621,70A944FE875E4ACD9EBFA4D35AA957E5,SDL,,default,,01J82QR1JEJST1TNPES923AHXS,Security,,,,,,,,,1,6424,,,,,,,<Event xmlns='http://schemas.microsoft.com/win/2004/08/events/event'><System><Provider Name='Microsoft-Windows-Security-Auditing' Guid='{54849625-5478-4994-a5ba-3e3b0328c30d}'/><EventID>5379</EventID><Version>0</Version><Level>0</Level><Task>13824</Task><Opcode>0</Opcode><Keywords>0x8020000000000000</Keywords><TimeCreated SystemTime='2024-09-18T14:13:04.4731285Z'/><EventRecordID>5287103</EventRecordID><Correlation ActivityID='{87b23350-3947-4734-afa0-c0501552aa87}'/><Execution ProcessID='1068' ThreadID='7236'/><Channel>Security</Channel><Computer>zone5</Computer><Security/></System><EventData><Data Name='SubjectUserSid'>S-1-5-21-561647179-296899016-1452725529-1002</Data><Data Name='SubjectUserName'>asidd</Data><Data Name='SubjectDomainName'>ZONE5</Data><Data Name='SubjectLogonId'>0x2b5e6892</Data><Data Name='TargetName'>WindowsLive:target=virtualapp/didlogical</Data><Data Name='Type'>0</Data><Data Name='CountOfCredentialsReturned'>1</Data><Data Name='ReadOperation'>%%8100</Data><Data Name='ReturnCode'>0</Data><Data Name='ProcessCreationTime'>2024-09-18T14:13:04.4101136Z</Data><Data Name='ClientProcessId'>6424</Data></EventData></Event>,Microsoft-Windows-Security-Auditing,Information,5379,,,,"'Credential Manager credentials were read.

Subject:
	Security ID:		S-1-5-21-561647179-296899016-1452725529-1002
	Account Name:		asidd
	Account Domain:		ZONE5
	Logon ID:		0x2B5E6892
	Read Operation:		Enumerate Credentials

This event occurs when a user performs a read operation on stored credentials in Credential Manager.",http://schemas.microsoft.com/win/2004/08/events/event,0,2024-09-18T14:13:04.4731285Z,13824,,,Microsoft-Windows-Security-Auditing,{54849625-5478-4994-a5ba-3e3b0328c30d},0,0,0x8020000000000000,7236,1068,5287103,5379,{87b23350-3947-4734-afa0-c0501552aa87},,zone5,Security,,,0,,,,,WindowsLive:target=virtualapp/didlogical,,,S-1-5-21-561647179-296899016-1452725529-1002,asidd,0x2B5E6892,ZONE5,,0,,%%8100,,,,,,2024-09-18T14:13:04.4101136Z,,,,
