08:13:05.599,,,Windows Event Logs,Windows Event Log Creation,,,,SentinelOne,THEBORG,server,security,24.1.1.160,f28c7062e9cc46e1a9b4049a8c6257f7,01J82QT9P5H9DWY80KBY8MGPRD_73,preprocess-lib-1.0,EVENTLOG,11633,Windows Server 2019 Standard Evaluation,usea1-purple.sentinelone.net,17763,0FFF6BCA42764650B3B667C5B388F393,SDL,,default,,01J82QT9P5H9DWY80KBY8MGPRD,Microsoft-Windows-Sysmon/Operational,,,,,,,,C:\Windows\system32\svchost.exe,,,,,,,,,"<Event xmlns='http://schemas.microsoft.com/win/2004/08/events/event'><System><Provider Name='Microsoft-Windows-Sysmon' Guid='{5770385f-c22a-43e0-bf4c-06f5698ffbd9}'/><EventID>13</EventID><Version>2</Version><Level>4</Level><Task>13</Task><Opcode>0</Opcode><Keywords>0x8000000000000000</Keywords><TimeCreated SystemTime='2024-09-18T14:13:05.599912300Z'/><EventRecordID>95301</EventRecordID><Correlation/><Execution ProcessID='3844' ThreadID='5652'/><Channel>Microsoft-Windows-Sysmon/Operational</Channel><Computer>THEBORG.starfleet.corp</Computer><Security UserID='S-1-5-18'/></System><EventData><Data Name='RuleName'>T1031,T1050</Data><Data Name='EventType'>SetValue</Data><Data Name='UtcTime'>2024-09-18 14:13:05.590</Data><Data Name='ProcessGuid'>{fc5e6b69-2f65-66e3-2000-000000002600}</Data><Data Name='ProcessId'>1448</Data><Data Name='Image'>C:\Windows\system32\svchost.exe</Data><Data Name='TargetObject'>HKLM\System\CurrentControlSet\Services\WaaSMedicSvc\Start</Data><Data Name='Details'>DWORD (0x00000004)</Data><Data Name='User'>NT AUTHORITY\SYSTEM</Data></EventData></Event>",Microsoft-Windows-Sysmon,Information,13,,S-1-5-18,,"'Registry value set:
RuleName: T1031,T1050
EventType: SetValue
UtcTime: 2024-09-18 14:13:05.590
ProcessGuid: {fc5e6b69-2f65-66e3-2000-000000002600}
ProcessId: 1448
Image: C:\Windows\system32\svchost.exe
TargetObject: HKLM\System\CurrentControlSet\Services\WaaSMedicSvc\Start
Details: DWORD (0x00000004)
User: NT AUTHORITY\SYSTEM",http://schemas.microsoft.com/win/2004/08/events/event,2,2024-09-18T14:13:05.599912300Z,13,S-1-5-18,,Microsoft-Windows-Sysmon,{5770385f-c22a-43e0-bf4c-06f5698ffbd9},0,4,0x8000000000000000,5652,3844,95301,13,,,THEBORG.starfleet.corp,Microsoft-Windows-Sysmon/Operational,2024-09-18 14:13:05.590,NT AUTHORITY\SYSTEM,,,,,,,,,,,,,"T1031,T1050",,,,,,,1448,{fc5e6b69-2f65-66e3-2000-000000002600},,,,,
08:13:05.610,,,Windows Event Logs,Windows Event Log Creation,,,,SentinelOne,THEBORG,server,security,24.1.1.160,f28c7062e9cc46e1a9b4049a8c6257f7,01J82QT9P5H9DWY80KBY8MGPRD_74,preprocess-lib-1.0,EVENTLOG,11633,Windows Server 2019 Standard Evaluation,usea1-purple.sentinelone.net,17763,0FFF6BCA42764650B3B667C5B388F393,SDL,,default,,01J82QT9P5H9DWY80KBY8MGPRD,Microsoft-Windows-Sysmon/Operational,,,,,,,,C:\Windows\system32\svchost.exe,,,,,,,,,"<Event xmlns='http://schemas.microsoft.com/win/2004/08/events/event'><System><Provider Name='Microsoft-Windows-Sysmon' Guid='{5770385f-c22a-43e0-bf4c-06f5698ffbd9}'/><EventID>13</EventID><Version>2</Version><Level>4</Level><Task>13</Task><Opcode>0</Opcode><Keywords>0x8000000000000000</Keywords><TimeCreated SystemTime='2024-09-18T14:13:05.610766500Z'/><EventRecordID>95302</EventRecordID><Correlation/><Execution ProcessID='3844' ThreadID='5652'/><Channel>Microsoft-Windows-Sysmon/Operational</Channel><Computer>THEBORG.starfleet.corp</Computer><Security UserID='S-1-5-18'/></System><EventData><Data Name='RuleName'>T1031,T1050</Data><Data Name='EventType'>SetValue</Data><Data Name='UtcTime'>2024-09-18 14:13:05.606</Data><Data Name='ProcessGuid'>{fc5e6b69-2f65-66e3-2000-000000002600}</Data><Data Name='ProcessId'>1448</Data><Data Name='Image'>C:\Windows\system32\svchost.exe</Data><Data Name='TargetObject'>HKLM\System\CurrentControlSet\Services\wuauserv\Start</Data><Data Name='Details'>DWORD (0x00000004)</Data><Data Name='User'>NT AUTHORITY\SYSTEM</Data></EventData></Event>",Microsoft-Windows-Sysmon,Information,13,,S-1-5-18,,"'Registry value set:
RuleName: T1031,T1050
EventType: SetValue
UtcTime: 2024-09-18 14:13:05.606
ProcessGuid: {fc5e6b69-2f65-66e3-2000-000000002600}
ProcessId: 1448
Image: C:\Windows\system32\svchost.exe
TargetObject: HKLM\System\CurrentControlSet\Services\wuauserv\Start
Details: DWORD (0x00000004)
User: NT AUTHORITY\SYSTEM",http://schemas.microsoft.com/win/2004/08/events/event,2,2024-09-18T14:13:05.610766500Z,13,S-1-5-18,,Microsoft-Windows-Sysmon,{5770385f-c22a-43e0-bf4c-06f5698ffbd9},0,4,0x8000000000000000,5652,3844,95302,13,,,THEBORG.starfleet.corp,Microsoft-Windows-Sysmon/Operational,2024-09-18 14:13:05.606,NT AUTHORITY\SYSTEM,,,,,,,,,,,,,"T1031,T1050",,,,,,,1448,{fc5e6b69-2f65-66e3-2000-000000002600},,,,,
08:13:05.813,,,Windows Event Logs,Windows Event Log Creation,,,,SentinelOne,THEBORG,server,security,24.1.1.160,f28c7062e9cc46e1a9b4049a8c6257f7,01J82QT9P5H9DWY80KBY8MGPRD_66,preprocess-lib-1.0,EVENTLOG,11633,Windows Server 2019 Standard Evaluation,usea1-purple.sentinelone.net,17763,0FFF6BCA42764650B3B667C5B388F393,SDL,,default,,01J82QT9P5H9DWY80KBY8MGPRD,Security,,,,,,3,,,,,,,,,,,<Event xmlns='http://schemas.microsoft.com/win/2004/08/events/event'><System><Provider Name='Microsoft-Windows-Security-Auditing' Guid='{54849625-5478-4994-a5ba-3e3b0328c30d}'/><EventID>4634</EventID><Version>0</Version><Level>0</Level><Task>12545</Task><Opcode>0</Opcode><Keywords>0x8020000000000000</Keywords><TimeCreated SystemTime='2024-09-18T14:13:05.813659600Z'/><EventRecordID>2985019</EventRecordID><Correlation/><Execution ProcessID='716' ThreadID='4320'/><Channel>Security</Channel><Computer>THEBORG.starfleet.corp</Computer><Security/></System><EventData><Data Name='TargetUserSid'>S-1-5-18</Data><Data Name='TargetUserName'>THEBORG$</Data><Data Name='TargetDomainName'>STARFLEET</Data><Data Name='TargetLogonId'>0x7b710b9</Data><Data Name='LogonType'>3</Data></EventData></Event>,Microsoft-Windows-Security-Auditing,Information,4634,,,,"'An account was logged off.

Subject:
	Security ID:		S-1-5-18
	Account Name:		THEBORG$
	Account Domain:		STARFLEET
	Logon ID:		0x7B710B9

Logon Type:			3

This event is generated when a logon session is destroyed. It may be positively correlated with a logon event using the Logon ID value. Logon IDs are only unique between reboots on the same computer.",http://schemas.microsoft.com/win/2004/08/events/event,0,2024-09-18T14:13:05.813659600Z,12545,,,Microsoft-Windows-Security-Auditing,{54849625-5478-4994-a5ba-3e3b0328c30d},0,0,0x8020000000000000,4320,716,2985019,4634,,,THEBORG.starfleet.corp,Security,,,,,S-1-5-18,THEBORG$,,,STARFLEET,0x7B710B9,,,,,,,,,,,,,,,,,,
08:13:05.851,,,Windows Event Logs,Windows Event Log Creation,,,,SentinelOne,THEBORG,server,security,24.1.1.160,f28c7062e9cc46e1a9b4049a8c6257f7,01J82QT9P5H9DWY80KBY8MGPRD_67,preprocess-lib-1.0,EVENTLOG,11633,Windows Server 2019 Standard Evaluation,usea1-purple.sentinelone.net,17763,0FFF6BCA42764650B3B667C5B388F393,SDL,,default,,01J82QT9P5H9DWY80KBY8MGPRD,Security,,,,,,,,,,,%%8272,,,%%8448,,,<Event xmlns='http://schemas.microsoft.com/win/2004/08/events/event'><System><Provider Name='Microsoft-Windows-Security-Auditing' Guid='{54849625-5478-4994-a5ba-3e3b0328c30d}'/><EventID>4719</EventID><Version>0</Version><Level>0</Level><Task>13568</Task><Opcode>0</Opcode><Keywords>0x8020000000000000</Keywords><TimeCreated SystemTime='2024-09-18T14:13:05.851311300Z'/><EventRecordID>2985020</EventRecordID><Correlation ActivityID='{2e46cf26-c4d5-41a5-ad98-bf0378a88cd6}'/><Execution ProcessID='716' ThreadID='3660'/><Channel>Security</Channel><Computer>THEBORG.starfleet.corp</Computer><Security/></System><EventData><Data Name='SubjectUserSid'>S-1-5-18</Data><Data Name='SubjectUserName'>THEBORG$</Data><Data Name='SubjectDomainName'>STARFLEET</Data><Data Name='SubjectLogonId'>0x3e7</Data><Data Name='CategoryId'>%%8272</Data><Data Name='SubcategoryId'>%%12289</Data><Data Name='SubcategoryGuid'>{0cce9211-69ae-11d9-bed3-505054503030}</Data><Data Name='AuditPolicyChanges'>%%8448</Data></EventData></Event>,Microsoft-Windows-Security-Auditing,Information,4719,THEBORG$,S-1-5-18,STARFLEET,"'System audit policy was changed.

Subject:
	Security ID:		S-1-5-18
	Account Name:		THEBORG$
	Account Domain:		STARFLEET
	Logon ID:		0x3E7

Audit Policy Change:
	Category:		System
	Subcategory:		Security System Extension
	Subcategory GUID:	{0cce9211-69ae-11d9-bed3-505054503030}
	Changes:		Success removed",http://schemas.microsoft.com/win/2004/08/events/event,0,2024-09-18T14:13:05.851311300Z,13568,,,Microsoft-Windows-Security-Auditing,{54849625-5478-4994-a5ba-3e3b0328c30d},0,0,0x8020000000000000,3660,716,2985020,4719,{2e46cf26-c4d5-41a5-ad98-bf0378a88cd6},,THEBORG.starfleet.corp,Security,,,,,,,,,,,S-1-5-18,THEBORG$,0x3E7,STARFLEET,,,,,,,,,,,,,,
08:13:05.851,,,Windows Event Logs,Windows Event Log Creation,,,,SentinelOne,THEBORG,server,security,24.1.1.160,f28c7062e9cc46e1a9b4049a8c6257f7,01J82QT9P5H9DWY80KBY8MGPRD_68,preprocess-lib-1.0,EVENTLOG,11633,Windows Server 2019 Standard Evaluation,usea1-purple.sentinelone.net,17763,0FFF6BCA42764650B3B667C5B388F393,SDL,,default,,01J82QT9P5H9DWY80KBY8MGPRD,Security,,,,,,,,,,,%%8274,,,%%8448,,,<Event xmlns='http://schemas.microsoft.com/win/2004/08/events/event'><System><Provider Name='Microsoft-Windows-Security-Auditing' Guid='{54849625-5478-4994-a5ba-3e3b0328c30d}'/><EventID>4719</EventID><Version>0</Version><Level>0</Level><Task>13568</Task><Opcode>0</Opcode><Keywords>0x8020000000000000</Keywords><TimeCreated SystemTime='2024-09-18T14:13:05.851316400Z'/><EventRecordID>2985021</EventRecordID><Correlation ActivityID='{2e46cf26-c4d5-41a5-ad98-bf0378a88cd6}'/><Execution ProcessID='716' ThreadID='3660'/><Channel>Security</Channel><Computer>THEBORG.starfleet.corp</Computer><Security/></System><EventData><Data Name='SubjectUserSid'>S-1-5-18</Data><Data Name='SubjectUserName'>THEBORG$</Data><Data Name='SubjectDomainName'>STARFLEET</Data><Data Name='SubjectLogonId'>0x3e7</Data><Data Name='CategoryId'>%%8274</Data><Data Name='SubcategoryId'>%%12804</Data><Data Name='SubcategoryGuid'>{0cce9227-69ae-11d9-bed3-505054503030}</Data><Data Name='AuditPolicyChanges'>%%8448</Data></EventData></Event>,Microsoft-Windows-Security-Auditing,Information,4719,THEBORG$,S-1-5-18,STARFLEET,"'System audit policy was changed.

Subject:
	Security ID:		S-1-5-18
	Account Name:		THEBORG$
	Account Domain:		STARFLEET
	Logon ID:		0x3E7

Audit Policy Change:
	Category:		Object Access
	Subcategory:		Other Object Access Events
	Subcategory GUID:	{0cce9227-69ae-11d9-bed3-505054503030}
	Changes:		Success removed",http://schemas.microsoft.com/win/2004/08/events/event,0,2024-09-18T14:13:05.851316400Z,13568,,,Microsoft-Windows-Security-Auditing,{54849625-5478-4994-a5ba-3e3b0328c30d},0,0,0x8020000000000000,3660,716,2985021,4719,{2e46cf26-c4d5-41a5-ad98-bf0378a88cd6},,THEBORG.starfleet.corp,Security,,,,,,,,,,,S-1-5-18,THEBORG$,0x3E7,STARFLEET,,,,,,,,,,,,,,
08:13:05.851,,,Windows Event Logs,Windows Event Log Creation,,,,SentinelOne,THEBORG,server,security,24.1.1.160,f28c7062e9cc46e1a9b4049a8c6257f7,01J82QT9P5H9DWY80KBY8MGPRD_69,preprocess-lib-1.0,EVENTLOG,11633,Windows Server 2019 Standard Evaluation,usea1-purple.sentinelone.net,17763,0FFF6BCA42764650B3B667C5B388F393,SDL,,default,,01J82QT9P5H9DWY80KBY8MGPRD,Security,,,,,,,,,,,%%8274,,,%%8448,,,<Event xmlns='http://schemas.microsoft.com/win/2004/08/events/event'><System><Provider Name='Microsoft-Windows-Security-Auditing' Guid='{54849625-5478-4994-a5ba-3e3b0328c30d}'/><EventID>4719</EventID><Version>0</Version><Level>0</Level><Task>13568</Task><Opcode>0</Opcode><Keywords>0x8020000000000000</Keywords><TimeCreated SystemTime='2024-09-18T14:13:05.851318600Z'/><EventRecordID>2985022</EventRecordID><Correlation ActivityID='{2e46cf26-c4d5-41a5-ad98-bf0378a88cd6}'/><Execution ProcessID='716' ThreadID='3660'/><Channel>Security</Channel><Computer>THEBORG.starfleet.corp</Computer><Security/></System><EventData><Data Name='SubjectUserSid'>S-1-5-18</Data><Data Name='SubjectUserName'>THEBORG$</Data><Data Name='SubjectDomainName'>STARFLEET</Data><Data Name='SubjectLogonId'>0x3e7</Data><Data Name='CategoryId'>%%8274</Data><Data Name='SubcategoryId'>%%12806</Data><Data Name='SubcategoryGuid'>{0cce9222-69ae-11d9-bed3-505054503030}</Data><Data Name='AuditPolicyChanges'>%%8448</Data></EventData></Event>,Microsoft-Windows-Security-Auditing,Information,4719,THEBORG$,S-1-5-18,STARFLEET,"'System audit policy was changed.

Subject:
	Security ID:		S-1-5-18
	Account Name:		THEBORG$
	Account Domain:		STARFLEET
	Logon ID:		0x3E7

Audit Policy Change:
	Category:		Object Access
	Subcategory:		Application Generated
	Subcategory GUID:	{0cce9222-69ae-11d9-bed3-505054503030}
	Changes:		Success removed",http://schemas.microsoft.com/win/2004/08/events/event,0,2024-09-18T14:13:05.851318600Z,13568,,,Microsoft-Windows-Security-Auditing,{54849625-5478-4994-a5ba-3e3b0328c30d},0,0,0x8020000000000000,3660,716,2985022,4719,{2e46cf26-c4d5-41a5-ad98-bf0378a88cd6},,THEBORG.starfleet.corp,Security,,,,,,,,,,,S-1-5-18,THEBORG$,0x3E7,STARFLEET,,,,,,,,,,,,,,
08:13:06.063,,,Windows Event Logs,Windows Event Log Creation,,,,SentinelOne,THEBORG,server,security,24.1.1.160,f28c7062e9cc46e1a9b4049a8c6257f7,01J82QT9P5H9DWY80KBY8MGPRD_70,preprocess-lib-1.0,EVENTLOG,11633,Windows Server 2019 Standard Evaluation,usea1-purple.sentinelone.net,17763,0FFF6BCA42764650B3B667C5B388F393,SDL,,default,,01J82QT9P5H9DWY80KBY8MGPRD,Security,,,,,,,,,,,%%8272,,,%%8449,,,<Event xmlns='http://schemas.microsoft.com/win/2004/08/events/event'><System><Provider Name='Microsoft-Windows-Security-Auditing' Guid='{54849625-5478-4994-a5ba-3e3b0328c30d}'/><EventID>4719</EventID><Version>0</Version><Level>0</Level><Task>13568</Task><Opcode>0</Opcode><Keywords>0x8020000000000000</Keywords><TimeCreated SystemTime='2024-09-18T14:13:06.063275800Z'/><EventRecordID>2985023</EventRecordID><Correlation ActivityID='{8663776b-725e-47d6-89d5-c1d951030076}'/><Execution ProcessID='716' ThreadID='3836'/><Channel>Security</Channel><Computer>THEBORG.starfleet.corp</Computer><Security/></System><EventData><Data Name='SubjectUserSid'>S-1-5-18</Data><Data Name='SubjectUserName'>THEBORG$</Data><Data Name='SubjectDomainName'>STARFLEET</Data><Data Name='SubjectLogonId'>0x3e7</Data><Data Name='CategoryId'>%%8272</Data><Data Name='SubcategoryId'>%%12289</Data><Data Name='SubcategoryGuid'>{0cce9211-69ae-11d9-bed3-505054503030}</Data><Data Name='AuditPolicyChanges'>%%8449</Data></EventData></Event>,Microsoft-Windows-Security-Auditing,Information,4719,THEBORG$,S-1-5-18,STARFLEET,"'System audit policy was changed.

Subject:
	Security ID:		S-1-5-18
	Account Name:		THEBORG$
	Account Domain:		STARFLEET
	Logon ID:		0x3E7

Audit Policy Change:
	Category:		System
	Subcategory:		Security System Extension
	Subcategory GUID:	{0cce9211-69ae-11d9-bed3-505054503030}
	Changes:		Success Added",http://schemas.microsoft.com/win/2004/08/events/event,0,2024-09-18T14:13:06.063275800Z,13568,,,Microsoft-Windows-Security-Auditing,{54849625-5478-4994-a5ba-3e3b0328c30d},0,0,0x8020000000000000,3836,716,2985023,4719,{8663776b-725e-47d6-89d5-c1d951030076},,THEBORG.starfleet.corp,Security,,,,,,,,,,,S-1-5-18,THEBORG$,0x3E7,STARFLEET,,,,,,,,,,,,,,
08:13:06.065,,,Windows Event Logs,Windows Event Log Creation,,,,SentinelOne,THEBORG,server,security,24.1.1.160,f28c7062e9cc46e1a9b4049a8c6257f7,01J82QT9P5H9DWY80KBY8MGPRD_71,preprocess-lib-1.0,EVENTLOG,11633,Windows Server 2019 Standard Evaluation,usea1-purple.sentinelone.net,17763,0FFF6BCA42764650B3B667C5B388F393,SDL,,default,,01J82QT9P5H9DWY80KBY8MGPRD,Security,,,,,,,,,,,%%8274,,,%%8449,,,<Event xmlns='http://schemas.microsoft.com/win/2004/08/events/event'><System><Provider Name='Microsoft-Windows-Security-Auditing' Guid='{54849625-5478-4994-a5ba-3e3b0328c30d}'/><EventID>4719</EventID><Version>0</Version><Level>0</Level><Task>13568</Task><Opcode>0</Opcode><Keywords>0x8020000000000000</Keywords><TimeCreated SystemTime='2024-09-18T14:13:06.065057100Z'/><EventRecordID>2985024</EventRecordID><Correlation ActivityID='{3f937190-3976-47e1-9c79-452594cce485}'/><Execution ProcessID='716' ThreadID='644'/><Channel>Security</Channel><Computer>THEBORG.starfleet.corp</Computer><Security/></System><EventData><Data Name='SubjectUserSid'>S-1-5-18</Data><Data Name='SubjectUserName'>THEBORG$</Data><Data Name='SubjectDomainName'>STARFLEET</Data><Data Name='SubjectLogonId'>0x3e7</Data><Data Name='CategoryId'>%%8274</Data><Data Name='SubcategoryId'>%%12804</Data><Data Name='SubcategoryGuid'>{0cce9227-69ae-11d9-bed3-505054503030}</Data><Data Name='AuditPolicyChanges'>%%8449</Data></EventData></Event>,Microsoft-Windows-Security-Auditing,Information,4719,THEBORG$,S-1-5-18,STARFLEET,"'System audit policy was changed.

Subject:
	Security ID:		S-1-5-18
	Account Name:		THEBORG$
	Account Domain:		STARFLEET
	Logon ID:		0x3E7

Audit Policy Change:
	Category:		Object Access
	Subcategory:		Other Object Access Events
	Subcategory GUID:	{0cce9227-69ae-11d9-bed3-505054503030}
	Changes:		Success Added",http://schemas.microsoft.com/win/2004/08/events/event,0,2024-09-18T14:13:06.065057100Z,13568,,,Microsoft-Windows-Security-Auditing,{54849625-5478-4994-a5ba-3e3b0328c30d},0,0,0x8020000000000000,644,716,2985024,4719,{3f937190-3976-47e1-9c79-452594cce485},,THEBORG.starfleet.corp,Security,,,,,,,,,,,S-1-5-18,THEBORG$,0x3E7,STARFLEET,,,,,,,,,,,,,,
08:13:06.068,,,Windows Event Logs,Windows Event Log Creation,,,,SentinelOne,THEBORG,server,security,24.1.1.160,f28c7062e9cc46e1a9b4049a8c6257f7,01J82QT9P5H9DWY80KBY8MGPRD_72,preprocess-lib-1.0,EVENTLOG,11633,Windows Server 2019 Standard Evaluation,usea1-purple.sentinelone.net,17763,0FFF6BCA42764650B3B667C5B388F393,SDL,,default,,01J82QT9P5H9DWY80KBY8MGPRD,Security,,,,,,,,,,,%%8274,,,%%8449,,,<Event xmlns='http://schemas.microsoft.com/win/2004/08/events/event'><System><Provider Name='Microsoft-Windows-Security-Auditing' Guid='{54849625-5478-4994-a5ba-3e3b0328c30d}'/><EventID>4719</EventID><Version>0</Version><Level>0</Level><Task>13568</Task><Opcode>0</Opcode><Keywords>0x8020000000000000</Keywords><TimeCreated SystemTime='2024-09-18T14:13:06.068013900Z'/><EventRecordID>2985025</EventRecordID><Correlation ActivityID='{9b365025-5bde-4126-9ae2-486587c6593c}'/><Execution ProcessID='716' ThreadID='4320'/><Channel>Security</Channel><Computer>THEBORG.starfleet.corp</Computer><Security/></System><EventData><Data Name='SubjectUserSid'>S-1-5-18</Data><Data Name='SubjectUserName'>THEBORG$</Data><Data Name='SubjectDomainName'>STARFLEET</Data><Data Name='SubjectLogonId'>0x3e7</Data><Data Name='CategoryId'>%%8274</Data><Data Name='SubcategoryId'>%%12806</Data><Data Name='SubcategoryGuid'>{0cce9222-69ae-11d9-bed3-505054503030}</Data><Data Name='AuditPolicyChanges'>%%8449</Data></EventData></Event>,Microsoft-Windows-Security-Auditing,Information,4719,THEBORG$,S-1-5-18,STARFLEET,"'System audit policy was changed.

Subject:
	Security ID:		S-1-5-18
	Account Name:		THEBORG$
	Account Domain:		STARFLEET
	Logon ID:		0x3E7

Audit Policy Change:
	Category:		Object Access
	Subcategory:		Application Generated
	Subcategory GUID:	{0cce9222-69ae-11d9-bed3-505054503030}
	Changes:		Success Added",http://schemas.microsoft.com/win/2004/08/events/event,0,2024-09-18T14:13:06.068013900Z,13568,,,Microsoft-Windows-Security-Auditing,{54849625-5478-4994-a5ba-3e3b0328c30d},0,0,0x8020000000000000,4320,716,2985025,4719,{9b365025-5bde-4126-9ae2-486587c6593c},,THEBORG.starfleet.corp,Security,,,,,,,,,,,S-1-5-18,THEBORG$,0x3E7,STARFLEET,,,,,,,,,,,,,,
08:13:08.145,,,Windows Event Logs,Windows Event Log Creation,,,,SentinelOne,Thib-DC01,server,security,24.1.1.160,38cdf634e5004afca86e3aeb6fb6b8d5,01J82QQQXDKCBHACBJWARNWV56_151,preprocess-lib-1.0,EVENTLOG,11633,Windows Server 2022 Datacenter,usea1-purple.sentinelone.net,20348,F4EC44C9B2FF4D34A00150D43FAC2799,SDL,,default,,01J82QQQXDKCBHACBJWARNWV56,Security,,,,,48,,,,,,,,,,,,<Event xmlns='http://schemas.microsoft.com/win/2004/08/events/event'><System><Provider Name='Microsoft-Windows-Security-Auditing' Guid='{54849625-5478-4994-a5ba-3e3b0328c30d}'/><EventID>4985</EventID><Version>0</Version><Level>0</Level><Task>12800</Task><Opcode>0</Opcode><Keywords>0x8020000000000000</Keywords><TimeCreated SystemTime='2024-09-18T14:13:08.1458513Z'/><EventRecordID>70297032</EventRecordID><Correlation/><Execution ProcessID='4' ThreadID='8832'/><Channel>Security</Channel><Computer>Thib-DC01.letibe.lab</Computer><Security/></System><EventData><Data Name='SubjectUserSid'>S-1-5-18</Data><Data Name='SubjectUserName'>THIB-DC01$</Data><Data Name='SubjectDomainName'>LETIBE</Data><Data Name='SubjectLogonId'>0x3e7</Data><Data Name='TransactionId'>{de8e9a04-75c0-11ef-b490-aa9311e05a15}</Data><Data Name='NewState'>48</Data><Data Name='ResourceManager'>{f0c6fc36-b954-11ed-bb1f-8bf44bac8386}</Data><Data Name='ProcessId'>0xb74</Data><Data Name='ProcessName'>C:\Program Files\SentinelOne\Sentinel Agent 24.1.1.160\SentinelAgent.exe</Data></EventData></Event>,Microsoft-Windows-Security-Auditing,Information,4985,THIB-DC01$,S-1-5-18,LETIBE,"'The state of a transaction has changed.

Subject:
	Security ID:		S-1-5-18
	Account Name:		THIB-DC01$
	Account Domain:		LETIBE
	Logon ID:		0x3E7

Transaction Information:
	RM Transaction ID:	{de8e9a04-75c0-11ef-b490-aa9311e05a15}
	New State:		48
	Resource Manager:	{f0c6fc36-b954-11ed-bb1f-8bf44bac8386}

Process Information:
	Process ID:		0xb74
	Process Name:		C:\Program Files\SentinelOne\Sentinel Agent 24.1.1.160\SentinelAgent.exe",http://schemas.microsoft.com/win/2004/08/events/event,0,2024-09-18T14:13:08.1458513Z,12800,,,Microsoft-Windows-Security-Auditing,{54849625-5478-4994-a5ba-3e3b0328c30d},0,0,0x8020000000000000,8832,4,70297032,4985,,,Thib-DC01.letibe.lab,Security,,,,{de8e9a04-75c0-11ef-b490-aa9311e05a15},,,,,,,S-1-5-18,THIB-DC01$,0x3E7,LETIBE,,,{f0c6fc36-b954-11ed-bb1f-8bf44bac8386},,,,C:\Program Files\SentinelOne\Sentinel Agent 24.1.1.160\SentinelAgent.exe,0xB74,,,,,,
08:13:08.146,,,Windows Event Logs,Windows Event Log Creation,,,,SentinelOne,Thib-DC01,server,security,24.1.1.160,38cdf634e5004afca86e3aeb6fb6b8d5,01J82QQQXDKCBHACBJWARNWV56_152,preprocess-lib-1.0,EVENTLOG,11633,Windows Server 2022 Datacenter,usea1-purple.sentinelone.net,20348,F4EC44C9B2FF4D34A00150D43FAC2799,SDL,,default,,01J82QQQXDKCBHACBJWARNWV56,Security,,,,,52,,,,,,,,,,,,<Event xmlns='http://schemas.microsoft.com/win/2004/08/events/event'><System><Provider Name='Microsoft-Windows-Security-Auditing' Guid='{54849625-5478-4994-a5ba-3e3b0328c30d}'/><EventID>4985</EventID><Version>0</Version><Level>0</Level><Task>12800</Task><Opcode>0</Opcode><Keywords>0x8020000000000000</Keywords><TimeCreated SystemTime='2024-09-18T14:13:08.1461082Z'/><EventRecordID>70297033</EventRecordID><Correlation/><Execution ProcessID='4' ThreadID='8832'/><Channel>Security</Channel><Computer>Thib-DC01.letibe.lab</Computer><Security/></System><EventData><Data Name='SubjectUserSid'>S-1-5-18</Data><Data Name='SubjectUserName'>THIB-DC01$</Data><Data Name='SubjectDomainName'>LETIBE</Data><Data Name='SubjectLogonId'>0x3e7</Data><Data Name='TransactionId'>{de8e9a04-75c0-11ef-b490-aa9311e05a15}</Data><Data Name='NewState'>52</Data><Data Name='ResourceManager'>{f0c6fc36-b954-11ed-bb1f-8bf44bac8386}</Data><Data Name='ProcessId'>0xb74</Data><Data Name='ProcessName'>C:\Program Files\SentinelOne\Sentinel Agent 24.1.1.160\SentinelAgent.exe</Data></EventData></Event>,Microsoft-Windows-Security-Auditing,Information,4985,THIB-DC01$,S-1-5-18,LETIBE,"'The state of a transaction has changed.

Subject:
	Security ID:		S-1-5-18
	Account Name:		THIB-DC01$
	Account Domain:		LETIBE
	Logon ID:		0x3E7

Transaction Information:
	RM Transaction ID:	{de8e9a04-75c0-11ef-b490-aa9311e05a15}
	New State:		52
	Resource Manager:	{f0c6fc36-b954-11ed-bb1f-8bf44bac8386}

Process Information:
	Process ID:		0xb74
	Process Name:		C:\Program Files\SentinelOne\Sentinel Agent 24.1.1.160\SentinelAgent.exe",http://schemas.microsoft.com/win/2004/08/events/event,0,2024-09-18T14:13:08.1461082Z,12800,,,Microsoft-Windows-Security-Auditing,{54849625-5478-4994-a5ba-3e3b0328c30d},0,0,0x8020000000000000,8832,4,70297033,4985,,,Thib-DC01.letibe.lab,Security,,,,{de8e9a04-75c0-11ef-b490-aa9311e05a15},,,,,,,S-1-5-18,THIB-DC01$,0x3E7,LETIBE,,,{f0c6fc36-b954-11ed-bb1f-8bf44bac8386},,,,C:\Program Files\SentinelOne\Sentinel Agent 24.1.1.160\SentinelAgent.exe,0xB74,,,,,,
08:13:08.146,,,Windows Event Logs,Windows Event Log Creation,,,,SentinelOne,Thib-DC01,server,security,24.1.1.160,38cdf634e5004afca86e3aeb6fb6b8d5,01J82QQQXDKCBHACBJWARNWV56_153,preprocess-lib-1.0,EVENTLOG,11633,Windows Server 2022 Datacenter,usea1-purple.sentinelone.net,20348,F4EC44C9B2FF4D34A00150D43FAC2799,SDL,,default,,01J82QQQXDKCBHACBJWARNWV56,Security,,,,,48,,,,,,,,,,,,<Event xmlns='http://schemas.microsoft.com/win/2004/08/events/event'><System><Provider Name='Microsoft-Windows-Security-Auditing' Guid='{54849625-5478-4994-a5ba-3e3b0328c30d}'/><EventID>4985</EventID><Version>0</Version><Level>0</Level><Task>12800</Task><Opcode>0</Opcode><Keywords>0x8020000000000000</Keywords><TimeCreated SystemTime='2024-09-18T14:13:08.1463611Z'/><EventRecordID>70297034</EventRecordID><Correlation/><Execution ProcessID='4' ThreadID='8832'/><Channel>Security</Channel><Computer>Thib-DC01.letibe.lab</Computer><Security/></System><EventData><Data Name='SubjectUserSid'>S-1-5-18</Data><Data Name='SubjectUserName'>THIB-DC01$</Data><Data Name='SubjectDomainName'>LETIBE</Data><Data Name='SubjectLogonId'>0x3e7</Data><Data Name='TransactionId'>{de8e9a06-75c0-11ef-b490-aa9311e05a15}</Data><Data Name='NewState'>48</Data><Data Name='ResourceManager'>{f0c6fc36-b954-11ed-bb1f-8bf44bac8386}</Data><Data Name='ProcessId'>0xb74</Data><Data Name='ProcessName'>C:\Program Files\SentinelOne\Sentinel Agent 24.1.1.160\SentinelAgent.exe</Data></EventData></Event>,Microsoft-Windows-Security-Auditing,Information,4985,THIB-DC01$,S-1-5-18,LETIBE,"'The state of a transaction has changed.

Subject:
	Security ID:		S-1-5-18
	Account Name:		THIB-DC01$
	Account Domain:		LETIBE
	Logon ID:		0x3E7

Transaction Information:
	RM Transaction ID:	{de8e9a06-75c0-11ef-b490-aa9311e05a15}
	New State:		48
	Resource Manager:	{f0c6fc36-b954-11ed-bb1f-8bf44bac8386}

Process Information:
	Process ID:		0xb74
	Process Name:		C:\Program Files\SentinelOne\Sentinel Agent 24.1.1.160\SentinelAgent.exe",http://schemas.microsoft.com/win/2004/08/events/event,0,2024-09-18T14:13:08.1463611Z,12800,,,Microsoft-Windows-Security-Auditing,{54849625-5478-4994-a5ba-3e3b0328c30d},0,0,0x8020000000000000,8832,4,70297034,4985,,,Thib-DC01.letibe.lab,Security,,,,{de8e9a06-75c0-11ef-b490-aa9311e05a15},,,,,,,S-1-5-18,THIB-DC01$,0x3E7,LETIBE,,,{f0c6fc36-b954-11ed-bb1f-8bf44bac8386},,,,C:\Program Files\SentinelOne\Sentinel Agent 24.1.1.160\SentinelAgent.exe,0xB74,,,,,,
08:13:08.146,,,Windows Event Logs,Windows Event Log Creation,,,,SentinelOne,Thib-DC01,server,security,24.1.1.160,38cdf634e5004afca86e3aeb6fb6b8d5,01J82QQQXDKCBHACBJWARNWV56_154,preprocess-lib-1.0,EVENTLOG,11633,Windows Server 2022 Datacenter,usea1-purple.sentinelone.net,20348,F4EC44C9B2FF4D34A00150D43FAC2799,SDL,,default,,01J82QQQXDKCBHACBJWARNWV56,Security,,,,,52,,,,,,,,,,,,<Event xmlns='http://schemas.microsoft.com/win/2004/08/events/event'><System><Provider Name='Microsoft-Windows-Security-Auditing' Guid='{54849625-5478-4994-a5ba-3e3b0328c30d}'/><EventID>4985</EventID><Version>0</Version><Level>0</Level><Task>12800</Task><Opcode>0</Opcode><Keywords>0x8020000000000000</Keywords><TimeCreated SystemTime='2024-09-18T14:13:08.1466037Z'/><EventRecordID>70297035</EventRecordID><Correlation/><Execution ProcessID='4' ThreadID='8832'/><Channel>Security</Channel><Computer>Thib-DC01.letibe.lab</Computer><Security/></System><EventData><Data Name='SubjectUserSid'>S-1-5-18</Data><Data Name='SubjectUserName'>THIB-DC01$</Data><Data Name='SubjectDomainName'>LETIBE</Data><Data Name='SubjectLogonId'>0x3e7</Data><Data Name='TransactionId'>{de8e9a06-75c0-11ef-b490-aa9311e05a15}</Data><Data Name='NewState'>52</Data><Data Name='ResourceManager'>{f0c6fc36-b954-11ed-bb1f-8bf44bac8386}</Data><Data Name='ProcessId'>0xb74</Data><Data Name='ProcessName'>C:\Program Files\SentinelOne\Sentinel Agent 24.1.1.160\SentinelAgent.exe</Data></EventData></Event>,Microsoft-Windows-Security-Auditing,Information,4985,THIB-DC01$,S-1-5-18,LETIBE,"'The state of a transaction has changed.

Subject:
	Security ID:		S-1-5-18
	Account Name:		THIB-DC01$
	Account Domain:		LETIBE
	Logon ID:		0x3E7

Transaction Information:
	RM Transaction ID:	{de8e9a06-75c0-11ef-b490-aa9311e05a15}
	New State:		52
	Resource Manager:	{f0c6fc36-b954-11ed-bb1f-8bf44bac8386}

Process Information:
	Process ID:		0xb74
	Process Name:		C:\Program Files\SentinelOne\Sentinel Agent 24.1.1.160\SentinelAgent.exe",http://schemas.microsoft.com/win/2004/08/events/event,0,2024-09-18T14:13:08.1466037Z,12800,,,Microsoft-Windows-Security-Auditing,{54849625-5478-4994-a5ba-3e3b0328c30d},0,0,0x8020000000000000,8832,4,70297035,4985,,,Thib-DC01.letibe.lab,Security,,,,{de8e9a06-75c0-11ef-b490-aa9311e05a15},,,,,,,S-1-5-18,THIB-DC01$,0x3E7,LETIBE,,,{f0c6fc36-b954-11ed-bb1f-8bf44bac8386},,,,C:\Program Files\SentinelOne\Sentinel Agent 24.1.1.160\SentinelAgent.exe,0xB74,,,,,,
08:13:08.582,,,Windows Event Logs,Windows Event Log Creation,,,,SentinelOne,THEBORG,server,security,24.1.1.160,f28c7062e9cc46e1a9b4049a8c6257f7,01J82QT9P5H9DWY80KBY8MGPRD_75,preprocess-lib-1.0,EVENTLOG,11633,Windows Server 2019 Standard Evaluation,usea1-purple.sentinelone.net,17763,0FFF6BCA42764650B3B667C5B388F393,SDL,,default,,01J82QT9P5H9DWY80KBY8MGPRD,Security,,,,,48,,,,,,,,,,,,<Event xmlns='http://schemas.microsoft.com/win/2004/08/events/event'><System><Provider Name='Microsoft-Windows-Security-Auditing' Guid='{54849625-5478-4994-a5ba-3e3b0328c30d}'/><EventID>4985</EventID><Version>0</Version><Level>0</Level><Task>12800</Task><Opcode>0</Opcode><Keywords>0x8020000000000000</Keywords><TimeCreated SystemTime='2024-09-18T14:13:08.582942400Z'/><EventRecordID>2985026</EventRecordID><Correlation/><Execution ProcessID='4' ThreadID='2088'/><Channel>Security</Channel><Computer>THEBORG.starfleet.corp</Computer><Security/></System><EventData><Data Name='SubjectUserSid'>S-1-5-18</Data><Data Name='SubjectUserName'>THEBORG$</Data><Data Name='SubjectDomainName'>STARFLEET</Data><Data Name='SubjectLogonId'>0x3e7</Data><Data Name='TransactionId'>{8e7dcaec-75c0-11ef-9074-000c2908b6e6}</Data><Data Name='NewState'>48</Data><Data Name='ResourceManager'>{5ce0c1fa-c346-11ec-87a7-e99c1313a051}</Data><Data Name='ProcessId'>0xee4</Data><Data Name='ProcessName'>C:\Program Files\SentinelOne\Sentinel Agent 24.1.1.160\SentinelAgent.exe</Data></EventData></Event>,Microsoft-Windows-Security-Auditing,Information,4985,THEBORG$,S-1-5-18,STARFLEET,"'The state of a transaction has changed.

Subject:
	Security ID:		S-1-5-18
	Account Name:		THEBORG$
	Account Domain:		STARFLEET
	Logon ID:		0x3E7

Transaction Information:
	RM Transaction ID:	{8e7dcaec-75c0-11ef-9074-000c2908b6e6}
	New State:		48
	Resource Manager:	{5ce0c1fa-c346-11ec-87a7-e99c1313a051}

Process Information:
	Process ID:		0xee4
	Process Name:		C:\Program Files\SentinelOne\Sentinel Agent 24.1.1.160\SentinelAgent.exe",http://schemas.microsoft.com/win/2004/08/events/event,0,2024-09-18T14:13:08.582942400Z,12800,,,Microsoft-Windows-Security-Auditing,{54849625-5478-4994-a5ba-3e3b0328c30d},0,0,0x8020000000000000,2088,4,2985026,4985,,,THEBORG.starfleet.corp,Security,,,,{8e7dcaec-75c0-11ef-9074-000c2908b6e6},,,,,,,S-1-5-18,THEBORG$,0x3E7,STARFLEET,,,{5ce0c1fa-c346-11ec-87a7-e99c1313a051},,,,C:\Program Files\SentinelOne\Sentinel Agent 24.1.1.160\SentinelAgent.exe,0xEE4,,,,,,
08:13:08.583,,,Windows Event Logs,Windows Event Log Creation,,,,SentinelOne,THEBORG,server,security,24.1.1.160,f28c7062e9cc46e1a9b4049a8c6257f7,01J82QT9P5H9DWY80KBY8MGPRD_76,preprocess-lib-1.0,EVENTLOG,11633,Windows Server 2019 Standard Evaluation,usea1-purple.sentinelone.net,17763,0FFF6BCA42764650B3B667C5B388F393,SDL,,default,,01J82QT9P5H9DWY80KBY8MGPRD,Security,,,,,52,,,,,,,,,,,,<Event xmlns='http://schemas.microsoft.com/win/2004/08/events/event'><System><Provider Name='Microsoft-Windows-Security-Auditing' Guid='{54849625-5478-4994-a5ba-3e3b0328c30d}'/><EventID>4985</EventID><Version>0</Version><Level>0</Level><Task>12800</Task><Opcode>0</Opcode><Keywords>0x8020000000000000</Keywords><TimeCreated SystemTime='2024-09-18T14:13:08.583092000Z'/><EventRecordID>2985027</EventRecordID><Correlation/><Execution ProcessID='4' ThreadID='2088'/><Channel>Security</Channel><Computer>THEBORG.starfleet.corp</Computer><Security/></System><EventData><Data Name='SubjectUserSid'>S-1-5-18</Data><Data Name='SubjectUserName'>THEBORG$</Data><Data Name='SubjectDomainName'>STARFLEET</Data><Data Name='SubjectLogonId'>0x3e7</Data><Data Name='TransactionId'>{8e7dcaec-75c0-11ef-9074-000c2908b6e6}</Data><Data Name='NewState'>52</Data><Data Name='ResourceManager'>{5ce0c1fa-c346-11ec-87a7-e99c1313a051}</Data><Data Name='ProcessId'>0xee4</Data><Data Name='ProcessName'>C:\Program Files\SentinelOne\Sentinel Agent 24.1.1.160\SentinelAgent.exe</Data></EventData></Event>,Microsoft-Windows-Security-Auditing,Information,4985,THEBORG$,S-1-5-18,STARFLEET,"'The state of a transaction has changed.

Subject:
	Security ID:		S-1-5-18
	Account Name:		THEBORG$
	Account Domain:		STARFLEET
	Logon ID:		0x3E7

Transaction Information:
	RM Transaction ID:	{8e7dcaec-75c0-11ef-9074-000c2908b6e6}
	New State:		52
	Resource Manager:	{5ce0c1fa-c346-11ec-87a7-e99c1313a051}

Process Information:
	Process ID:		0xee4
	Process Name:		C:\Program Files\SentinelOne\Sentinel Agent 24.1.1.160\SentinelAgent.exe",http://schemas.microsoft.com/win/2004/08/events/event,0,2024-09-18T14:13:08.583092000Z,12800,,,Microsoft-Windows-Security-Auditing,{54849625-5478-4994-a5ba-3e3b0328c30d},0,0,0x8020000000000000,2088,4,2985027,4985,,,THEBORG.starfleet.corp,Security,,,,{8e7dcaec-75c0-11ef-9074-000c2908b6e6},,,,,,,S-1-5-18,THEBORG$,0x3E7,STARFLEET,,,{5ce0c1fa-c346-11ec-87a7-e99c1313a051},,,,C:\Program Files\SentinelOne\Sentinel Agent 24.1.1.160\SentinelAgent.exe,0xEE4,,,,,,
08:13:10.968,,,Windows Event Logs,Windows Event Log Creation,,,,SentinelOne,THEBORG,server,security,24.1.1.160,f28c7062e9cc46e1a9b4049a8c6257f7,01J82QT9P5H9DWY80KBY8MGPRD_77,preprocess-lib-1.0,EVENTLOG,11633,Windows Server 2019 Standard Evaluation,usea1-purple.sentinelone.net,17763,0FFF6BCA42764650B3B667C5B388F393,SDL,,default,,01J82QT9P5H9DWY80KBY8MGPRD,Microsoft-Windows-Sysmon/Operational,,,,,,,,C:\Program Files\SentinelOne\Sentinel Agent 24.1.1.160\Ranger\SentinelRanger.exe,,,,,,,,,<Event xmlns='http://schemas.microsoft.com/win/2004/08/events/event'><System><Provider Name='Microsoft-Windows-Sysmon' Guid='{5770385f-c22a-43e0-bf4c-06f5698ffbd9}'/><EventID>22</EventID><Version>5</Version><Level>4</Level><Task>22</Task><Opcode>0</Opcode><Keywords>0x8000000000000000</Keywords><TimeCreated SystemTime='2024-09-18T14:13:10.968624200Z'/><EventRecordID>95303</EventRecordID><Correlation/><Execution ProcessID='3844' ThreadID='5668'/><Channel>Microsoft-Windows-Sysmon/Operational</Channel><Computer>THEBORG.starfleet.corp</Computer><Security UserID='S-1-5-18'/></System><EventData><Data Name='RuleName'>-</Data><Data Name='UtcTime'>2024-09-16 02:27:19.881</Data><Data Name='ProcessGuid'>{fc5e6b69-d2ce-66ea-6b0a-000000002600}</Data><Data Name='ProcessId'>10676</Data><Data Name='QueryName'>ioc-gw-prod-us-1b.sentinelone.net</Data><Data Name='QueryStatus'>0</Data><Data Name='QueryResults'>18.204.85.51;</Data><Data Name='Image'>C:\Program Files\SentinelOne\Sentinel Agent 24.1.1.160\Ranger\SentinelRanger.exe</Data><Data Name='User'>NT AUTHORITY\SYSTEM</Data></EventData></Event>,Microsoft-Windows-Sysmon,Information,22,,S-1-5-18,,"'Dns query:
RuleName: -
UtcTime: 2024-09-16 02:27:19.881
ProcessGuid: {fc5e6b69-d2ce-66ea-6b0a-000000002600}
ProcessId: 10676
QueryName: ioc-gw-prod-us-1b.sentinelone.net
QueryStatus: 0
QueryResults: 18.204.85.51;
Image: C:\Program Files\SentinelOne\Sentinel Agent 24.1.1.160\Ranger\SentinelRanger.exe
User: NT AUTHORITY\SYSTEM",http://schemas.microsoft.com/win/2004/08/events/event,5,2024-09-18T14:13:10.968624200Z,22,S-1-5-18,,Microsoft-Windows-Sysmon,{5770385f-c22a-43e0-bf4c-06f5698ffbd9},0,4,0x8000000000000000,5668,3844,95303,22,,,THEBORG.starfleet.corp,Microsoft-Windows-Sysmon/Operational,2024-09-16 02:27:19.881,NT AUTHORITY\SYSTEM,,,,,,,,,,,,,-,,,,,ioc-gw-prod-us-1b.sentinelone.net,,10676,{fc5e6b69-d2ce-66ea-6b0a-000000002600},,,,,
08:13:11.560,,,Windows Event Logs,Windows Event Log Creation,,,,SentinelOne,Kmans-NUC,desktop,security,23.4.4.223,33966dad606b44b09a69b6daedef27c0,01J82QRRWNQZMPVH8JY0VSSTQC_69,preprocess-lib-1.0,EVENTLOG,11633,Windows 11 Pro,usea1-purple.sentinelone.net,22631,2F153FB23AF54967B8547024D31E7E5D,SDL,,default,,01J82QRRWNQZMPVH8JY0VSSTQC,System,,,,,,,,,,,,,,,,,,Microsoft-Windows-HttpService,Information,113,,S-1-5-18,,"Attempted to add URL (http://192.168.1.76:80:192.168.1.76/dial_1957/) to URL group (0xF900000420000004). Status: 0x0. Process Id 0x1168 Executable path \Device\HarddiskVolume3\Program Files\SentinelOne\Sentinel Agent 23.4.4.223\Ranger\SentinelRanger.exe, User S-1-5-18",,,,,,,,,,,,,,,,,,,,,,,,,,,,,,,,,,,,,,,,,,,,,,,
08:13:12.612,,,Windows Event Logs,Windows Event Log Creation,,,,SentinelOne,Thib-DC01,server,security,24.1.1.160,38cdf634e5004afca86e3aeb6fb6b8d5,01J82QQQXDKCBHACBJWARNWV56_157,preprocess-lib-1.0,EVENTLOG,11633,Windows Server 2022 Datacenter,usea1-purple.sentinelone.net,20348,F4EC44C9B2FF4D34A00150D43FAC2799,SDL,,default,,01J82QQQXDKCBHACBJWARNWV56,Security,,,,,,,,,,,,,,,,,"'<Event xmlns='http://schemas.microsoft.com/win/2004/08/events/event'><System><Provider Name='Microsoft-Windows-Security-Auditing' Guid='{54849625-5478-4994-a5ba-3e3b0328c30d}'/><EventID>4672</EventID><Version>0</Version><Level>0</Level><Task>12548</Task><Opcode>0</Opcode><Keywords>0x8020000000000000</Keywords><TimeCreated SystemTime='2024-09-18T14:13:12.6124054Z'/><EventRecordID>70297036</EventRecordID><Correlation/><Execution ProcessID='780' ThreadID='2556'/><Channel>Security</Channel><Computer>Thib-DC01.letibe.lab</Computer><Security/></System><EventData><Data Name='SubjectUserSid'>S-1-5-18</Data><Data Name='SubjectUserName'>THIB-DC01$</Data><Data Name='SubjectDomainName'>LETIBE</Data><Data Name='SubjectLogonId'>0x16a6cbb9f</Data><Data Name='PrivilegeList'>SeSecurityPrivilege
			SeBackupPrivilege
			SeRestorePrivilege
			SeTakeOwnershipPrivilege
			SeDebugPrivilege
			SeSystemEnvironmentPrivilege
			SeLoadDriverPrivilege
			SeImpersonatePrivilege
			SeDelegateSessionUserImpersonatePrivilege
			SeEnableDelegationPrivilege</Data></EventData></Event>",Microsoft-Windows-Security-Auditing,Information,4672,THIB-DC01$,S-1-5-18,LETIBE,"'Special privileges assigned to new logon.

Subject:
	Security ID:		S-1-5-18
	Account Name:		THIB-DC01$
	Account Domain:		LETIBE
	Logon ID:		0x16A6CBB9F

Privileges:		SeSecurityPrivilege
			SeBackupPrivilege
			SeRestorePrivilege
			SeTakeOwnershipPrivilege
			SeDebugPrivilege
			SeSystemEnvironmentPrivilege
			SeLoadDriverPrivilege
			SeImpersonatePrivilege
			SeDelegateSessionUserImpersonatePrivilege
			SeEnableDelegationPrivilege",http://schemas.microsoft.com/win/2004/08/events/event,0,2024-09-18T14:13:12.6124054Z,12548,,,Microsoft-Windows-Security-Auditing,{54849625-5478-4994-a5ba-3e3b0328c30d},0,0,0x8020000000000000,2556,780,70297036,4672,,,Thib-DC01.letibe.lab,Security,,,,,,,,,,,S-1-5-18,THIB-DC01$,0x16A6CBB9F,LETIBE,,,,,,,,,,,"'SeSecurityPrivilege
			SeBackupPrivilege
			SeRestorePrivilege
			SeTakeOwnershipPrivilege
			SeDebugPrivilege
			SeSystemEnvironmentPrivilege
			SeLoadDriverPrivilege
			SeImpersonatePrivilege
			SeDelegateSessionUserImpersonatePrivilege
			SeEnableDelegationPrivilege",,,
08:13:12.614,,,Windows Event Logs,Windows Event Log Creation,,,,SentinelOne,Thib-DC01,server,security,24.1.1.160,38cdf634e5004afca86e3aeb6fb6b8d5,01J82QQQXDKCBHACBJWARNWV56_159,preprocess-lib-1.0,EVENTLOG,11633,Windows Server 2022 Datacenter,usea1-purple.sentinelone.net,20348,F4EC44C9B2FF4D34A00150D43FAC2799,SDL,,default,,01J82QQQXDKCBHACBJWARNWV56,Security,,,,,,3,,,,,,,,,,,<Event xmlns='http://schemas.microsoft.com/win/2004/08/events/event'><System><Provider Name='Microsoft-Windows-Security-Auditing' Guid='{54849625-5478-4994-a5ba-3e3b0328c30d}'/><EventID>4634</EventID><Version>0</Version><Level>0</Level><Task>12545</Task><Opcode>0</Opcode><Keywords>0x8020000000000000</Keywords><TimeCreated SystemTime='2024-09-18T14:13:12.6140021Z'/><EventRecordID>70297038</EventRecordID><Correlation/><Execution ProcessID='780' ThreadID='3540'/><Channel>Security</Channel><Computer>Thib-DC01.letibe.lab</Computer><Security/></System><EventData><Data Name='TargetUserSid'>S-1-5-18</Data><Data Name='TargetUserName'>THIB-DC01$</Data><Data Name='TargetDomainName'>LETIBE</Data><Data Name='TargetLogonId'>0x16a6cbb9f</Data><Data Name='LogonType'>3</Data></EventData></Event>,Microsoft-Windows-Security-Auditing,Information,4634,,,,"'An account was logged off.

Subject:
	Security ID:		S-1-5-18
	Account Name:		THIB-DC01$
	Account Domain:		LETIBE
	Logon ID:		0x16A6CBB9F

Logon Type:			3

This event is generated when a logon session is destroyed. It may be positively correlated with a logon event using the Logon ID value. Logon IDs are only unique between reboots on the same computer.",http://schemas.microsoft.com/win/2004/08/events/event,0,2024-09-18T14:13:12.6140021Z,12545,,,Microsoft-Windows-Security-Auditing,{54849625-5478-4994-a5ba-3e3b0328c30d},0,0,0x8020000000000000,3540,780,70297038,4634,,,Thib-DC01.letibe.lab,Security,,,,,S-1-5-18,THIB-DC01$,,,LETIBE,0x16A6CBB9F,,,,,,,,,,,,,,,,,,
08:13:12.923,,,Windows Event Logs,Windows Event Log Creation,,,,SentinelOne,Thib-DC01,server,security,24.1.1.160,38cdf634e5004afca86e3aeb6fb6b8d5,01J82QQQXDKCBHACBJWARNWV56_160,preprocess-lib-1.0,EVENTLOG,11633,Windows Server 2022 Datacenter,usea1-purple.sentinelone.net,20348,F4EC44C9B2FF4D34A00150D43FAC2799,SDL,,default,,01J82QQQXDKCBHACBJWARNWV56,Security,,,,,48,,,,,,,,,,,,<Event xmlns='http://schemas.microsoft.com/win/2004/08/events/event'><System><Provider Name='Microsoft-Windows-Security-Auditing' Guid='{54849625-5478-4994-a5ba-3e3b0328c30d}'/><EventID>4985</EventID><Version>0</Version><Level>0</Level><Task>12800</Task><Opcode>0</Opcode><Keywords>0x8020000000000000</Keywords><TimeCreated SystemTime='2024-09-18T14:13:12.9234497Z'/><EventRecordID>70297039</EventRecordID><Correlation/><Execution ProcessID='4' ThreadID='8832'/><Channel>Security</Channel><Computer>Thib-DC01.letibe.lab</Computer><Security/></System><EventData><Data Name='SubjectUserSid'>S-1-5-18</Data><Data Name='SubjectUserName'>THIB-DC01$</Data><Data Name='SubjectDomainName'>LETIBE</Data><Data Name='SubjectLogonId'>0x3e7</Data><Data Name='TransactionId'>{de8e9a0b-75c0-11ef-b490-aa9311e05a15}</Data><Data Name='NewState'>48</Data><Data Name='ResourceManager'>{f0c6fc36-b954-11ed-bb1f-8bf44bac8386}</Data><Data Name='ProcessId'>0xb74</Data><Data Name='ProcessName'>C:\Program Files\SentinelOne\Sentinel Agent 24.1.1.160\SentinelAgent.exe</Data></EventData></Event>,Microsoft-Windows-Security-Auditing,Information,4985,THIB-DC01$,S-1-5-18,LETIBE,"'The state of a transaction has changed.

Subject:
	Security ID:		S-1-5-18
	Account Name:		THIB-DC01$
	Account Domain:		LETIBE
	Logon ID:		0x3E7

Transaction Information:
	RM Transaction ID:	{de8e9a0b-75c0-11ef-b490-aa9311e05a15}
	New State:		48
	Resource Manager:	{f0c6fc36-b954-11ed-bb1f-8bf44bac8386}

Process Information:
	Process ID:		0xb74
	Process Name:		C:\Program Files\SentinelOne\Sentinel Agent 24.1.1.160\SentinelAgent.exe",http://schemas.microsoft.com/win/2004/08/events/event,0,2024-09-18T14:13:12.9234497Z,12800,,,Microsoft-Windows-Security-Auditing,{54849625-5478-4994-a5ba-3e3b0328c30d},0,0,0x8020000000000000,8832,4,70297039,4985,,,Thib-DC01.letibe.lab,Security,,,,{de8e9a0b-75c0-11ef-b490-aa9311e05a15},,,,,,,S-1-5-18,THIB-DC01$,0x3E7,LETIBE,,,{f0c6fc36-b954-11ed-bb1f-8bf44bac8386},,,,C:\Program Files\SentinelOne\Sentinel Agent 24.1.1.160\SentinelAgent.exe,0xB74,,,,,,
08:13:12.923,,,Windows Event Logs,Windows Event Log Creation,,,,SentinelOne,Thib-DC01,server,security,24.1.1.160,38cdf634e5004afca86e3aeb6fb6b8d5,01J82QQQXDKCBHACBJWARNWV56_161,preprocess-lib-1.0,EVENTLOG,11633,Windows Server 2022 Datacenter,usea1-purple.sentinelone.net,20348,F4EC44C9B2FF4D34A00150D43FAC2799,SDL,,default,,01J82QQQXDKCBHACBJWARNWV56,Security,,,,,52,,,,,,,,,,,,<Event xmlns='http://schemas.microsoft.com/win/2004/08/events/event'><System><Provider Name='Microsoft-Windows-Security-Auditing' Guid='{54849625-5478-4994-a5ba-3e3b0328c30d}'/><EventID>4985</EventID><Version>0</Version><Level>0</Level><Task>12800</Task><Opcode>0</Opcode><Keywords>0x8020000000000000</Keywords><TimeCreated SystemTime='2024-09-18T14:13:12.9237483Z'/><EventRecordID>70297040</EventRecordID><Correlation/><Execution ProcessID='4' ThreadID='8832'/><Channel>Security</Channel><Computer>Thib-DC01.letibe.lab</Computer><Security/></System><EventData><Data Name='SubjectUserSid'>S-1-5-18</Data><Data Name='SubjectUserName'>THIB-DC01$</Data><Data Name='SubjectDomainName'>LETIBE</Data><Data Name='SubjectLogonId'>0x3e7</Data><Data Name='TransactionId'>{de8e9a0b-75c0-11ef-b490-aa9311e05a15}</Data><Data Name='NewState'>52</Data><Data Name='ResourceManager'>{f0c6fc36-b954-11ed-bb1f-8bf44bac8386}</Data><Data Name='ProcessId'>0xb74</Data><Data Name='ProcessName'>C:\Program Files\SentinelOne\Sentinel Agent 24.1.1.160\SentinelAgent.exe</Data></EventData></Event>,Microsoft-Windows-Security-Auditing,Information,4985,THIB-DC01$,S-1-5-18,LETIBE,"'The state of a transaction has changed.

Subject:
	Security ID:		S-1-5-18
	Account Name:		THIB-DC01$
	Account Domain:		LETIBE
	Logon ID:		0x3E7

Transaction Information:
	RM Transaction ID:	{de8e9a0b-75c0-11ef-b490-aa9311e05a15}
	New State:		52
	Resource Manager:	{f0c6fc36-b954-11ed-bb1f-8bf44bac8386}

Process Information:
	Process ID:		0xb74
	Process Name:		C:\Program Files\SentinelOne\Sentinel Agent 24.1.1.160\SentinelAgent.exe",http://schemas.microsoft.com/win/2004/08/events/event,0,2024-09-18T14:13:12.9237483Z,12800,,,Microsoft-Windows-Security-Auditing,{54849625-5478-4994-a5ba-3e3b0328c30d},0,0,0x8020000000000000,8832,4,70297040,4985,,,Thib-DC01.letibe.lab,Security,,,,{de8e9a0b-75c0-11ef-b490-aa9311e05a15},,,,,,,S-1-5-18,THIB-DC01$,0x3E7,LETIBE,,,{f0c6fc36-b954-11ed-bb1f-8bf44bac8386},,,,C:\Program Files\SentinelOne\Sentinel Agent 24.1.1.160\SentinelAgent.exe,0xB74,,,,,,
08:13:12.924,,,Windows Event Logs,Windows Event Log Creation,,,,SentinelOne,Thib-DC01,server,security,24.1.1.160,38cdf634e5004afca86e3aeb6fb6b8d5,01J82QQQXDKCBHACBJWARNWV56_162,preprocess-lib-1.0,EVENTLOG,11633,Windows Server 2022 Datacenter,usea1-purple.sentinelone.net,20348,F4EC44C9B2FF4D34A00150D43FAC2799,SDL,,default,,01J82QQQXDKCBHACBJWARNWV56,Security,,,,,48,,,,,,,,,,,,<Event xmlns='http://schemas.microsoft.com/win/2004/08/events/event'><System><Provider Name='Microsoft-Windows-Security-Auditing' Guid='{54849625-5478-4994-a5ba-3e3b0328c30d}'/><EventID>4985</EventID><Version>0</Version><Level>0</Level><Task>12800</Task><Opcode>0</Opcode><Keywords>0x8020000000000000</Keywords><TimeCreated SystemTime='2024-09-18T14:13:12.9247382Z'/><EventRecordID>70297041</EventRecordID><Correlation/><Execution ProcessID='4' ThreadID='8832'/><Channel>Security</Channel><Computer>Thib-DC01.letibe.lab</Computer><Security/></System><EventData><Data Name='SubjectUserSid'>S-1-5-18</Data><Data Name='SubjectUserName'>THIB-DC01$</Data><Data Name='SubjectDomainName'>LETIBE</Data><Data Name='SubjectLogonId'>0x3e7</Data><Data Name='TransactionId'>{de8e9a0d-75c0-11ef-b490-aa9311e05a15}</Data><Data Name='NewState'>48</Data><Data Name='ResourceManager'>{f0c6fc36-b954-11ed-bb1f-8bf44bac8386}</Data><Data Name='ProcessId'>0xb74</Data><Data Name='ProcessName'>C:\Program Files\SentinelOne\Sentinel Agent 24.1.1.160\SentinelAgent.exe</Data></EventData></Event>,Microsoft-Windows-Security-Auditing,Information,4985,THIB-DC01$,S-1-5-18,LETIBE,"'The state of a transaction has changed.

Subject:
	Security ID:		S-1-5-18
	Account Name:		THIB-DC01$
	Account Domain:		LETIBE
	Logon ID:		0x3E7

Transaction Information:
	RM Transaction ID:	{de8e9a0d-75c0-11ef-b490-aa9311e05a15}
	New State:		48
	Resource Manager:	{f0c6fc36-b954-11ed-bb1f-8bf44bac8386}

Process Information:
	Process ID:		0xb74
	Process Name:		C:\Program Files\SentinelOne\Sentinel Agent 24.1.1.160\SentinelAgent.exe",http://schemas.microsoft.com/win/2004/08/events/event,0,2024-09-18T14:13:12.9247382Z,12800,,,Microsoft-Windows-Security-Auditing,{54849625-5478-4994-a5ba-3e3b0328c30d},0,0,0x8020000000000000,8832,4,70297041,4985,,,Thib-DC01.letibe.lab,Security,,,,{de8e9a0d-75c0-11ef-b490-aa9311e05a15},,,,,,,S-1-5-18,THIB-DC01$,0x3E7,LETIBE,,,{f0c6fc36-b954-11ed-bb1f-8bf44bac8386},,,,C:\Program Files\SentinelOne\Sentinel Agent 24.1.1.160\SentinelAgent.exe,0xB74,,,,,,
