{"timestamp": "2024-10-14T17:05:44.290000Z", "dataSource.name": "Windows Event Logs", "event.type": "Windows Event Log Creation", "winEventLog.data.event.userData.eventXML.param1": "Penny Pincher", "agent.version": "1.0.0", "dataSource.category": "security", "dataSource.vendor": "Microsoft", "endpoint.name": "TheBorg-KY3H", "endpoint.os": "Windows Server", "endpoint.type": "server", "event.category": "windows_event_logs", "event.id": "01J59BRZ0BTKAF68ASCZ22H7MQ_ZZZ", "i.version": "preprocess-lib-1.0", "meta.event.name": "EVENTLOG", "mgmt.id": "server-mgmt-id", "mgmt.osRevision": "19042", "mgmt.url": "server-management-url", "os.name": "Windows Server", "packet.id": "server-packet-id", "sca:RetentionType": "SDL", "severity": 3, "threadId": "default", "trace.id": "01J59BRZ0BTKAF68ASCZ22H7MQ", "winEventLog.channel": "Security", "winEventLog.description": "A successful logon was performed on the server.\r\n\r\nSubject:\r\n\tSecurity ID:\t\tS-1-5-21-3456789012-3456789012-3456789012-1001\r\n\tAccount Name:\t\tPenny Pincher\r\n\tAccount Domain:\t\tWORKGROUP\r\n\tLogon ID:\t\t0x0\r\n\tLinked Logon ID:\t\t0x0\r\n\tNetwork Account Name:\t-\r\n\tNetwork Account Domain:\t-\r\n\tLogon GUID:\t\t{85d90879-9dc3-deed-b1ed-3c43f968a03f}\r\n\r\nProcess Information:\r\n\tProcess ID:\t\t0x0\r\n\tProcess Name:\t\t-\r\n\r\nNetwork Information:\r\n\tWorkstation Name:\t-\r\n\tSource Network Address:\t192.168.192.10\r\n\tSource Port:\t\t3389\r\n\r\nDetailed Authentication Information:\r\n\tLogon Process:\t\tUser32\r\n\tAuthentication Package:\tNegotiate\r\n\tTransited Services:\t-\r\n\tPackage Name (NTLM only):\t-\r\n\tKey Length:\t\t0\r\n\r\nThis event is generated when an account successfully logs on to a computer.", "winEventLog.description.accountDomain": "WORKGROUP", "winEventLog.description.securityId": "S-1-5-21-3456789012-3456789012-3456789012-1001", "winEventLog.description.userid": "Penny Pincher", "winEventLog.id": 4624, "winEventLog.level": "Information", "winEventLog.providerName": "Microsoft-Windows-Security-Auditing", "winEventLog.xml": "<Event xmlns='http://schemas.microsoft.com/win/2004/08/events/event'><System><Provider Name='Microsoft-Windows-Security-Auditing' Guid='{54849625-5478-4994-a5ba-3e3b0328c30d}'/><EventID>4624</EventID><Version>2</Version><Level>0</Level><Task>12544</Task><Opcode>0</Opcode><Keywords>0x8020000000000000</Keywords><TimeCreated SystemTime='2024-08-14T14:00:00.0000000Z'/><EventRecordID>1234571</EventRecordID><Correlation/><Execution ProcessID='0' ThreadID='0'/><Channel>Security</Channel><Computer>TheBorg-KY3H</Computer><Security/></System><EventData><Data Name='SubjectUserSid'>S-1-5-21-3456789012-3456789012-3456789012-1001</Data><Data Name='SubjectUserName'>Penny Pincher</Data><Data Name='SubjectDomainName'>WORKGROUP</Data><Data Name='SubjectLogonId'>0x0</Data><Data Name='TargetUserSid'>S-1-5-21-3456789012-3456789012-3456789012-1001</Data><Data Name='TargetUserName'>Penny Pincher</Data><Data Name='TargetDomainName'>WORKGROUP</Data><Data Name='TargetLogonId'>0x0</Data><Data Name='LogonType'>10</Data><Data Name='LogonProcessName'>User32</Data><Data Name='AuthenticationPackageName'>Negotiate</Data><Data Name='WorkstationName'>-</Data><Data Name='LogonGuid'>{85d90879-9dc3-deed-b1ed-3c43f968a03f}</Data><Data Name='TransmittedServices'>-</Data><Data Name='LmPackageName'>-</Data><Data Name='KeyLength'>0</Data><Data Name='ProcessId'>0x0</Data><Data Name='ProcessName'>-</Data><Data Name='IpAddress'>192.168.192.10</Data><Data Name='IpPort'>3389</Data><Data Name='ImpersonationLevel'>Impersonation</Data><Data Name='RestrictedAdminMode'>-</Data><Data Name='TargetOutboundUserName'>-</Data><Data Name='TargetOutboundDomainName'>-</Data><Data Name='VirtualAccount'>No</Data><Data Name='TargetLinkedLogonId'>0x0</Data><Data Name='ElevatedToken'>Yes</Data></EventData></Event>"}
{"timestamp": "2024-10-14T16:59:44.290000Z", "dataSource.name": "Windows Event Logs", "event.type": "Windows Event Log Creation", "winEventLog.data.event.userData.eventXML.param1": "Penny Pincher", "agent.version": "1.0.0", "dataSource.category": "security", "dataSource.vendor": "Microsoft", "endpoint.name": "TheBorg-KY3H", "endpoint.os": "Windows Server", "endpoint.type": "server", "event.category": "windows_event_logs", "event.id": "01J59BRZ0BTKAF68ASCZ22H7MQ_ABC", "i.version": "preprocess-lib-1.0", "meta.event.name": "EVENTLOG", "mgmt.id": "server-mgmt-id", "mgmt.osRevision": "19042", "mgmt.url": "server-management-url", "os.name": "Windows Server", "packet.id": "server-packet-id", "sca:RetentionType": "SDL", "severity": 3, "threadId": "default", "trace.id": "01J59BRZ0BTKAF68ASCZ22H7MQ", "winEventLog.channel": "Microsoft-Windows-TerminalServices-RemoteConnectionManager/Operational", "winEventLog.description": "An RDP session was reconnected.\r\n\r\nSubject:\r\n\tSecurity ID:\t\tS-1-5-21-3456789012-3456789012-3456789012-1001\r\n\tAccount Name:\t\tPenny Pincher\r\n\tAccount Domain:\t\tWORKGROUP\r\n\tLogon ID:\t\t0x0\r\n\r\nLogon Information:\r\n\tLogon Type:\t\t10\r\n\tRestricted Admin Mode:\t-\r\n\tVirtual Account:\t\tNo\r\n\tElevated Token:\t\tYes\r\n\r\nNew Logon:\r\n\tSecurity ID:\t\tS-1-5-21-3456789012-3456789012-3456789012-1001\r\n\tAccount Name:\t\tPenny Pincher\r\n\tAccount Domain:\t\tWORKGROUP\r\n\tLogon ID:\t\t0x0\r\n\tLinked Logon ID:\t\t0x0\r\n\tNetwork Account Name:\t-\r\n\tNetwork Account Domain:\t-\r\n\tLogon GUID:\t\t{85d90879-9dc3-deed-b1ed-3c43f968a03f}\r\n\r\nProcess Information:\r\n\tProcess ID:\t\t0x0\r\n\tProcess Name:\t\t-\r\n\r\nNetwork Information:\r\n\tWorkstation Name:\t-\r\n\tSource Network Address:\t192.168.192.10\r\n\tSource Port:\t\t3389\r\n\r\nDetailed Authentication Information:\r\n\tLogon Process:\t\tUser32\r\n\tAuthentication Package:\tNegotiate\r\n\tTransited Services:\t-\r\n\tPackage Name (NTLM only):\t-\r\n\tKey Length:\t\t0\r\n\r\nThis event is generated when an RDP session is reconnected.", "winEventLog.description.accountDomain": "WORKGROUP", "winEventLog.description.securityId": "S-1-5-21-3456789012-3456789012-3456789012-1001", "winEventLog.description.userid": "Penny Pincher", "winEventLog.id": 4778, "winEventLog.level": "Information", "winEventLog.providerName": "Microsoft-Windows-Security-Auditing", "winEventLog.xml": "<Event xmlns='http://schemas.microsoft.com/win/2004/08/events/event'><System><Provider Name='Microsoft-Windows-Security-Auditing' Guid='{54849625-5478-4994-a5ba-3e3b0328c30d}'/><EventID>4778</EventID><Version>2</Version><Level>0</Level><Task>12544</Task><Opcode>0</Opcode><Keywords>0x8020000000000000</Keywords><TimeCreated SystemTime='2024-08-14T14:30:00.0000000Z'/><EventRecordID>1234572</EventRecordID><Correlation/><Execution ProcessID='0' ThreadID='0'/><Channel>Security</Channel><Computer>TheBorg-KY3H</Computer><Security/></System><EventData><Data Name='SubjectUserSid'>S-1-5-21-3456789012-3456789012-3456789012-1001</Data><Data Name='SubjectUserName'>Penny Pincher</Data><Data Name='SubjectDomainName'>WORKGROUP</Data><Data Name='SubjectLogonId'>0x0</Data><Data Name='TargetUserSid'>S-1-5-21-3456789012-3456789012-3456789012-1001</Data><Data Name='TargetUserName'>Penny Pincher</Data><Data Name='TargetDomainName'>WORKGROUP</Data><Data Name='TargetLogonId'>0x0</Data><Data Name='LogonType'>10</Data><Data Name='LogonProcessName'>User32</Data><Data Name='AuthenticationPackageName'>Negotiate</Data><Data Name='WorkstationName'>-</Data><Data Name='LogonGuid'>{85d90879-9dc3-deed-b1ed-3c43f968a03f}</Data><Data Name='TransmittedServices'>-</Data><Data Name='LmPackageName'>-</Data><Data Name='KeyLength'>0</Data><Data Name='ProcessId'>0x0</Data><Data Name='ProcessName'>-</Data><Data Name='IpAddress'>192.168.192.10</Data><Data Name='IpPort'>3389</Data><Data Name='ImpersonationLevel'>Impersonation</Data><Data Name='RestrictedAdminMode'>-</Data><Data Name='TargetOutboundUserName'>-</Data><Data Name='TargetOutboundDomainName'>-</Data><Data Name='VirtualAccount'>No</Data><Data Name='TargetLinkedLogonId'>0x0</Data><Data Name='ElevatedToken'>Yes</Data></EventData></Event>"}
{"timestamp": "2024-10-14T17:06:44.290000Z", "dataSource.name": "Windows Event Logs", "event.type": "Windows Event Log Creation", "winEventLog.data.event.userData.eventXML.param1": "Penny Pincher", "agent.version": "24.1.1.160", "dataSource.category": "security", "dataSource.vendor": "SentinelOne", "endpoint.name": "TheBorg-KY3H", "endpoint.os": "windows", "endpoint.type": "server", "event.category": "windows_event_logs", "event.id": "01J59BRZ0BTKAF68ASCZ22H7MQ_139", "i.version": "preprocess-lib-1.0", "meta.event.name": "EVENTLOG", "mgmt.id": "11633", "mgmt.osRevision": "20348", "mgmt.url": "usea1-purple.sentinelone.net", "os.name": "Windows Server 2022 Datacenter", "packet.id": "376A7BB30C6E42AEB8B6A307E3A2A4F3", "sca:RetentionType": "SDL", "severity": 3, "threadId": "default", "trace.id": "01J59BRZ0BTKAF68ASCZ22H7MQ", "winEventLog.channel": "Security", "winEventLog.description": "An account was successfully logged on.\r\n\r\nSubject:\r\n\tSecurity ID:\t\tS-1-0-0\r\n\tAccount Name:\t\t-\r\n\tAccount Domain:\t\t-\r\n\tLogon ID:\t\t0x0\r\n\r\nLogon Information:\r\n\tLogon Type:\t\t3\r\n\tRestricted Admin Mode:\t-\r\n\tVirtual Account:\t\tNo\r\n\tElevated Token:\t\tYes\r\n\r\nImpersonation Level:\t\tImpersonation\r\n\r\nNew Logon:\r\n\tSecurity ID:\t\tS-1-5-18\r\n\tAccount Name:\t\tTHIB-DC01$\r\n\tAccount Domain:\t\tLETIBE.LAB\r\n\tLogon ID:\t\t0xB3011C23\r\n\tLinked Logon ID:\t\t0x0\r\n\tNetwork Account Name:\tpenny.pincher\r\n\tNetwork Account Domain:\t-\r\n\tLogon GUID:\t\t{4414835b-ca2c-f39d-9dda-957ca5f85e97}\r\n\r\nProcess Information:\r\n\tProcess ID:\t\t0x0\r\n\tProcess Name:\t\t-\r\n\r\nNetwork Information:\r\n\tWorkstation Name:\t-\r\n\tSource Network Address:\t::1\r\n\tSource Port:\t\t54430\r\n\r\nDetailed Authentication Information:\r\n\tLogon Process:\t\tKerberos\r\n\tAuthentication Package:\tKerberos\r\n\tTransited Services:\t-\r\n\tPackage Name (NTLM only):\t-\r\n\tKey Length:\t\t0\r\n\r\nThis event is generated when a logon session is created. It is generated on the computer that was accessed.\r\n\r\nThe subject fields indicate the account on the local system which requested the logon. This is most commonly a service such as the Server service, or a local process such as Winlogon.exe or Services.exe.\r\n\r\nThe logon type field indicates the kind of logon that occurred. The most common types are 2 (interactive) and 3 (network).\r\n\r\nThe New Logon fields indicate the account for whom the new logon was created, i.e. the account that was logged on.\r\n\r\nThe network fields indicate where a remote logon request originated. Workstation name is not always available and may be left blank in some cases.\r\n\r\nThe impersonation level field indicates the extent to which a process in the logon session can impersonate.\r\n\r\nThe authentication information fields provide detailed information about this specific logon request.\r\n\t- Logon GUID is a unique identifier that can be used to correlate this event with a KDC event.\r\n\t- Transited services indicate which intermediate services have participated in this logon request.\r\n\t- Package name indicates which sub-protocol was used among the NTLM protocols.\r\n\t- Key length indicates the length of the generated session key. This will be 0 if no session key was requested.", "winEventLog.description.accountDomain": "-", "winEventLog.description.securityId": "S-1-0-0", "winEventLog.description.userid": "-", "winEventLog.id": 4624, "winEventLog.level": "Information", "winEventLog.providerName": "Microsoft-Windows-Security-Auditing", "winEventLog.xml": "<Event xmlns='http://schemas.microsoft.com/win/2004/08/events/event'><System><Provider Name='Microsoft-Windows-Security-Auditing' Guid='{54849625-5478-4994-a5ba-3e3b0328c30d}'/><EventID>4624</EventID><Version>2</Version><Level>0</Level><Task>12544</Task><Opcode>0</Opcode><Keywords>0x8020000000000000</Keywords><TimeCreated SystemTime='2024-08-14T21:11:07.7442154Z'/><EventRecordID>66633078</EventRecordID><Correlation/><Execution ProcessID='780' ThreadID='7140'/><Channel>Security</Channel><Computer>W10-Attk-821</Computer><Security/></System><EventData><Data Name='SubjectUserSid'>S-1-0-0</Data><Data Name='SubjectUserName'>-</Data><Data Name='SubjectDomainName'>-</Data><Data Name='SubjectLogonId'>0x0</Data><Data Name='TargetUserSid'>S-1-5-18</Data><Data Name='TargetUserName'>THIB-DC01$</Data><Data Name='TargetDomainName'>LETIBE.LAB</Data><Data Name='TargetLogonId'>0xb3011c23</Data><Data Name='LogonType'>3</Data><Data Name='LogonProcessName'>Kerberos</Data><Data Name='AuthenticationPackageName'>Kerberos</Data><Data Name='WorkstationName'>-</Data><Data Name='LogonGuid'>{4414835b-ca2c-f39d-9dda-957ca5f85e97}</Data><Data Name='TransmittedServices'>-</Data><Data Name='LmPackageName'>-</Data><Data Name='KeyLength'>0</Data><Data Name='ProcessId'>0x0</Data><Data Name='ProcessName'>-</Data><Data Name='IpAddress'>::1</Data><Data Name='IpPort'>54430</Data><Data Name='ImpersonationLevel'>%%1833</Data><Data Name='RestrictedAdminMode'>-</Data><Data Name='TargetOutboundUserName'>-</Data><Data Name='TargetOutboundDomainName'>-</Data><Data Name='VirtualAccount'>%%1843</Data><Data Name='TargetLinkedLogonId'>0x0</Data><Data Name='ElevatedToken'>%%1842</Data></EventData></Event>"}
